[0.033s] Invoking command in '/home/toluwani-williams/slam_ws/build/slam_bot_description': CMAKE_PREFIX_PATH=${CMAKE_PREFIX_PATH}:/opt/ros/jazzy DEBUGINFOD_URLS=https://debuginfod.ubuntu.com /usr/bin/cmake --build /home/toluwani-williams/slam_ws/build/slam_bot_description -- -j8 -l8
[0.148s] Invoked command in '/home/toluwani-williams/slam_ws/build/slam_bot_description' returned '0': CMAKE_PREFIX_PATH=${CMAKE_PREFIX_PATH}:/opt/ros/jazzy DEBUGINFOD_URLS=https://debuginfod.ubuntu.com /usr/bin/cmake --build /home/toluwani-williams/slam_ws/build/slam_bot_description -- -j8 -l8
[0.175s] Invoking command in '/home/toluwani-williams/slam_ws/build/slam_bot_description': CMAKE_PREFIX_PATH=${CMAKE_PREFIX_PATH}:/opt/ros/jazzy DEBUGINFOD_URLS=https://debuginfod.ubuntu.com /usr/bin/cmake --install /home/toluwani-williams/slam_ws/build/slam_bot_description
[0.200s] -- Install configuration: ""
[0.201s] -- Up-to-date: /home/toluwani-williams/slam_ws/install/slam_bot_description/share/slam_bot_description/models
[0.202s] -- Up-to-date: /home/toluwani-williams/slam_ws/install/slam_bot_description/share/slam_bot_description/models/diff_drive
[0.202s] -- Installing: /home/toluwani-williams/slam_ws/install/slam_bot_description/share/slam_bot_description/models/diff_drive/model.sdf
[0.207s] -- Installing: /home/toluwani-williams/slam_ws/install/slam_bot_description/share/slam_bot_description/models/diff_drive/model.config
[0.207s] -- Up-to-date: /home/toluwani-williams/slam_ws/install/slam_bot_description/share/slam_bot_description/models/rrbot
[0.207s] -- Up-to-date: /home/toluwani-williams/slam_ws/install/slam_bot_description/share/slam_bot_description/models/rrbot/model.sdf
[0.208s] -- Installing: /home/toluwani-williams/slam_ws/install/slam_bot_description/share/slam_bot_description/models/slam_bot
[0.208s] -- Installing: /home/toluwani-williams/slam_ws/install/slam_bot_description/share/slam_bot_description/models/slam_bot/model.sdf
[0.208s] -- Installing: /home/toluwani-williams/slam_ws/install/slam_bot_description/share/slam_bot_description/models/slam_bot/model.config
[0.208s] -- Up-to-date: /home/toluwani-williams/slam_ws/install/slam_bot_description/share/slam_bot_description/environment/slam_bot_description.dsv
[0.209s] -- Up-to-date: /home/toluwani-williams/slam_ws/install/slam_bot_description/share/slam_bot_description/environment/slam_bot_description.sh
[0.209s] -- Up-to-date: /home/toluwani-williams/slam_ws/install/slam_bot_description/share/ament_index/resource_index/package_run_dependencies/slam_bot_description
[0.209s] -- Up-to-date: /home/toluwani-williams/slam_ws/install/slam_bot_description/share/ament_index/resource_index/parent_prefix_path/slam_bot_description
[0.209s] -- Up-to-date: /home/toluwani-williams/slam_ws/install/slam_bot_description/share/slam_bot_description/environment/ament_prefix_path.sh
[0.209s] -- Up-to-date: /home/toluwani-williams/slam_ws/install/slam_bot_description/share/slam_bot_description/environment/ament_prefix_path.dsv
[0.210s] -- Up-to-date: /home/toluwani-williams/slam_ws/install/slam_bot_description/share/slam_bot_description/environment/path.sh
[0.210s] -- Up-to-date: /home/toluwani-williams/slam_ws/install/slam_bot_description/share/slam_bot_description/environment/path.dsv
[0.210s] -- Up-to-date: /home/toluwani-williams/slam_ws/install/slam_bot_description/share/slam_bot_description/local_setup.bash
[0.210s] -- Up-to-date: /home/toluwani-williams/slam_ws/install/slam_bot_description/share/slam_bot_description/local_setup.sh
[0.210s] -- Up-to-date: /home/toluwani-williams/slam_ws/install/slam_bot_description/share/slam_bot_description/local_setup.zsh
[0.210s] -- Up-to-date: /home/toluwani-williams/slam_ws/install/slam_bot_description/share/slam_bot_description/local_setup.dsv
[0.210s] -- Installing: /home/toluwani-williams/slam_ws/install/slam_bot_description/share/slam_bot_description/package.dsv
[0.212s] -- Up-to-date: /home/toluwani-williams/slam_ws/install/slam_bot_description/share/ament_index/resource_index/packages/slam_bot_description
[0.212s] -- Up-to-date: /home/toluwani-williams/slam_ws/install/slam_bot_description/share/slam_bot_description/cmake/slam_bot_descriptionConfig.cmake
[0.212s] -- Up-to-date: /home/toluwani-williams/slam_ws/install/slam_bot_description/share/slam_bot_description/cmake/slam_bot_descriptionConfig-version.cmake
[0.212s] -- Up-to-date: /home/toluwani-williams/slam_ws/install/slam_bot_description/share/slam_bot_description/package.xml
[0.252s] Invoked command in '/home/toluwani-williams/slam_ws/build/slam_bot_description' returned '0': CMAKE_PREFIX_PATH=${CMAKE_PREFIX_PATH}:/opt/ros/jazzy DEBUGINFOD_URLS=https://debuginfod.ubuntu.com /usr/bin/cmake --install /home/toluwani-williams/slam_ws/build/slam_bot_description
