[0.046s] Invoking command in '/home/toluwani-williams/slam_ws/build/slam_bot_gazebo': CMAKE_PREFIX_PATH=/home/toluwani-williams/slam_ws/install/slam_bot_description:/home/toluwani-williams/slam_ws/install/slam_bot_bringup:/home/toluwani-williams/slam_ws/install/slam_bot_gazebo:/home/toluwani-williams/slam_ws/install/slam_bot_application:/home/toluwani-williams/slam_ws/install/ros_gz_example_bringup:/home/toluwani-williams/slam_ws/install/ros_gz_example_gazebo:/home/toluwani-williams/slam_ws/install/ros_gz_example_description:/home/toluwani-williams/slam_ws/install/ros_gz_example_application:/opt/ros/jazzy/opt/gz_launch_vendor:/opt/ros/jazzy/opt/gz_sim_vendor:/opt/ros/jazzy/opt/gz_sensors_vendor:/opt/ros/jazzy/opt/gz_physics_vendor:/opt/ros/jazzy/opt/sdformat_vendor:/opt/ros/jazzy/opt/gz_gui_vendor:/opt/ros/jazzy/opt/gz_transport_vendor:/opt/ros/jazzy/opt/gz_rendering_vendor:/opt/ros/jazzy/opt/gz_plugin_vendor:/opt/ros/jazzy/opt/gz_fuel_tools_vendor:/opt/ros/jazzy/opt/gz_msgs_vendor:/opt/ros/jazzy/opt/gz_common_vendor:/opt/ros/jazzy/opt/gz_math_vendor:/opt/ros/jazzy/opt/gz_utils_vendor:/opt/ros/jazzy/opt/gz_tools_vendor:/opt/ros/jazzy/opt/gz_ogre_next_vendor:/opt/ros/jazzy/opt/gz_dartsim_vendor:/opt/ros/jazzy/opt/gz_cmake_vendor:/opt/ros/jazzy DEBUGINFOD_URLS=https://debuginfod.ubuntu.com GZ_SIM_RESOURCE_PATH=/home/toluwani-williams/slam_ws/install/slam_bot_description/share/slam_bot_description/models:${GZ_SIM_RESOURCE_PATH} /usr/bin/cmake /home/toluwani-williams/slam_ws/src/slam_bot_gazebo -DCMAKE_INSTALL_PREFIX=/home/toluwani-williams/slam_ws/install/slam_bot_gazebo
[0.074s] -- Found ament_cmake: 2.5.4 (/opt/ros/jazzy/share/ament_cmake/cmake)
[0.472s] -- Found slam_bot_description: 0.0.0 (/home/toluwani-williams/slam_ws/install/slam_bot_description/share/slam_bot_description/cmake)
[0.506s] -- Looking for gz-plugin2 -- found version 2.0.4
[0.509s] -- Searching for dependencies of gz-plugin2
[0.512s] -- Looking for gz-utils2 -- found version 2.2.1
[0.512s] -- Searching for dependencies of gz-utils2
[0.516s] -- Searching for <gz-utils2> component [cli]
[0.519s] -- Looking for gz-utils2-cli -- found version 2.2.1
[0.520s] -- Searching for dependencies of gz-utils2-cli
[0.525s] -- Searching for <gz-plugin2> component [register]
[0.527s] -- Looking for gz-plugin2-register -- found version 2.0.4
[0.528s] -- Searching for dependencies of gz-plugin2-register
[0.533s] -- Looking for gz-common5 -- found version 5.7.1
[0.533s] -- Searching for dependencies of gz-common5
[0.534s] -- Looking for gz-utils2 -- found version 2.2.1
[0.535s] -- Looking for dlfcn.h - found
[0.536s] -- Looking for libdl - found
[0.562s] -- Checking for module 'uuid'
[0.608s] --   Found uuid, version 2.39.3
[0.718s] -- Searching for <gz-common5> component [profiler]
[0.721s] -- Looking for gz-common5-profiler -- found version 5.7.1
[0.722s] -- Searching for dependencies of gz-common5-profiler
[0.783s] -- Configuring incomplete, errors occurred!
[0.784s] [31mCMake Error at CMakeLists.txt:26 (find_package):
[0.784s]   By not providing "Findgz-sim7.cmake" in CMAKE_MODULE_PATH this project has
[0.784s]   asked CMake to find a package configuration file provided by "gz-sim7", but
[0.785s]   CMake did not find one.
[0.785s] 
[0.786s]   Could not find a package configuration file provided by "gz-sim7" with any
[0.786s]   of the following names:
[0.787s] 
[0.787s]     gz-sim7Config.cmake
[0.788s]     gz-sim7-config.cmake
[0.788s] 
[0.788s]   Add the installation prefix of "gz-sim7" to CMAKE_PREFIX_PATH or set
[0.789s]   "gz-sim7_DIR" to a directory containing one of the above files.  If
[0.789s]   "gz-sim7" provides a separate development package or SDK, be sure it has
[0.790s]   been installed.
[0.790s] 
[0.790s] [0m
[0.793s] Invoked command in '/home/toluwani-williams/slam_ws/build/slam_bot_gazebo' returned '1': CMAKE_PREFIX_PATH=/home/toluwani-williams/slam_ws/install/slam_bot_description:/home/toluwani-williams/slam_ws/install/slam_bot_bringup:/home/toluwani-williams/slam_ws/install/slam_bot_gazebo:/home/toluwani-williams/slam_ws/install/slam_bot_application:/home/toluwani-williams/slam_ws/install/ros_gz_example_bringup:/home/toluwani-williams/slam_ws/install/ros_gz_example_gazebo:/home/toluwani-williams/slam_ws/install/ros_gz_example_description:/home/toluwani-williams/slam_ws/install/ros_gz_example_application:/opt/ros/jazzy/opt/gz_launch_vendor:/opt/ros/jazzy/opt/gz_sim_vendor:/opt/ros/jazzy/opt/gz_sensors_vendor:/opt/ros/jazzy/opt/gz_physics_vendor:/opt/ros/jazzy/opt/sdformat_vendor:/opt/ros/jazzy/opt/gz_gui_vendor:/opt/ros/jazzy/opt/gz_transport_vendor:/opt/ros/jazzy/opt/gz_rendering_vendor:/opt/ros/jazzy/opt/gz_plugin_vendor:/opt/ros/jazzy/opt/gz_fuel_tools_vendor:/opt/ros/jazzy/opt/gz_msgs_vendor:/opt/ros/jazzy/opt/gz_common_vendor:/opt/ros/jazzy/opt/gz_math_vendor:/opt/ros/jazzy/opt/gz_utils_vendor:/opt/ros/jazzy/opt/gz_tools_vendor:/opt/ros/jazzy/opt/gz_ogre_next_vendor:/opt/ros/jazzy/opt/gz_dartsim_vendor:/opt/ros/jazzy/opt/gz_cmake_vendor:/opt/ros/jazzy DEBUGINFOD_URLS=https://debuginfod.ubuntu.com GZ_SIM_RESOURCE_PATH=/home/toluwani-williams/slam_ws/install/slam_bot_description/share/slam_bot_description/models:${GZ_SIM_RESOURCE_PATH} /usr/bin/cmake /home/toluwani-williams/slam_ws/src/slam_bot_gazebo -DCMAKE_INSTALL_PREFIX=/home/toluwani-williams/slam_ws/install/slam_bot_gazebo
