-- Install configuration: ""
-- Up-to-date: /home/toluwani-williams/slam_ws/install/slam_bot_description/share/slam_bot_description/models
-- Up-to-date: /home/toluwani-williams/slam_ws/install/slam_bot_description/share/slam_bot_description/models/diff_drive
-- Up-to-date: /home/toluwani-williams/slam_ws/install/slam_bot_description/share/slam_bot_description/models/diff_drive/model.sdf
-- Up-to-date: /home/toluwani-williams/slam_ws/install/slam_bot_description/share/slam_bot_description/models/diff_drive/model.config
-- Up-to-date: /home/toluwani-williams/slam_ws/install/slam_bot_description/share/slam_bot_description/models/rrbot
-- Up-to-date: /home/toluwani-williams/slam_ws/install/slam_bot_description/share/slam_bot_description/models/rrbot/model.sdf
-- Up-to-date: /home/toluwani-williams/slam_ws/install/slam_bot_description/share/slam_bot_description/environment/slam_bot_description.dsv
-- Up-to-date: /home/toluwani-williams/slam_ws/install/slam_bot_description/share/slam_bot_description/environment/slam_bot_description.sh
-- Up-to-date: /home/toluwani-williams/slam_ws/install/slam_bot_description/share/ament_index/resource_index/package_run_dependencies/slam_bot_description
-- Up-to-date: /home/toluwani-williams/slam_ws/install/slam_bot_description/share/ament_index/resource_index/parent_prefix_path/slam_bot_description
-- Up-to-date: /home/toluwani-williams/slam_ws/install/slam_bot_description/share/slam_bot_description/environment/ament_prefix_path.sh
-- Up-to-date: /home/toluwani-williams/slam_ws/install/slam_bot_description/share/slam_bot_description/environment/ament_prefix_path.dsv
-- Up-to-date: /home/toluwani-williams/slam_ws/install/slam_bot_description/share/slam_bot_description/environment/path.sh
-- Up-to-date: /home/toluwani-williams/slam_ws/install/slam_bot_description/share/slam_bot_description/environment/path.dsv
-- Up-to-date: /home/toluwani-williams/slam_ws/install/slam_bot_description/share/slam_bot_description/local_setup.bash
-- Up-to-date: /home/toluwani-williams/slam_ws/install/slam_bot_description/share/slam_bot_description/local_setup.sh
-- Up-to-date: /home/toluwani-williams/slam_ws/install/slam_bot_description/share/slam_bot_description/local_setup.zsh
-- Up-to-date: /home/toluwani-williams/slam_ws/install/slam_bot_description/share/slam_bot_description/local_setup.dsv
-- Installing: /home/toluwani-williams/slam_ws/install/slam_bot_description/share/slam_bot_description/package.dsv
-- Up-to-date: /home/toluwani-williams/slam_ws/install/slam_bot_description/share/ament_index/resource_index/packages/slam_bot_description
-- Up-to-date: /home/toluwani-williams/slam_ws/install/slam_bot_description/share/slam_bot_description/cmake/slam_bot_descriptionConfig.cmake
-- Up-to-date: /home/toluwani-williams/slam_ws/install/slam_bot_description/share/slam_bot_description/cmake/slam_bot_descriptionConfig-version.cmake
-- Up-to-date: /home/toluwani-williams/slam_ws/install/slam_bot_description/share/slam_bot_description/package.xml
