-- Install configuration: ""
-- Up-to-date: /home/toluwani-williams/slam_ws/install/slam_bot_bringup/share/slam_bot_bringup/launch
-- Installing: /home/toluwani-williams/slam_ws/install/slam_bot_bringup/share/slam_bot_bringup/launch/slam_bot.launch.py
-- Up-to-date: /home/toluwani-williams/slam_ws/install/slam_bot_bringup/share/slam_bot_bringup/launch/diff_drive.launch.py
-- Up-to-date: /home/toluwani-williams/slam_ws/install/slam_bot_bringup/share/slam_bot_bringup/launch/rrbot_setup.launch.py
-- Up-to-date: /home/toluwani-williams/slam_ws/install/slam_bot_bringup/share/slam_bot_bringup/config
-- Up-to-date: /home/toluwani-williams/slam_ws/install/slam_bot_bringup/share/slam_bot_bringup/config/rrbot.rviz
-- Installing: /home/toluwani-williams/slam_ws/install/slam_bot_bringup/share/slam_bot_bringup/config/slam_bot.rvis
-- Up-to-date: /home/toluwani-williams/slam_ws/install/slam_bot_bringup/share/slam_bot_bringup/config/slam_bot_bridge.yaml
-- Up-to-date: /home/toluwani-williams/slam_ws/install/slam_bot_bringup/share/slam_bot_bringup/config/diff_drive.rviz
-- Up-to-date: /home/toluwani-williams/slam_ws/install/slam_bot_bringup/share/ament_index/resource_index/package_run_dependencies/slam_bot_bringup
-- Up-to-date: /home/toluwani-williams/slam_ws/install/slam_bot_bringup/share/ament_index/resource_index/parent_prefix_path/slam_bot_bringup
-- Up-to-date: /home/toluwani-williams/slam_ws/install/slam_bot_bringup/share/slam_bot_bringup/environment/ament_prefix_path.sh
-- Up-to-date: /home/toluwani-williams/slam_ws/install/slam_bot_bringup/share/slam_bot_bringup/environment/ament_prefix_path.dsv
-- Up-to-date: /home/toluwani-williams/slam_ws/install/slam_bot_bringup/share/slam_bot_bringup/environment/path.sh
-- Up-to-date: /home/toluwani-williams/slam_ws/install/slam_bot_bringup/share/slam_bot_bringup/environment/path.dsv
-- Up-to-date: /home/toluwani-williams/slam_ws/install/slam_bot_bringup/share/slam_bot_bringup/local_setup.bash
-- Up-to-date: /home/toluwani-williams/slam_ws/install/slam_bot_bringup/share/slam_bot_bringup/local_setup.sh
-- Up-to-date: /home/toluwani-williams/slam_ws/install/slam_bot_bringup/share/slam_bot_bringup/local_setup.zsh
-- Up-to-date: /home/toluwani-williams/slam_ws/install/slam_bot_bringup/share/slam_bot_bringup/local_setup.dsv
-- Installing: /home/toluwani-williams/slam_ws/install/slam_bot_bringup/share/slam_bot_bringup/package.dsv
-- Up-to-date: /home/toluwani-williams/slam_ws/install/slam_bot_bringup/share/ament_index/resource_index/packages/slam_bot_bringup
-- Up-to-date: /home/toluwani-williams/slam_ws/install/slam_bot_bringup/share/slam_bot_bringup/cmake/slam_bot_bringupConfig.cmake
-- Up-to-date: /home/toluwani-williams/slam_ws/install/slam_bot_bringup/share/slam_bot_bringup/cmake/slam_bot_bringupConfig-version.cmake
-- Up-to-date: /home/toluwani-williams/slam_ws/install/slam_bot_bringup/share/slam_bot_bringup/package.xml
