[0.040s] Invoking command in '/home/toluwani-williams/slam_ws/build/slam_driver': CMAKE_PREFIX_PATH=${CMAKE_PREFIX_PATH}:/opt/ros/jazzy DEBUGINFOD_URLS=https://debuginfod.ubuntu.com /usr/bin/cmake /home/toluwani-williams/slam_ws/src/slam_driver -DCMAKE_INSTALL_PREFIX=/home/toluwani-williams/slam_ws/install/slam_driver
[0.330s] -- The C compiler identification is GNU 13.3.0
[0.614s] -- The CXX compiler identification is GNU 13.3.0
[0.673s] -- Detecting C compiler ABI info
[0.895s] -- Detecting C compiler ABI info - done
[0.914s] -- Check for working C compiler: /usr/bin/cc - skipped
[0.915s] -- Detecting C compile features
[0.916s] -- Detecting C compile features - done
[0.936s] -- Detecting CXX compiler ABI info
[1.160s] -- Detecting CXX compiler ABI info - done
[1.177s] -- Check for working CXX compiler: /usr/bin/c++ - skipped
[1.178s] -- Detecting CXX compile features
[1.179s] -- Detecting CXX compile features - done
[1.198s] -- Found ament_cmake: 2.5.4 (/opt/ros/jazzy/share/ament_cmake/cmake)
[1.512s] -- Found Python3: /usr/bin/python3 (found version "3.12.3") found components: Interpreter 
[1.778s] -- Found ament_lint_auto: 0.17.2 (/opt/ros/jazzy/share/ament_lint_auto/cmake)
[2.016s] -- Added test 'flake8' to check Python code syntax and style conventions
[2.016s] -- Configured 'flake8' exclude dirs and/or files: 
[2.018s] -- Added test 'lint_cmake' to check CMake code style
[2.020s] -- Added test 'pep257' to check Python code against some of the docstring style conventions in PEP 257
[2.024s] -- Added test 'xmllint' to check XML markup files
[2.028s] -- Configuring done (2.0s)
[2.033s] -- Generating done (0.0s)
[2.037s] -- Build files have been written to: /home/toluwani-williams/slam_ws/build/slam_driver
