[0.592s] DEBUG:colcon:Command line arguments: ['/usr/bin/colcon', 'build']
[0.593s] DEBUG:colcon:Parsed command line arguments: Namespace(log_base=None, log_level=None, verb_name='build', build_base='build', install_base='install', merge_install=False, symlink_install=False, test_result_base=None, continue_on_error=False, executor='parallel', parallel_workers=8, event_handlers=None, ignore_user_meta=False, metas=['./colcon.meta'], base_paths=['.'], packages_ignore=None, packages_ignore_regex=None, paths=None, packages_up_to=None, packages_up_to_regex=None, packages_above=None, packages_above_and_dependencies=None, packages_above_depth=None, packages_select_by_dep=None, packages_skip_by_dep=None, packages_skip_up_to=None, packages_select_build_failed=False, packages_skip_build_finished=False, packages_select_test_failures=False, packages_skip_test_passed=False, packages_select=None, packages_skip=None, packages_select_regex=None, packages_skip_regex=None, packages_start=None, packages_end=None, allow_overriding=[], cmake_args=None, cmake_target=None, cmake_target_skip_unavailable=False, cmake_clean_cache=False, cmake_clean_first=False, cmake_force_configure=False, ament_cmake_args=None, catkin_cmake_args=None, catkin_skip_building_tests=False, mixin_files=None, mixin=None, verb_parser=<colcon_mixin.mixin.mixin_argument.MixinArgumentDecorator object at 0x7b016e847a70>, verb_extension=<colcon_core.verb.build.BuildVerb object at 0x7b016e96b710>, main=<bound method BuildVerb.main of <colcon_core.verb.build.BuildVerb object at 0x7b016e96b710>>, mixin_verb=('build',))
[0.736s] Level 1:colcon.colcon_core.package_discovery:discover_packages(colcon_meta) check parameters
[0.736s] Level 1:colcon.colcon_core.package_discovery:discover_packages(recursive) check parameters
[0.736s] Level 1:colcon.colcon_core.package_discovery:discover_packages(ignore) check parameters
[0.736s] Level 1:colcon.colcon_core.package_discovery:discover_packages(path) check parameters
[0.736s] Level 1:colcon.colcon_core.package_discovery:discover_packages(colcon_meta) discover
[0.737s] Level 1:colcon.colcon_core.package_discovery:discover_packages(recursive) discover
[0.737s] INFO:colcon.colcon_core.package_discovery:Crawling recursively for packages in '/home/toluwani-williams/slam_ws'
[0.737s] Level 1:colcon.colcon_core.package_identification:_identify(.) by extensions ['ignore', 'ignore_ament_install']
[0.737s] Level 1:colcon.colcon_core.package_identification:_identify(.) by extension 'ignore'
[0.737s] Level 1:colcon.colcon_core.package_identification:_identify(.) by extension 'ignore_ament_install'
[0.737s] Level 1:colcon.colcon_core.package_identification:_identify(.) by extensions ['colcon_pkg']
[0.737s] Level 1:colcon.colcon_core.package_identification:_identify(.) by extension 'colcon_pkg'
[0.738s] Level 1:colcon.colcon_core.package_identification:_identify(.) by extensions ['colcon_meta']
[0.738s] Level 1:colcon.colcon_core.package_identification:_identify(.) by extension 'colcon_meta'
[0.738s] Level 1:colcon.colcon_core.package_identification:_identify(.) by extensions ['ros']
[0.738s] Level 1:colcon.colcon_core.package_identification:_identify(.) by extension 'ros'
[0.805s] Level 1:colcon.colcon_core.package_identification:_identify(.) by extensions ['cmake', 'python']
[0.805s] Level 1:colcon.colcon_core.package_identification:_identify(.) by extension 'cmake'
[0.805s] Level 1:colcon.colcon_core.package_identification:_identify(.) by extension 'python'
[0.805s] Level 1:colcon.colcon_core.package_identification:_identify(.) by extensions ['python_setup_py']
[0.805s] Level 1:colcon.colcon_core.package_identification:_identify(.) by extension 'python_setup_py'
[0.805s] Level 1:colcon.colcon_core.package_identification:_identify(build) by extensions ['ignore', 'ignore_ament_install']
[0.805s] Level 1:colcon.colcon_core.package_identification:_identify(build) by extension 'ignore'
[0.806s] Level 1:colcon.colcon_core.package_identification:_identify(build) ignored
[0.806s] Level 1:colcon.colcon_core.package_identification:_identify(install) by extensions ['ignore', 'ignore_ament_install']
[0.806s] Level 1:colcon.colcon_core.package_identification:_identify(install) by extension 'ignore'
[0.806s] Level 1:colcon.colcon_core.package_identification:_identify(install) ignored
[0.806s] Level 1:colcon.colcon_core.package_identification:_identify(log) by extensions ['ignore', 'ignore_ament_install']
[0.806s] Level 1:colcon.colcon_core.package_identification:_identify(log) by extension 'ignore'
[0.806s] Level 1:colcon.colcon_core.package_identification:_identify(log) ignored
[0.807s] Level 1:colcon.colcon_core.package_identification:_identify(src) by extensions ['ignore', 'ignore_ament_install']
[0.807s] Level 1:colcon.colcon_core.package_identification:_identify(src) by extension 'ignore'
[0.807s] Level 1:colcon.colcon_core.package_identification:_identify(src) by extension 'ignore_ament_install'
[0.807s] Level 1:colcon.colcon_core.package_identification:_identify(src) by extensions ['colcon_pkg']
[0.807s] Level 1:colcon.colcon_core.package_identification:_identify(src) by extension 'colcon_pkg'
[0.807s] Level 1:colcon.colcon_core.package_identification:_identify(src) by extensions ['colcon_meta']
[0.807s] Level 1:colcon.colcon_core.package_identification:_identify(src) by extension 'colcon_meta'
[0.807s] Level 1:colcon.colcon_core.package_identification:_identify(src) by extensions ['ros']
[0.807s] Level 1:colcon.colcon_core.package_identification:_identify(src) by extension 'ros'
[0.807s] Level 1:colcon.colcon_core.package_identification:_identify(src) by extensions ['cmake', 'python']
[0.807s] Level 1:colcon.colcon_core.package_identification:_identify(src) by extension 'cmake'
[0.808s] Level 1:colcon.colcon_core.package_identification:_identify(src) by extension 'python'
[0.808s] Level 1:colcon.colcon_core.package_identification:_identify(src) by extensions ['python_setup_py']
[0.808s] Level 1:colcon.colcon_core.package_identification:_identify(src) by extension 'python_setup_py'
[0.808s] Level 1:colcon.colcon_core.package_identification:_identify(src/slam_bot_application) by extensions ['ignore', 'ignore_ament_install']
[0.808s] Level 1:colcon.colcon_core.package_identification:_identify(src/slam_bot_application) by extension 'ignore'
[0.808s] Level 1:colcon.colcon_core.package_identification:_identify(src/slam_bot_application) by extension 'ignore_ament_install'
[0.808s] Level 1:colcon.colcon_core.package_identification:_identify(src/slam_bot_application) by extensions ['colcon_pkg']
[0.808s] Level 1:colcon.colcon_core.package_identification:_identify(src/slam_bot_application) by extension 'colcon_pkg'
[0.809s] Level 1:colcon.colcon_core.package_identification:_identify(src/slam_bot_application) by extensions ['colcon_meta']
[0.809s] Level 1:colcon.colcon_core.package_identification:_identify(src/slam_bot_application) by extension 'colcon_meta'
[0.809s] Level 1:colcon.colcon_core.package_identification:_identify(src/slam_bot_application) by extensions ['ros']
[0.809s] Level 1:colcon.colcon_core.package_identification:_identify(src/slam_bot_application) by extension 'ros'
[0.820s] DEBUG:colcon.colcon_core.package_identification:Package 'src/slam_bot_application' with type 'ros.ament_cmake' and name 'slam_bot_application'
[0.821s] Level 1:colcon.colcon_core.package_identification:_identify(src/slam_bot_bringup) by extensions ['ignore', 'ignore_ament_install']
[0.821s] Level 1:colcon.colcon_core.package_identification:_identify(src/slam_bot_bringup) by extension 'ignore'
[0.821s] Level 1:colcon.colcon_core.package_identification:_identify(src/slam_bot_bringup) by extension 'ignore_ament_install'
[0.821s] Level 1:colcon.colcon_core.package_identification:_identify(src/slam_bot_bringup) by extensions ['colcon_pkg']
[0.821s] Level 1:colcon.colcon_core.package_identification:_identify(src/slam_bot_bringup) by extension 'colcon_pkg'
[0.821s] Level 1:colcon.colcon_core.package_identification:_identify(src/slam_bot_bringup) by extensions ['colcon_meta']
[0.821s] Level 1:colcon.colcon_core.package_identification:_identify(src/slam_bot_bringup) by extension 'colcon_meta'
[0.821s] Level 1:colcon.colcon_core.package_identification:_identify(src/slam_bot_bringup) by extensions ['ros']
[0.821s] Level 1:colcon.colcon_core.package_identification:_identify(src/slam_bot_bringup) by extension 'ros'
[0.823s] DEBUG:colcon.colcon_core.package_identification:Package 'src/slam_bot_bringup' with type 'ros.ament_cmake' and name 'slam_bot_bringup'
[0.824s] Level 1:colcon.colcon_core.package_identification:_identify(src/slam_bot_description) by extensions ['ignore', 'ignore_ament_install']
[0.824s] Level 1:colcon.colcon_core.package_identification:_identify(src/slam_bot_description) by extension 'ignore'
[0.824s] Level 1:colcon.colcon_core.package_identification:_identify(src/slam_bot_description) by extension 'ignore_ament_install'
[0.824s] Level 1:colcon.colcon_core.package_identification:_identify(src/slam_bot_description) by extensions ['colcon_pkg']
[0.824s] Level 1:colcon.colcon_core.package_identification:_identify(src/slam_bot_description) by extension 'colcon_pkg'
[0.824s] Level 1:colcon.colcon_core.package_identification:_identify(src/slam_bot_description) by extensions ['colcon_meta']
[0.824s] Level 1:colcon.colcon_core.package_identification:_identify(src/slam_bot_description) by extension 'colcon_meta'
[0.824s] Level 1:colcon.colcon_core.package_identification:_identify(src/slam_bot_description) by extensions ['ros']
[0.824s] Level 1:colcon.colcon_core.package_identification:_identify(src/slam_bot_description) by extension 'ros'
[0.826s] DEBUG:colcon.colcon_core.package_identification:Package 'src/slam_bot_description' with type 'ros.ament_cmake' and name 'slam_bot_description'
[0.827s] Level 1:colcon.colcon_core.package_identification:_identify(src/slam_bot_gazebo) by extensions ['ignore', 'ignore_ament_install']
[0.827s] Level 1:colcon.colcon_core.package_identification:_identify(src/slam_bot_gazebo) by extension 'ignore'
[0.827s] Level 1:colcon.colcon_core.package_identification:_identify(src/slam_bot_gazebo) by extension 'ignore_ament_install'
[0.827s] Level 1:colcon.colcon_core.package_identification:_identify(src/slam_bot_gazebo) by extensions ['colcon_pkg']
[0.827s] Level 1:colcon.colcon_core.package_identification:_identify(src/slam_bot_gazebo) by extension 'colcon_pkg'
[0.828s] Level 1:colcon.colcon_core.package_identification:_identify(src/slam_bot_gazebo) by extensions ['colcon_meta']
[0.828s] Level 1:colcon.colcon_core.package_identification:_identify(src/slam_bot_gazebo) by extension 'colcon_meta'
[0.828s] Level 1:colcon.colcon_core.package_identification:_identify(src/slam_bot_gazebo) by extensions ['ros']
[0.828s] Level 1:colcon.colcon_core.package_identification:_identify(src/slam_bot_gazebo) by extension 'ros'
[0.830s] DEBUG:colcon.colcon_core.package_identification:Package 'src/slam_bot_gazebo' with type 'ros.ament_cmake' and name 'slam_bot_gazebo'
[0.830s] Level 1:colcon.colcon_core.package_identification:_identify(src/slam_driver) by extensions ['ignore', 'ignore_ament_install']
[0.831s] Level 1:colcon.colcon_core.package_identification:_identify(src/slam_driver) by extension 'ignore'
[0.831s] Level 1:colcon.colcon_core.package_identification:_identify(src/slam_driver) by extension 'ignore_ament_install'
[0.832s] Level 1:colcon.colcon_core.package_identification:_identify(src/slam_driver) by extensions ['colcon_pkg']
[0.832s] Level 1:colcon.colcon_core.package_identification:_identify(src/slam_driver) by extension 'colcon_pkg'
[0.832s] Level 1:colcon.colcon_core.package_identification:_identify(src/slam_driver) by extensions ['colcon_meta']
[0.832s] Level 1:colcon.colcon_core.package_identification:_identify(src/slam_driver) by extension 'colcon_meta'
[0.832s] Level 1:colcon.colcon_core.package_identification:_identify(src/slam_driver) by extensions ['ros']
[0.832s] Level 1:colcon.colcon_core.package_identification:_identify(src/slam_driver) by extension 'ros'
[0.833s] DEBUG:colcon.colcon_core.package_identification:Package 'src/slam_driver' with type 'ros.ament_cmake' and name 'slam_driver'
[0.833s] Level 1:colcon.colcon_core.package_discovery:discover_packages(recursive) using defaults
[0.833s] Level 1:colcon.colcon_core.package_discovery:discover_packages(ignore) discover
[0.834s] Level 1:colcon.colcon_core.package_discovery:discover_packages(ignore) using defaults
[0.834s] Level 1:colcon.colcon_core.package_discovery:discover_packages(path) discover
[0.834s] Level 1:colcon.colcon_core.package_discovery:discover_packages(path) using defaults
[0.897s] Level 1:colcon.colcon_core.package_discovery:discover_packages(prefix_path) check parameters
[0.897s] Level 1:colcon.colcon_core.package_discovery:discover_packages(prefix_path) discover
[0.901s] Level 1:colcon.colcon_core.package_discovery:discover_packages(prefix_path) using defaults
[0.904s] Level 5:colcon.colcon_core.verb:set package 'slam_bot_application' build argument 'cmake_args' from command line to 'None'
[0.904s] Level 5:colcon.colcon_core.verb:set package 'slam_bot_application' build argument 'cmake_target' from command line to 'None'
[0.904s] Level 5:colcon.colcon_core.verb:set package 'slam_bot_application' build argument 'cmake_target_skip_unavailable' from command line to 'False'
[0.905s] Level 5:colcon.colcon_core.verb:set package 'slam_bot_application' build argument 'cmake_clean_cache' from command line to 'False'
[0.905s] Level 5:colcon.colcon_core.verb:set package 'slam_bot_application' build argument 'cmake_clean_first' from command line to 'False'
[0.905s] Level 5:colcon.colcon_core.verb:set package 'slam_bot_application' build argument 'cmake_force_configure' from command line to 'False'
[0.905s] Level 5:colcon.colcon_core.verb:set package 'slam_bot_application' build argument 'ament_cmake_args' from command line to 'None'
[0.905s] Level 5:colcon.colcon_core.verb:set package 'slam_bot_application' build argument 'catkin_cmake_args' from command line to 'None'
[0.905s] Level 5:colcon.colcon_core.verb:set package 'slam_bot_application' build argument 'catkin_skip_building_tests' from command line to 'False'
[0.905s] DEBUG:colcon.colcon_core.verb:Building package 'slam_bot_application' with the following arguments: {'ament_cmake_args': None, 'build_base': '/home/toluwani-williams/slam_ws/build/slam_bot_application', 'catkin_cmake_args': None, 'catkin_skip_building_tests': False, 'cmake_args': None, 'cmake_clean_cache': False, 'cmake_clean_first': False, 'cmake_force_configure': False, 'cmake_target': None, 'cmake_target_skip_unavailable': False, 'install_base': '/home/toluwani-williams/slam_ws/install/slam_bot_application', 'merge_install': False, 'path': '/home/toluwani-williams/slam_ws/src/slam_bot_application', 'symlink_install': False, 'test_result_base': None}
[0.905s] Level 5:colcon.colcon_core.verb:set package 'slam_bot_description' build argument 'cmake_args' from command line to 'None'
[0.906s] Level 5:colcon.colcon_core.verb:set package 'slam_bot_description' build argument 'cmake_target' from command line to 'None'
[0.906s] Level 5:colcon.colcon_core.verb:set package 'slam_bot_description' build argument 'cmake_target_skip_unavailable' from command line to 'False'
[0.906s] Level 5:colcon.colcon_core.verb:set package 'slam_bot_description' build argument 'cmake_clean_cache' from command line to 'False'
[0.906s] Level 5:colcon.colcon_core.verb:set package 'slam_bot_description' build argument 'cmake_clean_first' from command line to 'False'
[0.906s] Level 5:colcon.colcon_core.verb:set package 'slam_bot_description' build argument 'cmake_force_configure' from command line to 'False'
[0.906s] Level 5:colcon.colcon_core.verb:set package 'slam_bot_description' build argument 'ament_cmake_args' from command line to 'None'
[0.906s] Level 5:colcon.colcon_core.verb:set package 'slam_bot_description' build argument 'catkin_cmake_args' from command line to 'None'
[0.906s] Level 5:colcon.colcon_core.verb:set package 'slam_bot_description' build argument 'catkin_skip_building_tests' from command line to 'False'
[0.906s] DEBUG:colcon.colcon_core.verb:Building package 'slam_bot_description' with the following arguments: {'ament_cmake_args': None, 'build_base': '/home/toluwani-williams/slam_ws/build/slam_bot_description', 'catkin_cmake_args': None, 'catkin_skip_building_tests': False, 'cmake_args': None, 'cmake_clean_cache': False, 'cmake_clean_first': False, 'cmake_force_configure': False, 'cmake_target': None, 'cmake_target_skip_unavailable': False, 'install_base': '/home/toluwani-williams/slam_ws/install/slam_bot_description', 'merge_install': False, 'path': '/home/toluwani-williams/slam_ws/src/slam_bot_description', 'symlink_install': False, 'test_result_base': None}
[0.907s] Level 5:colcon.colcon_core.verb:set package 'slam_driver' build argument 'cmake_args' from command line to 'None'
[0.907s] Level 5:colcon.colcon_core.verb:set package 'slam_driver' build argument 'cmake_target' from command line to 'None'
[0.907s] Level 5:colcon.colcon_core.verb:set package 'slam_driver' build argument 'cmake_target_skip_unavailable' from command line to 'False'
[0.907s] Level 5:colcon.colcon_core.verb:set package 'slam_driver' build argument 'cmake_clean_cache' from command line to 'False'
[0.907s] Level 5:colcon.colcon_core.verb:set package 'slam_driver' build argument 'cmake_clean_first' from command line to 'False'
[0.907s] Level 5:colcon.colcon_core.verb:set package 'slam_driver' build argument 'cmake_force_configure' from command line to 'False'
[0.907s] Level 5:colcon.colcon_core.verb:set package 'slam_driver' build argument 'ament_cmake_args' from command line to 'None'
[0.907s] Level 5:colcon.colcon_core.verb:set package 'slam_driver' build argument 'catkin_cmake_args' from command line to 'None'
[0.907s] Level 5:colcon.colcon_core.verb:set package 'slam_driver' build argument 'catkin_skip_building_tests' from command line to 'False'
[0.907s] DEBUG:colcon.colcon_core.verb:Building package 'slam_driver' with the following arguments: {'ament_cmake_args': None, 'build_base': '/home/toluwani-williams/slam_ws/build/slam_driver', 'catkin_cmake_args': None, 'catkin_skip_building_tests': False, 'cmake_args': None, 'cmake_clean_cache': False, 'cmake_clean_first': False, 'cmake_force_configure': False, 'cmake_target': None, 'cmake_target_skip_unavailable': False, 'install_base': '/home/toluwani-williams/slam_ws/install/slam_driver', 'merge_install': False, 'path': '/home/toluwani-williams/slam_ws/src/slam_driver', 'symlink_install': False, 'test_result_base': None}
[0.908s] Level 5:colcon.colcon_core.verb:set package 'slam_bot_gazebo' build argument 'cmake_args' from command line to 'None'
[0.909s] Level 5:colcon.colcon_core.verb:set package 'slam_bot_gazebo' build argument 'cmake_target' from command line to 'None'
[0.909s] Level 5:colcon.colcon_core.verb:set package 'slam_bot_gazebo' build argument 'cmake_target_skip_unavailable' from command line to 'False'
[0.909s] Level 5:colcon.colcon_core.verb:set package 'slam_bot_gazebo' build argument 'cmake_clean_cache' from command line to 'False'
[0.909s] Level 5:colcon.colcon_core.verb:set package 'slam_bot_gazebo' build argument 'cmake_clean_first' from command line to 'False'
[0.909s] Level 5:colcon.colcon_core.verb:set package 'slam_bot_gazebo' build argument 'cmake_force_configure' from command line to 'False'
[0.909s] Level 5:colcon.colcon_core.verb:set package 'slam_bot_gazebo' build argument 'ament_cmake_args' from command line to 'None'
[0.909s] Level 5:colcon.colcon_core.verb:set package 'slam_bot_gazebo' build argument 'catkin_cmake_args' from command line to 'None'
[0.909s] Level 5:colcon.colcon_core.verb:set package 'slam_bot_gazebo' build argument 'catkin_skip_building_tests' from command line to 'False'
[0.909s] DEBUG:colcon.colcon_core.verb:Building package 'slam_bot_gazebo' with the following arguments: {'ament_cmake_args': None, 'build_base': '/home/toluwani-williams/slam_ws/build/slam_bot_gazebo', 'catkin_cmake_args': None, 'catkin_skip_building_tests': False, 'cmake_args': None, 'cmake_clean_cache': False, 'cmake_clean_first': False, 'cmake_force_configure': False, 'cmake_target': None, 'cmake_target_skip_unavailable': False, 'install_base': '/home/toluwani-williams/slam_ws/install/slam_bot_gazebo', 'merge_install': False, 'path': '/home/toluwani-williams/slam_ws/src/slam_bot_gazebo', 'symlink_install': False, 'test_result_base': None}
[0.910s] Level 5:colcon.colcon_core.verb:set package 'slam_bot_bringup' build argument 'cmake_args' from command line to 'None'
[0.910s] Level 5:colcon.colcon_core.verb:set package 'slam_bot_bringup' build argument 'cmake_target' from command line to 'None'
[0.910s] Level 5:colcon.colcon_core.verb:set package 'slam_bot_bringup' build argument 'cmake_target_skip_unavailable' from command line to 'False'
[0.910s] Level 5:colcon.colcon_core.verb:set package 'slam_bot_bringup' build argument 'cmake_clean_cache' from command line to 'False'
[0.910s] Level 5:colcon.colcon_core.verb:set package 'slam_bot_bringup' build argument 'cmake_clean_first' from command line to 'False'
[0.910s] Level 5:colcon.colcon_core.verb:set package 'slam_bot_bringup' build argument 'cmake_force_configure' from command line to 'False'
[0.910s] Level 5:colcon.colcon_core.verb:set package 'slam_bot_bringup' build argument 'ament_cmake_args' from command line to 'None'
[0.910s] Level 5:colcon.colcon_core.verb:set package 'slam_bot_bringup' build argument 'catkin_cmake_args' from command line to 'None'
[0.910s] Level 5:colcon.colcon_core.verb:set package 'slam_bot_bringup' build argument 'catkin_skip_building_tests' from command line to 'False'
[0.910s] DEBUG:colcon.colcon_core.verb:Building package 'slam_bot_bringup' with the following arguments: {'ament_cmake_args': None, 'build_base': '/home/toluwani-williams/slam_ws/build/slam_bot_bringup', 'catkin_cmake_args': None, 'catkin_skip_building_tests': False, 'cmake_args': None, 'cmake_clean_cache': False, 'cmake_clean_first': False, 'cmake_force_configure': False, 'cmake_target': None, 'cmake_target_skip_unavailable': False, 'install_base': '/home/toluwani-williams/slam_ws/install/slam_bot_bringup', 'merge_install': False, 'path': '/home/toluwani-williams/slam_ws/src/slam_bot_bringup', 'symlink_install': False, 'test_result_base': None}
[0.911s] INFO:colcon.colcon_core.executor:Executing jobs using 'parallel' executor
[0.912s] DEBUG:colcon.colcon_parallel_executor.executor.parallel:run_until_complete
[0.913s] INFO:colcon.colcon_ros.task.ament_cmake.build:Building ROS package in '/home/toluwani-williams/slam_ws/src/slam_bot_description' with build type 'ament_cmake'
[0.914s] INFO:colcon.colcon_cmake.task.cmake.build:Building CMake package in '/home/toluwani-williams/slam_ws/src/slam_bot_description'
[0.926s] INFO:colcon.colcon_core.plugin_system:Skipping extension 'colcon_core.shell.bat': Not used on non-Windows systems
[0.927s] INFO:colcon.colcon_core.shell:Skip shell extension 'powershell' for command environment: Not usable outside of PowerShell
[0.927s] DEBUG:colcon.colcon_core.shell:Skip shell extension 'dsv' for command environment
[0.930s] INFO:colcon.colcon_ros.task.ament_cmake.build:Building ROS package in '/home/toluwani-williams/slam_ws/src/slam_bot_application' with build type 'ament_cmake'
[0.930s] INFO:colcon.colcon_cmake.task.cmake.build:Building CMake package in '/home/toluwani-williams/slam_ws/src/slam_bot_application'
[0.931s] INFO:colcon.colcon_core.shell:Skip shell extension 'powershell' for command environment: Not usable outside of PowerShell
[0.931s] DEBUG:colcon.colcon_core.shell:Skip shell extension 'dsv' for command environment
[0.933s] INFO:colcon.colcon_ros.task.ament_cmake.build:Building ROS package in '/home/toluwani-williams/slam_ws/src/slam_driver' with build type 'ament_cmake'
[0.933s] INFO:colcon.colcon_cmake.task.cmake.build:Building CMake package in '/home/toluwani-williams/slam_ws/src/slam_driver'
[0.933s] INFO:colcon.colcon_core.shell:Skip shell extension 'powershell' for command environment: Not usable outside of PowerShell
[0.933s] DEBUG:colcon.colcon_core.shell:Skip shell extension 'dsv' for command environment
[0.949s] DEBUG:colcon.colcon_core.event_handler.log_command:Invoking command in '/home/toluwani-williams/slam_ws/build/slam_bot_description': DEBUGINFOD_URLS=https://debuginfod.ubuntu.com /usr/bin/cmake --build /home/toluwani-williams/slam_ws/build/slam_bot_description -- -j8 -l8
[0.965s] DEBUG:colcon.colcon_core.event_handler.log_command:Invoking command in '/home/toluwani-williams/slam_ws/build/slam_bot_application': DEBUGINFOD_URLS=https://debuginfod.ubuntu.com /usr/bin/cmake --build /home/toluwani-williams/slam_ws/build/slam_bot_application -- -j8 -l8
[0.979s] DEBUG:colcon.colcon_core.event_handler.log_command:Invoking command in '/home/toluwani-williams/slam_ws/build/slam_driver': DEBUGINFOD_URLS=https://debuginfod.ubuntu.com /usr/bin/cmake --build /home/toluwani-williams/slam_ws/build/slam_driver -- -j8 -l8
[1.074s] DEBUG:colcon.colcon_core.event_handler.log_command:Invoked command in '/home/toluwani-williams/slam_ws/build/slam_driver' returned '0': DEBUGINFOD_URLS=https://debuginfod.ubuntu.com /usr/bin/cmake --build /home/toluwani-williams/slam_ws/build/slam_driver -- -j8 -l8
[1.090s] DEBUG:colcon.colcon_core.event_handler.log_command:Invoking command in '/home/toluwani-williams/slam_ws/build/slam_driver': DEBUGINFOD_URLS=https://debuginfod.ubuntu.com /usr/bin/cmake --install /home/toluwani-williams/slam_ws/build/slam_driver
[1.092s] DEBUG:colcon.colcon_core.event_handler.log_command:Invoked command in '/home/toluwani-williams/slam_ws/build/slam_bot_description' returned '0': DEBUGINFOD_URLS=https://debuginfod.ubuntu.com /usr/bin/cmake --build /home/toluwani-williams/slam_ws/build/slam_bot_description -- -j8 -l8
[1.095s] DEBUG:colcon.colcon_core.event_handler.log_command:Invoking command in '/home/toluwani-williams/slam_ws/build/slam_bot_description': DEBUGINFOD_URLS=https://debuginfod.ubuntu.com /usr/bin/cmake --install /home/toluwani-williams/slam_ws/build/slam_bot_description
[1.098s] DEBUG:colcon.colcon_core.event_handler.log_command:Invoked command in '/home/toluwani-williams/slam_ws/build/slam_bot_application' returned '0': DEBUGINFOD_URLS=https://debuginfod.ubuntu.com /usr/bin/cmake --build /home/toluwani-williams/slam_ws/build/slam_bot_application -- -j8 -l8
[1.101s] DEBUG:colcon.colcon_core.event_handler.log_command:Invoking command in '/home/toluwani-williams/slam_ws/build/slam_bot_application': DEBUGINFOD_URLS=https://debuginfod.ubuntu.com /usr/bin/cmake --install /home/toluwani-williams/slam_ws/build/slam_bot_application
[1.120s] Level 1:colcon.colcon_core.environment:create_environment_scripts_only(slam_driver)
[1.123s] DEBUG:colcon.colcon_core.event_handler.log_command:Invoked command in '/home/toluwani-williams/slam_ws/build/slam_driver' returned '0': DEBUGINFOD_URLS=https://debuginfod.ubuntu.com /usr/bin/cmake --install /home/toluwani-williams/slam_ws/build/slam_driver
[1.150s] Level 1:colcon.colcon_core.environment:checking '/home/toluwani-williams/slam_ws/install/slam_driver' for CMake module files
[1.152s] Level 1:colcon.colcon_core.environment:checking '/home/toluwani-williams/slam_ws/install/slam_driver' for CMake config files
[1.152s] Level 1:colcon.colcon_core.shell:create_environment_hook('slam_driver', 'cmake_prefix_path')
[1.153s] INFO:colcon.colcon_core.shell:Creating environment hook '/home/toluwani-williams/slam_ws/install/slam_driver/share/slam_driver/hook/cmake_prefix_path.ps1'
[1.155s] INFO:colcon.colcon_core.shell:Creating environment descriptor '/home/toluwani-williams/slam_ws/install/slam_driver/share/slam_driver/hook/cmake_prefix_path.dsv'
[1.157s] INFO:colcon.colcon_core.shell:Creating environment hook '/home/toluwani-williams/slam_ws/install/slam_driver/share/slam_driver/hook/cmake_prefix_path.sh'
[1.160s] Level 1:colcon.colcon_core.environment:checking '/home/toluwani-williams/slam_ws/install/slam_driver/bin'
[1.160s] Level 1:colcon.colcon_core.environment:checking '/home/toluwani-williams/slam_ws/install/slam_driver/lib/pkgconfig/slam_driver.pc'
[1.165s] Level 1:colcon.colcon_core.environment:checking '/home/toluwani-williams/slam_ws/install/slam_driver/lib/python3.12/site-packages'
[1.166s] Level 1:colcon.colcon_core.environment:checking '/home/toluwani-williams/slam_ws/install/slam_driver/bin'
[1.167s] INFO:colcon.colcon_core.shell:Creating package script '/home/toluwani-williams/slam_ws/install/slam_driver/share/slam_driver/package.ps1'
[1.170s] INFO:colcon.colcon_core.shell:Creating package descriptor '/home/toluwani-williams/slam_ws/install/slam_driver/share/slam_driver/package.dsv'
[1.172s] INFO:colcon.colcon_core.shell:Creating package script '/home/toluwani-williams/slam_ws/install/slam_driver/share/slam_driver/package.sh'
[1.174s] INFO:colcon.colcon_core.shell:Creating package script '/home/toluwani-williams/slam_ws/install/slam_driver/share/slam_driver/package.bash'
[1.177s] INFO:colcon.colcon_core.shell:Creating package script '/home/toluwani-williams/slam_ws/install/slam_driver/share/slam_driver/package.zsh'
[1.179s] Level 1:colcon.colcon_core.environment:create_file_with_runtime_dependencies(/home/toluwani-williams/slam_ws/install/slam_driver/share/colcon-core/packages/slam_driver)
[1.180s] Level 1:colcon.colcon_core.environment:create_environment_scripts_only(slam_driver)
[1.180s] Level 1:colcon.colcon_core.environment:checking '/home/toluwani-williams/slam_ws/install/slam_driver' for CMake module files
[1.181s] Level 1:colcon.colcon_core.environment:checking '/home/toluwani-williams/slam_ws/install/slam_driver' for CMake config files
[1.181s] Level 1:colcon.colcon_core.shell:create_environment_hook('slam_driver', 'cmake_prefix_path')
[1.182s] INFO:colcon.colcon_core.shell:Creating environment hook '/home/toluwani-williams/slam_ws/install/slam_driver/share/slam_driver/hook/cmake_prefix_path.ps1'
[1.182s] INFO:colcon.colcon_core.shell:Creating environment descriptor '/home/toluwani-williams/slam_ws/install/slam_driver/share/slam_driver/hook/cmake_prefix_path.dsv'
[1.183s] INFO:colcon.colcon_core.shell:Creating environment hook '/home/toluwani-williams/slam_ws/install/slam_driver/share/slam_driver/hook/cmake_prefix_path.sh'
[1.184s] Level 1:colcon.colcon_core.environment:checking '/home/toluwani-williams/slam_ws/install/slam_driver/bin'
[1.184s] Level 1:colcon.colcon_core.environment:checking '/home/toluwani-williams/slam_ws/install/slam_driver/lib/pkgconfig/slam_driver.pc'
[1.185s] Level 1:colcon.colcon_core.environment:checking '/home/toluwani-williams/slam_ws/install/slam_driver/lib/python3.12/site-packages'
[1.185s] Level 1:colcon.colcon_core.environment:checking '/home/toluwani-williams/slam_ws/install/slam_driver/bin'
[1.185s] INFO:colcon.colcon_core.shell:Creating package script '/home/toluwani-williams/slam_ws/install/slam_driver/share/slam_driver/package.ps1'
[1.186s] INFO:colcon.colcon_core.shell:Creating package descriptor '/home/toluwani-williams/slam_ws/install/slam_driver/share/slam_driver/package.dsv'
[1.187s] INFO:colcon.colcon_core.shell:Creating package script '/home/toluwani-williams/slam_ws/install/slam_driver/share/slam_driver/package.sh'
[1.188s] INFO:colcon.colcon_core.shell:Creating package script '/home/toluwani-williams/slam_ws/install/slam_driver/share/slam_driver/package.bash'
[1.188s] INFO:colcon.colcon_core.shell:Creating package script '/home/toluwani-williams/slam_ws/install/slam_driver/share/slam_driver/package.zsh'
[1.189s] Level 1:colcon.colcon_core.environment:create_file_with_runtime_dependencies(/home/toluwani-williams/slam_ws/install/slam_driver/share/colcon-core/packages/slam_driver)
[1.192s] Level 1:colcon.colcon_core.environment:create_environment_scripts_only(slam_bot_description)
[1.192s] Level 1:colcon.colcon_core.environment:checking '/home/toluwani-williams/slam_ws/install/slam_bot_description' for CMake module files
[1.194s] DEBUG:colcon.colcon_core.event_handler.log_command:Invoked command in '/home/toluwani-williams/slam_ws/build/slam_bot_description' returned '0': DEBUGINFOD_URLS=https://debuginfod.ubuntu.com /usr/bin/cmake --install /home/toluwani-williams/slam_ws/build/slam_bot_description
[1.195s] Level 1:colcon.colcon_core.environment:checking '/home/toluwani-williams/slam_ws/install/slam_bot_description' for CMake config files
[1.195s] Level 1:colcon.colcon_core.shell:create_environment_hook('slam_bot_description', 'cmake_prefix_path')
[1.196s] INFO:colcon.colcon_core.shell:Creating environment hook '/home/toluwani-williams/slam_ws/install/slam_bot_description/share/slam_bot_description/hook/cmake_prefix_path.ps1'
[1.196s] INFO:colcon.colcon_core.shell:Creating environment descriptor '/home/toluwani-williams/slam_ws/install/slam_bot_description/share/slam_bot_description/hook/cmake_prefix_path.dsv'
[1.197s] INFO:colcon.colcon_core.shell:Creating environment hook '/home/toluwani-williams/slam_ws/install/slam_bot_description/share/slam_bot_description/hook/cmake_prefix_path.sh'
[1.198s] Level 1:colcon.colcon_core.environment:checking '/home/toluwani-williams/slam_ws/install/slam_bot_description/bin'
[1.198s] Level 1:colcon.colcon_core.environment:checking '/home/toluwani-williams/slam_ws/install/slam_bot_description/lib/pkgconfig/slam_bot_description.pc'
[1.198s] Level 1:colcon.colcon_core.environment:checking '/home/toluwani-williams/slam_ws/install/slam_bot_description/lib/python3.12/site-packages'
[1.199s] Level 1:colcon.colcon_core.environment:checking '/home/toluwani-williams/slam_ws/install/slam_bot_description/bin'
[1.199s] INFO:colcon.colcon_core.shell:Creating package script '/home/toluwani-williams/slam_ws/install/slam_bot_description/share/slam_bot_description/package.ps1'
[1.200s] INFO:colcon.colcon_core.shell:Creating package descriptor '/home/toluwani-williams/slam_ws/install/slam_bot_description/share/slam_bot_description/package.dsv'
[1.200s] INFO:colcon.colcon_core.shell:Creating package script '/home/toluwani-williams/slam_ws/install/slam_bot_description/share/slam_bot_description/package.sh'
[1.201s] INFO:colcon.colcon_core.shell:Creating package script '/home/toluwani-williams/slam_ws/install/slam_bot_description/share/slam_bot_description/package.bash'
[1.201s] INFO:colcon.colcon_core.shell:Creating package script '/home/toluwani-williams/slam_ws/install/slam_bot_description/share/slam_bot_description/package.zsh'
[1.202s] Level 1:colcon.colcon_core.environment:create_file_with_runtime_dependencies(/home/toluwani-williams/slam_ws/install/slam_bot_description/share/colcon-core/packages/slam_bot_description)
[1.203s] Level 1:colcon.colcon_core.environment:create_environment_scripts_only(slam_bot_description)
[1.203s] Level 1:colcon.colcon_core.environment:checking '/home/toluwani-williams/slam_ws/install/slam_bot_description' for CMake module files
[1.203s] Level 1:colcon.colcon_core.environment:checking '/home/toluwani-williams/slam_ws/install/slam_bot_description' for CMake config files
[1.204s] Level 1:colcon.colcon_core.shell:create_environment_hook('slam_bot_description', 'cmake_prefix_path')
[1.204s] INFO:colcon.colcon_core.shell:Creating environment hook '/home/toluwani-williams/slam_ws/install/slam_bot_description/share/slam_bot_description/hook/cmake_prefix_path.ps1'
[1.204s] INFO:colcon.colcon_core.shell:Creating environment descriptor '/home/toluwani-williams/slam_ws/install/slam_bot_description/share/slam_bot_description/hook/cmake_prefix_path.dsv'
[1.205s] INFO:colcon.colcon_core.shell:Creating environment hook '/home/toluwani-williams/slam_ws/install/slam_bot_description/share/slam_bot_description/hook/cmake_prefix_path.sh'
[1.206s] Level 1:colcon.colcon_core.environment:checking '/home/toluwani-williams/slam_ws/install/slam_bot_description/bin'
[1.206s] Level 1:colcon.colcon_core.environment:checking '/home/toluwani-williams/slam_ws/install/slam_bot_description/lib/pkgconfig/slam_bot_description.pc'
[1.206s] Level 1:colcon.colcon_core.environment:checking '/home/toluwani-williams/slam_ws/install/slam_bot_description/lib/python3.12/site-packages'
[1.206s] Level 1:colcon.colcon_core.environment:checking '/home/toluwani-williams/slam_ws/install/slam_bot_description/bin'
[1.207s] INFO:colcon.colcon_core.shell:Creating package script '/home/toluwani-williams/slam_ws/install/slam_bot_description/share/slam_bot_description/package.ps1'
[1.207s] INFO:colcon.colcon_core.shell:Creating package descriptor '/home/toluwani-williams/slam_ws/install/slam_bot_description/share/slam_bot_description/package.dsv'
[1.208s] INFO:colcon.colcon_core.shell:Creating package script '/home/toluwani-williams/slam_ws/install/slam_bot_description/share/slam_bot_description/package.sh'
[1.208s] INFO:colcon.colcon_core.shell:Creating package script '/home/toluwani-williams/slam_ws/install/slam_bot_description/share/slam_bot_description/package.bash'
[1.209s] INFO:colcon.colcon_core.shell:Creating package script '/home/toluwani-williams/slam_ws/install/slam_bot_description/share/slam_bot_description/package.zsh'
[1.210s] Level 1:colcon.colcon_core.environment:create_file_with_runtime_dependencies(/home/toluwani-williams/slam_ws/install/slam_bot_description/share/colcon-core/packages/slam_bot_description)
[1.210s] Level 1:colcon.colcon_core.environment:create_environment_scripts_only(slam_bot_application)
[1.210s] Level 1:colcon.colcon_core.environment:checking '/home/toluwani-williams/slam_ws/install/slam_bot_application' for CMake module files
[1.214s] DEBUG:colcon.colcon_core.event_handler.log_command:Invoked command in '/home/toluwani-williams/slam_ws/build/slam_bot_application' returned '0': DEBUGINFOD_URLS=https://debuginfod.ubuntu.com /usr/bin/cmake --install /home/toluwani-williams/slam_ws/build/slam_bot_application
[1.214s] Level 1:colcon.colcon_core.environment:checking '/home/toluwani-williams/slam_ws/install/slam_bot_application' for CMake config files
[1.214s] Level 1:colcon.colcon_core.shell:create_environment_hook('slam_bot_application', 'cmake_prefix_path')
[1.215s] INFO:colcon.colcon_core.shell:Creating environment hook '/home/toluwani-williams/slam_ws/install/slam_bot_application/share/slam_bot_application/hook/cmake_prefix_path.ps1'
[1.215s] INFO:colcon.colcon_core.shell:Creating environment descriptor '/home/toluwani-williams/slam_ws/install/slam_bot_application/share/slam_bot_application/hook/cmake_prefix_path.dsv'
[1.216s] INFO:colcon.colcon_core.shell:Creating environment hook '/home/toluwani-williams/slam_ws/install/slam_bot_application/share/slam_bot_application/hook/cmake_prefix_path.sh'
[1.217s] Level 1:colcon.colcon_core.environment:checking '/home/toluwani-williams/slam_ws/install/slam_bot_application/bin'
[1.218s] Level 1:colcon.colcon_core.environment:checking '/home/toluwani-williams/slam_ws/install/slam_bot_application/lib/pkgconfig/slam_bot_application.pc'
[1.218s] Level 1:colcon.colcon_core.environment:checking '/home/toluwani-williams/slam_ws/install/slam_bot_application/lib/python3.12/site-packages'
[1.218s] Level 1:colcon.colcon_core.environment:checking '/home/toluwani-williams/slam_ws/install/slam_bot_application/bin'
[1.219s] INFO:colcon.colcon_core.shell:Creating package script '/home/toluwani-williams/slam_ws/install/slam_bot_application/share/slam_bot_application/package.ps1'
[1.220s] INFO:colcon.colcon_core.shell:Creating package descriptor '/home/toluwani-williams/slam_ws/install/slam_bot_application/share/slam_bot_application/package.dsv'
[1.221s] INFO:colcon.colcon_core.shell:Creating package script '/home/toluwani-williams/slam_ws/install/slam_bot_application/share/slam_bot_application/package.sh'
[1.222s] INFO:colcon.colcon_core.shell:Creating package script '/home/toluwani-williams/slam_ws/install/slam_bot_application/share/slam_bot_application/package.bash'
[1.223s] INFO:colcon.colcon_core.shell:Creating package script '/home/toluwani-williams/slam_ws/install/slam_bot_application/share/slam_bot_application/package.zsh'
[1.223s] Level 1:colcon.colcon_core.environment:create_file_with_runtime_dependencies(/home/toluwani-williams/slam_ws/install/slam_bot_application/share/colcon-core/packages/slam_bot_application)
[1.224s] Level 1:colcon.colcon_core.environment:create_environment_scripts_only(slam_bot_application)
[1.224s] Level 1:colcon.colcon_core.environment:checking '/home/toluwani-williams/slam_ws/install/slam_bot_application' for CMake module files
[1.225s] Level 1:colcon.colcon_core.environment:checking '/home/toluwani-williams/slam_ws/install/slam_bot_application' for CMake config files
[1.225s] Level 1:colcon.colcon_core.shell:create_environment_hook('slam_bot_application', 'cmake_prefix_path')
[1.226s] INFO:colcon.colcon_core.shell:Creating environment hook '/home/toluwani-williams/slam_ws/install/slam_bot_application/share/slam_bot_application/hook/cmake_prefix_path.ps1'
[1.226s] INFO:colcon.colcon_core.shell:Creating environment descriptor '/home/toluwani-williams/slam_ws/install/slam_bot_application/share/slam_bot_application/hook/cmake_prefix_path.dsv'
[1.227s] INFO:colcon.colcon_core.shell:Creating environment hook '/home/toluwani-williams/slam_ws/install/slam_bot_application/share/slam_bot_application/hook/cmake_prefix_path.sh'
[1.228s] Level 1:colcon.colcon_core.environment:checking '/home/toluwani-williams/slam_ws/install/slam_bot_application/bin'
[1.228s] Level 1:colcon.colcon_core.environment:checking '/home/toluwani-williams/slam_ws/install/slam_bot_application/lib/pkgconfig/slam_bot_application.pc'
[1.228s] Level 1:colcon.colcon_core.environment:checking '/home/toluwani-williams/slam_ws/install/slam_bot_application/lib/python3.12/site-packages'
[1.229s] Level 1:colcon.colcon_core.environment:checking '/home/toluwani-williams/slam_ws/install/slam_bot_application/bin'
[1.229s] INFO:colcon.colcon_core.shell:Creating package script '/home/toluwani-williams/slam_ws/install/slam_bot_application/share/slam_bot_application/package.ps1'
[1.230s] INFO:colcon.colcon_core.shell:Creating package descriptor '/home/toluwani-williams/slam_ws/install/slam_bot_application/share/slam_bot_application/package.dsv'
[1.230s] INFO:colcon.colcon_core.shell:Creating package script '/home/toluwani-williams/slam_ws/install/slam_bot_application/share/slam_bot_application/package.sh'
[1.231s] INFO:colcon.colcon_core.shell:Creating package script '/home/toluwani-williams/slam_ws/install/slam_bot_application/share/slam_bot_application/package.bash'
[1.232s] INFO:colcon.colcon_core.shell:Creating package script '/home/toluwani-williams/slam_ws/install/slam_bot_application/share/slam_bot_application/package.zsh'
[1.233s] Level 1:colcon.colcon_core.environment:create_file_with_runtime_dependencies(/home/toluwani-williams/slam_ws/install/slam_bot_application/share/colcon-core/packages/slam_bot_application)
[1.234s] INFO:colcon.colcon_ros.task.ament_cmake.build:Building ROS package in '/home/toluwani-williams/slam_ws/src/slam_bot_gazebo' with build type 'ament_cmake'
[1.235s] INFO:colcon.colcon_cmake.task.cmake.build:Building CMake package in '/home/toluwani-williams/slam_ws/src/slam_bot_gazebo'
[1.236s] INFO:colcon.colcon_core.shell:Skip shell extension 'powershell' for command environment: Not usable outside of PowerShell
[1.236s] DEBUG:colcon.colcon_core.shell:Skip shell extension 'dsv' for command environment
[1.253s] DEBUG:colcon.colcon_core.event_handler.log_command:Invoking command in '/home/toluwani-williams/slam_ws/build/slam_bot_gazebo': AMENT_PREFIX_PATH=/home/toluwani-williams/slam_ws/install/slam_bot_description CMAKE_PREFIX_PATH=/home/toluwani-williams/slam_ws/install/slam_bot_description DEBUGINFOD_URLS=https://debuginfod.ubuntu.com GZ_SIM_RESOURCE_PATH=/home/toluwani-williams/slam_ws/install/slam_bot_description/share/slam_bot_description/models /usr/bin/cmake /home/toluwani-williams/slam_ws/src/slam_bot_gazebo -DCMAKE_INSTALL_PREFIX=/home/toluwani-williams/slam_ws/install/slam_bot_gazebo
[6.883s] DEBUG:colcon.colcon_core.event_handler.log_command:Invoked command in '/home/toluwani-williams/slam_ws/build/slam_bot_gazebo' returned '1': AMENT_PREFIX_PATH=/home/toluwani-williams/slam_ws/install/slam_bot_description CMAKE_PREFIX_PATH=/home/toluwani-williams/slam_ws/install/slam_bot_description DEBUGINFOD_URLS=https://debuginfod.ubuntu.com GZ_SIM_RESOURCE_PATH=/home/toluwani-williams/slam_ws/install/slam_bot_description/share/slam_bot_description/models /usr/bin/cmake /home/toluwani-williams/slam_ws/src/slam_bot_gazebo -DCMAKE_INSTALL_PREFIX=/home/toluwani-williams/slam_ws/install/slam_bot_gazebo
[6.885s] Level 1:colcon.colcon_core.environment:create_environment_scripts_only(slam_bot_gazebo)
[6.886s] Level 1:colcon.colcon_core.environment:checking '/home/toluwani-williams/slam_ws/install/slam_bot_gazebo' for CMake module files
[6.887s] Level 1:colcon.colcon_core.environment:checking '/home/toluwani-williams/slam_ws/install/slam_bot_gazebo' for CMake config files
[6.887s] Level 1:colcon.colcon_core.shell:create_environment_hook('slam_bot_gazebo', 'cmake_prefix_path')
[6.888s] INFO:colcon.colcon_core.shell:Creating environment hook '/home/toluwani-williams/slam_ws/install/slam_bot_gazebo/share/slam_bot_gazebo/hook/cmake_prefix_path.ps1'
[6.889s] INFO:colcon.colcon_core.shell:Creating environment descriptor '/home/toluwani-williams/slam_ws/install/slam_bot_gazebo/share/slam_bot_gazebo/hook/cmake_prefix_path.dsv'
[6.890s] INFO:colcon.colcon_core.shell:Creating environment hook '/home/toluwani-williams/slam_ws/install/slam_bot_gazebo/share/slam_bot_gazebo/hook/cmake_prefix_path.sh'
[6.891s] Level 1:colcon.colcon_core.environment:checking '/home/toluwani-williams/slam_ws/install/slam_bot_gazebo/lib'
[6.892s] Level 1:colcon.colcon_core.environment:checking '/home/toluwani-williams/slam_ws/install/slam_bot_gazebo/bin'
[6.892s] Level 1:colcon.colcon_core.environment:checking '/home/toluwani-williams/slam_ws/install/slam_bot_gazebo/lib/pkgconfig/slam_bot_gazebo.pc'
[6.892s] Level 1:colcon.colcon_core.environment:checking '/home/toluwani-williams/slam_ws/install/slam_bot_gazebo/lib/python3.12/site-packages'
[6.893s] Level 1:colcon.colcon_core.environment:checking '/home/toluwani-williams/slam_ws/install/slam_bot_gazebo/bin'
[6.893s] INFO:colcon.colcon_core.shell:Creating package script '/home/toluwani-williams/slam_ws/install/slam_bot_gazebo/share/slam_bot_gazebo/package.ps1'
[6.894s] INFO:colcon.colcon_core.shell:Creating package descriptor '/home/toluwani-williams/slam_ws/install/slam_bot_gazebo/share/slam_bot_gazebo/package.dsv'
[6.896s] INFO:colcon.colcon_core.shell:Creating package script '/home/toluwani-williams/slam_ws/install/slam_bot_gazebo/share/slam_bot_gazebo/package.sh'
[6.897s] INFO:colcon.colcon_core.shell:Creating package script '/home/toluwani-williams/slam_ws/install/slam_bot_gazebo/share/slam_bot_gazebo/package.bash'
[6.899s] INFO:colcon.colcon_core.shell:Creating package script '/home/toluwani-williams/slam_ws/install/slam_bot_gazebo/share/slam_bot_gazebo/package.zsh'
[6.900s] Level 1:colcon.colcon_core.environment:create_file_with_runtime_dependencies(/home/toluwani-williams/slam_ws/install/slam_bot_gazebo/share/colcon-core/packages/slam_bot_gazebo)
[6.902s] DEBUG:colcon.colcon_parallel_executor.executor.parallel:closing loop
[6.902s] DEBUG:colcon.colcon_parallel_executor.executor.parallel:loop closed
[6.903s] DEBUG:colcon.colcon_parallel_executor.executor.parallel:run_until_complete finished with '1'
[6.903s] DEBUG:colcon.colcon_core.event_reactor:joining thread
[6.927s] INFO:colcon.colcon_core.plugin_system:Skipping extension 'colcon_notification.desktop_notification.terminal_notifier': Not used on non-Darwin systems
[6.928s] INFO:colcon.colcon_core.plugin_system:Skipping extension 'colcon_notification.desktop_notification.win32': Not used on non-Windows systems
[6.928s] INFO:colcon.colcon_notification.desktop_notification:Sending desktop notification using 'notify2'
[7.086s] DEBUG:colcon.colcon_core.event_reactor:joined thread
[7.086s] INFO:colcon.colcon_core.shell:Creating prefix script '/home/toluwani-williams/slam_ws/install/local_setup.ps1'
[7.089s] INFO:colcon.colcon_core.shell:Creating prefix util module '/home/toluwani-williams/slam_ws/install/_local_setup_util_ps1.py'
[7.093s] INFO:colcon.colcon_core.shell:Creating prefix chain script '/home/toluwani-williams/slam_ws/install/setup.ps1'
[7.096s] INFO:colcon.colcon_core.shell:Creating prefix script '/home/toluwani-williams/slam_ws/install/local_setup.sh'
[7.098s] INFO:colcon.colcon_core.shell:Creating prefix util module '/home/toluwani-williams/slam_ws/install/_local_setup_util_sh.py'
[7.100s] INFO:colcon.colcon_core.shell:Creating prefix chain script '/home/toluwani-williams/slam_ws/install/setup.sh'
[7.102s] INFO:colcon.colcon_core.shell:Creating prefix script '/home/toluwani-williams/slam_ws/install/local_setup.bash'
[7.106s] INFO:colcon.colcon_core.shell:Creating prefix chain script '/home/toluwani-williams/slam_ws/install/setup.bash'
[7.109s] INFO:colcon.colcon_core.shell:Creating prefix script '/home/toluwani-williams/slam_ws/install/local_setup.zsh'
[7.110s] INFO:colcon.colcon_core.shell:Creating prefix chain script '/home/toluwani-williams/slam_ws/install/setup.zsh'
