[0.137s] DEBUG:colcon:Command line arguments: ['/usr/bin/colcon', 'build']
[0.138s] DEBUG:colcon:Parsed command line arguments: Namespace(log_base=None, log_level=None, verb_name='build', build_base='build', install_base='install', merge_install=False, symlink_install=False, test_result_base=None, continue_on_error=False, executor='parallel', parallel_workers=8, event_handlers=None, ignore_user_meta=False, metas=['./colcon.meta'], base_paths=['.'], packages_ignore=None, packages_ignore_regex=None, paths=None, packages_up_to=None, packages_up_to_regex=None, packages_above=None, packages_above_and_dependencies=None, packages_above_depth=None, packages_select_by_dep=None, packages_skip_by_dep=None, packages_skip_up_to=None, packages_select_build_failed=False, packages_skip_build_finished=False, packages_select_test_failures=False, packages_skip_test_passed=False, packages_select=None, packages_skip=None, packages_select_regex=None, packages_skip_regex=None, packages_start=None, packages_end=None, allow_overriding=[], cmake_args=None, cmake_target=None, cmake_target_skip_unavailable=False, cmake_clean_cache=False, cmake_clean_first=False, cmake_force_configure=False, ament_cmake_args=None, catkin_cmake_args=None, catkin_skip_building_tests=False, mixin_files=None, mixin=None, verb_parser=<colcon_mixin.mixin.mixin_argument.MixinArgumentDecorator object at 0x7ffade0c39e0>, verb_extension=<colcon_core.verb.build.BuildVerb object at 0x7ffadefea6c0>, main=<bound method BuildVerb.main of <colcon_core.verb.build.BuildVerb object at 0x7ffadefea6c0>>, mixin_verb=('build',))
[0.195s] Level 1:colcon.colcon_core.package_discovery:discover_packages(colcon_meta) check parameters
[0.196s] Level 1:colcon.colcon_core.package_discovery:discover_packages(recursive) check parameters
[0.196s] Level 1:colcon.colcon_core.package_discovery:discover_packages(ignore) check parameters
[0.196s] Level 1:colcon.colcon_core.package_discovery:discover_packages(path) check parameters
[0.196s] Level 1:colcon.colcon_core.package_discovery:discover_packages(colcon_meta) discover
[0.196s] Level 1:colcon.colcon_core.package_discovery:discover_packages(recursive) discover
[0.196s] INFO:colcon.colcon_core.package_discovery:Crawling recursively for packages in '/home/toluwani-williams/slam_ws'
[0.196s] Level 1:colcon.colcon_core.package_identification:_identify(.) by extensions ['ignore', 'ignore_ament_install']
[0.196s] Level 1:colcon.colcon_core.package_identification:_identify(.) by extension 'ignore'
[0.196s] Level 1:colcon.colcon_core.package_identification:_identify(.) by extension 'ignore_ament_install'
[0.197s] Level 1:colcon.colcon_core.package_identification:_identify(.) by extensions ['colcon_pkg']
[0.197s] Level 1:colcon.colcon_core.package_identification:_identify(.) by extension 'colcon_pkg'
[0.197s] Level 1:colcon.colcon_core.package_identification:_identify(.) by extensions ['colcon_meta']
[0.197s] Level 1:colcon.colcon_core.package_identification:_identify(.) by extension 'colcon_meta'
[0.197s] Level 1:colcon.colcon_core.package_identification:_identify(.) by extensions ['ros']
[0.197s] Level 1:colcon.colcon_core.package_identification:_identify(.) by extension 'ros'
[0.228s] Level 1:colcon.colcon_core.package_identification:_identify(.) by extensions ['cmake', 'python']
[0.228s] Level 1:colcon.colcon_core.package_identification:_identify(.) by extension 'cmake'
[0.228s] Level 1:colcon.colcon_core.package_identification:_identify(.) by extension 'python'
[0.228s] Level 1:colcon.colcon_core.package_identification:_identify(.) by extensions ['python_setup_py']
[0.228s] Level 1:colcon.colcon_core.package_identification:_identify(.) by extension 'python_setup_py'
[0.229s] Level 1:colcon.colcon_core.package_identification:_identify(build) by extensions ['ignore', 'ignore_ament_install']
[0.229s] Level 1:colcon.colcon_core.package_identification:_identify(build) by extension 'ignore'
[0.229s] Level 1:colcon.colcon_core.package_identification:_identify(build) ignored
[0.229s] Level 1:colcon.colcon_core.package_identification:_identify(install) by extensions ['ignore', 'ignore_ament_install']
[0.229s] Level 1:colcon.colcon_core.package_identification:_identify(install) by extension 'ignore'
[0.229s] Level 1:colcon.colcon_core.package_identification:_identify(install) ignored
[0.230s] Level 1:colcon.colcon_core.package_identification:_identify(log) by extensions ['ignore', 'ignore_ament_install']
[0.230s] Level 1:colcon.colcon_core.package_identification:_identify(log) by extension 'ignore'
[0.230s] Level 1:colcon.colcon_core.package_identification:_identify(log) ignored
[0.230s] Level 1:colcon.colcon_core.package_identification:_identify(src) by extensions ['ignore', 'ignore_ament_install']
[0.230s] Level 1:colcon.colcon_core.package_identification:_identify(src) by extension 'ignore'
[0.230s] Level 1:colcon.colcon_core.package_identification:_identify(src) by extension 'ignore_ament_install'
[0.230s] Level 1:colcon.colcon_core.package_identification:_identify(src) by extensions ['colcon_pkg']
[0.230s] Level 1:colcon.colcon_core.package_identification:_identify(src) by extension 'colcon_pkg'
[0.230s] Level 1:colcon.colcon_core.package_identification:_identify(src) by extensions ['colcon_meta']
[0.230s] Level 1:colcon.colcon_core.package_identification:_identify(src) by extension 'colcon_meta'
[0.230s] Level 1:colcon.colcon_core.package_identification:_identify(src) by extensions ['ros']
[0.230s] Level 1:colcon.colcon_core.package_identification:_identify(src) by extension 'ros'
[0.230s] Level 1:colcon.colcon_core.package_identification:_identify(src) by extensions ['cmake', 'python']
[0.230s] Level 1:colcon.colcon_core.package_identification:_identify(src) by extension 'cmake'
[0.230s] Level 1:colcon.colcon_core.package_identification:_identify(src) by extension 'python'
[0.230s] Level 1:colcon.colcon_core.package_identification:_identify(src) by extensions ['python_setup_py']
[0.231s] Level 1:colcon.colcon_core.package_identification:_identify(src) by extension 'python_setup_py'
[0.231s] Level 1:colcon.colcon_core.package_identification:_identify(src/slam_bot_application) by extensions ['ignore', 'ignore_ament_install']
[0.231s] Level 1:colcon.colcon_core.package_identification:_identify(src/slam_bot_application) by extension 'ignore'
[0.231s] Level 1:colcon.colcon_core.package_identification:_identify(src/slam_bot_application) by extension 'ignore_ament_install'
[0.231s] Level 1:colcon.colcon_core.package_identification:_identify(src/slam_bot_application) by extensions ['colcon_pkg']
[0.231s] Level 1:colcon.colcon_core.package_identification:_identify(src/slam_bot_application) by extension 'colcon_pkg'
[0.231s] Level 1:colcon.colcon_core.package_identification:_identify(src/slam_bot_application) by extensions ['colcon_meta']
[0.231s] Level 1:colcon.colcon_core.package_identification:_identify(src/slam_bot_application) by extension 'colcon_meta'
[0.231s] Level 1:colcon.colcon_core.package_identification:_identify(src/slam_bot_application) by extensions ['ros']
[0.232s] Level 1:colcon.colcon_core.package_identification:_identify(src/slam_bot_application) by extension 'ros'
[0.235s] DEBUG:colcon.colcon_core.package_identification:Package 'src/slam_bot_application' with type 'ros.ament_cmake' and name 'slam_bot_application'
[0.235s] Level 1:colcon.colcon_core.package_identification:_identify(src/slam_bot_bringup) by extensions ['ignore', 'ignore_ament_install']
[0.236s] Level 1:colcon.colcon_core.package_identification:_identify(src/slam_bot_bringup) by extension 'ignore'
[0.236s] Level 1:colcon.colcon_core.package_identification:_identify(src/slam_bot_bringup) by extension 'ignore_ament_install'
[0.236s] Level 1:colcon.colcon_core.package_identification:_identify(src/slam_bot_bringup) by extensions ['colcon_pkg']
[0.236s] Level 1:colcon.colcon_core.package_identification:_identify(src/slam_bot_bringup) by extension 'colcon_pkg'
[0.236s] Level 1:colcon.colcon_core.package_identification:_identify(src/slam_bot_bringup) by extensions ['colcon_meta']
[0.236s] Level 1:colcon.colcon_core.package_identification:_identify(src/slam_bot_bringup) by extension 'colcon_meta'
[0.236s] Level 1:colcon.colcon_core.package_identification:_identify(src/slam_bot_bringup) by extensions ['ros']
[0.236s] Level 1:colcon.colcon_core.package_identification:_identify(src/slam_bot_bringup) by extension 'ros'
[0.237s] DEBUG:colcon.colcon_core.package_identification:Package 'src/slam_bot_bringup' with type 'ros.ament_cmake' and name 'slam_bot_bringup'
[0.238s] Level 1:colcon.colcon_core.package_identification:_identify(src/slam_bot_description) by extensions ['ignore', 'ignore_ament_install']
[0.238s] Level 1:colcon.colcon_core.package_identification:_identify(src/slam_bot_description) by extension 'ignore'
[0.238s] Level 1:colcon.colcon_core.package_identification:_identify(src/slam_bot_description) by extension 'ignore_ament_install'
[0.238s] Level 1:colcon.colcon_core.package_identification:_identify(src/slam_bot_description) by extensions ['colcon_pkg']
[0.238s] Level 1:colcon.colcon_core.package_identification:_identify(src/slam_bot_description) by extension 'colcon_pkg'
[0.238s] Level 1:colcon.colcon_core.package_identification:_identify(src/slam_bot_description) by extensions ['colcon_meta']
[0.238s] Level 1:colcon.colcon_core.package_identification:_identify(src/slam_bot_description) by extension 'colcon_meta'
[0.238s] Level 1:colcon.colcon_core.package_identification:_identify(src/slam_bot_description) by extensions ['ros']
[0.238s] Level 1:colcon.colcon_core.package_identification:_identify(src/slam_bot_description) by extension 'ros'
[0.239s] DEBUG:colcon.colcon_core.package_identification:Package 'src/slam_bot_description' with type 'ros.ament_cmake' and name 'slam_bot_description'
[0.240s] Level 1:colcon.colcon_core.package_identification:_identify(src/slam_bot_gazebo) by extensions ['ignore', 'ignore_ament_install']
[0.240s] Level 1:colcon.colcon_core.package_identification:_identify(src/slam_bot_gazebo) by extension 'ignore'
[0.240s] Level 1:colcon.colcon_core.package_identification:_identify(src/slam_bot_gazebo) by extension 'ignore_ament_install'
[0.240s] Level 1:colcon.colcon_core.package_identification:_identify(src/slam_bot_gazebo) by extensions ['colcon_pkg']
[0.240s] Level 1:colcon.colcon_core.package_identification:_identify(src/slam_bot_gazebo) by extension 'colcon_pkg'
[0.240s] Level 1:colcon.colcon_core.package_identification:_identify(src/slam_bot_gazebo) by extensions ['colcon_meta']
[0.240s] Level 1:colcon.colcon_core.package_identification:_identify(src/slam_bot_gazebo) by extension 'colcon_meta'
[0.240s] Level 1:colcon.colcon_core.package_identification:_identify(src/slam_bot_gazebo) by extensions ['ros']
[0.240s] Level 1:colcon.colcon_core.package_identification:_identify(src/slam_bot_gazebo) by extension 'ros'
[0.241s] DEBUG:colcon.colcon_core.package_identification:Package 'src/slam_bot_gazebo' with type 'ros.ament_cmake' and name 'slam_bot_gazebo'
[0.241s] Level 1:colcon.colcon_core.package_identification:_identify(src/slam_driver) by extensions ['ignore', 'ignore_ament_install']
[0.241s] Level 1:colcon.colcon_core.package_identification:_identify(src/slam_driver) by extension 'ignore'
[0.241s] Level 1:colcon.colcon_core.package_identification:_identify(src/slam_driver) by extension 'ignore_ament_install'
[0.242s] Level 1:colcon.colcon_core.package_identification:_identify(src/slam_driver) by extensions ['colcon_pkg']
[0.242s] Level 1:colcon.colcon_core.package_identification:_identify(src/slam_driver) by extension 'colcon_pkg'
[0.242s] Level 1:colcon.colcon_core.package_identification:_identify(src/slam_driver) by extensions ['colcon_meta']
[0.242s] Level 1:colcon.colcon_core.package_identification:_identify(src/slam_driver) by extension 'colcon_meta'
[0.242s] Level 1:colcon.colcon_core.package_identification:_identify(src/slam_driver) by extensions ['ros']
[0.242s] Level 1:colcon.colcon_core.package_identification:_identify(src/slam_driver) by extension 'ros'
[0.242s] DEBUG:colcon.colcon_core.package_identification:Package 'src/slam_driver' with type 'ros.ament_cmake' and name 'slam_driver'
[0.243s] Level 1:colcon.colcon_core.package_identification:_identify(src/slam_navigation) by extensions ['ignore', 'ignore_ament_install']
[0.243s] Level 1:colcon.colcon_core.package_identification:_identify(src/slam_navigation) by extension 'ignore'
[0.243s] Level 1:colcon.colcon_core.package_identification:_identify(src/slam_navigation) by extension 'ignore_ament_install'
[0.243s] Level 1:colcon.colcon_core.package_identification:_identify(src/slam_navigation) by extensions ['colcon_pkg']
[0.243s] Level 1:colcon.colcon_core.package_identification:_identify(src/slam_navigation) by extension 'colcon_pkg'
[0.243s] Level 1:colcon.colcon_core.package_identification:_identify(src/slam_navigation) by extensions ['colcon_meta']
[0.243s] Level 1:colcon.colcon_core.package_identification:_identify(src/slam_navigation) by extension 'colcon_meta'
[0.243s] Level 1:colcon.colcon_core.package_identification:_identify(src/slam_navigation) by extensions ['ros']
[0.243s] Level 1:colcon.colcon_core.package_identification:_identify(src/slam_navigation) by extension 'ros'
[0.243s] DEBUG:colcon.colcon_core.package_identification:Package 'src/slam_navigation' with type 'ros.ament_cmake' and name 'slam_navigation'
[0.244s] Level 1:colcon.colcon_core.package_discovery:discover_packages(recursive) using defaults
[0.244s] Level 1:colcon.colcon_core.package_discovery:discover_packages(ignore) discover
[0.244s] Level 1:colcon.colcon_core.package_discovery:discover_packages(ignore) using defaults
[0.244s] Level 1:colcon.colcon_core.package_discovery:discover_packages(path) discover
[0.244s] Level 1:colcon.colcon_core.package_discovery:discover_packages(path) using defaults
[0.264s] Level 1:colcon.colcon_core.package_discovery:discover_packages(prefix_path) check parameters
[0.264s] Level 1:colcon.colcon_core.package_discovery:discover_packages(prefix_path) discover
[0.266s] DEBUG:colcon.colcon_installed_package_information.package_discovery:Found 9 installed packages in /home/toluwani-williams/slam_ws/install
[0.269s] DEBUG:colcon.colcon_installed_package_information.package_discovery:Found 318 installed packages in /opt/ros/jazzy
[0.270s] Level 1:colcon.colcon_core.package_discovery:discover_packages(prefix_path) using defaults
[0.324s] Level 5:colcon.colcon_core.verb:set package 'slam_bot_application' build argument 'cmake_args' from command line to 'None'
[0.324s] Level 5:colcon.colcon_core.verb:set package 'slam_bot_application' build argument 'cmake_target' from command line to 'None'
[0.324s] Level 5:colcon.colcon_core.verb:set package 'slam_bot_application' build argument 'cmake_target_skip_unavailable' from command line to 'False'
[0.324s] Level 5:colcon.colcon_core.verb:set package 'slam_bot_application' build argument 'cmake_clean_cache' from command line to 'False'
[0.324s] Level 5:colcon.colcon_core.verb:set package 'slam_bot_application' build argument 'cmake_clean_first' from command line to 'False'
[0.324s] Level 5:colcon.colcon_core.verb:set package 'slam_bot_application' build argument 'cmake_force_configure' from command line to 'False'
[0.324s] Level 5:colcon.colcon_core.verb:set package 'slam_bot_application' build argument 'ament_cmake_args' from command line to 'None'
[0.325s] Level 5:colcon.colcon_core.verb:set package 'slam_bot_application' build argument 'catkin_cmake_args' from command line to 'None'
[0.325s] Level 5:colcon.colcon_core.verb:set package 'slam_bot_application' build argument 'catkin_skip_building_tests' from command line to 'False'
[0.325s] DEBUG:colcon.colcon_core.verb:Building package 'slam_bot_application' with the following arguments: {'ament_cmake_args': None, 'build_base': '/home/toluwani-williams/slam_ws/build/slam_bot_application', 'catkin_cmake_args': None, 'catkin_skip_building_tests': False, 'cmake_args': None, 'cmake_clean_cache': False, 'cmake_clean_first': False, 'cmake_force_configure': False, 'cmake_target': None, 'cmake_target_skip_unavailable': False, 'install_base': '/home/toluwani-williams/slam_ws/install/slam_bot_application', 'merge_install': False, 'path': '/home/toluwani-williams/slam_ws/src/slam_bot_application', 'symlink_install': False, 'test_result_base': None}
[0.325s] Level 5:colcon.colcon_core.verb:set package 'slam_bot_description' build argument 'cmake_args' from command line to 'None'
[0.325s] Level 5:colcon.colcon_core.verb:set package 'slam_bot_description' build argument 'cmake_target' from command line to 'None'
[0.325s] Level 5:colcon.colcon_core.verb:set package 'slam_bot_description' build argument 'cmake_target_skip_unavailable' from command line to 'False'
[0.325s] Level 5:colcon.colcon_core.verb:set package 'slam_bot_description' build argument 'cmake_clean_cache' from command line to 'False'
[0.325s] Level 5:colcon.colcon_core.verb:set package 'slam_bot_description' build argument 'cmake_clean_first' from command line to 'False'
[0.325s] Level 5:colcon.colcon_core.verb:set package 'slam_bot_description' build argument 'cmake_force_configure' from command line to 'False'
[0.325s] Level 5:colcon.colcon_core.verb:set package 'slam_bot_description' build argument 'ament_cmake_args' from command line to 'None'
[0.325s] Level 5:colcon.colcon_core.verb:set package 'slam_bot_description' build argument 'catkin_cmake_args' from command line to 'None'
[0.325s] Level 5:colcon.colcon_core.verb:set package 'slam_bot_description' build argument 'catkin_skip_building_tests' from command line to 'False'
[0.325s] DEBUG:colcon.colcon_core.verb:Building package 'slam_bot_description' with the following arguments: {'ament_cmake_args': None, 'build_base': '/home/toluwani-williams/slam_ws/build/slam_bot_description', 'catkin_cmake_args': None, 'catkin_skip_building_tests': False, 'cmake_args': None, 'cmake_clean_cache': False, 'cmake_clean_first': False, 'cmake_force_configure': False, 'cmake_target': None, 'cmake_target_skip_unavailable': False, 'install_base': '/home/toluwani-williams/slam_ws/install/slam_bot_description', 'merge_install': False, 'path': '/home/toluwani-williams/slam_ws/src/slam_bot_description', 'symlink_install': False, 'test_result_base': None}
[0.325s] Level 5:colcon.colcon_core.verb:set package 'slam_driver' build argument 'cmake_args' from command line to 'None'
[0.326s] Level 5:colcon.colcon_core.verb:set package 'slam_driver' build argument 'cmake_target' from command line to 'None'
[0.326s] Level 5:colcon.colcon_core.verb:set package 'slam_driver' build argument 'cmake_target_skip_unavailable' from command line to 'False'
[0.326s] Level 5:colcon.colcon_core.verb:set package 'slam_driver' build argument 'cmake_clean_cache' from command line to 'False'
[0.326s] Level 5:colcon.colcon_core.verb:set package 'slam_driver' build argument 'cmake_clean_first' from command line to 'False'
[0.326s] Level 5:colcon.colcon_core.verb:set package 'slam_driver' build argument 'cmake_force_configure' from command line to 'False'
[0.326s] Level 5:colcon.colcon_core.verb:set package 'slam_driver' build argument 'ament_cmake_args' from command line to 'None'
[0.326s] Level 5:colcon.colcon_core.verb:set package 'slam_driver' build argument 'catkin_cmake_args' from command line to 'None'
[0.326s] Level 5:colcon.colcon_core.verb:set package 'slam_driver' build argument 'catkin_skip_building_tests' from command line to 'False'
[0.326s] DEBUG:colcon.colcon_core.verb:Building package 'slam_driver' with the following arguments: {'ament_cmake_args': None, 'build_base': '/home/toluwani-williams/slam_ws/build/slam_driver', 'catkin_cmake_args': None, 'catkin_skip_building_tests': False, 'cmake_args': None, 'cmake_clean_cache': False, 'cmake_clean_first': False, 'cmake_force_configure': False, 'cmake_target': None, 'cmake_target_skip_unavailable': False, 'install_base': '/home/toluwani-williams/slam_ws/install/slam_driver', 'merge_install': False, 'path': '/home/toluwani-williams/slam_ws/src/slam_driver', 'symlink_install': False, 'test_result_base': None}
[0.326s] Level 5:colcon.colcon_core.verb:set package 'slam_navigation' build argument 'cmake_args' from command line to 'None'
[0.326s] Level 5:colcon.colcon_core.verb:set package 'slam_navigation' build argument 'cmake_target' from command line to 'None'
[0.326s] Level 5:colcon.colcon_core.verb:set package 'slam_navigation' build argument 'cmake_target_skip_unavailable' from command line to 'False'
[0.326s] Level 5:colcon.colcon_core.verb:set package 'slam_navigation' build argument 'cmake_clean_cache' from command line to 'False'
[0.326s] Level 5:colcon.colcon_core.verb:set package 'slam_navigation' build argument 'cmake_clean_first' from command line to 'False'
[0.326s] Level 5:colcon.colcon_core.verb:set package 'slam_navigation' build argument 'cmake_force_configure' from command line to 'False'
[0.326s] Level 5:colcon.colcon_core.verb:set package 'slam_navigation' build argument 'ament_cmake_args' from command line to 'None'
[0.326s] Level 5:colcon.colcon_core.verb:set package 'slam_navigation' build argument 'catkin_cmake_args' from command line to 'None'
[0.326s] Level 5:colcon.colcon_core.verb:set package 'slam_navigation' build argument 'catkin_skip_building_tests' from command line to 'False'
[0.326s] DEBUG:colcon.colcon_core.verb:Building package 'slam_navigation' with the following arguments: {'ament_cmake_args': None, 'build_base': '/home/toluwani-williams/slam_ws/build/slam_navigation', 'catkin_cmake_args': None, 'catkin_skip_building_tests': False, 'cmake_args': None, 'cmake_clean_cache': False, 'cmake_clean_first': False, 'cmake_force_configure': False, 'cmake_target': None, 'cmake_target_skip_unavailable': False, 'install_base': '/home/toluwani-williams/slam_ws/install/slam_navigation', 'merge_install': False, 'path': '/home/toluwani-williams/slam_ws/src/slam_navigation', 'symlink_install': False, 'test_result_base': None}
[0.327s] Level 5:colcon.colcon_core.verb:set package 'slam_bot_gazebo' build argument 'cmake_args' from command line to 'None'
[0.327s] Level 5:colcon.colcon_core.verb:set package 'slam_bot_gazebo' build argument 'cmake_target' from command line to 'None'
[0.327s] Level 5:colcon.colcon_core.verb:set package 'slam_bot_gazebo' build argument 'cmake_target_skip_unavailable' from command line to 'False'
[0.327s] Level 5:colcon.colcon_core.verb:set package 'slam_bot_gazebo' build argument 'cmake_clean_cache' from command line to 'False'
[0.327s] Level 5:colcon.colcon_core.verb:set package 'slam_bot_gazebo' build argument 'cmake_clean_first' from command line to 'False'
[0.327s] Level 5:colcon.colcon_core.verb:set package 'slam_bot_gazebo' build argument 'cmake_force_configure' from command line to 'False'
[0.327s] Level 5:colcon.colcon_core.verb:set package 'slam_bot_gazebo' build argument 'ament_cmake_args' from command line to 'None'
[0.327s] Level 5:colcon.colcon_core.verb:set package 'slam_bot_gazebo' build argument 'catkin_cmake_args' from command line to 'None'
[0.327s] Level 5:colcon.colcon_core.verb:set package 'slam_bot_gazebo' build argument 'catkin_skip_building_tests' from command line to 'False'
[0.327s] DEBUG:colcon.colcon_core.verb:Building package 'slam_bot_gazebo' with the following arguments: {'ament_cmake_args': None, 'build_base': '/home/toluwani-williams/slam_ws/build/slam_bot_gazebo', 'catkin_cmake_args': None, 'catkin_skip_building_tests': False, 'cmake_args': None, 'cmake_clean_cache': False, 'cmake_clean_first': False, 'cmake_force_configure': False, 'cmake_target': None, 'cmake_target_skip_unavailable': False, 'install_base': '/home/toluwani-williams/slam_ws/install/slam_bot_gazebo', 'merge_install': False, 'path': '/home/toluwani-williams/slam_ws/src/slam_bot_gazebo', 'symlink_install': False, 'test_result_base': None}
[0.327s] Level 5:colcon.colcon_core.verb:set package 'slam_bot_bringup' build argument 'cmake_args' from command line to 'None'
[0.327s] Level 5:colcon.colcon_core.verb:set package 'slam_bot_bringup' build argument 'cmake_target' from command line to 'None'
[0.327s] Level 5:colcon.colcon_core.verb:set package 'slam_bot_bringup' build argument 'cmake_target_skip_unavailable' from command line to 'False'
[0.327s] Level 5:colcon.colcon_core.verb:set package 'slam_bot_bringup' build argument 'cmake_clean_cache' from command line to 'False'
[0.327s] Level 5:colcon.colcon_core.verb:set package 'slam_bot_bringup' build argument 'cmake_clean_first' from command line to 'False'
[0.327s] Level 5:colcon.colcon_core.verb:set package 'slam_bot_bringup' build argument 'cmake_force_configure' from command line to 'False'
[0.327s] Level 5:colcon.colcon_core.verb:set package 'slam_bot_bringup' build argument 'ament_cmake_args' from command line to 'None'
[0.327s] Level 5:colcon.colcon_core.verb:set package 'slam_bot_bringup' build argument 'catkin_cmake_args' from command line to 'None'
[0.327s] Level 5:colcon.colcon_core.verb:set package 'slam_bot_bringup' build argument 'catkin_skip_building_tests' from command line to 'False'
[0.327s] DEBUG:colcon.colcon_core.verb:Building package 'slam_bot_bringup' with the following arguments: {'ament_cmake_args': None, 'build_base': '/home/toluwani-williams/slam_ws/build/slam_bot_bringup', 'catkin_cmake_args': None, 'catkin_skip_building_tests': False, 'cmake_args': None, 'cmake_clean_cache': False, 'cmake_clean_first': False, 'cmake_force_configure': False, 'cmake_target': None, 'cmake_target_skip_unavailable': False, 'install_base': '/home/toluwani-williams/slam_ws/install/slam_bot_bringup', 'merge_install': False, 'path': '/home/toluwani-williams/slam_ws/src/slam_bot_bringup', 'symlink_install': False, 'test_result_base': None}
[0.327s] INFO:colcon.colcon_core.executor:Executing jobs using 'parallel' executor
[0.329s] DEBUG:colcon.colcon_parallel_executor.executor.parallel:run_until_complete
[0.329s] INFO:colcon.colcon_ros.task.ament_cmake.build:Building ROS package in '/home/toluwani-williams/slam_ws/src/slam_bot_description' with build type 'ament_cmake'
[0.329s] INFO:colcon.colcon_cmake.task.cmake.build:Building CMake package in '/home/toluwani-williams/slam_ws/src/slam_bot_description'
[0.332s] INFO:colcon.colcon_core.plugin_system:Skipping extension 'colcon_core.shell.bat': Not used on non-Windows systems
[0.332s] INFO:colcon.colcon_core.shell:Skip shell extension 'powershell' for command environment: Not usable outside of PowerShell
[0.332s] DEBUG:colcon.colcon_core.shell:Skip shell extension 'dsv' for command environment
[0.338s] INFO:colcon.colcon_ros.task.ament_cmake.build:Building ROS package in '/home/toluwani-williams/slam_ws/src/slam_bot_application' with build type 'ament_cmake'
[0.338s] INFO:colcon.colcon_cmake.task.cmake.build:Building CMake package in '/home/toluwani-williams/slam_ws/src/slam_bot_application'
[0.338s] INFO:colcon.colcon_core.shell:Skip shell extension 'powershell' for command environment: Not usable outside of PowerShell
[0.338s] DEBUG:colcon.colcon_core.shell:Skip shell extension 'dsv' for command environment
[0.347s] INFO:colcon.colcon_ros.task.ament_cmake.build:Building ROS package in '/home/toluwani-williams/slam_ws/src/slam_driver' with build type 'ament_cmake'
[0.347s] INFO:colcon.colcon_cmake.task.cmake.build:Building CMake package in '/home/toluwani-williams/slam_ws/src/slam_driver'
[0.347s] INFO:colcon.colcon_core.shell:Skip shell extension 'powershell' for command environment: Not usable outside of PowerShell
[0.347s] DEBUG:colcon.colcon_core.shell:Skip shell extension 'dsv' for command environment
[0.357s] INFO:colcon.colcon_ros.task.ament_cmake.build:Building ROS package in '/home/toluwani-williams/slam_ws/src/slam_navigation' with build type 'ament_cmake'
[0.357s] INFO:colcon.colcon_cmake.task.cmake.build:Building CMake package in '/home/toluwani-williams/slam_ws/src/slam_navigation'
[0.358s] INFO:colcon.colcon_core.shell:Skip shell extension 'powershell' for command environment: Not usable outside of PowerShell
[0.358s] DEBUG:colcon.colcon_core.shell:Skip shell extension 'dsv' for command environment
[0.377s] DEBUG:colcon.colcon_core.event_handler.log_command:Invoking command in '/home/toluwani-williams/slam_ws/build/slam_bot_description': CMAKE_PREFIX_PATH=${CMAKE_PREFIX_PATH}:/opt/ros/jazzy DEBUGINFOD_URLS=https://debuginfod.ubuntu.com /usr/bin/cmake --build /home/toluwani-williams/slam_ws/build/slam_bot_description -- -j8 -l8
[0.383s] DEBUG:colcon.colcon_core.event_handler.log_command:Invoking command in '/home/toluwani-williams/slam_ws/build/slam_bot_application': CMAKE_PREFIX_PATH=${CMAKE_PREFIX_PATH}:/opt/ros/jazzy DEBUGINFOD_URLS=https://debuginfod.ubuntu.com /usr/bin/cmake --build /home/toluwani-williams/slam_ws/build/slam_bot_application -- -j8 -l8
[0.388s] DEBUG:colcon.colcon_core.event_handler.log_command:Invoking command in '/home/toluwani-williams/slam_ws/build/slam_driver': CMAKE_PREFIX_PATH=${CMAKE_PREFIX_PATH}:/opt/ros/jazzy DEBUGINFOD_URLS=https://debuginfod.ubuntu.com /usr/bin/cmake --build /home/toluwani-williams/slam_ws/build/slam_driver -- -j8 -l8
[0.397s] DEBUG:colcon.colcon_core.event_handler.log_command:Invoking command in '/home/toluwani-williams/slam_ws/build/slam_navigation': CMAKE_PREFIX_PATH=${CMAKE_PREFIX_PATH}:/opt/ros/jazzy DEBUGINFOD_URLS=https://debuginfod.ubuntu.com /usr/bin/cmake /home/toluwani-williams/slam_ws/src/slam_navigation -DCMAKE_INSTALL_PREFIX=/home/toluwani-williams/slam_ws/install/slam_navigation
[0.466s] DEBUG:colcon.colcon_core.event_handler.log_command:Invoked command in '/home/toluwani-williams/slam_ws/build/slam_bot_description' returned '0': CMAKE_PREFIX_PATH=${CMAKE_PREFIX_PATH}:/opt/ros/jazzy DEBUGINFOD_URLS=https://debuginfod.ubuntu.com /usr/bin/cmake --build /home/toluwani-williams/slam_ws/build/slam_bot_description -- -j8 -l8
[0.486s] DEBUG:colcon.colcon_core.event_handler.log_command:Invoking command in '/home/toluwani-williams/slam_ws/build/slam_bot_description': CMAKE_PREFIX_PATH=${CMAKE_PREFIX_PATH}:/opt/ros/jazzy DEBUGINFOD_URLS=https://debuginfod.ubuntu.com /usr/bin/cmake --install /home/toluwani-williams/slam_ws/build/slam_bot_description
[0.489s] DEBUG:colcon.colcon_core.event_handler.log_command:Invoked command in '/home/toluwani-williams/slam_ws/build/slam_driver' returned '0': CMAKE_PREFIX_PATH=${CMAKE_PREFIX_PATH}:/opt/ros/jazzy DEBUGINFOD_URLS=https://debuginfod.ubuntu.com /usr/bin/cmake --build /home/toluwani-williams/slam_ws/build/slam_driver -- -j8 -l8
[0.493s] DEBUG:colcon.colcon_core.event_handler.log_command:Invoking command in '/home/toluwani-williams/slam_ws/build/slam_driver': CMAKE_PREFIX_PATH=${CMAKE_PREFIX_PATH}:/opt/ros/jazzy DEBUGINFOD_URLS=https://debuginfod.ubuntu.com /usr/bin/cmake --install /home/toluwani-williams/slam_ws/build/slam_driver
[0.494s] DEBUG:colcon.colcon_core.event_handler.log_command:Invoked command in '/home/toluwani-williams/slam_ws/build/slam_bot_application' returned '0': CMAKE_PREFIX_PATH=${CMAKE_PREFIX_PATH}:/opt/ros/jazzy DEBUGINFOD_URLS=https://debuginfod.ubuntu.com /usr/bin/cmake --build /home/toluwani-williams/slam_ws/build/slam_bot_application -- -j8 -l8
[0.498s] DEBUG:colcon.colcon_core.event_handler.log_command:Invoking command in '/home/toluwani-williams/slam_ws/build/slam_bot_application': CMAKE_PREFIX_PATH=${CMAKE_PREFIX_PATH}:/opt/ros/jazzy DEBUGINFOD_URLS=https://debuginfod.ubuntu.com /usr/bin/cmake --install /home/toluwani-williams/slam_ws/build/slam_bot_application
[0.515s] Level 1:colcon.colcon_core.environment:create_environment_scripts_only(slam_driver)
[0.525s] Level 1:colcon.colcon_core.environment:checking '/home/toluwani-williams/slam_ws/install/slam_driver' for CMake module files
[0.527s] DEBUG:colcon.colcon_core.event_handler.log_command:Invoked command in '/home/toluwani-williams/slam_ws/build/slam_driver' returned '0': CMAKE_PREFIX_PATH=${CMAKE_PREFIX_PATH}:/opt/ros/jazzy DEBUGINFOD_URLS=https://debuginfod.ubuntu.com /usr/bin/cmake --install /home/toluwani-williams/slam_ws/build/slam_driver
[0.527s] Level 1:colcon.colcon_core.environment:checking '/home/toluwani-williams/slam_ws/install/slam_driver' for CMake config files
[0.533s] Level 1:colcon.colcon_core.shell:create_environment_hook('slam_driver', 'cmake_prefix_path')
[0.533s] INFO:colcon.colcon_core.shell:Creating environment hook '/home/toluwani-williams/slam_ws/install/slam_driver/share/slam_driver/hook/cmake_prefix_path.ps1'
[0.534s] INFO:colcon.colcon_core.shell:Creating environment descriptor '/home/toluwani-williams/slam_ws/install/slam_driver/share/slam_driver/hook/cmake_prefix_path.dsv'
[0.535s] INFO:colcon.colcon_core.shell:Creating environment hook '/home/toluwani-williams/slam_ws/install/slam_driver/share/slam_driver/hook/cmake_prefix_path.sh'
[0.536s] Level 1:colcon.colcon_core.environment:checking '/home/toluwani-williams/slam_ws/install/slam_driver/bin'
[0.537s] Level 1:colcon.colcon_core.environment:checking '/home/toluwani-williams/slam_ws/install/slam_driver/lib/pkgconfig/slam_driver.pc'
[0.537s] Level 1:colcon.colcon_core.environment:checking '/home/toluwani-williams/slam_ws/install/slam_driver/lib/python3.12/site-packages'
[0.537s] Level 1:colcon.colcon_core.environment:checking '/home/toluwani-williams/slam_ws/install/slam_driver/bin'
[0.538s] INFO:colcon.colcon_core.shell:Creating package script '/home/toluwani-williams/slam_ws/install/slam_driver/share/slam_driver/package.ps1'
[0.539s] INFO:colcon.colcon_core.shell:Creating package descriptor '/home/toluwani-williams/slam_ws/install/slam_driver/share/slam_driver/package.dsv'
[0.541s] INFO:colcon.colcon_core.shell:Creating package script '/home/toluwani-williams/slam_ws/install/slam_driver/share/slam_driver/package.sh'
[0.542s] INFO:colcon.colcon_core.shell:Creating package script '/home/toluwani-williams/slam_ws/install/slam_driver/share/slam_driver/package.bash'
[0.544s] INFO:colcon.colcon_core.shell:Creating package script '/home/toluwani-williams/slam_ws/install/slam_driver/share/slam_driver/package.zsh'
[0.545s] Level 1:colcon.colcon_core.environment:create_file_with_runtime_dependencies(/home/toluwani-williams/slam_ws/install/slam_driver/share/colcon-core/packages/slam_driver)
[0.545s] Level 1:colcon.colcon_core.environment:create_environment_scripts_only(slam_driver)
[0.545s] Level 1:colcon.colcon_core.environment:checking '/home/toluwani-williams/slam_ws/install/slam_driver' for CMake module files
[0.546s] Level 1:colcon.colcon_core.environment:checking '/home/toluwani-williams/slam_ws/install/slam_driver' for CMake config files
[0.547s] Level 1:colcon.colcon_core.shell:create_environment_hook('slam_driver', 'cmake_prefix_path')
[0.547s] INFO:colcon.colcon_core.shell:Creating environment hook '/home/toluwani-williams/slam_ws/install/slam_driver/share/slam_driver/hook/cmake_prefix_path.ps1'
[0.547s] INFO:colcon.colcon_core.shell:Creating environment descriptor '/home/toluwani-williams/slam_ws/install/slam_driver/share/slam_driver/hook/cmake_prefix_path.dsv'
[0.548s] INFO:colcon.colcon_core.shell:Creating environment hook '/home/toluwani-williams/slam_ws/install/slam_driver/share/slam_driver/hook/cmake_prefix_path.sh'
[0.549s] Level 1:colcon.colcon_core.environment:checking '/home/toluwani-williams/slam_ws/install/slam_driver/bin'
[0.549s] Level 1:colcon.colcon_core.environment:checking '/home/toluwani-williams/slam_ws/install/slam_driver/lib/pkgconfig/slam_driver.pc'
[0.549s] Level 1:colcon.colcon_core.environment:checking '/home/toluwani-williams/slam_ws/install/slam_driver/lib/python3.12/site-packages'
[0.550s] Level 1:colcon.colcon_core.environment:checking '/home/toluwani-williams/slam_ws/install/slam_driver/bin'
[0.550s] INFO:colcon.colcon_core.shell:Creating package script '/home/toluwani-williams/slam_ws/install/slam_driver/share/slam_driver/package.ps1'
[0.552s] INFO:colcon.colcon_core.shell:Creating package descriptor '/home/toluwani-williams/slam_ws/install/slam_driver/share/slam_driver/package.dsv'
[0.553s] INFO:colcon.colcon_core.shell:Creating package script '/home/toluwani-williams/slam_ws/install/slam_driver/share/slam_driver/package.sh'
[0.554s] INFO:colcon.colcon_core.shell:Creating package script '/home/toluwani-williams/slam_ws/install/slam_driver/share/slam_driver/package.bash'
[0.554s] INFO:colcon.colcon_core.shell:Creating package script '/home/toluwani-williams/slam_ws/install/slam_driver/share/slam_driver/package.zsh'
[0.555s] Level 1:colcon.colcon_core.environment:create_file_with_runtime_dependencies(/home/toluwani-williams/slam_ws/install/slam_driver/share/colcon-core/packages/slam_driver)
[0.556s] Level 1:colcon.colcon_core.environment:create_environment_scripts_only(slam_bot_description)
[0.557s] Level 1:colcon.colcon_core.environment:checking '/home/toluwani-williams/slam_ws/install/slam_bot_description' for CMake module files
[0.558s] DEBUG:colcon.colcon_core.event_handler.log_command:Invoked command in '/home/toluwani-williams/slam_ws/build/slam_bot_description' returned '0': CMAKE_PREFIX_PATH=${CMAKE_PREFIX_PATH}:/opt/ros/jazzy DEBUGINFOD_URLS=https://debuginfod.ubuntu.com /usr/bin/cmake --install /home/toluwani-williams/slam_ws/build/slam_bot_description
[0.559s] Level 1:colcon.colcon_core.environment:checking '/home/toluwani-williams/slam_ws/install/slam_bot_description' for CMake config files
[0.560s] Level 1:colcon.colcon_core.shell:create_environment_hook('slam_bot_description', 'cmake_prefix_path')
[0.560s] INFO:colcon.colcon_core.shell:Creating environment hook '/home/toluwani-williams/slam_ws/install/slam_bot_description/share/slam_bot_description/hook/cmake_prefix_path.ps1'
[0.561s] INFO:colcon.colcon_core.shell:Creating environment descriptor '/home/toluwani-williams/slam_ws/install/slam_bot_description/share/slam_bot_description/hook/cmake_prefix_path.dsv'
[0.562s] INFO:colcon.colcon_core.shell:Creating environment hook '/home/toluwani-williams/slam_ws/install/slam_bot_description/share/slam_bot_description/hook/cmake_prefix_path.sh'
[0.562s] Level 1:colcon.colcon_core.environment:checking '/home/toluwani-williams/slam_ws/install/slam_bot_description/bin'
[0.562s] Level 1:colcon.colcon_core.environment:checking '/home/toluwani-williams/slam_ws/install/slam_bot_description/lib/pkgconfig/slam_bot_description.pc'
[0.563s] Level 1:colcon.colcon_core.environment:checking '/home/toluwani-williams/slam_ws/install/slam_bot_description/lib/python3.12/site-packages'
[0.563s] Level 1:colcon.colcon_core.environment:checking '/home/toluwani-williams/slam_ws/install/slam_bot_description/bin'
[0.563s] INFO:colcon.colcon_core.shell:Creating package script '/home/toluwani-williams/slam_ws/install/slam_bot_description/share/slam_bot_description/package.ps1'
[0.564s] INFO:colcon.colcon_core.shell:Creating package descriptor '/home/toluwani-williams/slam_ws/install/slam_bot_description/share/slam_bot_description/package.dsv'
[0.565s] INFO:colcon.colcon_core.shell:Creating package script '/home/toluwani-williams/slam_ws/install/slam_bot_description/share/slam_bot_description/package.sh'
[0.565s] INFO:colcon.colcon_core.shell:Creating package script '/home/toluwani-williams/slam_ws/install/slam_bot_description/share/slam_bot_description/package.bash'
[0.566s] INFO:colcon.colcon_core.shell:Creating package script '/home/toluwani-williams/slam_ws/install/slam_bot_description/share/slam_bot_description/package.zsh'
[0.567s] Level 1:colcon.colcon_core.environment:create_file_with_runtime_dependencies(/home/toluwani-williams/slam_ws/install/slam_bot_description/share/colcon-core/packages/slam_bot_description)
[0.567s] Level 1:colcon.colcon_core.environment:create_environment_scripts_only(slam_bot_description)
[0.567s] Level 1:colcon.colcon_core.environment:checking '/home/toluwani-williams/slam_ws/install/slam_bot_description' for CMake module files
[0.568s] Level 1:colcon.colcon_core.environment:checking '/home/toluwani-williams/slam_ws/install/slam_bot_description' for CMake config files
[0.568s] Level 1:colcon.colcon_core.shell:create_environment_hook('slam_bot_description', 'cmake_prefix_path')
[0.569s] INFO:colcon.colcon_core.shell:Creating environment hook '/home/toluwani-williams/slam_ws/install/slam_bot_description/share/slam_bot_description/hook/cmake_prefix_path.ps1'
[0.569s] INFO:colcon.colcon_core.shell:Creating environment descriptor '/home/toluwani-williams/slam_ws/install/slam_bot_description/share/slam_bot_description/hook/cmake_prefix_path.dsv'
[0.570s] INFO:colcon.colcon_core.shell:Creating environment hook '/home/toluwani-williams/slam_ws/install/slam_bot_description/share/slam_bot_description/hook/cmake_prefix_path.sh'
[0.571s] Level 1:colcon.colcon_core.environment:checking '/home/toluwani-williams/slam_ws/install/slam_bot_description/bin'
[0.571s] Level 1:colcon.colcon_core.environment:checking '/home/toluwani-williams/slam_ws/install/slam_bot_description/lib/pkgconfig/slam_bot_description.pc'
[0.571s] Level 1:colcon.colcon_core.environment:checking '/home/toluwani-williams/slam_ws/install/slam_bot_description/lib/python3.12/site-packages'
[0.571s] Level 1:colcon.colcon_core.environment:checking '/home/toluwani-williams/slam_ws/install/slam_bot_description/bin'
[0.572s] INFO:colcon.colcon_core.shell:Creating package script '/home/toluwani-williams/slam_ws/install/slam_bot_description/share/slam_bot_description/package.ps1'
[0.573s] INFO:colcon.colcon_core.shell:Creating package descriptor '/home/toluwani-williams/slam_ws/install/slam_bot_description/share/slam_bot_description/package.dsv'
[0.574s] INFO:colcon.colcon_core.shell:Creating package script '/home/toluwani-williams/slam_ws/install/slam_bot_description/share/slam_bot_description/package.sh'
[0.574s] INFO:colcon.colcon_core.shell:Creating package script '/home/toluwani-williams/slam_ws/install/slam_bot_description/share/slam_bot_description/package.bash'
[0.575s] INFO:colcon.colcon_core.shell:Creating package script '/home/toluwani-williams/slam_ws/install/slam_bot_description/share/slam_bot_description/package.zsh'
[0.575s] Level 1:colcon.colcon_core.environment:create_file_with_runtime_dependencies(/home/toluwani-williams/slam_ws/install/slam_bot_description/share/colcon-core/packages/slam_bot_description)
[0.576s] INFO:colcon.colcon_ros.task.ament_cmake.build:Building ROS package in '/home/toluwani-williams/slam_ws/src/slam_bot_gazebo' with build type 'ament_cmake'
[0.576s] INFO:colcon.colcon_cmake.task.cmake.build:Building CMake package in '/home/toluwani-williams/slam_ws/src/slam_bot_gazebo'
[0.577s] INFO:colcon.colcon_core.shell:Skip shell extension 'powershell' for command environment: Not usable outside of PowerShell
[0.577s] DEBUG:colcon.colcon_core.shell:Skip shell extension 'dsv' for command environment
[0.585s] Level 1:colcon.colcon_core.environment:create_environment_scripts_only(slam_bot_application)
[0.585s] Level 1:colcon.colcon_core.environment:checking '/home/toluwani-williams/slam_ws/install/slam_bot_application' for CMake module files
[0.586s] DEBUG:colcon.colcon_core.event_handler.log_command:Invoked command in '/home/toluwani-williams/slam_ws/build/slam_bot_application' returned '0': CMAKE_PREFIX_PATH=${CMAKE_PREFIX_PATH}:/opt/ros/jazzy DEBUGINFOD_URLS=https://debuginfod.ubuntu.com /usr/bin/cmake --install /home/toluwani-williams/slam_ws/build/slam_bot_application
[0.587s] Level 1:colcon.colcon_core.environment:checking '/home/toluwani-williams/slam_ws/install/slam_bot_application' for CMake config files
[0.590s] Level 1:colcon.colcon_core.shell:create_environment_hook('slam_bot_application', 'cmake_prefix_path')
[0.591s] INFO:colcon.colcon_core.shell:Creating environment hook '/home/toluwani-williams/slam_ws/install/slam_bot_application/share/slam_bot_application/hook/cmake_prefix_path.ps1'
[0.592s] INFO:colcon.colcon_core.shell:Creating environment descriptor '/home/toluwani-williams/slam_ws/install/slam_bot_application/share/slam_bot_application/hook/cmake_prefix_path.dsv'
[0.592s] INFO:colcon.colcon_core.shell:Creating environment hook '/home/toluwani-williams/slam_ws/install/slam_bot_application/share/slam_bot_application/hook/cmake_prefix_path.sh'
[0.593s] Level 1:colcon.colcon_core.environment:checking '/home/toluwani-williams/slam_ws/install/slam_bot_application/bin'
[0.593s] Level 1:colcon.colcon_core.environment:checking '/home/toluwani-williams/slam_ws/install/slam_bot_application/lib/pkgconfig/slam_bot_application.pc'
[0.594s] Level 1:colcon.colcon_core.environment:checking '/home/toluwani-williams/slam_ws/install/slam_bot_application/lib/python3.12/site-packages'
[0.594s] Level 1:colcon.colcon_core.environment:checking '/home/toluwani-williams/slam_ws/install/slam_bot_application/bin'
[0.594s] INFO:colcon.colcon_core.shell:Creating package script '/home/toluwani-williams/slam_ws/install/slam_bot_application/share/slam_bot_application/package.ps1'
[0.595s] INFO:colcon.colcon_core.shell:Creating package descriptor '/home/toluwani-williams/slam_ws/install/slam_bot_application/share/slam_bot_application/package.dsv'
[0.595s] INFO:colcon.colcon_core.shell:Creating package script '/home/toluwani-williams/slam_ws/install/slam_bot_application/share/slam_bot_application/package.sh'
[0.596s] INFO:colcon.colcon_core.shell:Creating package script '/home/toluwani-williams/slam_ws/install/slam_bot_application/share/slam_bot_application/package.bash'
[0.596s] INFO:colcon.colcon_core.shell:Creating package script '/home/toluwani-williams/slam_ws/install/slam_bot_application/share/slam_bot_application/package.zsh'
[0.597s] Level 1:colcon.colcon_core.environment:create_file_with_runtime_dependencies(/home/toluwani-williams/slam_ws/install/slam_bot_application/share/colcon-core/packages/slam_bot_application)
[0.598s] Level 1:colcon.colcon_core.environment:create_environment_scripts_only(slam_bot_application)
[0.598s] Level 1:colcon.colcon_core.environment:checking '/home/toluwani-williams/slam_ws/install/slam_bot_application' for CMake module files
[0.598s] Level 1:colcon.colcon_core.environment:checking '/home/toluwani-williams/slam_ws/install/slam_bot_application' for CMake config files
[0.599s] Level 1:colcon.colcon_core.shell:create_environment_hook('slam_bot_application', 'cmake_prefix_path')
[0.599s] INFO:colcon.colcon_core.shell:Creating environment hook '/home/toluwani-williams/slam_ws/install/slam_bot_application/share/slam_bot_application/hook/cmake_prefix_path.ps1'
[0.600s] INFO:colcon.colcon_core.shell:Creating environment descriptor '/home/toluwani-williams/slam_ws/install/slam_bot_application/share/slam_bot_application/hook/cmake_prefix_path.dsv'
[0.600s] INFO:colcon.colcon_core.shell:Creating environment hook '/home/toluwani-williams/slam_ws/install/slam_bot_application/share/slam_bot_application/hook/cmake_prefix_path.sh'
[0.601s] Level 1:colcon.colcon_core.environment:checking '/home/toluwani-williams/slam_ws/install/slam_bot_application/bin'
[0.601s] Level 1:colcon.colcon_core.environment:checking '/home/toluwani-williams/slam_ws/install/slam_bot_application/lib/pkgconfig/slam_bot_application.pc'
[0.601s] Level 1:colcon.colcon_core.environment:checking '/home/toluwani-williams/slam_ws/install/slam_bot_application/lib/python3.12/site-packages'
[0.602s] Level 1:colcon.colcon_core.environment:checking '/home/toluwani-williams/slam_ws/install/slam_bot_application/bin'
[0.602s] INFO:colcon.colcon_core.shell:Creating package script '/home/toluwani-williams/slam_ws/install/slam_bot_application/share/slam_bot_application/package.ps1'
[0.604s] INFO:colcon.colcon_core.shell:Creating package descriptor '/home/toluwani-williams/slam_ws/install/slam_bot_application/share/slam_bot_application/package.dsv'
[0.605s] INFO:colcon.colcon_core.shell:Creating package script '/home/toluwani-williams/slam_ws/install/slam_bot_application/share/slam_bot_application/package.sh'
[0.606s] INFO:colcon.colcon_core.shell:Creating package script '/home/toluwani-williams/slam_ws/install/slam_bot_application/share/slam_bot_application/package.bash'
[0.608s] INFO:colcon.colcon_core.shell:Creating package script '/home/toluwani-williams/slam_ws/install/slam_bot_application/share/slam_bot_application/package.zsh'
[0.609s] Level 1:colcon.colcon_core.environment:create_file_with_runtime_dependencies(/home/toluwani-williams/slam_ws/install/slam_bot_application/share/colcon-core/packages/slam_bot_application)
[0.615s] DEBUG:colcon.colcon_core.event_handler.log_command:Invoking command in '/home/toluwani-williams/slam_ws/build/slam_bot_gazebo': CMAKE_PREFIX_PATH=/home/toluwani-williams/slam_ws/install/slam_bot_description:/opt/ros/jazzy/opt/gz_launch_vendor:/opt/ros/jazzy/opt/gz_sim_vendor:/opt/ros/jazzy/opt/gz_sensors_vendor:/opt/ros/jazzy/opt/gz_physics_vendor:/opt/ros/jazzy/opt/sdformat_vendor:/opt/ros/jazzy/opt/gz_gui_vendor:/opt/ros/jazzy/opt/gz_transport_vendor:/opt/ros/jazzy/opt/gz_rendering_vendor:/opt/ros/jazzy/opt/gz_plugin_vendor:/opt/ros/jazzy/opt/gz_fuel_tools_vendor:/opt/ros/jazzy/opt/gz_msgs_vendor:/opt/ros/jazzy/opt/gz_common_vendor:/opt/ros/jazzy/opt/gz_math_vendor:/opt/ros/jazzy/opt/gz_utils_vendor:/opt/ros/jazzy/opt/gz_tools_vendor:/opt/ros/jazzy/opt/gz_ogre_next_vendor:/opt/ros/jazzy/opt/gz_dartsim_vendor:/opt/ros/jazzy/opt/gz_cmake_vendor:/home/toluwani-williams/slam_ws/install/slam_driver:/home/toluwani-williams/slam_ws/install/slam_bot_bringup:/home/toluwani-williams/slam_ws/install/slam_bot_gazebo:/home/toluwani-williams/slam_ws/install/slam_bot_application:/home/toluwani-williams/slam_ws/install/ros_gz_example_bringup:/home/toluwani-williams/slam_ws/install/ros_gz_example_gazebo:/home/toluwani-williams/slam_ws/install/ros_gz_example_description:/home/toluwani-williams/slam_ws/install/ros_gz_example_application:/opt/ros/jazzy DEBUGINFOD_URLS=https://debuginfod.ubuntu.com GZ_SIM_RESOURCE_PATH=/home/toluwani-williams/slam_ws/install/slam_bot_description/share/slam_bot_description/models:${GZ_SIM_RESOURCE_PATH} /usr/bin/cmake /home/toluwani-williams/slam_ws/src/slam_bot_gazebo -DCMAKE_INSTALL_PREFIX=/home/toluwani-williams/slam_ws/install/slam_bot_gazebo
[1.985s] DEBUG:colcon.colcon_core.event_handler.log_command:Invoked command in '/home/toluwani-williams/slam_ws/build/slam_navigation' returned '0': CMAKE_PREFIX_PATH=${CMAKE_PREFIX_PATH}:/opt/ros/jazzy DEBUGINFOD_URLS=https://debuginfod.ubuntu.com /usr/bin/cmake /home/toluwani-williams/slam_ws/src/slam_navigation -DCMAKE_INSTALL_PREFIX=/home/toluwani-williams/slam_ws/install/slam_navigation
[1.988s] DEBUG:colcon.colcon_core.event_handler.log_command:Invoking command in '/home/toluwani-williams/slam_ws/build/slam_navigation': CMAKE_PREFIX_PATH=${CMAKE_PREFIX_PATH}:/opt/ros/jazzy DEBUGINFOD_URLS=https://debuginfod.ubuntu.com /usr/bin/cmake --build /home/toluwani-williams/slam_ws/build/slam_navigation -- -j8 -l8
[2.061s] DEBUG:colcon.colcon_core.event_handler.log_command:Invoked command in '/home/toluwani-williams/slam_ws/build/slam_navigation' returned '0': CMAKE_PREFIX_PATH=${CMAKE_PREFIX_PATH}:/opt/ros/jazzy DEBUGINFOD_URLS=https://debuginfod.ubuntu.com /usr/bin/cmake --build /home/toluwani-williams/slam_ws/build/slam_navigation -- -j8 -l8
[2.064s] DEBUG:colcon.colcon_core.event_handler.log_command:Invoking command in '/home/toluwani-williams/slam_ws/build/slam_navigation': CMAKE_PREFIX_PATH=${CMAKE_PREFIX_PATH}:/opt/ros/jazzy DEBUGINFOD_URLS=https://debuginfod.ubuntu.com /usr/bin/cmake --install /home/toluwani-williams/slam_ws/build/slam_navigation
[2.083s] Level 1:colcon.colcon_core.environment:create_environment_scripts_only(slam_navigation)
[2.084s] Level 1:colcon.colcon_core.environment:checking '/home/toluwani-williams/slam_ws/install/slam_navigation' for CMake module files
[2.085s] DEBUG:colcon.colcon_core.event_handler.log_command:Invoked command in '/home/toluwani-williams/slam_ws/build/slam_navigation' returned '0': CMAKE_PREFIX_PATH=${CMAKE_PREFIX_PATH}:/opt/ros/jazzy DEBUGINFOD_URLS=https://debuginfod.ubuntu.com /usr/bin/cmake --install /home/toluwani-williams/slam_ws/build/slam_navigation
[2.086s] Level 1:colcon.colcon_core.environment:checking '/home/toluwani-williams/slam_ws/install/slam_navigation' for CMake config files
[2.086s] Level 1:colcon.colcon_core.shell:create_environment_hook('slam_navigation', 'cmake_prefix_path')
[2.086s] INFO:colcon.colcon_core.shell:Creating environment hook '/home/toluwani-williams/slam_ws/install/slam_navigation/share/slam_navigation/hook/cmake_prefix_path.ps1'
[2.087s] INFO:colcon.colcon_core.shell:Creating environment descriptor '/home/toluwani-williams/slam_ws/install/slam_navigation/share/slam_navigation/hook/cmake_prefix_path.dsv'
[2.087s] INFO:colcon.colcon_core.shell:Creating environment hook '/home/toluwani-williams/slam_ws/install/slam_navigation/share/slam_navigation/hook/cmake_prefix_path.sh'
[2.088s] Level 1:colcon.colcon_core.environment:checking '/home/toluwani-williams/slam_ws/install/slam_navigation/bin'
[2.088s] Level 1:colcon.colcon_core.environment:checking '/home/toluwani-williams/slam_ws/install/slam_navigation/lib/pkgconfig/slam_navigation.pc'
[2.088s] Level 1:colcon.colcon_core.environment:checking '/home/toluwani-williams/slam_ws/install/slam_navigation/lib/python3.12/site-packages'
[2.088s] Level 1:colcon.colcon_core.environment:checking '/home/toluwani-williams/slam_ws/install/slam_navigation/bin'
[2.089s] INFO:colcon.colcon_core.shell:Creating package script '/home/toluwani-williams/slam_ws/install/slam_navigation/share/slam_navigation/package.ps1'
[2.089s] INFO:colcon.colcon_core.shell:Creating package descriptor '/home/toluwani-williams/slam_ws/install/slam_navigation/share/slam_navigation/package.dsv'
[2.090s] INFO:colcon.colcon_core.shell:Creating package script '/home/toluwani-williams/slam_ws/install/slam_navigation/share/slam_navigation/package.sh'
[2.090s] INFO:colcon.colcon_core.shell:Creating package script '/home/toluwani-williams/slam_ws/install/slam_navigation/share/slam_navigation/package.bash'
[2.091s] INFO:colcon.colcon_core.shell:Creating package script '/home/toluwani-williams/slam_ws/install/slam_navigation/share/slam_navigation/package.zsh'
[2.091s] Level 1:colcon.colcon_core.environment:create_file_with_runtime_dependencies(/home/toluwani-williams/slam_ws/install/slam_navigation/share/colcon-core/packages/slam_navigation)
[2.092s] Level 1:colcon.colcon_core.environment:create_environment_scripts_only(slam_navigation)
[2.092s] Level 1:colcon.colcon_core.environment:checking '/home/toluwani-williams/slam_ws/install/slam_navigation' for CMake module files
[2.093s] Level 1:colcon.colcon_core.environment:checking '/home/toluwani-williams/slam_ws/install/slam_navigation' for CMake config files
[2.093s] Level 1:colcon.colcon_core.shell:create_environment_hook('slam_navigation', 'cmake_prefix_path')
[2.093s] INFO:colcon.colcon_core.shell:Creating environment hook '/home/toluwani-williams/slam_ws/install/slam_navigation/share/slam_navigation/hook/cmake_prefix_path.ps1'
[2.094s] INFO:colcon.colcon_core.shell:Creating environment descriptor '/home/toluwani-williams/slam_ws/install/slam_navigation/share/slam_navigation/hook/cmake_prefix_path.dsv'
[2.094s] INFO:colcon.colcon_core.shell:Creating environment hook '/home/toluwani-williams/slam_ws/install/slam_navigation/share/slam_navigation/hook/cmake_prefix_path.sh'
[2.095s] Level 1:colcon.colcon_core.environment:checking '/home/toluwani-williams/slam_ws/install/slam_navigation/bin'
[2.095s] Level 1:colcon.colcon_core.environment:checking '/home/toluwani-williams/slam_ws/install/slam_navigation/lib/pkgconfig/slam_navigation.pc'
[2.096s] Level 1:colcon.colcon_core.environment:checking '/home/toluwani-williams/slam_ws/install/slam_navigation/lib/python3.12/site-packages'
[2.096s] Level 1:colcon.colcon_core.environment:checking '/home/toluwani-williams/slam_ws/install/slam_navigation/bin'
[2.096s] INFO:colcon.colcon_core.shell:Creating package script '/home/toluwani-williams/slam_ws/install/slam_navigation/share/slam_navigation/package.ps1'
[2.097s] INFO:colcon.colcon_core.shell:Creating package descriptor '/home/toluwani-williams/slam_ws/install/slam_navigation/share/slam_navigation/package.dsv'
[2.098s] INFO:colcon.colcon_core.shell:Creating package script '/home/toluwani-williams/slam_ws/install/slam_navigation/share/slam_navigation/package.sh'
[2.098s] INFO:colcon.colcon_core.shell:Creating package script '/home/toluwani-williams/slam_ws/install/slam_navigation/share/slam_navigation/package.bash'
[2.099s] INFO:colcon.colcon_core.shell:Creating package script '/home/toluwani-williams/slam_ws/install/slam_navigation/share/slam_navigation/package.zsh'
[2.099s] Level 1:colcon.colcon_core.environment:create_file_with_runtime_dependencies(/home/toluwani-williams/slam_ws/install/slam_navigation/share/colcon-core/packages/slam_navigation)
[3.974s] DEBUG:colcon.colcon_core.event_handler.log_command:Invoked command in '/home/toluwani-williams/slam_ws/build/slam_bot_gazebo' returned '0': CMAKE_PREFIX_PATH=/home/toluwani-williams/slam_ws/install/slam_bot_description:/opt/ros/jazzy/opt/gz_launch_vendor:/opt/ros/jazzy/opt/gz_sim_vendor:/opt/ros/jazzy/opt/gz_sensors_vendor:/opt/ros/jazzy/opt/gz_physics_vendor:/opt/ros/jazzy/opt/sdformat_vendor:/opt/ros/jazzy/opt/gz_gui_vendor:/opt/ros/jazzy/opt/gz_transport_vendor:/opt/ros/jazzy/opt/gz_rendering_vendor:/opt/ros/jazzy/opt/gz_plugin_vendor:/opt/ros/jazzy/opt/gz_fuel_tools_vendor:/opt/ros/jazzy/opt/gz_msgs_vendor:/opt/ros/jazzy/opt/gz_common_vendor:/opt/ros/jazzy/opt/gz_math_vendor:/opt/ros/jazzy/opt/gz_utils_vendor:/opt/ros/jazzy/opt/gz_tools_vendor:/opt/ros/jazzy/opt/gz_ogre_next_vendor:/opt/ros/jazzy/opt/gz_dartsim_vendor:/opt/ros/jazzy/opt/gz_cmake_vendor:/home/toluwani-williams/slam_ws/install/slam_driver:/home/toluwani-williams/slam_ws/install/slam_bot_bringup:/home/toluwani-williams/slam_ws/install/slam_bot_gazebo:/home/toluwani-williams/slam_ws/install/slam_bot_application:/home/toluwani-williams/slam_ws/install/ros_gz_example_bringup:/home/toluwani-williams/slam_ws/install/ros_gz_example_gazebo:/home/toluwani-williams/slam_ws/install/ros_gz_example_description:/home/toluwani-williams/slam_ws/install/ros_gz_example_application:/opt/ros/jazzy DEBUGINFOD_URLS=https://debuginfod.ubuntu.com GZ_SIM_RESOURCE_PATH=/home/toluwani-williams/slam_ws/install/slam_bot_description/share/slam_bot_description/models:${GZ_SIM_RESOURCE_PATH} /usr/bin/cmake /home/toluwani-williams/slam_ws/src/slam_bot_gazebo -DCMAKE_INSTALL_PREFIX=/home/toluwani-williams/slam_ws/install/slam_bot_gazebo
[3.977s] DEBUG:colcon.colcon_core.event_handler.log_command:Invoking command in '/home/toluwani-williams/slam_ws/build/slam_bot_gazebo': CMAKE_PREFIX_PATH=/home/toluwani-williams/slam_ws/install/slam_bot_description:/opt/ros/jazzy/opt/gz_launch_vendor:/opt/ros/jazzy/opt/gz_sim_vendor:/opt/ros/jazzy/opt/gz_sensors_vendor:/opt/ros/jazzy/opt/gz_physics_vendor:/opt/ros/jazzy/opt/sdformat_vendor:/opt/ros/jazzy/opt/gz_gui_vendor:/opt/ros/jazzy/opt/gz_transport_vendor:/opt/ros/jazzy/opt/gz_rendering_vendor:/opt/ros/jazzy/opt/gz_plugin_vendor:/opt/ros/jazzy/opt/gz_fuel_tools_vendor:/opt/ros/jazzy/opt/gz_msgs_vendor:/opt/ros/jazzy/opt/gz_common_vendor:/opt/ros/jazzy/opt/gz_math_vendor:/opt/ros/jazzy/opt/gz_utils_vendor:/opt/ros/jazzy/opt/gz_tools_vendor:/opt/ros/jazzy/opt/gz_ogre_next_vendor:/opt/ros/jazzy/opt/gz_dartsim_vendor:/opt/ros/jazzy/opt/gz_cmake_vendor:/home/toluwani-williams/slam_ws/install/slam_driver:/home/toluwani-williams/slam_ws/install/slam_bot_bringup:/home/toluwani-williams/slam_ws/install/slam_bot_gazebo:/home/toluwani-williams/slam_ws/install/slam_bot_application:/home/toluwani-williams/slam_ws/install/ros_gz_example_bringup:/home/toluwani-williams/slam_ws/install/ros_gz_example_gazebo:/home/toluwani-williams/slam_ws/install/ros_gz_example_description:/home/toluwani-williams/slam_ws/install/ros_gz_example_application:/opt/ros/jazzy DEBUGINFOD_URLS=https://debuginfod.ubuntu.com GZ_SIM_RESOURCE_PATH=/home/toluwani-williams/slam_ws/install/slam_bot_description/share/slam_bot_description/models:${GZ_SIM_RESOURCE_PATH} /usr/bin/cmake --build /home/toluwani-williams/slam_ws/build/slam_bot_gazebo -- -j8 -l8
[4.162s] DEBUG:colcon.colcon_core.event_handler.log_command:Invoked command in '/home/toluwani-williams/slam_ws/build/slam_bot_gazebo' returned '0': CMAKE_PREFIX_PATH=/home/toluwani-williams/slam_ws/install/slam_bot_description:/opt/ros/jazzy/opt/gz_launch_vendor:/opt/ros/jazzy/opt/gz_sim_vendor:/opt/ros/jazzy/opt/gz_sensors_vendor:/opt/ros/jazzy/opt/gz_physics_vendor:/opt/ros/jazzy/opt/sdformat_vendor:/opt/ros/jazzy/opt/gz_gui_vendor:/opt/ros/jazzy/opt/gz_transport_vendor:/opt/ros/jazzy/opt/gz_rendering_vendor:/opt/ros/jazzy/opt/gz_plugin_vendor:/opt/ros/jazzy/opt/gz_fuel_tools_vendor:/opt/ros/jazzy/opt/gz_msgs_vendor:/opt/ros/jazzy/opt/gz_common_vendor:/opt/ros/jazzy/opt/gz_math_vendor:/opt/ros/jazzy/opt/gz_utils_vendor:/opt/ros/jazzy/opt/gz_tools_vendor:/opt/ros/jazzy/opt/gz_ogre_next_vendor:/opt/ros/jazzy/opt/gz_dartsim_vendor:/opt/ros/jazzy/opt/gz_cmake_vendor:/home/toluwani-williams/slam_ws/install/slam_driver:/home/toluwani-williams/slam_ws/install/slam_bot_bringup:/home/toluwani-williams/slam_ws/install/slam_bot_gazebo:/home/toluwani-williams/slam_ws/install/slam_bot_application:/home/toluwani-williams/slam_ws/install/ros_gz_example_bringup:/home/toluwani-williams/slam_ws/install/ros_gz_example_gazebo:/home/toluwani-williams/slam_ws/install/ros_gz_example_description:/home/toluwani-williams/slam_ws/install/ros_gz_example_application:/opt/ros/jazzy DEBUGINFOD_URLS=https://debuginfod.ubuntu.com GZ_SIM_RESOURCE_PATH=/home/toluwani-williams/slam_ws/install/slam_bot_description/share/slam_bot_description/models:${GZ_SIM_RESOURCE_PATH} /usr/bin/cmake --build /home/toluwani-williams/slam_ws/build/slam_bot_gazebo -- -j8 -l8
[4.164s] DEBUG:colcon.colcon_core.event_handler.log_command:Invoking command in '/home/toluwani-williams/slam_ws/build/slam_bot_gazebo': CMAKE_PREFIX_PATH=/home/toluwani-williams/slam_ws/install/slam_bot_description:/opt/ros/jazzy/opt/gz_launch_vendor:/opt/ros/jazzy/opt/gz_sim_vendor:/opt/ros/jazzy/opt/gz_sensors_vendor:/opt/ros/jazzy/opt/gz_physics_vendor:/opt/ros/jazzy/opt/sdformat_vendor:/opt/ros/jazzy/opt/gz_gui_vendor:/opt/ros/jazzy/opt/gz_transport_vendor:/opt/ros/jazzy/opt/gz_rendering_vendor:/opt/ros/jazzy/opt/gz_plugin_vendor:/opt/ros/jazzy/opt/gz_fuel_tools_vendor:/opt/ros/jazzy/opt/gz_msgs_vendor:/opt/ros/jazzy/opt/gz_common_vendor:/opt/ros/jazzy/opt/gz_math_vendor:/opt/ros/jazzy/opt/gz_utils_vendor:/opt/ros/jazzy/opt/gz_tools_vendor:/opt/ros/jazzy/opt/gz_ogre_next_vendor:/opt/ros/jazzy/opt/gz_dartsim_vendor:/opt/ros/jazzy/opt/gz_cmake_vendor:/home/toluwani-williams/slam_ws/install/slam_driver:/home/toluwani-williams/slam_ws/install/slam_bot_bringup:/home/toluwani-williams/slam_ws/install/slam_bot_gazebo:/home/toluwani-williams/slam_ws/install/slam_bot_application:/home/toluwani-williams/slam_ws/install/ros_gz_example_bringup:/home/toluwani-williams/slam_ws/install/ros_gz_example_gazebo:/home/toluwani-williams/slam_ws/install/ros_gz_example_description:/home/toluwani-williams/slam_ws/install/ros_gz_example_application:/opt/ros/jazzy DEBUGINFOD_URLS=https://debuginfod.ubuntu.com GZ_SIM_RESOURCE_PATH=/home/toluwani-williams/slam_ws/install/slam_bot_description/share/slam_bot_description/models:${GZ_SIM_RESOURCE_PATH} /usr/bin/cmake --install /home/toluwani-williams/slam_ws/build/slam_bot_gazebo
[4.194s] Level 1:colcon.colcon_core.environment:create_environment_scripts_only(slam_bot_gazebo)
[4.194s] Level 1:colcon.colcon_core.environment:checking '/home/toluwani-williams/slam_ws/install/slam_bot_gazebo' for CMake module files
[4.196s] DEBUG:colcon.colcon_core.event_handler.log_command:Invoked command in '/home/toluwani-williams/slam_ws/build/slam_bot_gazebo' returned '0': CMAKE_PREFIX_PATH=/home/toluwani-williams/slam_ws/install/slam_bot_description:/opt/ros/jazzy/opt/gz_launch_vendor:/opt/ros/jazzy/opt/gz_sim_vendor:/opt/ros/jazzy/opt/gz_sensors_vendor:/opt/ros/jazzy/opt/gz_physics_vendor:/opt/ros/jazzy/opt/sdformat_vendor:/opt/ros/jazzy/opt/gz_gui_vendor:/opt/ros/jazzy/opt/gz_transport_vendor:/opt/ros/jazzy/opt/gz_rendering_vendor:/opt/ros/jazzy/opt/gz_plugin_vendor:/opt/ros/jazzy/opt/gz_fuel_tools_vendor:/opt/ros/jazzy/opt/gz_msgs_vendor:/opt/ros/jazzy/opt/gz_common_vendor:/opt/ros/jazzy/opt/gz_math_vendor:/opt/ros/jazzy/opt/gz_utils_vendor:/opt/ros/jazzy/opt/gz_tools_vendor:/opt/ros/jazzy/opt/gz_ogre_next_vendor:/opt/ros/jazzy/opt/gz_dartsim_vendor:/opt/ros/jazzy/opt/gz_cmake_vendor:/home/toluwani-williams/slam_ws/install/slam_driver:/home/toluwani-williams/slam_ws/install/slam_bot_bringup:/home/toluwani-williams/slam_ws/install/slam_bot_gazebo:/home/toluwani-williams/slam_ws/install/slam_bot_application:/home/toluwani-williams/slam_ws/install/ros_gz_example_bringup:/home/toluwani-williams/slam_ws/install/ros_gz_example_gazebo:/home/toluwani-williams/slam_ws/install/ros_gz_example_description:/home/toluwani-williams/slam_ws/install/ros_gz_example_application:/opt/ros/jazzy DEBUGINFOD_URLS=https://debuginfod.ubuntu.com GZ_SIM_RESOURCE_PATH=/home/toluwani-williams/slam_ws/install/slam_bot_description/share/slam_bot_description/models:${GZ_SIM_RESOURCE_PATH} /usr/bin/cmake --install /home/toluwani-williams/slam_ws/build/slam_bot_gazebo
[4.198s] Level 1:colcon.colcon_core.environment:checking '/home/toluwani-williams/slam_ws/install/slam_bot_gazebo' for CMake config files
[4.201s] Level 1:colcon.colcon_core.shell:create_environment_hook('slam_bot_gazebo', 'cmake_prefix_path')
[4.202s] INFO:colcon.colcon_core.shell:Creating environment hook '/home/toluwani-williams/slam_ws/install/slam_bot_gazebo/share/slam_bot_gazebo/hook/cmake_prefix_path.ps1'
[4.203s] INFO:colcon.colcon_core.shell:Creating environment descriptor '/home/toluwani-williams/slam_ws/install/slam_bot_gazebo/share/slam_bot_gazebo/hook/cmake_prefix_path.dsv'
[4.204s] INFO:colcon.colcon_core.shell:Creating environment hook '/home/toluwani-williams/slam_ws/install/slam_bot_gazebo/share/slam_bot_gazebo/hook/cmake_prefix_path.sh'
[4.206s] Level 1:colcon.colcon_core.environment:checking '/home/toluwani-williams/slam_ws/install/slam_bot_gazebo/lib'
[4.206s] Level 1:colcon.colcon_core.environment:checking '/home/toluwani-williams/slam_ws/install/slam_bot_gazebo/bin'
[4.206s] Level 1:colcon.colcon_core.environment:checking '/home/toluwani-williams/slam_ws/install/slam_bot_gazebo/lib/pkgconfig/slam_bot_gazebo.pc'
[4.207s] Level 1:colcon.colcon_core.environment:checking '/home/toluwani-williams/slam_ws/install/slam_bot_gazebo/lib/python3.12/site-packages'
[4.208s] Level 1:colcon.colcon_core.environment:checking '/home/toluwani-williams/slam_ws/install/slam_bot_gazebo/bin'
[4.208s] INFO:colcon.colcon_core.shell:Creating package script '/home/toluwani-williams/slam_ws/install/slam_bot_gazebo/share/slam_bot_gazebo/package.ps1'
[4.210s] INFO:colcon.colcon_core.shell:Creating package descriptor '/home/toluwani-williams/slam_ws/install/slam_bot_gazebo/share/slam_bot_gazebo/package.dsv'
[4.211s] INFO:colcon.colcon_core.shell:Creating package script '/home/toluwani-williams/slam_ws/install/slam_bot_gazebo/share/slam_bot_gazebo/package.sh'
[4.212s] INFO:colcon.colcon_core.shell:Creating package script '/home/toluwani-williams/slam_ws/install/slam_bot_gazebo/share/slam_bot_gazebo/package.bash'
[4.213s] INFO:colcon.colcon_core.shell:Creating package script '/home/toluwani-williams/slam_ws/install/slam_bot_gazebo/share/slam_bot_gazebo/package.zsh'
[4.214s] Level 1:colcon.colcon_core.environment:create_file_with_runtime_dependencies(/home/toluwani-williams/slam_ws/install/slam_bot_gazebo/share/colcon-core/packages/slam_bot_gazebo)
[4.215s] Level 1:colcon.colcon_core.environment:create_environment_scripts_only(slam_bot_gazebo)
[4.216s] Level 1:colcon.colcon_core.environment:checking '/home/toluwani-williams/slam_ws/install/slam_bot_gazebo' for CMake module files
[4.217s] Level 1:colcon.colcon_core.environment:checking '/home/toluwani-williams/slam_ws/install/slam_bot_gazebo' for CMake config files
[4.218s] Level 1:colcon.colcon_core.shell:create_environment_hook('slam_bot_gazebo', 'cmake_prefix_path')
[4.218s] INFO:colcon.colcon_core.shell:Creating environment hook '/home/toluwani-williams/slam_ws/install/slam_bot_gazebo/share/slam_bot_gazebo/hook/cmake_prefix_path.ps1'
[4.219s] INFO:colcon.colcon_core.shell:Creating environment descriptor '/home/toluwani-williams/slam_ws/install/slam_bot_gazebo/share/slam_bot_gazebo/hook/cmake_prefix_path.dsv'
[4.220s] INFO:colcon.colcon_core.shell:Creating environment hook '/home/toluwani-williams/slam_ws/install/slam_bot_gazebo/share/slam_bot_gazebo/hook/cmake_prefix_path.sh'
[4.222s] Level 1:colcon.colcon_core.environment:checking '/home/toluwani-williams/slam_ws/install/slam_bot_gazebo/lib'
[4.222s] Level 1:colcon.colcon_core.environment:checking '/home/toluwani-williams/slam_ws/install/slam_bot_gazebo/bin'
[4.222s] Level 1:colcon.colcon_core.environment:checking '/home/toluwani-williams/slam_ws/install/slam_bot_gazebo/lib/pkgconfig/slam_bot_gazebo.pc'
[4.223s] Level 1:colcon.colcon_core.environment:checking '/home/toluwani-williams/slam_ws/install/slam_bot_gazebo/lib/python3.12/site-packages'
[4.223s] Level 1:colcon.colcon_core.environment:checking '/home/toluwani-williams/slam_ws/install/slam_bot_gazebo/bin'
[4.224s] INFO:colcon.colcon_core.shell:Creating package script '/home/toluwani-williams/slam_ws/install/slam_bot_gazebo/share/slam_bot_gazebo/package.ps1'
[4.225s] INFO:colcon.colcon_core.shell:Creating package descriptor '/home/toluwani-williams/slam_ws/install/slam_bot_gazebo/share/slam_bot_gazebo/package.dsv'
[4.227s] INFO:colcon.colcon_core.shell:Creating package script '/home/toluwani-williams/slam_ws/install/slam_bot_gazebo/share/slam_bot_gazebo/package.sh'
[4.229s] INFO:colcon.colcon_core.shell:Creating package script '/home/toluwani-williams/slam_ws/install/slam_bot_gazebo/share/slam_bot_gazebo/package.bash'
[4.231s] INFO:colcon.colcon_core.shell:Creating package script '/home/toluwani-williams/slam_ws/install/slam_bot_gazebo/share/slam_bot_gazebo/package.zsh'
[4.232s] Level 1:colcon.colcon_core.environment:create_file_with_runtime_dependencies(/home/toluwani-williams/slam_ws/install/slam_bot_gazebo/share/colcon-core/packages/slam_bot_gazebo)
[4.233s] INFO:colcon.colcon_ros.task.ament_cmake.build:Building ROS package in '/home/toluwani-williams/slam_ws/src/slam_bot_bringup' with build type 'ament_cmake'
[4.234s] INFO:colcon.colcon_cmake.task.cmake.build:Building CMake package in '/home/toluwani-williams/slam_ws/src/slam_bot_bringup'
[4.234s] INFO:colcon.colcon_core.shell:Skip shell extension 'powershell' for command environment: Not usable outside of PowerShell
[4.235s] DEBUG:colcon.colcon_core.shell:Skip shell extension 'dsv' for command environment
[4.267s] DEBUG:colcon.colcon_core.event_handler.log_command:Invoking command in '/home/toluwani-williams/slam_ws/build/slam_bot_bringup': CMAKE_PREFIX_PATH=/home/toluwani-williams/slam_ws/install/slam_bot_gazebo:/home/toluwani-williams/slam_ws/install/slam_bot_description:/opt/ros/jazzy/opt/gz_launch_vendor:/opt/ros/jazzy/opt/gz_sim_vendor:/opt/ros/jazzy/opt/gz_sensors_vendor:/opt/ros/jazzy/opt/gz_physics_vendor:/opt/ros/jazzy/opt/sdformat_vendor:/opt/ros/jazzy/opt/gz_gui_vendor:/opt/ros/jazzy/opt/gz_transport_vendor:/opt/ros/jazzy/opt/gz_rendering_vendor:/opt/ros/jazzy/opt/gz_plugin_vendor:/opt/ros/jazzy/opt/gz_fuel_tools_vendor:/opt/ros/jazzy/opt/gz_msgs_vendor:/opt/ros/jazzy/opt/gz_common_vendor:/opt/ros/jazzy/opt/gz_math_vendor:/opt/ros/jazzy/opt/gz_utils_vendor:/opt/ros/jazzy/opt/gz_tools_vendor:/opt/ros/jazzy/opt/gz_ogre_next_vendor:/opt/ros/jazzy/opt/gz_dartsim_vendor:/opt/ros/jazzy/opt/gz_cmake_vendor:/home/toluwani-williams/slam_ws/install/slam_driver:/home/toluwani-williams/slam_ws/install/slam_bot_bringup:/home/toluwani-williams/slam_ws/install/slam_bot_application:/home/toluwani-williams/slam_ws/install/ros_gz_example_bringup:/home/toluwani-williams/slam_ws/install/ros_gz_example_gazebo:/home/toluwani-williams/slam_ws/install/ros_gz_example_description:/home/toluwani-williams/slam_ws/install/ros_gz_example_application:/opt/ros/jazzy DEBUGINFOD_URLS=https://debuginfod.ubuntu.com GZ_SIM_PLUGIN_PATH=/home/toluwani-williams/slam_ws/install/slam_bot_gazebo/lib/slam_bot_gazebo GZ_SIM_RESOURCE_PATH=/home/toluwani-williams/slam_ws/install/slam_bot_description/share/slam_bot_description/models:${GZ_SIM_RESOURCE_PATH} /usr/bin/cmake /home/toluwani-williams/slam_ws/src/slam_bot_bringup -DCMAKE_INSTALL_PREFIX=/home/toluwani-williams/slam_ws/install/slam_bot_bringup
[4.820s] DEBUG:colcon.colcon_core.event_handler.log_command:Invoked command in '/home/toluwani-williams/slam_ws/build/slam_bot_bringup' returned '0': CMAKE_PREFIX_PATH=/home/toluwani-williams/slam_ws/install/slam_bot_gazebo:/home/toluwani-williams/slam_ws/install/slam_bot_description:/opt/ros/jazzy/opt/gz_launch_vendor:/opt/ros/jazzy/opt/gz_sim_vendor:/opt/ros/jazzy/opt/gz_sensors_vendor:/opt/ros/jazzy/opt/gz_physics_vendor:/opt/ros/jazzy/opt/sdformat_vendor:/opt/ros/jazzy/opt/gz_gui_vendor:/opt/ros/jazzy/opt/gz_transport_vendor:/opt/ros/jazzy/opt/gz_rendering_vendor:/opt/ros/jazzy/opt/gz_plugin_vendor:/opt/ros/jazzy/opt/gz_fuel_tools_vendor:/opt/ros/jazzy/opt/gz_msgs_vendor:/opt/ros/jazzy/opt/gz_common_vendor:/opt/ros/jazzy/opt/gz_math_vendor:/opt/ros/jazzy/opt/gz_utils_vendor:/opt/ros/jazzy/opt/gz_tools_vendor:/opt/ros/jazzy/opt/gz_ogre_next_vendor:/opt/ros/jazzy/opt/gz_dartsim_vendor:/opt/ros/jazzy/opt/gz_cmake_vendor:/home/toluwani-williams/slam_ws/install/slam_driver:/home/toluwani-williams/slam_ws/install/slam_bot_bringup:/home/toluwani-williams/slam_ws/install/slam_bot_application:/home/toluwani-williams/slam_ws/install/ros_gz_example_bringup:/home/toluwani-williams/slam_ws/install/ros_gz_example_gazebo:/home/toluwani-williams/slam_ws/install/ros_gz_example_description:/home/toluwani-williams/slam_ws/install/ros_gz_example_application:/opt/ros/jazzy DEBUGINFOD_URLS=https://debuginfod.ubuntu.com GZ_SIM_PLUGIN_PATH=/home/toluwani-williams/slam_ws/install/slam_bot_gazebo/lib/slam_bot_gazebo GZ_SIM_RESOURCE_PATH=/home/toluwani-williams/slam_ws/install/slam_bot_description/share/slam_bot_description/models:${GZ_SIM_RESOURCE_PATH} /usr/bin/cmake /home/toluwani-williams/slam_ws/src/slam_bot_bringup -DCMAKE_INSTALL_PREFIX=/home/toluwani-williams/slam_ws/install/slam_bot_bringup
[4.823s] DEBUG:colcon.colcon_core.event_handler.log_command:Invoking command in '/home/toluwani-williams/slam_ws/build/slam_bot_bringup': CMAKE_PREFIX_PATH=/home/toluwani-williams/slam_ws/install/slam_bot_gazebo:/home/toluwani-williams/slam_ws/install/slam_bot_description:/opt/ros/jazzy/opt/gz_launch_vendor:/opt/ros/jazzy/opt/gz_sim_vendor:/opt/ros/jazzy/opt/gz_sensors_vendor:/opt/ros/jazzy/opt/gz_physics_vendor:/opt/ros/jazzy/opt/sdformat_vendor:/opt/ros/jazzy/opt/gz_gui_vendor:/opt/ros/jazzy/opt/gz_transport_vendor:/opt/ros/jazzy/opt/gz_rendering_vendor:/opt/ros/jazzy/opt/gz_plugin_vendor:/opt/ros/jazzy/opt/gz_fuel_tools_vendor:/opt/ros/jazzy/opt/gz_msgs_vendor:/opt/ros/jazzy/opt/gz_common_vendor:/opt/ros/jazzy/opt/gz_math_vendor:/opt/ros/jazzy/opt/gz_utils_vendor:/opt/ros/jazzy/opt/gz_tools_vendor:/opt/ros/jazzy/opt/gz_ogre_next_vendor:/opt/ros/jazzy/opt/gz_dartsim_vendor:/opt/ros/jazzy/opt/gz_cmake_vendor:/home/toluwani-williams/slam_ws/install/slam_driver:/home/toluwani-williams/slam_ws/install/slam_bot_bringup:/home/toluwani-williams/slam_ws/install/slam_bot_application:/home/toluwani-williams/slam_ws/install/ros_gz_example_bringup:/home/toluwani-williams/slam_ws/install/ros_gz_example_gazebo:/home/toluwani-williams/slam_ws/install/ros_gz_example_description:/home/toluwani-williams/slam_ws/install/ros_gz_example_application:/opt/ros/jazzy DEBUGINFOD_URLS=https://debuginfod.ubuntu.com GZ_SIM_PLUGIN_PATH=/home/toluwani-williams/slam_ws/install/slam_bot_gazebo/lib/slam_bot_gazebo GZ_SIM_RESOURCE_PATH=/home/toluwani-williams/slam_ws/install/slam_bot_description/share/slam_bot_description/models:${GZ_SIM_RESOURCE_PATH} /usr/bin/cmake --build /home/toluwani-williams/slam_ws/build/slam_bot_bringup -- -j8 -l8
[4.913s] DEBUG:colcon.colcon_core.event_handler.log_command:Invoked command in '/home/toluwani-williams/slam_ws/build/slam_bot_bringup' returned '0': CMAKE_PREFIX_PATH=/home/toluwani-williams/slam_ws/install/slam_bot_gazebo:/home/toluwani-williams/slam_ws/install/slam_bot_description:/opt/ros/jazzy/opt/gz_launch_vendor:/opt/ros/jazzy/opt/gz_sim_vendor:/opt/ros/jazzy/opt/gz_sensors_vendor:/opt/ros/jazzy/opt/gz_physics_vendor:/opt/ros/jazzy/opt/sdformat_vendor:/opt/ros/jazzy/opt/gz_gui_vendor:/opt/ros/jazzy/opt/gz_transport_vendor:/opt/ros/jazzy/opt/gz_rendering_vendor:/opt/ros/jazzy/opt/gz_plugin_vendor:/opt/ros/jazzy/opt/gz_fuel_tools_vendor:/opt/ros/jazzy/opt/gz_msgs_vendor:/opt/ros/jazzy/opt/gz_common_vendor:/opt/ros/jazzy/opt/gz_math_vendor:/opt/ros/jazzy/opt/gz_utils_vendor:/opt/ros/jazzy/opt/gz_tools_vendor:/opt/ros/jazzy/opt/gz_ogre_next_vendor:/opt/ros/jazzy/opt/gz_dartsim_vendor:/opt/ros/jazzy/opt/gz_cmake_vendor:/home/toluwani-williams/slam_ws/install/slam_driver:/home/toluwani-williams/slam_ws/install/slam_bot_bringup:/home/toluwani-williams/slam_ws/install/slam_bot_application:/home/toluwani-williams/slam_ws/install/ros_gz_example_bringup:/home/toluwani-williams/slam_ws/install/ros_gz_example_gazebo:/home/toluwani-williams/slam_ws/install/ros_gz_example_description:/home/toluwani-williams/slam_ws/install/ros_gz_example_application:/opt/ros/jazzy DEBUGINFOD_URLS=https://debuginfod.ubuntu.com GZ_SIM_PLUGIN_PATH=/home/toluwani-williams/slam_ws/install/slam_bot_gazebo/lib/slam_bot_gazebo GZ_SIM_RESOURCE_PATH=/home/toluwani-williams/slam_ws/install/slam_bot_description/share/slam_bot_description/models:${GZ_SIM_RESOURCE_PATH} /usr/bin/cmake --build /home/toluwani-williams/slam_ws/build/slam_bot_bringup -- -j8 -l8
[4.917s] DEBUG:colcon.colcon_core.event_handler.log_command:Invoking command in '/home/toluwani-williams/slam_ws/build/slam_bot_bringup': CMAKE_PREFIX_PATH=/home/toluwani-williams/slam_ws/install/slam_bot_gazebo:/home/toluwani-williams/slam_ws/install/slam_bot_description:/opt/ros/jazzy/opt/gz_launch_vendor:/opt/ros/jazzy/opt/gz_sim_vendor:/opt/ros/jazzy/opt/gz_sensors_vendor:/opt/ros/jazzy/opt/gz_physics_vendor:/opt/ros/jazzy/opt/sdformat_vendor:/opt/ros/jazzy/opt/gz_gui_vendor:/opt/ros/jazzy/opt/gz_transport_vendor:/opt/ros/jazzy/opt/gz_rendering_vendor:/opt/ros/jazzy/opt/gz_plugin_vendor:/opt/ros/jazzy/opt/gz_fuel_tools_vendor:/opt/ros/jazzy/opt/gz_msgs_vendor:/opt/ros/jazzy/opt/gz_common_vendor:/opt/ros/jazzy/opt/gz_math_vendor:/opt/ros/jazzy/opt/gz_utils_vendor:/opt/ros/jazzy/opt/gz_tools_vendor:/opt/ros/jazzy/opt/gz_ogre_next_vendor:/opt/ros/jazzy/opt/gz_dartsim_vendor:/opt/ros/jazzy/opt/gz_cmake_vendor:/home/toluwani-williams/slam_ws/install/slam_driver:/home/toluwani-williams/slam_ws/install/slam_bot_bringup:/home/toluwani-williams/slam_ws/install/slam_bot_application:/home/toluwani-williams/slam_ws/install/ros_gz_example_bringup:/home/toluwani-williams/slam_ws/install/ros_gz_example_gazebo:/home/toluwani-williams/slam_ws/install/ros_gz_example_description:/home/toluwani-williams/slam_ws/install/ros_gz_example_application:/opt/ros/jazzy DEBUGINFOD_URLS=https://debuginfod.ubuntu.com GZ_SIM_PLUGIN_PATH=/home/toluwani-williams/slam_ws/install/slam_bot_gazebo/lib/slam_bot_gazebo GZ_SIM_RESOURCE_PATH=/home/toluwani-williams/slam_ws/install/slam_bot_description/share/slam_bot_description/models:${GZ_SIM_RESOURCE_PATH} /usr/bin/cmake --install /home/toluwani-williams/slam_ws/build/slam_bot_bringup
[4.941s] Level 1:colcon.colcon_core.environment:create_environment_scripts_only(slam_bot_bringup)
[4.941s] Level 1:colcon.colcon_core.environment:checking '/home/toluwani-williams/slam_ws/install/slam_bot_bringup' for CMake module files
[4.942s] DEBUG:colcon.colcon_core.event_handler.log_command:Invoked command in '/home/toluwani-williams/slam_ws/build/slam_bot_bringup' returned '0': CMAKE_PREFIX_PATH=/home/toluwani-williams/slam_ws/install/slam_bot_gazebo:/home/toluwani-williams/slam_ws/install/slam_bot_description:/opt/ros/jazzy/opt/gz_launch_vendor:/opt/ros/jazzy/opt/gz_sim_vendor:/opt/ros/jazzy/opt/gz_sensors_vendor:/opt/ros/jazzy/opt/gz_physics_vendor:/opt/ros/jazzy/opt/sdformat_vendor:/opt/ros/jazzy/opt/gz_gui_vendor:/opt/ros/jazzy/opt/gz_transport_vendor:/opt/ros/jazzy/opt/gz_rendering_vendor:/opt/ros/jazzy/opt/gz_plugin_vendor:/opt/ros/jazzy/opt/gz_fuel_tools_vendor:/opt/ros/jazzy/opt/gz_msgs_vendor:/opt/ros/jazzy/opt/gz_common_vendor:/opt/ros/jazzy/opt/gz_math_vendor:/opt/ros/jazzy/opt/gz_utils_vendor:/opt/ros/jazzy/opt/gz_tools_vendor:/opt/ros/jazzy/opt/gz_ogre_next_vendor:/opt/ros/jazzy/opt/gz_dartsim_vendor:/opt/ros/jazzy/opt/gz_cmake_vendor:/home/toluwani-williams/slam_ws/install/slam_driver:/home/toluwani-williams/slam_ws/install/slam_bot_bringup:/home/toluwani-williams/slam_ws/install/slam_bot_application:/home/toluwani-williams/slam_ws/install/ros_gz_example_bringup:/home/toluwani-williams/slam_ws/install/ros_gz_example_gazebo:/home/toluwani-williams/slam_ws/install/ros_gz_example_description:/home/toluwani-williams/slam_ws/install/ros_gz_example_application:/opt/ros/jazzy DEBUGINFOD_URLS=https://debuginfod.ubuntu.com GZ_SIM_PLUGIN_PATH=/home/toluwani-williams/slam_ws/install/slam_bot_gazebo/lib/slam_bot_gazebo GZ_SIM_RESOURCE_PATH=/home/toluwani-williams/slam_ws/install/slam_bot_description/share/slam_bot_description/models:${GZ_SIM_RESOURCE_PATH} /usr/bin/cmake --install /home/toluwani-williams/slam_ws/build/slam_bot_bringup
[4.944s] Level 1:colcon.colcon_core.environment:checking '/home/toluwani-williams/slam_ws/install/slam_bot_bringup' for CMake config files
[4.947s] Level 1:colcon.colcon_core.shell:create_environment_hook('slam_bot_bringup', 'cmake_prefix_path')
[4.947s] INFO:colcon.colcon_core.shell:Creating environment hook '/home/toluwani-williams/slam_ws/install/slam_bot_bringup/share/slam_bot_bringup/hook/cmake_prefix_path.ps1'
[4.949s] INFO:colcon.colcon_core.shell:Creating environment descriptor '/home/toluwani-williams/slam_ws/install/slam_bot_bringup/share/slam_bot_bringup/hook/cmake_prefix_path.dsv'
[4.950s] INFO:colcon.colcon_core.shell:Creating environment hook '/home/toluwani-williams/slam_ws/install/slam_bot_bringup/share/slam_bot_bringup/hook/cmake_prefix_path.sh'
[4.952s] Level 1:colcon.colcon_core.environment:checking '/home/toluwani-williams/slam_ws/install/slam_bot_bringup/bin'
[4.952s] Level 1:colcon.colcon_core.environment:checking '/home/toluwani-williams/slam_ws/install/slam_bot_bringup/lib/pkgconfig/slam_bot_bringup.pc'
[4.952s] Level 1:colcon.colcon_core.environment:checking '/home/toluwani-williams/slam_ws/install/slam_bot_bringup/lib/python3.12/site-packages'
[4.953s] Level 1:colcon.colcon_core.environment:checking '/home/toluwani-williams/slam_ws/install/slam_bot_bringup/bin'
[4.953s] INFO:colcon.colcon_core.shell:Creating package script '/home/toluwani-williams/slam_ws/install/slam_bot_bringup/share/slam_bot_bringup/package.ps1'
[4.954s] INFO:colcon.colcon_core.shell:Creating package descriptor '/home/toluwani-williams/slam_ws/install/slam_bot_bringup/share/slam_bot_bringup/package.dsv'
[4.955s] INFO:colcon.colcon_core.shell:Creating package script '/home/toluwani-williams/slam_ws/install/slam_bot_bringup/share/slam_bot_bringup/package.sh'
[4.956s] INFO:colcon.colcon_core.shell:Creating package script '/home/toluwani-williams/slam_ws/install/slam_bot_bringup/share/slam_bot_bringup/package.bash'
[4.956s] INFO:colcon.colcon_core.shell:Creating package script '/home/toluwani-williams/slam_ws/install/slam_bot_bringup/share/slam_bot_bringup/package.zsh'
[4.958s] Level 1:colcon.colcon_core.environment:create_file_with_runtime_dependencies(/home/toluwani-williams/slam_ws/install/slam_bot_bringup/share/colcon-core/packages/slam_bot_bringup)
[4.959s] Level 1:colcon.colcon_core.environment:create_environment_scripts_only(slam_bot_bringup)
[4.959s] Level 1:colcon.colcon_core.environment:checking '/home/toluwani-williams/slam_ws/install/slam_bot_bringup' for CMake module files
[4.960s] Level 1:colcon.colcon_core.environment:checking '/home/toluwani-williams/slam_ws/install/slam_bot_bringup' for CMake config files
[4.961s] Level 1:colcon.colcon_core.shell:create_environment_hook('slam_bot_bringup', 'cmake_prefix_path')
[4.961s] INFO:colcon.colcon_core.shell:Creating environment hook '/home/toluwani-williams/slam_ws/install/slam_bot_bringup/share/slam_bot_bringup/hook/cmake_prefix_path.ps1'
[4.962s] INFO:colcon.colcon_core.shell:Creating environment descriptor '/home/toluwani-williams/slam_ws/install/slam_bot_bringup/share/slam_bot_bringup/hook/cmake_prefix_path.dsv'
[4.963s] INFO:colcon.colcon_core.shell:Creating environment hook '/home/toluwani-williams/slam_ws/install/slam_bot_bringup/share/slam_bot_bringup/hook/cmake_prefix_path.sh'
[4.964s] Level 1:colcon.colcon_core.environment:checking '/home/toluwani-williams/slam_ws/install/slam_bot_bringup/bin'
[4.964s] Level 1:colcon.colcon_core.environment:checking '/home/toluwani-williams/slam_ws/install/slam_bot_bringup/lib/pkgconfig/slam_bot_bringup.pc'
[4.965s] Level 1:colcon.colcon_core.environment:checking '/home/toluwani-williams/slam_ws/install/slam_bot_bringup/lib/python3.12/site-packages'
[4.965s] Level 1:colcon.colcon_core.environment:checking '/home/toluwani-williams/slam_ws/install/slam_bot_bringup/bin'
[4.966s] INFO:colcon.colcon_core.shell:Creating package script '/home/toluwani-williams/slam_ws/install/slam_bot_bringup/share/slam_bot_bringup/package.ps1'
[4.967s] INFO:colcon.colcon_core.shell:Creating package descriptor '/home/toluwani-williams/slam_ws/install/slam_bot_bringup/share/slam_bot_bringup/package.dsv'
[4.969s] INFO:colcon.colcon_core.shell:Creating package script '/home/toluwani-williams/slam_ws/install/slam_bot_bringup/share/slam_bot_bringup/package.sh'
[4.971s] INFO:colcon.colcon_core.shell:Creating package script '/home/toluwani-williams/slam_ws/install/slam_bot_bringup/share/slam_bot_bringup/package.bash'
[4.972s] INFO:colcon.colcon_core.shell:Creating package script '/home/toluwani-williams/slam_ws/install/slam_bot_bringup/share/slam_bot_bringup/package.zsh'
[4.972s] Level 1:colcon.colcon_core.environment:create_file_with_runtime_dependencies(/home/toluwani-williams/slam_ws/install/slam_bot_bringup/share/colcon-core/packages/slam_bot_bringup)
[4.973s] DEBUG:colcon.colcon_parallel_executor.executor.parallel:closing loop
[4.973s] DEBUG:colcon.colcon_parallel_executor.executor.parallel:loop closed
[4.973s] DEBUG:colcon.colcon_parallel_executor.executor.parallel:run_until_complete finished with '0'
[4.973s] DEBUG:colcon.colcon_core.event_reactor:joining thread
[4.991s] INFO:colcon.colcon_core.plugin_system:Skipping extension 'colcon_notification.desktop_notification.terminal_notifier': Not used on non-Darwin systems
[4.991s] INFO:colcon.colcon_core.plugin_system:Skipping extension 'colcon_notification.desktop_notification.win32': Not used on non-Windows systems
[4.992s] INFO:colcon.colcon_notification.desktop_notification:Sending desktop notification using 'notify2'
[5.028s] DEBUG:colcon.colcon_core.event_reactor:joined thread
[5.029s] INFO:colcon.colcon_core.shell:Creating prefix script '/home/toluwani-williams/slam_ws/install/local_setup.ps1'
[5.031s] INFO:colcon.colcon_core.shell:Creating prefix util module '/home/toluwani-williams/slam_ws/install/_local_setup_util_ps1.py'
[5.035s] INFO:colcon.colcon_core.shell:Creating prefix chain script '/home/toluwani-williams/slam_ws/install/setup.ps1'
[5.039s] INFO:colcon.colcon_core.shell:Creating prefix script '/home/toluwani-williams/slam_ws/install/local_setup.sh'
[5.041s] INFO:colcon.colcon_core.shell:Creating prefix util module '/home/toluwani-williams/slam_ws/install/_local_setup_util_sh.py'
[5.043s] INFO:colcon.colcon_core.shell:Creating prefix chain script '/home/toluwani-williams/slam_ws/install/setup.sh'
[5.048s] INFO:colcon.colcon_core.shell:Creating prefix script '/home/toluwani-williams/slam_ws/install/local_setup.bash'
[5.050s] INFO:colcon.colcon_core.shell:Creating prefix chain script '/home/toluwani-williams/slam_ws/install/setup.bash'
[5.054s] INFO:colcon.colcon_core.shell:Creating prefix script '/home/toluwani-williams/slam_ws/install/local_setup.zsh'
[5.055s] INFO:colcon.colcon_core.shell:Creating prefix chain script '/home/toluwani-williams/slam_ws/install/setup.zsh'
