[0.171s] DEBUG:colcon:Command line arguments: ['/usr/bin/colcon', 'build', '--cmake-args', '-DBUILD_TESTING=ON']
[0.171s] DEBUG:colcon:Parsed command line arguments: Namespace(log_base=None, log_level=None, verb_name='build', build_base='build', install_base='install', merge_install=False, symlink_install=False, test_result_base=None, continue_on_error=False, executor='parallel', parallel_workers=8, event_handlers=None, ignore_user_meta=False, metas=['./colcon.meta'], base_paths=['.'], packages_ignore=None, packages_ignore_regex=None, paths=None, packages_up_to=None, packages_up_to_regex=None, packages_above=None, packages_above_and_dependencies=None, packages_above_depth=None, packages_select_by_dep=None, packages_skip_by_dep=None, packages_skip_up_to=None, packages_select_build_failed=False, packages_skip_build_finished=False, packages_select_test_failures=False, packages_skip_test_passed=False, packages_select=None, packages_skip=None, packages_select_regex=None, packages_skip_regex=None, packages_start=None, packages_end=None, allow_overriding=[], cmake_args=['-DBUILD_TESTING=ON'], cmake_target=None, cmake_target_skip_unavailable=False, cmake_clean_cache=False, cmake_clean_first=False, cmake_force_configure=False, ament_cmake_args=None, catkin_cmake_args=None, catkin_skip_building_tests=False, mixin_files=None, mixin=None, verb_parser=<colcon_mixin.mixin.mixin_argument.MixinArgumentDecorator object at 0x760779389040>, verb_extension=<colcon_core.verb.build.BuildVerb object at 0x76077a3ea6c0>, main=<bound method BuildVerb.main of <colcon_core.verb.build.BuildVerb object at 0x76077a3ea6c0>>, mixin_verb=('build',))
[0.217s] Level 1:colcon.colcon_core.package_discovery:discover_packages(colcon_meta) check parameters
[0.218s] Level 1:colcon.colcon_core.package_discovery:discover_packages(recursive) check parameters
[0.218s] Level 1:colcon.colcon_core.package_discovery:discover_packages(ignore) check parameters
[0.218s] Level 1:colcon.colcon_core.package_discovery:discover_packages(path) check parameters
[0.218s] Level 1:colcon.colcon_core.package_discovery:discover_packages(colcon_meta) discover
[0.218s] Level 1:colcon.colcon_core.package_discovery:discover_packages(recursive) discover
[0.218s] INFO:colcon.colcon_core.package_discovery:Crawling recursively for packages in '/home/toluwani-williams/slam_ws'
[0.218s] Level 1:colcon.colcon_core.package_identification:_identify(.) by extensions ['ignore', 'ignore_ament_install']
[0.218s] Level 1:colcon.colcon_core.package_identification:_identify(.) by extension 'ignore'
[0.218s] Level 1:colcon.colcon_core.package_identification:_identify(.) by extension 'ignore_ament_install'
[0.218s] Level 1:colcon.colcon_core.package_identification:_identify(.) by extensions ['colcon_pkg']
[0.218s] Level 1:colcon.colcon_core.package_identification:_identify(.) by extension 'colcon_pkg'
[0.219s] Level 1:colcon.colcon_core.package_identification:_identify(.) by extensions ['colcon_meta']
[0.219s] Level 1:colcon.colcon_core.package_identification:_identify(.) by extension 'colcon_meta'
[0.219s] Level 1:colcon.colcon_core.package_identification:_identify(.) by extensions ['ros']
[0.219s] Level 1:colcon.colcon_core.package_identification:_identify(.) by extension 'ros'
[0.249s] Level 1:colcon.colcon_core.package_identification:_identify(.) by extensions ['cmake', 'python']
[0.249s] Level 1:colcon.colcon_core.package_identification:_identify(.) by extension 'cmake'
[0.249s] Level 1:colcon.colcon_core.package_identification:_identify(.) by extension 'python'
[0.249s] Level 1:colcon.colcon_core.package_identification:_identify(.) by extensions ['python_setup_py']
[0.249s] Level 1:colcon.colcon_core.package_identification:_identify(.) by extension 'python_setup_py'
[0.249s] Level 1:colcon.colcon_core.package_identification:_identify(build) by extensions ['ignore', 'ignore_ament_install']
[0.249s] Level 1:colcon.colcon_core.package_identification:_identify(build) by extension 'ignore'
[0.250s] Level 1:colcon.colcon_core.package_identification:_identify(build) ignored
[0.250s] Level 1:colcon.colcon_core.package_identification:_identify(install) by extensions ['ignore', 'ignore_ament_install']
[0.250s] Level 1:colcon.colcon_core.package_identification:_identify(install) by extension 'ignore'
[0.250s] Level 1:colcon.colcon_core.package_identification:_identify(install) ignored
[0.250s] Level 1:colcon.colcon_core.package_identification:_identify(log) by extensions ['ignore', 'ignore_ament_install']
[0.250s] Level 1:colcon.colcon_core.package_identification:_identify(log) by extension 'ignore'
[0.250s] Level 1:colcon.colcon_core.package_identification:_identify(log) ignored
[0.250s] Level 1:colcon.colcon_core.package_identification:_identify(src) by extensions ['ignore', 'ignore_ament_install']
[0.250s] Level 1:colcon.colcon_core.package_identification:_identify(src) by extension 'ignore'
[0.250s] Level 1:colcon.colcon_core.package_identification:_identify(src) by extension 'ignore_ament_install'
[0.250s] Level 1:colcon.colcon_core.package_identification:_identify(src) by extensions ['colcon_pkg']
[0.250s] Level 1:colcon.colcon_core.package_identification:_identify(src) by extension 'colcon_pkg'
[0.251s] Level 1:colcon.colcon_core.package_identification:_identify(src) by extensions ['colcon_meta']
[0.251s] Level 1:colcon.colcon_core.package_identification:_identify(src) by extension 'colcon_meta'
[0.251s] Level 1:colcon.colcon_core.package_identification:_identify(src) by extensions ['ros']
[0.251s] Level 1:colcon.colcon_core.package_identification:_identify(src) by extension 'ros'
[0.251s] Level 1:colcon.colcon_core.package_identification:_identify(src) by extensions ['cmake', 'python']
[0.251s] Level 1:colcon.colcon_core.package_identification:_identify(src) by extension 'cmake'
[0.251s] Level 1:colcon.colcon_core.package_identification:_identify(src) by extension 'python'
[0.251s] Level 1:colcon.colcon_core.package_identification:_identify(src) by extensions ['python_setup_py']
[0.251s] Level 1:colcon.colcon_core.package_identification:_identify(src) by extension 'python_setup_py'
[0.251s] Level 1:colcon.colcon_core.package_identification:_identify(src/slam_bot_application) by extensions ['ignore', 'ignore_ament_install']
[0.251s] Level 1:colcon.colcon_core.package_identification:_identify(src/slam_bot_application) by extension 'ignore'
[0.251s] Level 1:colcon.colcon_core.package_identification:_identify(src/slam_bot_application) by extension 'ignore_ament_install'
[0.251s] Level 1:colcon.colcon_core.package_identification:_identify(src/slam_bot_application) by extensions ['colcon_pkg']
[0.251s] Level 1:colcon.colcon_core.package_identification:_identify(src/slam_bot_application) by extension 'colcon_pkg'
[0.251s] Level 1:colcon.colcon_core.package_identification:_identify(src/slam_bot_application) by extensions ['colcon_meta']
[0.251s] Level 1:colcon.colcon_core.package_identification:_identify(src/slam_bot_application) by extension 'colcon_meta'
[0.251s] Level 1:colcon.colcon_core.package_identification:_identify(src/slam_bot_application) by extensions ['ros']
[0.251s] Level 1:colcon.colcon_core.package_identification:_identify(src/slam_bot_application) by extension 'ros'
[0.254s] DEBUG:colcon.colcon_core.package_identification:Package 'src/slam_bot_application' with type 'ros.ament_cmake' and name 'slam_bot_application'
[0.254s] Level 1:colcon.colcon_core.package_identification:_identify(src/slam_bot_bringup) by extensions ['ignore', 'ignore_ament_install']
[0.254s] Level 1:colcon.colcon_core.package_identification:_identify(src/slam_bot_bringup) by extension 'ignore'
[0.254s] Level 1:colcon.colcon_core.package_identification:_identify(src/slam_bot_bringup) by extension 'ignore_ament_install'
[0.255s] Level 1:colcon.colcon_core.package_identification:_identify(src/slam_bot_bringup) by extensions ['colcon_pkg']
[0.255s] Level 1:colcon.colcon_core.package_identification:_identify(src/slam_bot_bringup) by extension 'colcon_pkg'
[0.255s] Level 1:colcon.colcon_core.package_identification:_identify(src/slam_bot_bringup) by extensions ['colcon_meta']
[0.255s] Level 1:colcon.colcon_core.package_identification:_identify(src/slam_bot_bringup) by extension 'colcon_meta'
[0.255s] Level 1:colcon.colcon_core.package_identification:_identify(src/slam_bot_bringup) by extensions ['ros']
[0.255s] Level 1:colcon.colcon_core.package_identification:_identify(src/slam_bot_bringup) by extension 'ros'
[0.256s] DEBUG:colcon.colcon_core.package_identification:Package 'src/slam_bot_bringup' with type 'ros.ament_cmake' and name 'slam_bot_bringup'
[0.256s] Level 1:colcon.colcon_core.package_identification:_identify(src/slam_bot_description) by extensions ['ignore', 'ignore_ament_install']
[0.256s] Level 1:colcon.colcon_core.package_identification:_identify(src/slam_bot_description) by extension 'ignore'
[0.256s] Level 1:colcon.colcon_core.package_identification:_identify(src/slam_bot_description) by extension 'ignore_ament_install'
[0.256s] Level 1:colcon.colcon_core.package_identification:_identify(src/slam_bot_description) by extensions ['colcon_pkg']
[0.256s] Level 1:colcon.colcon_core.package_identification:_identify(src/slam_bot_description) by extension 'colcon_pkg'
[0.256s] Level 1:colcon.colcon_core.package_identification:_identify(src/slam_bot_description) by extensions ['colcon_meta']
[0.256s] Level 1:colcon.colcon_core.package_identification:_identify(src/slam_bot_description) by extension 'colcon_meta'
[0.256s] Level 1:colcon.colcon_core.package_identification:_identify(src/slam_bot_description) by extensions ['ros']
[0.256s] Level 1:colcon.colcon_core.package_identification:_identify(src/slam_bot_description) by extension 'ros'
[0.257s] DEBUG:colcon.colcon_core.package_identification:Package 'src/slam_bot_description' with type 'ros.ament_cmake' and name 'slam_bot_description'
[0.257s] Level 1:colcon.colcon_core.package_identification:_identify(src/slam_bot_gazebo) by extensions ['ignore', 'ignore_ament_install']
[0.257s] Level 1:colcon.colcon_core.package_identification:_identify(src/slam_bot_gazebo) by extension 'ignore'
[0.257s] Level 1:colcon.colcon_core.package_identification:_identify(src/slam_bot_gazebo) by extension 'ignore_ament_install'
[0.257s] Level 1:colcon.colcon_core.package_identification:_identify(src/slam_bot_gazebo) by extensions ['colcon_pkg']
[0.257s] Level 1:colcon.colcon_core.package_identification:_identify(src/slam_bot_gazebo) by extension 'colcon_pkg'
[0.257s] Level 1:colcon.colcon_core.package_identification:_identify(src/slam_bot_gazebo) by extensions ['colcon_meta']
[0.257s] Level 1:colcon.colcon_core.package_identification:_identify(src/slam_bot_gazebo) by extension 'colcon_meta'
[0.257s] Level 1:colcon.colcon_core.package_identification:_identify(src/slam_bot_gazebo) by extensions ['ros']
[0.257s] Level 1:colcon.colcon_core.package_identification:_identify(src/slam_bot_gazebo) by extension 'ros'
[0.258s] DEBUG:colcon.colcon_core.package_identification:Package 'src/slam_bot_gazebo' with type 'ros.ament_cmake' and name 'slam_bot_gazebo'
[0.258s] Level 1:colcon.colcon_core.package_discovery:discover_packages(recursive) using defaults
[0.258s] Level 1:colcon.colcon_core.package_discovery:discover_packages(ignore) discover
[0.258s] Level 1:colcon.colcon_core.package_discovery:discover_packages(ignore) using defaults
[0.258s] Level 1:colcon.colcon_core.package_discovery:discover_packages(path) discover
[0.258s] Level 1:colcon.colcon_core.package_discovery:discover_packages(path) using defaults
[0.278s] Level 1:colcon.colcon_core.package_discovery:discover_packages(prefix_path) check parameters
[0.278s] Level 1:colcon.colcon_core.package_discovery:discover_packages(prefix_path) discover
[0.280s] DEBUG:colcon.colcon_installed_package_information.package_discovery:Found 8 installed packages in /home/toluwani-williams/slam_ws/install
[0.283s] DEBUG:colcon.colcon_installed_package_information.package_discovery:Found 318 installed packages in /opt/ros/jazzy
[0.285s] Level 1:colcon.colcon_core.package_discovery:discover_packages(prefix_path) using defaults
[0.347s] Level 5:colcon.colcon_core.verb:set package 'slam_bot_application' build argument 'cmake_args' from command line to '['-DBUILD_TESTING=ON']'
[0.347s] Level 5:colcon.colcon_core.verb:set package 'slam_bot_application' build argument 'cmake_target' from command line to 'None'
[0.347s] Level 5:colcon.colcon_core.verb:set package 'slam_bot_application' build argument 'cmake_target_skip_unavailable' from command line to 'False'
[0.347s] Level 5:colcon.colcon_core.verb:set package 'slam_bot_application' build argument 'cmake_clean_cache' from command line to 'False'
[0.347s] Level 5:colcon.colcon_core.verb:set package 'slam_bot_application' build argument 'cmake_clean_first' from command line to 'False'
[0.347s] Level 5:colcon.colcon_core.verb:set package 'slam_bot_application' build argument 'cmake_force_configure' from command line to 'False'
[0.347s] Level 5:colcon.colcon_core.verb:set package 'slam_bot_application' build argument 'ament_cmake_args' from command line to 'None'
[0.347s] Level 5:colcon.colcon_core.verb:set package 'slam_bot_application' build argument 'catkin_cmake_args' from command line to 'None'
[0.347s] Level 5:colcon.colcon_core.verb:set package 'slam_bot_application' build argument 'catkin_skip_building_tests' from command line to 'False'
[0.348s] DEBUG:colcon.colcon_core.verb:Building package 'slam_bot_application' with the following arguments: {'ament_cmake_args': None, 'build_base': '/home/toluwani-williams/slam_ws/build/slam_bot_application', 'catkin_cmake_args': None, 'catkin_skip_building_tests': False, 'cmake_args': ['-DBUILD_TESTING=ON'], 'cmake_clean_cache': False, 'cmake_clean_first': False, 'cmake_force_configure': False, 'cmake_target': None, 'cmake_target_skip_unavailable': False, 'install_base': '/home/toluwani-williams/slam_ws/install/slam_bot_application', 'merge_install': False, 'path': '/home/toluwani-williams/slam_ws/src/slam_bot_application', 'symlink_install': False, 'test_result_base': None}
[0.348s] Level 5:colcon.colcon_core.verb:set package 'slam_bot_description' build argument 'cmake_args' from command line to '['-DBUILD_TESTING=ON']'
[0.348s] Level 5:colcon.colcon_core.verb:set package 'slam_bot_description' build argument 'cmake_target' from command line to 'None'
[0.348s] Level 5:colcon.colcon_core.verb:set package 'slam_bot_description' build argument 'cmake_target_skip_unavailable' from command line to 'False'
[0.348s] Level 5:colcon.colcon_core.verb:set package 'slam_bot_description' build argument 'cmake_clean_cache' from command line to 'False'
[0.348s] Level 5:colcon.colcon_core.verb:set package 'slam_bot_description' build argument 'cmake_clean_first' from command line to 'False'
[0.348s] Level 5:colcon.colcon_core.verb:set package 'slam_bot_description' build argument 'cmake_force_configure' from command line to 'False'
[0.348s] Level 5:colcon.colcon_core.verb:set package 'slam_bot_description' build argument 'ament_cmake_args' from command line to 'None'
[0.348s] Level 5:colcon.colcon_core.verb:set package 'slam_bot_description' build argument 'catkin_cmake_args' from command line to 'None'
[0.348s] Level 5:colcon.colcon_core.verb:set package 'slam_bot_description' build argument 'catkin_skip_building_tests' from command line to 'False'
[0.348s] DEBUG:colcon.colcon_core.verb:Building package 'slam_bot_description' with the following arguments: {'ament_cmake_args': None, 'build_base': '/home/toluwani-williams/slam_ws/build/slam_bot_description', 'catkin_cmake_args': None, 'catkin_skip_building_tests': False, 'cmake_args': ['-DBUILD_TESTING=ON'], 'cmake_clean_cache': False, 'cmake_clean_first': False, 'cmake_force_configure': False, 'cmake_target': None, 'cmake_target_skip_unavailable': False, 'install_base': '/home/toluwani-williams/slam_ws/install/slam_bot_description', 'merge_install': False, 'path': '/home/toluwani-williams/slam_ws/src/slam_bot_description', 'symlink_install': False, 'test_result_base': None}
[0.348s] Level 5:colcon.colcon_core.verb:set package 'slam_bot_gazebo' build argument 'cmake_args' from command line to '['-DBUILD_TESTING=ON']'
[0.348s] Level 5:colcon.colcon_core.verb:set package 'slam_bot_gazebo' build argument 'cmake_target' from command line to 'None'
[0.348s] Level 5:colcon.colcon_core.verb:set package 'slam_bot_gazebo' build argument 'cmake_target_skip_unavailable' from command line to 'False'
[0.349s] Level 5:colcon.colcon_core.verb:set package 'slam_bot_gazebo' build argument 'cmake_clean_cache' from command line to 'False'
[0.349s] Level 5:colcon.colcon_core.verb:set package 'slam_bot_gazebo' build argument 'cmake_clean_first' from command line to 'False'
[0.349s] Level 5:colcon.colcon_core.verb:set package 'slam_bot_gazebo' build argument 'cmake_force_configure' from command line to 'False'
[0.349s] Level 5:colcon.colcon_core.verb:set package 'slam_bot_gazebo' build argument 'ament_cmake_args' from command line to 'None'
[0.349s] Level 5:colcon.colcon_core.verb:set package 'slam_bot_gazebo' build argument 'catkin_cmake_args' from command line to 'None'
[0.349s] Level 5:colcon.colcon_core.verb:set package 'slam_bot_gazebo' build argument 'catkin_skip_building_tests' from command line to 'False'
[0.349s] DEBUG:colcon.colcon_core.verb:Building package 'slam_bot_gazebo' with the following arguments: {'ament_cmake_args': None, 'build_base': '/home/toluwani-williams/slam_ws/build/slam_bot_gazebo', 'catkin_cmake_args': None, 'catkin_skip_building_tests': False, 'cmake_args': ['-DBUILD_TESTING=ON'], 'cmake_clean_cache': False, 'cmake_clean_first': False, 'cmake_force_configure': False, 'cmake_target': None, 'cmake_target_skip_unavailable': False, 'install_base': '/home/toluwani-williams/slam_ws/install/slam_bot_gazebo', 'merge_install': False, 'path': '/home/toluwani-williams/slam_ws/src/slam_bot_gazebo', 'symlink_install': False, 'test_result_base': None}
[0.349s] Level 5:colcon.colcon_core.verb:set package 'slam_bot_bringup' build argument 'cmake_args' from command line to '['-DBUILD_TESTING=ON']'
[0.349s] Level 5:colcon.colcon_core.verb:set package 'slam_bot_bringup' build argument 'cmake_target' from command line to 'None'
[0.349s] Level 5:colcon.colcon_core.verb:set package 'slam_bot_bringup' build argument 'cmake_target_skip_unavailable' from command line to 'False'
[0.349s] Level 5:colcon.colcon_core.verb:set package 'slam_bot_bringup' build argument 'cmake_clean_cache' from command line to 'False'
[0.349s] Level 5:colcon.colcon_core.verb:set package 'slam_bot_bringup' build argument 'cmake_clean_first' from command line to 'False'
[0.349s] Level 5:colcon.colcon_core.verb:set package 'slam_bot_bringup' build argument 'cmake_force_configure' from command line to 'False'
[0.349s] Level 5:colcon.colcon_core.verb:set package 'slam_bot_bringup' build argument 'ament_cmake_args' from command line to 'None'
[0.349s] Level 5:colcon.colcon_core.verb:set package 'slam_bot_bringup' build argument 'catkin_cmake_args' from command line to 'None'
[0.349s] Level 5:colcon.colcon_core.verb:set package 'slam_bot_bringup' build argument 'catkin_skip_building_tests' from command line to 'False'
[0.349s] DEBUG:colcon.colcon_core.verb:Building package 'slam_bot_bringup' with the following arguments: {'ament_cmake_args': None, 'build_base': '/home/toluwani-williams/slam_ws/build/slam_bot_bringup', 'catkin_cmake_args': None, 'catkin_skip_building_tests': False, 'cmake_args': ['-DBUILD_TESTING=ON'], 'cmake_clean_cache': False, 'cmake_clean_first': False, 'cmake_force_configure': False, 'cmake_target': None, 'cmake_target_skip_unavailable': False, 'install_base': '/home/toluwani-williams/slam_ws/install/slam_bot_bringup', 'merge_install': False, 'path': '/home/toluwani-williams/slam_ws/src/slam_bot_bringup', 'symlink_install': False, 'test_result_base': None}
[0.349s] INFO:colcon.colcon_core.executor:Executing jobs using 'parallel' executor
[0.351s] DEBUG:colcon.colcon_parallel_executor.executor.parallel:run_until_complete
[0.351s] INFO:colcon.colcon_ros.task.ament_cmake.build:Building ROS package in '/home/toluwani-williams/slam_ws/src/slam_bot_description' with build type 'ament_cmake'
[0.351s] INFO:colcon.colcon_cmake.task.cmake.build:Building CMake package in '/home/toluwani-williams/slam_ws/src/slam_bot_description'
[0.353s] INFO:colcon.colcon_core.plugin_system:Skipping extension 'colcon_core.shell.bat': Not used on non-Windows systems
[0.354s] INFO:colcon.colcon_core.shell:Skip shell extension 'powershell' for command environment: Not usable outside of PowerShell
[0.354s] DEBUG:colcon.colcon_core.shell:Skip shell extension 'dsv' for command environment
[0.359s] INFO:colcon.colcon_ros.task.ament_cmake.build:Building ROS package in '/home/toluwani-williams/slam_ws/src/slam_bot_application' with build type 'ament_cmake'
[0.359s] INFO:colcon.colcon_cmake.task.cmake.build:Building CMake package in '/home/toluwani-williams/slam_ws/src/slam_bot_application'
[0.360s] INFO:colcon.colcon_core.shell:Skip shell extension 'powershell' for command environment: Not usable outside of PowerShell
[0.360s] DEBUG:colcon.colcon_core.shell:Skip shell extension 'dsv' for command environment
[0.379s] DEBUG:colcon.colcon_core.event_handler.log_command:Invoking command in '/home/toluwani-williams/slam_ws/build/slam_bot_description': CMAKE_PREFIX_PATH=${CMAKE_PREFIX_PATH}:/opt/ros/jazzy DEBUGINFOD_URLS=https://debuginfod.ubuntu.com /usr/bin/cmake --build /home/toluwani-williams/slam_ws/build/slam_bot_description -- -j8 -l8
[0.388s] DEBUG:colcon.colcon_core.event_handler.log_command:Invoking command in '/home/toluwani-williams/slam_ws/build/slam_bot_application': CMAKE_PREFIX_PATH=${CMAKE_PREFIX_PATH}:/opt/ros/jazzy DEBUGINFOD_URLS=https://debuginfod.ubuntu.com /usr/bin/cmake --build /home/toluwani-williams/slam_ws/build/slam_bot_application -- -j8 -l8
[0.467s] DEBUG:colcon.colcon_core.event_handler.log_command:Invoked command in '/home/toluwani-williams/slam_ws/build/slam_bot_description' returned '0': CMAKE_PREFIX_PATH=${CMAKE_PREFIX_PATH}:/opt/ros/jazzy DEBUGINFOD_URLS=https://debuginfod.ubuntu.com /usr/bin/cmake --build /home/toluwani-williams/slam_ws/build/slam_bot_description -- -j8 -l8
[0.488s] DEBUG:colcon.colcon_core.event_handler.log_command:Invoking command in '/home/toluwani-williams/slam_ws/build/slam_bot_description': CMAKE_PREFIX_PATH=${CMAKE_PREFIX_PATH}:/opt/ros/jazzy DEBUGINFOD_URLS=https://debuginfod.ubuntu.com /usr/bin/cmake --install /home/toluwani-williams/slam_ws/build/slam_bot_description
[0.489s] DEBUG:colcon.colcon_core.event_handler.log_command:Invoked command in '/home/toluwani-williams/slam_ws/build/slam_bot_application' returned '0': CMAKE_PREFIX_PATH=${CMAKE_PREFIX_PATH}:/opt/ros/jazzy DEBUGINFOD_URLS=https://debuginfod.ubuntu.com /usr/bin/cmake --build /home/toluwani-williams/slam_ws/build/slam_bot_application -- -j8 -l8
[0.492s] DEBUG:colcon.colcon_core.event_handler.log_command:Invoking command in '/home/toluwani-williams/slam_ws/build/slam_bot_application': CMAKE_PREFIX_PATH=${CMAKE_PREFIX_PATH}:/opt/ros/jazzy DEBUGINFOD_URLS=https://debuginfod.ubuntu.com /usr/bin/cmake --install /home/toluwani-williams/slam_ws/build/slam_bot_application
[0.512s] Level 1:colcon.colcon_core.environment:create_environment_scripts_only(slam_bot_application)
[0.515s] DEBUG:colcon.colcon_core.event_handler.log_command:Invoked command in '/home/toluwani-williams/slam_ws/build/slam_bot_application' returned '0': CMAKE_PREFIX_PATH=${CMAKE_PREFIX_PATH}:/opt/ros/jazzy DEBUGINFOD_URLS=https://debuginfod.ubuntu.com /usr/bin/cmake --install /home/toluwani-williams/slam_ws/build/slam_bot_application
[0.522s] Level 1:colcon.colcon_core.environment:checking '/home/toluwani-williams/slam_ws/install/slam_bot_application' for CMake module files
[0.525s] Level 1:colcon.colcon_core.environment:checking '/home/toluwani-williams/slam_ws/install/slam_bot_application' for CMake config files
[0.526s] Level 1:colcon.colcon_core.shell:create_environment_hook('slam_bot_application', 'cmake_prefix_path')
[0.526s] INFO:colcon.colcon_core.shell:Creating environment hook '/home/toluwani-williams/slam_ws/install/slam_bot_application/share/slam_bot_application/hook/cmake_prefix_path.ps1'
[0.528s] INFO:colcon.colcon_core.shell:Creating environment descriptor '/home/toluwani-williams/slam_ws/install/slam_bot_application/share/slam_bot_application/hook/cmake_prefix_path.dsv'
[0.530s] INFO:colcon.colcon_core.shell:Creating environment hook '/home/toluwani-williams/slam_ws/install/slam_bot_application/share/slam_bot_application/hook/cmake_prefix_path.sh'
[0.532s] Level 1:colcon.colcon_core.environment:checking '/home/toluwani-williams/slam_ws/install/slam_bot_application/bin'
[0.533s] Level 1:colcon.colcon_core.environment:checking '/home/toluwani-williams/slam_ws/install/slam_bot_application/lib/pkgconfig/slam_bot_application.pc'
[0.534s] Level 1:colcon.colcon_core.environment:checking '/home/toluwani-williams/slam_ws/install/slam_bot_application/lib/python3.12/site-packages'
[0.534s] Level 1:colcon.colcon_core.environment:checking '/home/toluwani-williams/slam_ws/install/slam_bot_application/bin'
[0.535s] INFO:colcon.colcon_core.shell:Creating package script '/home/toluwani-williams/slam_ws/install/slam_bot_application/share/slam_bot_application/package.ps1'
[0.538s] INFO:colcon.colcon_core.shell:Creating package descriptor '/home/toluwani-williams/slam_ws/install/slam_bot_application/share/slam_bot_application/package.dsv'
[0.539s] INFO:colcon.colcon_core.shell:Creating package script '/home/toluwani-williams/slam_ws/install/slam_bot_application/share/slam_bot_application/package.sh'
[0.540s] INFO:colcon.colcon_core.shell:Creating package script '/home/toluwani-williams/slam_ws/install/slam_bot_application/share/slam_bot_application/package.bash'
[0.540s] INFO:colcon.colcon_core.shell:Creating package script '/home/toluwani-williams/slam_ws/install/slam_bot_application/share/slam_bot_application/package.zsh'
[0.542s] Level 1:colcon.colcon_core.environment:create_file_with_runtime_dependencies(/home/toluwani-williams/slam_ws/install/slam_bot_application/share/colcon-core/packages/slam_bot_application)
[0.543s] Level 1:colcon.colcon_core.environment:create_environment_scripts_only(slam_bot_application)
[0.543s] Level 1:colcon.colcon_core.environment:checking '/home/toluwani-williams/slam_ws/install/slam_bot_application' for CMake module files
[0.545s] Level 1:colcon.colcon_core.environment:checking '/home/toluwani-williams/slam_ws/install/slam_bot_application' for CMake config files
[0.546s] Level 1:colcon.colcon_core.shell:create_environment_hook('slam_bot_application', 'cmake_prefix_path')
[0.546s] INFO:colcon.colcon_core.shell:Creating environment hook '/home/toluwani-williams/slam_ws/install/slam_bot_application/share/slam_bot_application/hook/cmake_prefix_path.ps1'
[0.547s] INFO:colcon.colcon_core.shell:Creating environment descriptor '/home/toluwani-williams/slam_ws/install/slam_bot_application/share/slam_bot_application/hook/cmake_prefix_path.dsv'
[0.548s] INFO:colcon.colcon_core.shell:Creating environment hook '/home/toluwani-williams/slam_ws/install/slam_bot_application/share/slam_bot_application/hook/cmake_prefix_path.sh'
[0.550s] Level 1:colcon.colcon_core.environment:checking '/home/toluwani-williams/slam_ws/install/slam_bot_application/bin'
[0.550s] Level 1:colcon.colcon_core.environment:checking '/home/toluwani-williams/slam_ws/install/slam_bot_application/lib/pkgconfig/slam_bot_application.pc'
[0.550s] Level 1:colcon.colcon_core.environment:checking '/home/toluwani-williams/slam_ws/install/slam_bot_application/lib/python3.12/site-packages'
[0.551s] Level 1:colcon.colcon_core.environment:checking '/home/toluwani-williams/slam_ws/install/slam_bot_application/bin'
[0.552s] INFO:colcon.colcon_core.shell:Creating package script '/home/toluwani-williams/slam_ws/install/slam_bot_application/share/slam_bot_application/package.ps1'
[0.553s] INFO:colcon.colcon_core.shell:Creating package descriptor '/home/toluwani-williams/slam_ws/install/slam_bot_application/share/slam_bot_application/package.dsv'
[0.554s] INFO:colcon.colcon_core.shell:Creating package script '/home/toluwani-williams/slam_ws/install/slam_bot_application/share/slam_bot_application/package.sh'
[0.555s] INFO:colcon.colcon_core.shell:Creating package script '/home/toluwani-williams/slam_ws/install/slam_bot_application/share/slam_bot_application/package.bash'
[0.555s] INFO:colcon.colcon_core.shell:Creating package script '/home/toluwani-williams/slam_ws/install/slam_bot_application/share/slam_bot_application/package.zsh'
[0.556s] Level 1:colcon.colcon_core.environment:create_file_with_runtime_dependencies(/home/toluwani-williams/slam_ws/install/slam_bot_application/share/colcon-core/packages/slam_bot_application)
[0.556s] Level 1:colcon.colcon_core.environment:create_environment_scripts_only(slam_bot_description)
[0.557s] Level 1:colcon.colcon_core.environment:checking '/home/toluwani-williams/slam_ws/install/slam_bot_description' for CMake module files
[0.559s] Level 1:colcon.colcon_core.environment:checking '/home/toluwani-williams/slam_ws/install/slam_bot_description' for CMake config files
[0.560s] DEBUG:colcon.colcon_core.event_handler.log_command:Invoked command in '/home/toluwani-williams/slam_ws/build/slam_bot_description' returned '0': CMAKE_PREFIX_PATH=${CMAKE_PREFIX_PATH}:/opt/ros/jazzy DEBUGINFOD_URLS=https://debuginfod.ubuntu.com /usr/bin/cmake --install /home/toluwani-williams/slam_ws/build/slam_bot_description
[0.560s] Level 1:colcon.colcon_core.shell:create_environment_hook('slam_bot_description', 'cmake_prefix_path')
[0.561s] INFO:colcon.colcon_core.shell:Creating environment hook '/home/toluwani-williams/slam_ws/install/slam_bot_description/share/slam_bot_description/hook/cmake_prefix_path.ps1'
[0.561s] INFO:colcon.colcon_core.shell:Creating environment descriptor '/home/toluwani-williams/slam_ws/install/slam_bot_description/share/slam_bot_description/hook/cmake_prefix_path.dsv'
[0.562s] INFO:colcon.colcon_core.shell:Creating environment hook '/home/toluwani-williams/slam_ws/install/slam_bot_description/share/slam_bot_description/hook/cmake_prefix_path.sh'
[0.563s] Level 1:colcon.colcon_core.environment:checking '/home/toluwani-williams/slam_ws/install/slam_bot_description/bin'
[0.563s] Level 1:colcon.colcon_core.environment:checking '/home/toluwani-williams/slam_ws/install/slam_bot_description/lib/pkgconfig/slam_bot_description.pc'
[0.564s] Level 1:colcon.colcon_core.environment:checking '/home/toluwani-williams/slam_ws/install/slam_bot_description/lib/python3.12/site-packages'
[0.564s] Level 1:colcon.colcon_core.environment:checking '/home/toluwani-williams/slam_ws/install/slam_bot_description/bin'
[0.565s] INFO:colcon.colcon_core.shell:Creating package script '/home/toluwani-williams/slam_ws/install/slam_bot_description/share/slam_bot_description/package.ps1'
[0.566s] INFO:colcon.colcon_core.shell:Creating package descriptor '/home/toluwani-williams/slam_ws/install/slam_bot_description/share/slam_bot_description/package.dsv'
[0.567s] INFO:colcon.colcon_core.shell:Creating package script '/home/toluwani-williams/slam_ws/install/slam_bot_description/share/slam_bot_description/package.sh'
[0.568s] INFO:colcon.colcon_core.shell:Creating package script '/home/toluwani-williams/slam_ws/install/slam_bot_description/share/slam_bot_description/package.bash'
[0.569s] INFO:colcon.colcon_core.shell:Creating package script '/home/toluwani-williams/slam_ws/install/slam_bot_description/share/slam_bot_description/package.zsh'
[0.569s] Level 1:colcon.colcon_core.environment:create_file_with_runtime_dependencies(/home/toluwani-williams/slam_ws/install/slam_bot_description/share/colcon-core/packages/slam_bot_description)
[0.570s] Level 1:colcon.colcon_core.environment:create_environment_scripts_only(slam_bot_description)
[0.571s] Level 1:colcon.colcon_core.environment:checking '/home/toluwani-williams/slam_ws/install/slam_bot_description' for CMake module files
[0.571s] Level 1:colcon.colcon_core.environment:checking '/home/toluwani-williams/slam_ws/install/slam_bot_description' for CMake config files
[0.572s] Level 1:colcon.colcon_core.shell:create_environment_hook('slam_bot_description', 'cmake_prefix_path')
[0.572s] INFO:colcon.colcon_core.shell:Creating environment hook '/home/toluwani-williams/slam_ws/install/slam_bot_description/share/slam_bot_description/hook/cmake_prefix_path.ps1'
[0.573s] INFO:colcon.colcon_core.shell:Creating environment descriptor '/home/toluwani-williams/slam_ws/install/slam_bot_description/share/slam_bot_description/hook/cmake_prefix_path.dsv'
[0.574s] INFO:colcon.colcon_core.shell:Creating environment hook '/home/toluwani-williams/slam_ws/install/slam_bot_description/share/slam_bot_description/hook/cmake_prefix_path.sh'
[0.575s] Level 1:colcon.colcon_core.environment:checking '/home/toluwani-williams/slam_ws/install/slam_bot_description/bin'
[0.575s] Level 1:colcon.colcon_core.environment:checking '/home/toluwani-williams/slam_ws/install/slam_bot_description/lib/pkgconfig/slam_bot_description.pc'
[0.575s] Level 1:colcon.colcon_core.environment:checking '/home/toluwani-williams/slam_ws/install/slam_bot_description/lib/python3.12/site-packages'
[0.575s] Level 1:colcon.colcon_core.environment:checking '/home/toluwani-williams/slam_ws/install/slam_bot_description/bin'
[0.576s] INFO:colcon.colcon_core.shell:Creating package script '/home/toluwani-williams/slam_ws/install/slam_bot_description/share/slam_bot_description/package.ps1'
[0.577s] INFO:colcon.colcon_core.shell:Creating package descriptor '/home/toluwani-williams/slam_ws/install/slam_bot_description/share/slam_bot_description/package.dsv'
[0.578s] INFO:colcon.colcon_core.shell:Creating package script '/home/toluwani-williams/slam_ws/install/slam_bot_description/share/slam_bot_description/package.sh'
[0.579s] INFO:colcon.colcon_core.shell:Creating package script '/home/toluwani-williams/slam_ws/install/slam_bot_description/share/slam_bot_description/package.bash'
[0.580s] INFO:colcon.colcon_core.shell:Creating package script '/home/toluwani-williams/slam_ws/install/slam_bot_description/share/slam_bot_description/package.zsh'
[0.581s] Level 1:colcon.colcon_core.environment:create_file_with_runtime_dependencies(/home/toluwani-williams/slam_ws/install/slam_bot_description/share/colcon-core/packages/slam_bot_description)
[0.581s] INFO:colcon.colcon_ros.task.ament_cmake.build:Building ROS package in '/home/toluwani-williams/slam_ws/src/slam_bot_gazebo' with build type 'ament_cmake'
[0.581s] INFO:colcon.colcon_cmake.task.cmake.build:Building CMake package in '/home/toluwani-williams/slam_ws/src/slam_bot_gazebo'
[0.582s] INFO:colcon.colcon_core.shell:Skip shell extension 'powershell' for command environment: Not usable outside of PowerShell
[0.582s] DEBUG:colcon.colcon_core.shell:Skip shell extension 'dsv' for command environment
[0.602s] DEBUG:colcon.colcon_core.event_handler.log_command:Invoking command in '/home/toluwani-williams/slam_ws/build/slam_bot_gazebo': CMAKE_PREFIX_PATH=/home/toluwani-williams/slam_ws/install/slam_bot_description:/home/toluwani-williams/slam_ws/install/slam_bot_bringup:/home/toluwani-williams/slam_ws/install/slam_bot_gazebo:/home/toluwani-williams/slam_ws/install/slam_bot_application:/home/toluwani-williams/slam_ws/install/ros_gz_example_bringup:/home/toluwani-williams/slam_ws/install/ros_gz_example_gazebo:/home/toluwani-williams/slam_ws/install/ros_gz_example_description:/home/toluwani-williams/slam_ws/install/ros_gz_example_application:/opt/ros/jazzy/opt/gz_launch_vendor:/opt/ros/jazzy/opt/gz_sim_vendor:/opt/ros/jazzy/opt/gz_sensors_vendor:/opt/ros/jazzy/opt/gz_physics_vendor:/opt/ros/jazzy/opt/sdformat_vendor:/opt/ros/jazzy/opt/gz_gui_vendor:/opt/ros/jazzy/opt/gz_transport_vendor:/opt/ros/jazzy/opt/gz_rendering_vendor:/opt/ros/jazzy/opt/gz_plugin_vendor:/opt/ros/jazzy/opt/gz_fuel_tools_vendor:/opt/ros/jazzy/opt/gz_msgs_vendor:/opt/ros/jazzy/opt/gz_common_vendor:/opt/ros/jazzy/opt/gz_math_vendor:/opt/ros/jazzy/opt/gz_utils_vendor:/opt/ros/jazzy/opt/gz_tools_vendor:/opt/ros/jazzy/opt/gz_ogre_next_vendor:/opt/ros/jazzy/opt/gz_dartsim_vendor:/opt/ros/jazzy/opt/gz_cmake_vendor:/opt/ros/jazzy DEBUGINFOD_URLS=https://debuginfod.ubuntu.com GZ_SIM_RESOURCE_PATH=/home/toluwani-williams/slam_ws/install/slam_bot_description/share/slam_bot_description/models:${GZ_SIM_RESOURCE_PATH} /usr/bin/cmake --build /home/toluwani-williams/slam_ws/build/slam_bot_gazebo -- -j8 -l8
[0.750s] DEBUG:colcon.colcon_core.event_handler.log_command:Invoked command in '/home/toluwani-williams/slam_ws/build/slam_bot_gazebo' returned '0': CMAKE_PREFIX_PATH=/home/toluwani-williams/slam_ws/install/slam_bot_description:/home/toluwani-williams/slam_ws/install/slam_bot_bringup:/home/toluwani-williams/slam_ws/install/slam_bot_gazebo:/home/toluwani-williams/slam_ws/install/slam_bot_application:/home/toluwani-williams/slam_ws/install/ros_gz_example_bringup:/home/toluwani-williams/slam_ws/install/ros_gz_example_gazebo:/home/toluwani-williams/slam_ws/install/ros_gz_example_description:/home/toluwani-williams/slam_ws/install/ros_gz_example_application:/opt/ros/jazzy/opt/gz_launch_vendor:/opt/ros/jazzy/opt/gz_sim_vendor:/opt/ros/jazzy/opt/gz_sensors_vendor:/opt/ros/jazzy/opt/gz_physics_vendor:/opt/ros/jazzy/opt/sdformat_vendor:/opt/ros/jazzy/opt/gz_gui_vendor:/opt/ros/jazzy/opt/gz_transport_vendor:/opt/ros/jazzy/opt/gz_rendering_vendor:/opt/ros/jazzy/opt/gz_plugin_vendor:/opt/ros/jazzy/opt/gz_fuel_tools_vendor:/opt/ros/jazzy/opt/gz_msgs_vendor:/opt/ros/jazzy/opt/gz_common_vendor:/opt/ros/jazzy/opt/gz_math_vendor:/opt/ros/jazzy/opt/gz_utils_vendor:/opt/ros/jazzy/opt/gz_tools_vendor:/opt/ros/jazzy/opt/gz_ogre_next_vendor:/opt/ros/jazzy/opt/gz_dartsim_vendor:/opt/ros/jazzy/opt/gz_cmake_vendor:/opt/ros/jazzy DEBUGINFOD_URLS=https://debuginfod.ubuntu.com GZ_SIM_RESOURCE_PATH=/home/toluwani-williams/slam_ws/install/slam_bot_description/share/slam_bot_description/models:${GZ_SIM_RESOURCE_PATH} /usr/bin/cmake --build /home/toluwani-williams/slam_ws/build/slam_bot_gazebo -- -j8 -l8
[0.754s] DEBUG:colcon.colcon_core.event_handler.log_command:Invoking command in '/home/toluwani-williams/slam_ws/build/slam_bot_gazebo': CMAKE_PREFIX_PATH=/home/toluwani-williams/slam_ws/install/slam_bot_description:/home/toluwani-williams/slam_ws/install/slam_bot_bringup:/home/toluwani-williams/slam_ws/install/slam_bot_gazebo:/home/toluwani-williams/slam_ws/install/slam_bot_application:/home/toluwani-williams/slam_ws/install/ros_gz_example_bringup:/home/toluwani-williams/slam_ws/install/ros_gz_example_gazebo:/home/toluwani-williams/slam_ws/install/ros_gz_example_description:/home/toluwani-williams/slam_ws/install/ros_gz_example_application:/opt/ros/jazzy/opt/gz_launch_vendor:/opt/ros/jazzy/opt/gz_sim_vendor:/opt/ros/jazzy/opt/gz_sensors_vendor:/opt/ros/jazzy/opt/gz_physics_vendor:/opt/ros/jazzy/opt/sdformat_vendor:/opt/ros/jazzy/opt/gz_gui_vendor:/opt/ros/jazzy/opt/gz_transport_vendor:/opt/ros/jazzy/opt/gz_rendering_vendor:/opt/ros/jazzy/opt/gz_plugin_vendor:/opt/ros/jazzy/opt/gz_fuel_tools_vendor:/opt/ros/jazzy/opt/gz_msgs_vendor:/opt/ros/jazzy/opt/gz_common_vendor:/opt/ros/jazzy/opt/gz_math_vendor:/opt/ros/jazzy/opt/gz_utils_vendor:/opt/ros/jazzy/opt/gz_tools_vendor:/opt/ros/jazzy/opt/gz_ogre_next_vendor:/opt/ros/jazzy/opt/gz_dartsim_vendor:/opt/ros/jazzy/opt/gz_cmake_vendor:/opt/ros/jazzy DEBUGINFOD_URLS=https://debuginfod.ubuntu.com GZ_SIM_RESOURCE_PATH=/home/toluwani-williams/slam_ws/install/slam_bot_description/share/slam_bot_description/models:${GZ_SIM_RESOURCE_PATH} /usr/bin/cmake --install /home/toluwani-williams/slam_ws/build/slam_bot_gazebo
[0.778s] Level 1:colcon.colcon_core.environment:create_environment_scripts_only(slam_bot_gazebo)
[0.778s] Level 1:colcon.colcon_core.environment:checking '/home/toluwani-williams/slam_ws/install/slam_bot_gazebo' for CMake module files
[0.780s] Level 1:colcon.colcon_core.environment:checking '/home/toluwani-williams/slam_ws/install/slam_bot_gazebo' for CMake config files
[0.780s] Level 1:colcon.colcon_core.shell:create_environment_hook('slam_bot_gazebo', 'cmake_prefix_path')
[0.781s] INFO:colcon.colcon_core.shell:Creating environment hook '/home/toluwani-williams/slam_ws/install/slam_bot_gazebo/share/slam_bot_gazebo/hook/cmake_prefix_path.ps1'
[0.782s] DEBUG:colcon.colcon_core.event_handler.log_command:Invoked command in '/home/toluwani-williams/slam_ws/build/slam_bot_gazebo' returned '0': CMAKE_PREFIX_PATH=/home/toluwani-williams/slam_ws/install/slam_bot_description:/home/toluwani-williams/slam_ws/install/slam_bot_bringup:/home/toluwani-williams/slam_ws/install/slam_bot_gazebo:/home/toluwani-williams/slam_ws/install/slam_bot_application:/home/toluwani-williams/slam_ws/install/ros_gz_example_bringup:/home/toluwani-williams/slam_ws/install/ros_gz_example_gazebo:/home/toluwani-williams/slam_ws/install/ros_gz_example_description:/home/toluwani-williams/slam_ws/install/ros_gz_example_application:/opt/ros/jazzy/opt/gz_launch_vendor:/opt/ros/jazzy/opt/gz_sim_vendor:/opt/ros/jazzy/opt/gz_sensors_vendor:/opt/ros/jazzy/opt/gz_physics_vendor:/opt/ros/jazzy/opt/sdformat_vendor:/opt/ros/jazzy/opt/gz_gui_vendor:/opt/ros/jazzy/opt/gz_transport_vendor:/opt/ros/jazzy/opt/gz_rendering_vendor:/opt/ros/jazzy/opt/gz_plugin_vendor:/opt/ros/jazzy/opt/gz_fuel_tools_vendor:/opt/ros/jazzy/opt/gz_msgs_vendor:/opt/ros/jazzy/opt/gz_common_vendor:/opt/ros/jazzy/opt/gz_math_vendor:/opt/ros/jazzy/opt/gz_utils_vendor:/opt/ros/jazzy/opt/gz_tools_vendor:/opt/ros/jazzy/opt/gz_ogre_next_vendor:/opt/ros/jazzy/opt/gz_dartsim_vendor:/opt/ros/jazzy/opt/gz_cmake_vendor:/opt/ros/jazzy DEBUGINFOD_URLS=https://debuginfod.ubuntu.com GZ_SIM_RESOURCE_PATH=/home/toluwani-williams/slam_ws/install/slam_bot_description/share/slam_bot_description/models:${GZ_SIM_RESOURCE_PATH} /usr/bin/cmake --install /home/toluwani-williams/slam_ws/build/slam_bot_gazebo
[0.783s] INFO:colcon.colcon_core.shell:Creating environment descriptor '/home/toluwani-williams/slam_ws/install/slam_bot_gazebo/share/slam_bot_gazebo/hook/cmake_prefix_path.dsv'
[0.784s] INFO:colcon.colcon_core.shell:Creating environment hook '/home/toluwani-williams/slam_ws/install/slam_bot_gazebo/share/slam_bot_gazebo/hook/cmake_prefix_path.sh'
[0.786s] Level 1:colcon.colcon_core.environment:checking '/home/toluwani-williams/slam_ws/install/slam_bot_gazebo/lib'
[0.786s] Level 1:colcon.colcon_core.environment:checking '/home/toluwani-williams/slam_ws/install/slam_bot_gazebo/bin'
[0.786s] Level 1:colcon.colcon_core.environment:checking '/home/toluwani-williams/slam_ws/install/slam_bot_gazebo/lib/pkgconfig/slam_bot_gazebo.pc'
[0.787s] Level 1:colcon.colcon_core.environment:checking '/home/toluwani-williams/slam_ws/install/slam_bot_gazebo/lib/python3.12/site-packages'
[0.789s] Level 1:colcon.colcon_core.environment:checking '/home/toluwani-williams/slam_ws/install/slam_bot_gazebo/bin'
[0.790s] INFO:colcon.colcon_core.shell:Creating package script '/home/toluwani-williams/slam_ws/install/slam_bot_gazebo/share/slam_bot_gazebo/package.ps1'
[0.791s] INFO:colcon.colcon_core.shell:Creating package descriptor '/home/toluwani-williams/slam_ws/install/slam_bot_gazebo/share/slam_bot_gazebo/package.dsv'
[0.792s] INFO:colcon.colcon_core.shell:Creating package script '/home/toluwani-williams/slam_ws/install/slam_bot_gazebo/share/slam_bot_gazebo/package.sh'
[0.794s] INFO:colcon.colcon_core.shell:Creating package script '/home/toluwani-williams/slam_ws/install/slam_bot_gazebo/share/slam_bot_gazebo/package.bash'
[0.795s] INFO:colcon.colcon_core.shell:Creating package script '/home/toluwani-williams/slam_ws/install/slam_bot_gazebo/share/slam_bot_gazebo/package.zsh'
[0.796s] Level 1:colcon.colcon_core.environment:create_file_with_runtime_dependencies(/home/toluwani-williams/slam_ws/install/slam_bot_gazebo/share/colcon-core/packages/slam_bot_gazebo)
[0.798s] Level 1:colcon.colcon_core.environment:create_environment_scripts_only(slam_bot_gazebo)
[0.798s] Level 1:colcon.colcon_core.environment:checking '/home/toluwani-williams/slam_ws/install/slam_bot_gazebo' for CMake module files
[0.800s] Level 1:colcon.colcon_core.environment:checking '/home/toluwani-williams/slam_ws/install/slam_bot_gazebo' for CMake config files
[0.800s] Level 1:colcon.colcon_core.shell:create_environment_hook('slam_bot_gazebo', 'cmake_prefix_path')
[0.801s] INFO:colcon.colcon_core.shell:Creating environment hook '/home/toluwani-williams/slam_ws/install/slam_bot_gazebo/share/slam_bot_gazebo/hook/cmake_prefix_path.ps1'
[0.802s] INFO:colcon.colcon_core.shell:Creating environment descriptor '/home/toluwani-williams/slam_ws/install/slam_bot_gazebo/share/slam_bot_gazebo/hook/cmake_prefix_path.dsv'
[0.803s] INFO:colcon.colcon_core.shell:Creating environment hook '/home/toluwani-williams/slam_ws/install/slam_bot_gazebo/share/slam_bot_gazebo/hook/cmake_prefix_path.sh'
[0.805s] Level 1:colcon.colcon_core.environment:checking '/home/toluwani-williams/slam_ws/install/slam_bot_gazebo/lib'
[0.805s] Level 1:colcon.colcon_core.environment:checking '/home/toluwani-williams/slam_ws/install/slam_bot_gazebo/bin'
[0.805s] Level 1:colcon.colcon_core.environment:checking '/home/toluwani-williams/slam_ws/install/slam_bot_gazebo/lib/pkgconfig/slam_bot_gazebo.pc'
[0.806s] Level 1:colcon.colcon_core.environment:checking '/home/toluwani-williams/slam_ws/install/slam_bot_gazebo/lib/python3.12/site-packages'
[0.806s] Level 1:colcon.colcon_core.environment:checking '/home/toluwani-williams/slam_ws/install/slam_bot_gazebo/bin'
[0.807s] INFO:colcon.colcon_core.shell:Creating package script '/home/toluwani-williams/slam_ws/install/slam_bot_gazebo/share/slam_bot_gazebo/package.ps1'
[0.808s] INFO:colcon.colcon_core.shell:Creating package descriptor '/home/toluwani-williams/slam_ws/install/slam_bot_gazebo/share/slam_bot_gazebo/package.dsv'
[0.810s] INFO:colcon.colcon_core.shell:Creating package script '/home/toluwani-williams/slam_ws/install/slam_bot_gazebo/share/slam_bot_gazebo/package.sh'
[0.812s] INFO:colcon.colcon_core.shell:Creating package script '/home/toluwani-williams/slam_ws/install/slam_bot_gazebo/share/slam_bot_gazebo/package.bash'
[0.813s] INFO:colcon.colcon_core.shell:Creating package script '/home/toluwani-williams/slam_ws/install/slam_bot_gazebo/share/slam_bot_gazebo/package.zsh'
[0.815s] Level 1:colcon.colcon_core.environment:create_file_with_runtime_dependencies(/home/toluwani-williams/slam_ws/install/slam_bot_gazebo/share/colcon-core/packages/slam_bot_gazebo)
[0.817s] INFO:colcon.colcon_ros.task.ament_cmake.build:Building ROS package in '/home/toluwani-williams/slam_ws/src/slam_bot_bringup' with build type 'ament_cmake'
[0.817s] INFO:colcon.colcon_cmake.task.cmake.build:Building CMake package in '/home/toluwani-williams/slam_ws/src/slam_bot_bringup'
[0.818s] INFO:colcon.colcon_core.shell:Skip shell extension 'powershell' for command environment: Not usable outside of PowerShell
[0.818s] DEBUG:colcon.colcon_core.shell:Skip shell extension 'dsv' for command environment
[0.849s] DEBUG:colcon.colcon_core.event_handler.log_command:Invoking command in '/home/toluwani-williams/slam_ws/build/slam_bot_bringup': CMAKE_PREFIX_PATH=/home/toluwani-williams/slam_ws/install/slam_bot_gazebo:/home/toluwani-williams/slam_ws/install/slam_bot_description:/home/toluwani-williams/slam_ws/install/slam_bot_bringup:/home/toluwani-williams/slam_ws/install/slam_bot_application:/home/toluwani-williams/slam_ws/install/ros_gz_example_bringup:/home/toluwani-williams/slam_ws/install/ros_gz_example_gazebo:/home/toluwani-williams/slam_ws/install/ros_gz_example_description:/home/toluwani-williams/slam_ws/install/ros_gz_example_application:/opt/ros/jazzy/opt/gz_launch_vendor:/opt/ros/jazzy/opt/gz_sim_vendor:/opt/ros/jazzy/opt/gz_sensors_vendor:/opt/ros/jazzy/opt/gz_physics_vendor:/opt/ros/jazzy/opt/sdformat_vendor:/opt/ros/jazzy/opt/gz_gui_vendor:/opt/ros/jazzy/opt/gz_transport_vendor:/opt/ros/jazzy/opt/gz_rendering_vendor:/opt/ros/jazzy/opt/gz_plugin_vendor:/opt/ros/jazzy/opt/gz_fuel_tools_vendor:/opt/ros/jazzy/opt/gz_msgs_vendor:/opt/ros/jazzy/opt/gz_common_vendor:/opt/ros/jazzy/opt/gz_math_vendor:/opt/ros/jazzy/opt/gz_utils_vendor:/opt/ros/jazzy/opt/gz_tools_vendor:/opt/ros/jazzy/opt/gz_ogre_next_vendor:/opt/ros/jazzy/opt/gz_dartsim_vendor:/opt/ros/jazzy/opt/gz_cmake_vendor:/opt/ros/jazzy DEBUGINFOD_URLS=https://debuginfod.ubuntu.com GZ_SIM_PLUGIN_PATH=/home/toluwani-williams/slam_ws/install/slam_bot_gazebo/lib/slam_bot_gazebo GZ_SIM_RESOURCE_PATH=/home/toluwani-williams/slam_ws/install/slam_bot_description/share/slam_bot_description/models:${GZ_SIM_RESOURCE_PATH} /usr/bin/cmake --build /home/toluwani-williams/slam_ws/build/slam_bot_bringup -- -j8 -l8
[0.947s] DEBUG:colcon.colcon_core.event_handler.log_command:Invoked command in '/home/toluwani-williams/slam_ws/build/slam_bot_bringup' returned '0': CMAKE_PREFIX_PATH=/home/toluwani-williams/slam_ws/install/slam_bot_gazebo:/home/toluwani-williams/slam_ws/install/slam_bot_description:/home/toluwani-williams/slam_ws/install/slam_bot_bringup:/home/toluwani-williams/slam_ws/install/slam_bot_application:/home/toluwani-williams/slam_ws/install/ros_gz_example_bringup:/home/toluwani-williams/slam_ws/install/ros_gz_example_gazebo:/home/toluwani-williams/slam_ws/install/ros_gz_example_description:/home/toluwani-williams/slam_ws/install/ros_gz_example_application:/opt/ros/jazzy/opt/gz_launch_vendor:/opt/ros/jazzy/opt/gz_sim_vendor:/opt/ros/jazzy/opt/gz_sensors_vendor:/opt/ros/jazzy/opt/gz_physics_vendor:/opt/ros/jazzy/opt/sdformat_vendor:/opt/ros/jazzy/opt/gz_gui_vendor:/opt/ros/jazzy/opt/gz_transport_vendor:/opt/ros/jazzy/opt/gz_rendering_vendor:/opt/ros/jazzy/opt/gz_plugin_vendor:/opt/ros/jazzy/opt/gz_fuel_tools_vendor:/opt/ros/jazzy/opt/gz_msgs_vendor:/opt/ros/jazzy/opt/gz_common_vendor:/opt/ros/jazzy/opt/gz_math_vendor:/opt/ros/jazzy/opt/gz_utils_vendor:/opt/ros/jazzy/opt/gz_tools_vendor:/opt/ros/jazzy/opt/gz_ogre_next_vendor:/opt/ros/jazzy/opt/gz_dartsim_vendor:/opt/ros/jazzy/opt/gz_cmake_vendor:/opt/ros/jazzy DEBUGINFOD_URLS=https://debuginfod.ubuntu.com GZ_SIM_PLUGIN_PATH=/home/toluwani-williams/slam_ws/install/slam_bot_gazebo/lib/slam_bot_gazebo GZ_SIM_RESOURCE_PATH=/home/toluwani-williams/slam_ws/install/slam_bot_description/share/slam_bot_description/models:${GZ_SIM_RESOURCE_PATH} /usr/bin/cmake --build /home/toluwani-williams/slam_ws/build/slam_bot_bringup -- -j8 -l8
[0.950s] DEBUG:colcon.colcon_core.event_handler.log_command:Invoking command in '/home/toluwani-williams/slam_ws/build/slam_bot_bringup': CMAKE_PREFIX_PATH=/home/toluwani-williams/slam_ws/install/slam_bot_gazebo:/home/toluwani-williams/slam_ws/install/slam_bot_description:/home/toluwani-williams/slam_ws/install/slam_bot_bringup:/home/toluwani-williams/slam_ws/install/slam_bot_application:/home/toluwani-williams/slam_ws/install/ros_gz_example_bringup:/home/toluwani-williams/slam_ws/install/ros_gz_example_gazebo:/home/toluwani-williams/slam_ws/install/ros_gz_example_description:/home/toluwani-williams/slam_ws/install/ros_gz_example_application:/opt/ros/jazzy/opt/gz_launch_vendor:/opt/ros/jazzy/opt/gz_sim_vendor:/opt/ros/jazzy/opt/gz_sensors_vendor:/opt/ros/jazzy/opt/gz_physics_vendor:/opt/ros/jazzy/opt/sdformat_vendor:/opt/ros/jazzy/opt/gz_gui_vendor:/opt/ros/jazzy/opt/gz_transport_vendor:/opt/ros/jazzy/opt/gz_rendering_vendor:/opt/ros/jazzy/opt/gz_plugin_vendor:/opt/ros/jazzy/opt/gz_fuel_tools_vendor:/opt/ros/jazzy/opt/gz_msgs_vendor:/opt/ros/jazzy/opt/gz_common_vendor:/opt/ros/jazzy/opt/gz_math_vendor:/opt/ros/jazzy/opt/gz_utils_vendor:/opt/ros/jazzy/opt/gz_tools_vendor:/opt/ros/jazzy/opt/gz_ogre_next_vendor:/opt/ros/jazzy/opt/gz_dartsim_vendor:/opt/ros/jazzy/opt/gz_cmake_vendor:/opt/ros/jazzy DEBUGINFOD_URLS=https://debuginfod.ubuntu.com GZ_SIM_PLUGIN_PATH=/home/toluwani-williams/slam_ws/install/slam_bot_gazebo/lib/slam_bot_gazebo GZ_SIM_RESOURCE_PATH=/home/toluwani-williams/slam_ws/install/slam_bot_description/share/slam_bot_description/models:${GZ_SIM_RESOURCE_PATH} /usr/bin/cmake --install /home/toluwani-williams/slam_ws/build/slam_bot_bringup
[0.969s] Level 1:colcon.colcon_core.environment:create_environment_scripts_only(slam_bot_bringup)
[0.970s] Level 1:colcon.colcon_core.environment:checking '/home/toluwani-williams/slam_ws/install/slam_bot_bringup' for CMake module files
[0.971s] DEBUG:colcon.colcon_core.event_handler.log_command:Invoked command in '/home/toluwani-williams/slam_ws/build/slam_bot_bringup' returned '0': CMAKE_PREFIX_PATH=/home/toluwani-williams/slam_ws/install/slam_bot_gazebo:/home/toluwani-williams/slam_ws/install/slam_bot_description:/home/toluwani-williams/slam_ws/install/slam_bot_bringup:/home/toluwani-williams/slam_ws/install/slam_bot_application:/home/toluwani-williams/slam_ws/install/ros_gz_example_bringup:/home/toluwani-williams/slam_ws/install/ros_gz_example_gazebo:/home/toluwani-williams/slam_ws/install/ros_gz_example_description:/home/toluwani-williams/slam_ws/install/ros_gz_example_application:/opt/ros/jazzy/opt/gz_launch_vendor:/opt/ros/jazzy/opt/gz_sim_vendor:/opt/ros/jazzy/opt/gz_sensors_vendor:/opt/ros/jazzy/opt/gz_physics_vendor:/opt/ros/jazzy/opt/sdformat_vendor:/opt/ros/jazzy/opt/gz_gui_vendor:/opt/ros/jazzy/opt/gz_transport_vendor:/opt/ros/jazzy/opt/gz_rendering_vendor:/opt/ros/jazzy/opt/gz_plugin_vendor:/opt/ros/jazzy/opt/gz_fuel_tools_vendor:/opt/ros/jazzy/opt/gz_msgs_vendor:/opt/ros/jazzy/opt/gz_common_vendor:/opt/ros/jazzy/opt/gz_math_vendor:/opt/ros/jazzy/opt/gz_utils_vendor:/opt/ros/jazzy/opt/gz_tools_vendor:/opt/ros/jazzy/opt/gz_ogre_next_vendor:/opt/ros/jazzy/opt/gz_dartsim_vendor:/opt/ros/jazzy/opt/gz_cmake_vendor:/opt/ros/jazzy DEBUGINFOD_URLS=https://debuginfod.ubuntu.com GZ_SIM_PLUGIN_PATH=/home/toluwani-williams/slam_ws/install/slam_bot_gazebo/lib/slam_bot_gazebo GZ_SIM_RESOURCE_PATH=/home/toluwani-williams/slam_ws/install/slam_bot_description/share/slam_bot_description/models:${GZ_SIM_RESOURCE_PATH} /usr/bin/cmake --install /home/toluwani-williams/slam_ws/build/slam_bot_bringup
[0.972s] Level 1:colcon.colcon_core.environment:checking '/home/toluwani-williams/slam_ws/install/slam_bot_bringup' for CMake config files
[0.972s] Level 1:colcon.colcon_core.shell:create_environment_hook('slam_bot_bringup', 'cmake_prefix_path')
[0.973s] INFO:colcon.colcon_core.shell:Creating environment hook '/home/toluwani-williams/slam_ws/install/slam_bot_bringup/share/slam_bot_bringup/hook/cmake_prefix_path.ps1'
[0.974s] INFO:colcon.colcon_core.shell:Creating environment descriptor '/home/toluwani-williams/slam_ws/install/slam_bot_bringup/share/slam_bot_bringup/hook/cmake_prefix_path.dsv'
[0.974s] INFO:colcon.colcon_core.shell:Creating environment hook '/home/toluwani-williams/slam_ws/install/slam_bot_bringup/share/slam_bot_bringup/hook/cmake_prefix_path.sh'
[0.975s] Level 1:colcon.colcon_core.environment:checking '/home/toluwani-williams/slam_ws/install/slam_bot_bringup/bin'
[0.975s] Level 1:colcon.colcon_core.environment:checking '/home/toluwani-williams/slam_ws/install/slam_bot_bringup/lib/pkgconfig/slam_bot_bringup.pc'
[0.975s] Level 1:colcon.colcon_core.environment:checking '/home/toluwani-williams/slam_ws/install/slam_bot_bringup/lib/python3.12/site-packages'
[0.976s] Level 1:colcon.colcon_core.environment:checking '/home/toluwani-williams/slam_ws/install/slam_bot_bringup/bin'
[0.976s] INFO:colcon.colcon_core.shell:Creating package script '/home/toluwani-williams/slam_ws/install/slam_bot_bringup/share/slam_bot_bringup/package.ps1'
[0.976s] INFO:colcon.colcon_core.shell:Creating package descriptor '/home/toluwani-williams/slam_ws/install/slam_bot_bringup/share/slam_bot_bringup/package.dsv'
[0.977s] INFO:colcon.colcon_core.shell:Creating package script '/home/toluwani-williams/slam_ws/install/slam_bot_bringup/share/slam_bot_bringup/package.sh'
[0.977s] INFO:colcon.colcon_core.shell:Creating package script '/home/toluwani-williams/slam_ws/install/slam_bot_bringup/share/slam_bot_bringup/package.bash'
[0.978s] INFO:colcon.colcon_core.shell:Creating package script '/home/toluwani-williams/slam_ws/install/slam_bot_bringup/share/slam_bot_bringup/package.zsh'
[0.979s] Level 1:colcon.colcon_core.environment:create_file_with_runtime_dependencies(/home/toluwani-williams/slam_ws/install/slam_bot_bringup/share/colcon-core/packages/slam_bot_bringup)
[0.980s] Level 1:colcon.colcon_core.environment:create_environment_scripts_only(slam_bot_bringup)
[0.980s] Level 1:colcon.colcon_core.environment:checking '/home/toluwani-williams/slam_ws/install/slam_bot_bringup' for CMake module files
[0.981s] Level 1:colcon.colcon_core.environment:checking '/home/toluwani-williams/slam_ws/install/slam_bot_bringup' for CMake config files
[0.981s] Level 1:colcon.colcon_core.shell:create_environment_hook('slam_bot_bringup', 'cmake_prefix_path')
[0.982s] INFO:colcon.colcon_core.shell:Creating environment hook '/home/toluwani-williams/slam_ws/install/slam_bot_bringup/share/slam_bot_bringup/hook/cmake_prefix_path.ps1'
[0.983s] INFO:colcon.colcon_core.shell:Creating environment descriptor '/home/toluwani-williams/slam_ws/install/slam_bot_bringup/share/slam_bot_bringup/hook/cmake_prefix_path.dsv'
[0.983s] INFO:colcon.colcon_core.shell:Creating environment hook '/home/toluwani-williams/slam_ws/install/slam_bot_bringup/share/slam_bot_bringup/hook/cmake_prefix_path.sh'
[0.984s] Level 1:colcon.colcon_core.environment:checking '/home/toluwani-williams/slam_ws/install/slam_bot_bringup/bin'
[0.984s] Level 1:colcon.colcon_core.environment:checking '/home/toluwani-williams/slam_ws/install/slam_bot_bringup/lib/pkgconfig/slam_bot_bringup.pc'
[0.984s] Level 1:colcon.colcon_core.environment:checking '/home/toluwani-williams/slam_ws/install/slam_bot_bringup/lib/python3.12/site-packages'
[0.984s] Level 1:colcon.colcon_core.environment:checking '/home/toluwani-williams/slam_ws/install/slam_bot_bringup/bin'
[0.985s] INFO:colcon.colcon_core.shell:Creating package script '/home/toluwani-williams/slam_ws/install/slam_bot_bringup/share/slam_bot_bringup/package.ps1'
[0.985s] INFO:colcon.colcon_core.shell:Creating package descriptor '/home/toluwani-williams/slam_ws/install/slam_bot_bringup/share/slam_bot_bringup/package.dsv'
[0.986s] INFO:colcon.colcon_core.shell:Creating package script '/home/toluwani-williams/slam_ws/install/slam_bot_bringup/share/slam_bot_bringup/package.sh'
[0.986s] INFO:colcon.colcon_core.shell:Creating package script '/home/toluwani-williams/slam_ws/install/slam_bot_bringup/share/slam_bot_bringup/package.bash'
[0.987s] INFO:colcon.colcon_core.shell:Creating package script '/home/toluwani-williams/slam_ws/install/slam_bot_bringup/share/slam_bot_bringup/package.zsh'
[0.987s] Level 1:colcon.colcon_core.environment:create_file_with_runtime_dependencies(/home/toluwani-williams/slam_ws/install/slam_bot_bringup/share/colcon-core/packages/slam_bot_bringup)
[0.988s] DEBUG:colcon.colcon_parallel_executor.executor.parallel:closing loop
[0.988s] DEBUG:colcon.colcon_parallel_executor.executor.parallel:loop closed
[0.988s] DEBUG:colcon.colcon_parallel_executor.executor.parallel:run_until_complete finished with '0'
[0.988s] DEBUG:colcon.colcon_core.event_reactor:joining thread
[0.996s] INFO:colcon.colcon_core.plugin_system:Skipping extension 'colcon_notification.desktop_notification.terminal_notifier': Not used on non-Darwin systems
[0.996s] INFO:colcon.colcon_core.plugin_system:Skipping extension 'colcon_notification.desktop_notification.win32': Not used on non-Windows systems
[0.996s] INFO:colcon.colcon_notification.desktop_notification:Sending desktop notification using 'notify2'
[1.027s] DEBUG:colcon.colcon_core.event_reactor:joined thread
[1.028s] INFO:colcon.colcon_core.shell:Creating prefix script '/home/toluwani-williams/slam_ws/install/local_setup.ps1'
[1.030s] INFO:colcon.colcon_core.shell:Creating prefix util module '/home/toluwani-williams/slam_ws/install/_local_setup_util_ps1.py'
[1.034s] INFO:colcon.colcon_core.shell:Creating prefix chain script '/home/toluwani-williams/slam_ws/install/setup.ps1'
[1.037s] INFO:colcon.colcon_core.shell:Creating prefix script '/home/toluwani-williams/slam_ws/install/local_setup.sh'
[1.038s] INFO:colcon.colcon_core.shell:Creating prefix util module '/home/toluwani-williams/slam_ws/install/_local_setup_util_sh.py'
[1.040s] INFO:colcon.colcon_core.shell:Creating prefix chain script '/home/toluwani-williams/slam_ws/install/setup.sh'
[1.043s] INFO:colcon.colcon_core.shell:Creating prefix script '/home/toluwani-williams/slam_ws/install/local_setup.bash'
[1.045s] INFO:colcon.colcon_core.shell:Creating prefix chain script '/home/toluwani-williams/slam_ws/install/setup.bash'
[1.048s] INFO:colcon.colcon_core.shell:Creating prefix script '/home/toluwani-williams/slam_ws/install/local_setup.zsh'
[1.049s] INFO:colcon.colcon_core.shell:Creating prefix chain script '/home/toluwani-williams/slam_ws/install/setup.zsh'
