[0.018s] Invoking command in '/home/toluwani-williams/slam_ws/build/ros_gz_example_bringup': AMENT_PREFIX_PATH=/home/toluwani-williams/slam_ws/install/ros_gz_example_gazebo:/home/toluwani-williams/slam_ws/install/ros_gz_example_description:${AMENT_PREFIX_PATH} CMAKE_PREFIX_PATH=/home/toluwani-williams/slam_ws/install/ros_gz_example_gazebo:/home/toluwani-williams/slam_ws/install/ros_gz_example_description:/opt/ros/jazzy/opt/gz_launch_vendor:/opt/ros/jazzy/opt/gz_sim_vendor:/opt/ros/jazzy/opt/gz_sensors_vendor:/opt/ros/jazzy/opt/gz_physics_vendor:/opt/ros/jazzy/opt/sdformat_vendor:/opt/ros/jazzy/opt/gz_gui_vendor:/opt/ros/jazzy/opt/gz_transport_vendor:/opt/ros/jazzy/opt/gz_rendering_vendor:/opt/ros/jazzy/opt/gz_plugin_vendor:/opt/ros/jazzy/opt/gz_fuel_tools_vendor:/opt/ros/jazzy/opt/gz_msgs_vendor:/opt/ros/jazzy/opt/gz_common_vendor:/opt/ros/jazzy/opt/gz_math_vendor:/opt/ros/jazzy/opt/gz_utils_vendor:/opt/ros/jazzy/opt/gz_tools_vendor:/opt/ros/jazzy/opt/gz_ogre_next_vendor:/opt/ros/jazzy/opt/gz_dartsim_vendor:/opt/ros/jazzy/opt/gz_cmake_vendor:/opt/ros/jazzy DEBUGINFOD_URLS=https://debuginfod.ubuntu.com GZ_SIM_PLUGIN_PATH=/home/toluwani-williams/slam_ws/install/ros_gz_example_gazebo/lib/ros_gz_example_gazebo GZ_SIM_RESOURCE_PATH=/home/toluwani-williams/slam_ws/install/ros_gz_example_gazebo/share/ros_gz_example_gazebo/worlds:/home/toluwani-williams/slam_ws/install/ros_gz_example_description/share/ros_gz_example_description/models /usr/bin/cmake /home/toluwani-williams/slam_ws/src/ros_gz_project_template/ros_gz_example_bringup -DBUILD_TESTING=ON -DCMAKE_INSTALL_PREFIX=/home/toluwani-williams/slam_ws/install/ros_gz_example_bringup
[0.135s] -- The C compiler identification is GNU 13.3.0
[0.243s] -- The CXX compiler identification is GNU 13.3.0
[0.280s] -- Detecting C compiler ABI info
[0.463s] -- Detecting C compiler ABI info - done
[0.477s] -- Check for working C compiler: /usr/bin/cc - skipped
[0.478s] -- Detecting C compile features
[0.478s] -- Detecting C compile features - done
[0.497s] -- Detecting CXX compiler ABI info
[0.696s] -- Detecting CXX compiler ABI info - done
[0.713s] -- Check for working CXX compiler: /usr/bin/c++ - skipped
[0.713s] -- Detecting CXX compile features
[0.714s] -- Detecting CXX compile features - done
[0.721s] -- Found ament_cmake: 2.5.4 (/opt/ros/jazzy/share/ament_cmake/cmake)
[0.952s] -- Found Python3: /usr/bin/python3 (found version "3.12.3") found components: Interpreter 
[1.149s] -- Found ros_gz_example_description: 0.0.0 (/home/toluwani-williams/slam_ws/install/ros_gz_example_description/share/ros_gz_example_description/cmake)
[1.150s] -- Found ros_gz_example_gazebo: 0.0.0 (/home/toluwani-williams/slam_ws/install/ros_gz_example_gazebo/share/ros_gz_example_gazebo/cmake)
[1.154s] -- Found ament_lint_auto: 0.17.2 (/opt/ros/jazzy/share/ament_lint_auto/cmake)
[1.290s] -- Configuring done (1.3s)
[1.297s] -- Generating done (0.0s)
[1.300s] -- Build files have been written to: /home/toluwani-williams/slam_ws/build/ros_gz_example_bringup
[1.308s] Invoked command in '/home/toluwani-williams/slam_ws/build/ros_gz_example_bringup' returned '0': AMENT_PREFIX_PATH=/home/toluwani-williams/slam_ws/install/ros_gz_example_gazebo:/home/toluwani-williams/slam_ws/install/ros_gz_example_description:${AMENT_PREFIX_PATH} CMAKE_PREFIX_PATH=/home/toluwani-williams/slam_ws/install/ros_gz_example_gazebo:/home/toluwani-williams/slam_ws/install/ros_gz_example_description:/opt/ros/jazzy/opt/gz_launch_vendor:/opt/ros/jazzy/opt/gz_sim_vendor:/opt/ros/jazzy/opt/gz_sensors_vendor:/opt/ros/jazzy/opt/gz_physics_vendor:/opt/ros/jazzy/opt/sdformat_vendor:/opt/ros/jazzy/opt/gz_gui_vendor:/opt/ros/jazzy/opt/gz_transport_vendor:/opt/ros/jazzy/opt/gz_rendering_vendor:/opt/ros/jazzy/opt/gz_plugin_vendor:/opt/ros/jazzy/opt/gz_fuel_tools_vendor:/opt/ros/jazzy/opt/gz_msgs_vendor:/opt/ros/jazzy/opt/gz_common_vendor:/opt/ros/jazzy/opt/gz_math_vendor:/opt/ros/jazzy/opt/gz_utils_vendor:/opt/ros/jazzy/opt/gz_tools_vendor:/opt/ros/jazzy/opt/gz_ogre_next_vendor:/opt/ros/jazzy/opt/gz_dartsim_vendor:/opt/ros/jazzy/opt/gz_cmake_vendor:/opt/ros/jazzy DEBUGINFOD_URLS=https://debuginfod.ubuntu.com GZ_SIM_PLUGIN_PATH=/home/toluwani-williams/slam_ws/install/ros_gz_example_gazebo/lib/ros_gz_example_gazebo GZ_SIM_RESOURCE_PATH=/home/toluwani-williams/slam_ws/install/ros_gz_example_gazebo/share/ros_gz_example_gazebo/worlds:/home/toluwani-williams/slam_ws/install/ros_gz_example_description/share/ros_gz_example_description/models /usr/bin/cmake /home/toluwani-williams/slam_ws/src/ros_gz_project_template/ros_gz_example_bringup -DBUILD_TESTING=ON -DCMAKE_INSTALL_PREFIX=/home/toluwani-williams/slam_ws/install/ros_gz_example_bringup
[1.310s] Invoking command in '/home/toluwani-williams/slam_ws/build/ros_gz_example_bringup': AMENT_PREFIX_PATH=/home/toluwani-williams/slam_ws/install/ros_gz_example_gazebo:/home/toluwani-williams/slam_ws/install/ros_gz_example_description:${AMENT_PREFIX_PATH} CMAKE_PREFIX_PATH=/home/toluwani-williams/slam_ws/install/ros_gz_example_gazebo:/home/toluwani-williams/slam_ws/install/ros_gz_example_description:/opt/ros/jazzy/opt/gz_launch_vendor:/opt/ros/jazzy/opt/gz_sim_vendor:/opt/ros/jazzy/opt/gz_sensors_vendor:/opt/ros/jazzy/opt/gz_physics_vendor:/opt/ros/jazzy/opt/sdformat_vendor:/opt/ros/jazzy/opt/gz_gui_vendor:/opt/ros/jazzy/opt/gz_transport_vendor:/opt/ros/jazzy/opt/gz_rendering_vendor:/opt/ros/jazzy/opt/gz_plugin_vendor:/opt/ros/jazzy/opt/gz_fuel_tools_vendor:/opt/ros/jazzy/opt/gz_msgs_vendor:/opt/ros/jazzy/opt/gz_common_vendor:/opt/ros/jazzy/opt/gz_math_vendor:/opt/ros/jazzy/opt/gz_utils_vendor:/opt/ros/jazzy/opt/gz_tools_vendor:/opt/ros/jazzy/opt/gz_ogre_next_vendor:/opt/ros/jazzy/opt/gz_dartsim_vendor:/opt/ros/jazzy/opt/gz_cmake_vendor:/opt/ros/jazzy DEBUGINFOD_URLS=https://debuginfod.ubuntu.com GZ_SIM_PLUGIN_PATH=/home/toluwani-williams/slam_ws/install/ros_gz_example_gazebo/lib/ros_gz_example_gazebo GZ_SIM_RESOURCE_PATH=/home/toluwani-williams/slam_ws/install/ros_gz_example_gazebo/share/ros_gz_example_gazebo/worlds:/home/toluwani-williams/slam_ws/install/ros_gz_example_description/share/ros_gz_example_description/models /usr/bin/cmake --build /home/toluwani-williams/slam_ws/build/ros_gz_example_bringup -- -j8 -l8
[1.403s] Invoked command in '/home/toluwani-williams/slam_ws/build/ros_gz_example_bringup' returned '0': AMENT_PREFIX_PATH=/home/toluwani-williams/slam_ws/install/ros_gz_example_gazebo:/home/toluwani-williams/slam_ws/install/ros_gz_example_description:${AMENT_PREFIX_PATH} CMAKE_PREFIX_PATH=/home/toluwani-williams/slam_ws/install/ros_gz_example_gazebo:/home/toluwani-williams/slam_ws/install/ros_gz_example_description:/opt/ros/jazzy/opt/gz_launch_vendor:/opt/ros/jazzy/opt/gz_sim_vendor:/opt/ros/jazzy/opt/gz_sensors_vendor:/opt/ros/jazzy/opt/gz_physics_vendor:/opt/ros/jazzy/opt/sdformat_vendor:/opt/ros/jazzy/opt/gz_gui_vendor:/opt/ros/jazzy/opt/gz_transport_vendor:/opt/ros/jazzy/opt/gz_rendering_vendor:/opt/ros/jazzy/opt/gz_plugin_vendor:/opt/ros/jazzy/opt/gz_fuel_tools_vendor:/opt/ros/jazzy/opt/gz_msgs_vendor:/opt/ros/jazzy/opt/gz_common_vendor:/opt/ros/jazzy/opt/gz_math_vendor:/opt/ros/jazzy/opt/gz_utils_vendor:/opt/ros/jazzy/opt/gz_tools_vendor:/opt/ros/jazzy/opt/gz_ogre_next_vendor:/opt/ros/jazzy/opt/gz_dartsim_vendor:/opt/ros/jazzy/opt/gz_cmake_vendor:/opt/ros/jazzy DEBUGINFOD_URLS=https://debuginfod.ubuntu.com GZ_SIM_PLUGIN_PATH=/home/toluwani-williams/slam_ws/install/ros_gz_example_gazebo/lib/ros_gz_example_gazebo GZ_SIM_RESOURCE_PATH=/home/toluwani-williams/slam_ws/install/ros_gz_example_gazebo/share/ros_gz_example_gazebo/worlds:/home/toluwani-williams/slam_ws/install/ros_gz_example_description/share/ros_gz_example_description/models /usr/bin/cmake --build /home/toluwani-williams/slam_ws/build/ros_gz_example_bringup -- -j8 -l8
[1.405s] Invoking command in '/home/toluwani-williams/slam_ws/build/ros_gz_example_bringup': AMENT_PREFIX_PATH=/home/toluwani-williams/slam_ws/install/ros_gz_example_gazebo:/home/toluwani-williams/slam_ws/install/ros_gz_example_description:${AMENT_PREFIX_PATH} CMAKE_PREFIX_PATH=/home/toluwani-williams/slam_ws/install/ros_gz_example_gazebo:/home/toluwani-williams/slam_ws/install/ros_gz_example_description:/opt/ros/jazzy/opt/gz_launch_vendor:/opt/ros/jazzy/opt/gz_sim_vendor:/opt/ros/jazzy/opt/gz_sensors_vendor:/opt/ros/jazzy/opt/gz_physics_vendor:/opt/ros/jazzy/opt/sdformat_vendor:/opt/ros/jazzy/opt/gz_gui_vendor:/opt/ros/jazzy/opt/gz_transport_vendor:/opt/ros/jazzy/opt/gz_rendering_vendor:/opt/ros/jazzy/opt/gz_plugin_vendor:/opt/ros/jazzy/opt/gz_fuel_tools_vendor:/opt/ros/jazzy/opt/gz_msgs_vendor:/opt/ros/jazzy/opt/gz_common_vendor:/opt/ros/jazzy/opt/gz_math_vendor:/opt/ros/jazzy/opt/gz_utils_vendor:/opt/ros/jazzy/opt/gz_tools_vendor:/opt/ros/jazzy/opt/gz_ogre_next_vendor:/opt/ros/jazzy/opt/gz_dartsim_vendor:/opt/ros/jazzy/opt/gz_cmake_vendor:/opt/ros/jazzy DEBUGINFOD_URLS=https://debuginfod.ubuntu.com GZ_SIM_PLUGIN_PATH=/home/toluwani-williams/slam_ws/install/ros_gz_example_gazebo/lib/ros_gz_example_gazebo GZ_SIM_RESOURCE_PATH=/home/toluwani-williams/slam_ws/install/ros_gz_example_gazebo/share/ros_gz_example_gazebo/worlds:/home/toluwani-williams/slam_ws/install/ros_gz_example_description/share/ros_gz_example_description/models /usr/bin/cmake --install /home/toluwani-williams/slam_ws/build/ros_gz_example_bringup
[1.424s] -- Install configuration: ""
[1.425s] -- Installing: /home/toluwani-williams/slam_ws/install/ros_gz_example_bringup/share/ros_gz_example_bringup/launch
[1.425s] -- Installing: /home/toluwani-williams/slam_ws/install/ros_gz_example_bringup/share/ros_gz_example_bringup/launch/diff_drive.launch.py
[1.425s] -- Installing: /home/toluwani-williams/slam_ws/install/ros_gz_example_bringup/share/ros_gz_example_bringup/launch/rrbot_setup.launch.py
[1.426s] -- Installing: /home/toluwani-williams/slam_ws/install/ros_gz_example_bringup/share/ros_gz_example_bringup/config
[1.426s] -- Installing: /home/toluwani-williams/slam_ws/install/ros_gz_example_bringup/share/ros_gz_example_bringup/config/rrbot.rviz
[1.427s] -- Installing: /home/toluwani-williams/slam_ws/install/ros_gz_example_bringup/share/ros_gz_example_bringup/config/ros_gz_example_bridge.yaml
[1.427s] -- Installing: /home/toluwani-williams/slam_ws/install/ros_gz_example_bringup/share/ros_gz_example_bringup/config/diff_drive.rviz
[1.428s] -- Installing: /home/toluwani-williams/slam_ws/install/ros_gz_example_bringup/share/ament_index/resource_index/package_run_dependencies/ros_gz_example_bringup
[1.428s] -- Installing: /home/toluwani-williams/slam_ws/install/ros_gz_example_bringup/share/ament_index/resource_index/parent_prefix_path/ros_gz_example_bringup
[1.428s] -- Installing: /home/toluwani-williams/slam_ws/install/ros_gz_example_bringup/share/ros_gz_example_bringup/environment/ament_prefix_path.sh
[1.429s] -- Installing: /home/toluwani-williams/slam_ws/install/ros_gz_example_bringup/share/ros_gz_example_bringup/environment/ament_prefix_path.dsv
[1.429s] -- Installing: /home/toluwani-williams/slam_ws/install/ros_gz_example_bringup/share/ros_gz_example_bringup/environment/path.sh
[1.429s] -- Installing: /home/toluwani-williams/slam_ws/install/ros_gz_example_bringup/share/ros_gz_example_bringup/environment/path.dsv
[1.430s] -- Installing: /home/toluwani-williams/slam_ws/install/ros_gz_example_bringup/share/ros_gz_example_bringup/local_setup.bash
[1.430s] -- Installing: /home/toluwani-williams/slam_ws/install/ros_gz_example_bringup/share/ros_gz_example_bringup/local_setup.sh
[1.430s] -- Installing: /home/toluwani-williams/slam_ws/install/ros_gz_example_bringup/share/ros_gz_example_bringup/local_setup.zsh
[1.430s] -- Installing: /home/toluwani-williams/slam_ws/install/ros_gz_example_bringup/share/ros_gz_example_bringup/local_setup.dsv
[1.431s] -- Installing: /home/toluwani-williams/slam_ws/install/ros_gz_example_bringup/share/ros_gz_example_bringup/package.dsv
[1.431s] -- Installing: /home/toluwani-williams/slam_ws/install/ros_gz_example_bringup/share/ament_index/resource_index/packages/ros_gz_example_bringup
[1.431s] -- Installing: /home/toluwani-williams/slam_ws/install/ros_gz_example_bringup/share/ros_gz_example_bringup/cmake/ros_gz_example_bringupConfig.cmake
[1.432s] -- Installing: /home/toluwani-williams/slam_ws/install/ros_gz_example_bringup/share/ros_gz_example_bringup/cmake/ros_gz_example_bringupConfig-version.cmake
[1.432s] -- Installing: /home/toluwani-williams/slam_ws/install/ros_gz_example_bringup/share/ros_gz_example_bringup/package.xml
[1.436s] Invoked command in '/home/toluwani-williams/slam_ws/build/ros_gz_example_bringup' returned '0': AMENT_PREFIX_PATH=/home/toluwani-williams/slam_ws/install/ros_gz_example_gazebo:/home/toluwani-williams/slam_ws/install/ros_gz_example_description:${AMENT_PREFIX_PATH} CMAKE_PREFIX_PATH=/home/toluwani-williams/slam_ws/install/ros_gz_example_gazebo:/home/toluwani-williams/slam_ws/install/ros_gz_example_description:/opt/ros/jazzy/opt/gz_launch_vendor:/opt/ros/jazzy/opt/gz_sim_vendor:/opt/ros/jazzy/opt/gz_sensors_vendor:/opt/ros/jazzy/opt/gz_physics_vendor:/opt/ros/jazzy/opt/sdformat_vendor:/opt/ros/jazzy/opt/gz_gui_vendor:/opt/ros/jazzy/opt/gz_transport_vendor:/opt/ros/jazzy/opt/gz_rendering_vendor:/opt/ros/jazzy/opt/gz_plugin_vendor:/opt/ros/jazzy/opt/gz_fuel_tools_vendor:/opt/ros/jazzy/opt/gz_msgs_vendor:/opt/ros/jazzy/opt/gz_common_vendor:/opt/ros/jazzy/opt/gz_math_vendor:/opt/ros/jazzy/opt/gz_utils_vendor:/opt/ros/jazzy/opt/gz_tools_vendor:/opt/ros/jazzy/opt/gz_ogre_next_vendor:/opt/ros/jazzy/opt/gz_dartsim_vendor:/opt/ros/jazzy/opt/gz_cmake_vendor:/opt/ros/jazzy DEBUGINFOD_URLS=https://debuginfod.ubuntu.com GZ_SIM_PLUGIN_PATH=/home/toluwani-williams/slam_ws/install/ros_gz_example_gazebo/lib/ros_gz_example_gazebo GZ_SIM_RESOURCE_PATH=/home/toluwani-williams/slam_ws/install/ros_gz_example_gazebo/share/ros_gz_example_gazebo/worlds:/home/toluwani-williams/slam_ws/install/ros_gz_example_description/share/ros_gz_example_description/models /usr/bin/cmake --install /home/toluwani-williams/slam_ws/build/ros_gz_example_bringup
