[0.017s] Invoking command in '/home/toluwani-williams/slam_ws/build/slam_bot_gazebo': AMENT_PREFIX_PATH=/home/toluwani-williams/slam_ws/install/slam_bot_description:${AMENT_PREFIX_PATH} CMAKE_PREFIX_PATH=/home/toluwani-williams/slam_ws/install/slam_bot_description:/home/toluwani-williams/slam_ws/install/ros_gz_example_bringup:/home/toluwani-williams/slam_ws/install/ros_gz_example_gazebo:/home/toluwani-williams/slam_ws/install/ros_gz_example_description:/home/toluwani-williams/slam_ws/install/ros_gz_example_application:/opt/ros/jazzy/opt/gz_launch_vendor:/opt/ros/jazzy/opt/gz_sim_vendor:/opt/ros/jazzy/opt/gz_sensors_vendor:/opt/ros/jazzy/opt/gz_physics_vendor:/opt/ros/jazzy/opt/sdformat_vendor:/opt/ros/jazzy/opt/gz_gui_vendor:/opt/ros/jazzy/opt/gz_transport_vendor:/opt/ros/jazzy/opt/gz_rendering_vendor:/opt/ros/jazzy/opt/gz_plugin_vendor:/opt/ros/jazzy/opt/gz_fuel_tools_vendor:/opt/ros/jazzy/opt/gz_msgs_vendor:/opt/ros/jazzy/opt/gz_common_vendor:/opt/ros/jazzy/opt/gz_math_vendor:/opt/ros/jazzy/opt/gz_utils_vendor:/opt/ros/jazzy/opt/gz_tools_vendor:/opt/ros/jazzy/opt/gz_ogre_next_vendor:/opt/ros/jazzy/opt/gz_dartsim_vendor:/opt/ros/jazzy/opt/gz_cmake_vendor:/opt/ros/jazzy DEBUGINFOD_URLS=https://debuginfod.ubuntu.com GZ_SIM_RESOURCE_PATH=/home/toluwani-williams/slam_ws/install/slam_bot_description/share/slam_bot_description/models:${GZ_SIM_RESOURCE_PATH} /usr/bin/cmake /home/toluwani-williams/slam_ws/src/slam_bot_gazebo -DBUILD_TESTING=ON -DCMAKE_INSTALL_PREFIX=/home/toluwani-williams/slam_ws/install/slam_bot_gazebo
[0.140s] -- The C compiler identification is GNU 13.3.0
[0.255s] -- The CXX compiler identification is GNU 13.3.0
[0.300s] -- Detecting C compiler ABI info
[0.541s] -- Detecting C compiler ABI info - done
[0.564s] -- Check for working C compiler: /usr/bin/cc - skipped
[0.564s] -- Detecting C compile features
[0.565s] -- Detecting C compile features - done
[0.593s] -- Detecting CXX compiler ABI info
[0.838s] -- Detecting CXX compiler ABI info - done
[0.866s] -- Check for working CXX compiler: /usr/bin/c++ - skipped
[0.867s] -- Detecting CXX compile features
[0.869s] -- Detecting CXX compile features - done
[0.878s] -- Found ament_cmake: 2.5.4 (/opt/ros/jazzy/share/ament_cmake/cmake)
[1.212s] -- Found Python3: /usr/bin/python3 (found version "3.12.3") found components: Interpreter 
[1.428s] -- Found slam_bot_description: 0.0.0 (/home/toluwani-williams/slam_ws/install/slam_bot_description/share/slam_bot_description/cmake)
[1.466s] -- Looking for gz-plugin2 -- found version 2.0.4
[1.467s] -- Searching for dependencies of gz-plugin2
[1.474s] -- Looking for gz-utils2 -- found version 2.2.1
[1.474s] -- Searching for dependencies of gz-utils2
[1.477s] -- Searching for <gz-utils2> component [cli]
[1.483s] -- Looking for gz-utils2-cli -- found version 2.2.1
[1.483s] -- Searching for dependencies of gz-utils2-cli
[1.486s] -- Searching for <gz-plugin2> component [register]
[1.492s] -- Looking for gz-plugin2-register -- found version 2.0.4
[1.492s] -- Searching for dependencies of gz-plugin2-register
[1.501s] -- Looking for gz-common5 -- found version 5.7.1
[1.501s] -- Searching for dependencies of gz-common5
[1.502s] -- Looking for gz-utils2 -- found version 2.2.1
[1.510s] -- Looking for dlfcn.h - found
[1.526s] -- Looking for libdl - found
[1.528s] -- Found DL: TRUE  
[1.544s] -- Checking for module 'uuid'
[1.592s] --   Found uuid, version 2.39.3
[1.702s] -- Found UUID: TRUE  
[1.706s] -- Searching for <gz-common5> component [profiler]
[1.716s] -- Looking for gz-common5-profiler -- found version 5.7.1
[1.717s] -- Searching for dependencies of gz-common5-profiler
[1.729s] -- Looking for gz-sim8 -- found version 8.9.0
[1.729s] -- Searching for dependencies of gz-sim8
[1.736s] -- Looking for sdformat14 -- found version 14.7.0
[1.737s] -- Searching for dependencies of sdformat14
[1.753s] -- Checking for module 'tinyxml2'
[1.799s] --   Found tinyxml2, version 10.0.0
[1.922s] -- Looking for gz-math7 -- found version 7.5.2
[1.922s] -- Searching for dependencies of gz-math7
[1.924s] -- Looking for gz-utils2 -- found version 2.2.1
[1.928s] -- Looking for gz-utils2 -- found version 2.2.1
[1.932s] -- Looking for gz-plugin2 -- found version 2.0.4
[1.932s] -- Searching for dependencies of gz-plugin2
[1.933s] -- Looking for gz-utils2 -- found version 2.2.1
[1.933s] -- Searching for <gz-plugin2> component [loader]
[1.942s] -- Looking for gz-plugin2-loader -- found version 2.0.4
[1.942s] -- Searching for dependencies of gz-plugin2-loader
[1.943s] -- Searching for <gz-plugin2> component [register]
[1.948s] -- Looking for gz-transport13 -- found version 13.4.1
[1.948s] -- Searching for dependencies of gz-transport13
[2.242s] -- Found Protobuf: /usr/lib/x86_64-linux-gnu/libprotobuf.so (found version "3.21.12") 
[2.265s] -- Config-file not installed for ZeroMQ -- checking for pkg-config
[2.276s] -- Checking for module 'libzmq >= 4'
[2.318s] --   Found libzmq, version 4.3.5
[2.454s] -- Found ZeroMQ: TRUE (Required is at least version "4") 
[2.479s] -- Looking for gz-utils2 -- found version 2.2.1
[2.490s] -- Looking for gz-msgs10 -- found version 10.3.2
[2.491s] -- Searching for dependencies of gz-msgs10
[2.535s] -- Looking for gz-utils2 -- found version 2.2.1
[2.535s] -- Looking for gz-math7 -- found version 7.5.2
[2.555s] -- Searching for <gz-transport13> component [log]
[2.561s] -- Looking for gz-transport13-log -- found version 13.4.1
[2.561s] -- Searching for dependencies of gz-transport13-log
[2.562s] -- Searching for <gz-transport13> component [parameters]
[2.567s] -- Looking for gz-transport13-parameters -- found version 13.4.1
[2.567s] -- Searching for dependencies of gz-transport13-parameters
[2.570s] -- Looking for gz-msgs10 -- found version 10.3.2
[2.571s] -- Looking for gz-common5 -- found version 5.7.1
[2.571s] -- Searching for dependencies of gz-common5
[2.571s] -- Looking for gz-utils2 -- found version 2.2.1
[2.572s] -- Looking for dlfcn.h - found
[2.572s] -- Looking for libdl - found
[2.589s] -- Searching for <gz-common5> component [av]
[2.595s] -- Looking for gz-common5-av -- found version 5.7.1
[2.595s] -- Searching for dependencies of gz-common5-av
[2.605s] -- Checking for module 'libswscale'
[2.646s] --   Found libswscale, version 7.5.100
[2.743s] -- Found SWSCALE: TRUE  
[2.762s] -- Checking for module 'libavdevice >= 56.4.100'
[2.801s] --   Found libavdevice, version 60.3.100
[2.961s] -- Found AVDEVICE: TRUE (Required is at least version "56.4.100") 
[2.973s] -- Checking for module 'libavformat'
[3.027s] --   Found libavformat, version 60.16.100
[3.154s] -- Found AVFORMAT: TRUE  
[3.171s] -- Checking for module 'libavcodec'
[3.230s] --   Found libavcodec, version 60.31.102
[3.353s] -- Found AVCODEC: TRUE  
[3.368s] -- Checking for module 'libavutil'
[3.408s] --   Found libavutil, version 58.29.100
[3.521s] -- Found AVUTIL: TRUE  
[3.524s] -- Searching for <gz-common5> component [events]
[3.529s] -- Looking for gz-common5-events -- found version 5.7.1
[3.529s] -- Searching for dependencies of gz-common5-events
[3.530s] -- Looking for gz-math7 -- found version 7.5.2
[3.532s] -- Searching for <gz-common5> component [graphics]
[3.540s] -- Looking for gz-common5-graphics -- found version 5.7.1
[3.540s] -- Searching for dependencies of gz-common5-graphics
[3.541s] -- Looking for gz-math7 -- found version 7.5.2
[3.551s] -- Found GzAssimp: TRUE (found version "5.3.0") 
[3.554s] -- Searching for <gz-common5> component [io]
[3.559s] -- Looking for gz-common5-io -- found version 5.7.1
[3.559s] -- Searching for dependencies of gz-common5-io
[3.560s] -- Searching for <gz-common5> component [profiler]
[3.565s] -- Looking for gz-fuel_tools9 -- found version 9.1.1
[3.565s] -- Searching for dependencies of gz-fuel_tools9
[3.820s] -- Found CURL: /usr/lib/x86_64-linux-gnu/libcurl.so (found version "8.5.0")  
[3.844s] -- Checking for module 'jsoncpp'
[3.890s] --   Found jsoncpp, version 1.9.5
[4.018s] -- Found JSONCPP: TRUE  
[4.053s] -- Checking for module 'yaml-0.1'
[4.095s] --   Found yaml-0.1, version 0.2.5
[4.232s] -- Found YAML: TRUE  
[4.252s] -- Checking for module 'libzip'
[4.296s] --   Found libzip, version 1.7.3
[4.389s] -- Found ZIP: TRUE  
[4.390s] -- Looking for gz-utils2 -- found version 2.2.1
[4.391s] -- Looking for gz-common5 -- found version 5.7.1
[4.391s] -- Searching for dependencies of gz-common5
[4.392s] -- Looking for gz-utils2 -- found version 2.2.1
[4.392s] -- Looking for dlfcn.h - found
[4.393s] -- Looking for libdl - found
[4.408s] -- Searching for <gz-common5> component [testing]
[4.412s] -- Looking for gz-common5-testing -- found version 5.7.1
[4.413s] -- Searching for dependencies of gz-common5-testing
[4.415s] -- Looking for gz-math7 -- found version 7.5.2
[4.415s] -- Looking for gz-msgs10 -- found version 10.3.2
[4.423s] -- Looking for gz-gui8 -- found version 8.4.0
[4.423s] -- Searching for dependencies of gz-gui8
[4.476s] -- Looking for gz-utils2 -- found version 2.2.1
[4.477s] -- Looking for gz-math7 -- found version 7.5.2
[4.478s] -- Looking for gz-common5 -- found version 5.7.1
[4.478s] -- Looking for gz-plugin2 -- found version 2.0.4
[4.479s] -- Looking for gz-transport13 -- found version 13.4.1
[4.483s] -- Looking for gz-rendering8 -- found version 8.2.2
[4.484s] -- Searching for dependencies of gz-rendering8
[4.484s] -- Looking for gz-math7 -- found version 7.5.2
[4.485s] -- Searching for dependencies of gz-math7
[4.485s] -- Looking for gz-utils2 -- found version 2.2.1
[4.486s] -- Searching for <gz-math7> component [eigen3]
[4.492s] -- Looking for gz-math7-eigen3 -- found version 7.5.2
[4.492s] -- Searching for dependencies of gz-math7-eigen3
[4.511s] -- Looking for gz-common5 -- found version 5.7.1
[4.511s] -- Searching for dependencies of gz-common5
[4.512s] -- Looking for gz-utils2 -- found version 2.2.1
[4.512s] -- Looking for dlfcn.h - found
[4.512s] -- Looking for libdl - found
[4.527s] -- Searching for <gz-common5> component [graphics]
[4.528s] -- Searching for <gz-common5> component [events]
[4.528s] -- Searching for <gz-common5> component [geospatial]
[4.532s] -- Looking for gz-common5-geospatial -- found version 5.7.1
[4.532s] -- Searching for dependencies of gz-common5-geospatial
[4.533s] -- Looking for gz-math7 -- found version 7.5.2
[4.533s] -- Looking for gz-common5 -- found version 5.7.1
[4.536s] -- Looking for gz-plugin2 -- found version 2.0.4
[4.536s] -- Searching for dependencies of gz-plugin2
[4.537s] -- Looking for gz-utils2 -- found version 2.2.1
[4.537s] -- Searching for <gz-plugin2> component [all]
[4.541s] -- Looking for all libraries of gz-plugin2 -- found version 2.0.4
[4.542s] -- Looking for gz-plugin2 -- found version 2.0.4
[4.544s] -- Looking for gz-utils2 -- found version 2.2.1
[4.566s] -- Found OpenGL: /usr/lib/x86_64-linux-gnu/libOpenGL.so  found components: OpenGL 
[4.570s] -- Looking for gz-msgs10 -- found version 10.3.2
[4.640s] -- Looking for gz-physics7 -- found version 7.5.0
[4.641s] -- Searching for dependencies of gz-physics7
[4.641s] -- Looking for gz-common5 -- found version 5.7.1
[4.642s] -- Looking for gz-math7 -- found version 7.5.2
[4.642s] -- Looking for gz-plugin2 -- found version 2.0.4
[4.643s] -- Looking for gz-utils2 -- found version 2.2.1
[4.645s] -- Searching for <gz-physics7> component [heightmap]
[4.648s] -- Looking for gz-physics7-heightmap -- found version 7.5.0
[4.648s] -- Searching for dependencies of gz-physics7-heightmap
[4.649s] -- Looking for gz-common5 -- found version 5.7.1
[4.650s] -- Searching for <gz-physics7> component [mesh]
[4.653s] -- Looking for gz-physics7-mesh -- found version 7.5.0
[4.654s] -- Searching for dependencies of gz-physics7-mesh
[4.654s] -- Looking for gz-common5 -- found version 5.7.1
[4.656s] -- Searching for <gz-physics7> component [sdf]
[4.660s] -- Looking for gz-physics7-sdf -- found version 7.5.0
[4.660s] -- Searching for dependencies of gz-physics7-sdf
[4.660s] -- Looking for sdformat14 -- found version 14.7.0
[4.665s] -- Looking for gz-sensors8 -- found version 8.2.2
[4.665s] -- Searching for dependencies of gz-sensors8
[4.710s] -- Looking for gz-math7 -- found version 7.5.2
[4.710s] -- Looking for gz-common5 -- found version 5.7.1
[4.711s] -- Looking for gz-transport13 -- found version 13.4.1
[4.711s] -- Looking for gz-rendering8 -- found version 8.2.2
[4.712s] -- Looking for gz-msgs10 -- found version 10.3.2
[4.712s] -- Looking for sdformat14 -- found version 14.7.0
[4.715s] -- Searching for <gz-sensors8> component [air_pressure]
[4.718s] -- Looking for gz-sensors8-air_pressure -- found version 8.2.2
[4.719s] -- Searching for dependencies of gz-sensors8-air_pressure
[4.721s] -- Searching for <gz-sensors8> component [air_speed]
[4.725s] -- Looking for gz-sensors8-air_speed -- found version 8.2.2
[4.726s] -- Searching for dependencies of gz-sensors8-air_speed
[4.727s] -- Searching for <gz-sensors8> component [altimeter]
[4.732s] -- Looking for gz-sensors8-altimeter -- found version 8.2.2
[4.732s] -- Searching for dependencies of gz-sensors8-altimeter
[4.733s] -- Searching for <gz-sensors8> component [imu]
[4.739s] -- Looking for gz-sensors8-imu -- found version 8.2.2
[4.739s] -- Searching for dependencies of gz-sensors8-imu
[4.741s] -- Searching for <gz-sensors8> component [force_torque]
[4.744s] -- Looking for gz-sensors8-force_torque -- found version 8.2.2
[4.744s] -- Searching for dependencies of gz-sensors8-force_torque
[4.746s] -- Searching for <gz-sensors8> component [logical_camera]
[4.749s] -- Looking for gz-sensors8-logical_camera -- found version 8.2.2
[4.750s] -- Searching for dependencies of gz-sensors8-logical_camera
[4.752s] -- Searching for <gz-sensors8> component [magnetometer]
[4.756s] -- Looking for gz-sensors8-magnetometer -- found version 8.2.2
[4.757s] -- Searching for dependencies of gz-sensors8-magnetometer
[4.758s] -- Searching for <gz-sensors8> component [navsat]
[4.761s] -- Looking for gz-sensors8-navsat -- found version 8.2.2
[4.761s] -- Searching for dependencies of gz-sensors8-navsat
[4.764s] -- Searching for <gz-sensors8> component [dvl]
[4.766s] -- Looking for gz-sensors8-dvl -- found version 8.2.2
[4.767s] -- Searching for dependencies of gz-sensors8-dvl
[4.767s] -- Looking for gz-sensors8 -- found version 8.2.2
[4.768s] -- Searching for dependencies of gz-sensors8
[4.810s] -- Looking for gz-math7 -- found version 7.5.2
[4.810s] -- Looking for gz-common5 -- found version 5.7.1
[4.811s] -- Looking for gz-transport13 -- found version 13.4.1
[4.811s] -- Looking for gz-rendering8 -- found version 8.2.2
[4.812s] -- Looking for gz-msgs10 -- found version 10.3.2
[4.812s] -- Looking for sdformat14 -- found version 14.7.0
[4.812s] -- Searching for <gz-sensors8> component [rendering]
[4.815s] -- Looking for gz-sensors8-rendering -- found version 8.2.2
[4.816s] -- Searching for dependencies of gz-sensors8-rendering
[4.819s] -- Searching for <gz-sensors8> component [rendering]
[4.819s] -- Searching for <gz-sensors8> component [lidar]
[4.824s] -- Looking for gz-sensors8-lidar -- found version 8.2.2
[4.824s] -- Searching for dependencies of gz-sensors8-lidar
[4.825s] -- Looking for gz-sensors8 -- found version 8.2.2
[4.826s] -- Searching for <gz-sensors8> component [gpu_lidar]
[4.829s] -- Looking for gz-sensors8-gpu_lidar -- found version 8.2.2
[4.829s] -- Searching for dependencies of gz-sensors8-gpu_lidar
[4.830s] -- Looking for gz-sensors8 -- found version 8.2.2
[4.831s] -- Searching for <gz-sensors8> component [camera]
[4.835s] -- Looking for gz-sensors8-camera -- found version 8.2.2
[4.835s] -- Searching for dependencies of gz-sensors8-camera
[4.836s] -- Looking for gz-sensors8 -- found version 8.2.2
[4.838s] -- Searching for <gz-sensors8> component [boundingbox_camera]
[4.842s] -- Looking for gz-sensors8-boundingbox_camera -- found version 8.2.2
[4.842s] -- Searching for dependencies of gz-sensors8-boundingbox_camera
[4.844s] -- Searching for <gz-sensors8> component [segmentation_camera]
[4.847s] -- Looking for gz-sensors8-segmentation_camera -- found version 8.2.2
[4.847s] -- Searching for dependencies of gz-sensors8-segmentation_camera
[4.848s] -- Searching for <gz-sensors8> component [depth_camera]
[4.852s] -- Looking for gz-sensors8-depth_camera -- found version 8.2.2
[4.852s] -- Searching for dependencies of gz-sensors8-depth_camera
[4.853s] -- Looking for gz-sensors8 -- found version 8.2.2
[4.855s] -- Searching for <gz-sensors8> component [rgbd_camera]
[4.860s] -- Looking for gz-sensors8-rgbd_camera -- found version 8.2.2
[4.860s] -- Searching for dependencies of gz-sensors8-rgbd_camera
[4.861s] -- Looking for gz-sensors8 -- found version 8.2.2
[4.862s] -- Searching for <gz-sensors8> component [thermal_camera]
[4.865s] -- Looking for gz-sensors8-thermal_camera -- found version 8.2.2
[4.866s] -- Searching for dependencies of gz-sensors8-thermal_camera
[4.866s] -- Looking for gz-sensors8 -- found version 8.2.2
[4.868s] -- Searching for <gz-sensors8> component [wide_angle_camera]
[4.871s] -- Looking for gz-sensors8-wide_angle_camera -- found version 8.2.2
[4.872s] -- Searching for dependencies of gz-sensors8-wide_angle_camera
[4.874s] -- Looking for gz-rendering8 -- found version 8.2.2
[4.874s] -- Looking for gz-math7 -- found version 7.5.2
[4.875s] -- Looking for gz-utils2 -- found version 2.2.1
[4.921s] -- Compiling against Gazebo Harmonic
[4.928s] -- Found ament_lint_auto: 0.17.2 (/opt/ros/jazzy/share/ament_lint_auto/cmake)
[5.098s] -- Configuring done (5.1s)
[5.142s] -- Generating done (0.0s)
[5.150s] -- Build files have been written to: /home/toluwani-williams/slam_ws/build/slam_bot_gazebo
[5.175s] Invoked command in '/home/toluwani-williams/slam_ws/build/slam_bot_gazebo' returned '0': AMENT_PREFIX_PATH=/home/toluwani-williams/slam_ws/install/slam_bot_description:${AMENT_PREFIX_PATH} CMAKE_PREFIX_PATH=/home/toluwani-williams/slam_ws/install/slam_bot_description:/home/toluwani-williams/slam_ws/install/ros_gz_example_bringup:/home/toluwani-williams/slam_ws/install/ros_gz_example_gazebo:/home/toluwani-williams/slam_ws/install/ros_gz_example_description:/home/toluwani-williams/slam_ws/install/ros_gz_example_application:/opt/ros/jazzy/opt/gz_launch_vendor:/opt/ros/jazzy/opt/gz_sim_vendor:/opt/ros/jazzy/opt/gz_sensors_vendor:/opt/ros/jazzy/opt/gz_physics_vendor:/opt/ros/jazzy/opt/sdformat_vendor:/opt/ros/jazzy/opt/gz_gui_vendor:/opt/ros/jazzy/opt/gz_transport_vendor:/opt/ros/jazzy/opt/gz_rendering_vendor:/opt/ros/jazzy/opt/gz_plugin_vendor:/opt/ros/jazzy/opt/gz_fuel_tools_vendor:/opt/ros/jazzy/opt/gz_msgs_vendor:/opt/ros/jazzy/opt/gz_common_vendor:/opt/ros/jazzy/opt/gz_math_vendor:/opt/ros/jazzy/opt/gz_utils_vendor:/opt/ros/jazzy/opt/gz_tools_vendor:/opt/ros/jazzy/opt/gz_ogre_next_vendor:/opt/ros/jazzy/opt/gz_dartsim_vendor:/opt/ros/jazzy/opt/gz_cmake_vendor:/opt/ros/jazzy DEBUGINFOD_URLS=https://debuginfod.ubuntu.com GZ_SIM_RESOURCE_PATH=/home/toluwani-williams/slam_ws/install/slam_bot_description/share/slam_bot_description/models:${GZ_SIM_RESOURCE_PATH} /usr/bin/cmake /home/toluwani-williams/slam_ws/src/slam_bot_gazebo -DBUILD_TESTING=ON -DCMAKE_INSTALL_PREFIX=/home/toluwani-williams/slam_ws/install/slam_bot_gazebo
[5.177s] Invoking command in '/home/toluwani-williams/slam_ws/build/slam_bot_gazebo': AMENT_PREFIX_PATH=/home/toluwani-williams/slam_ws/install/slam_bot_description:${AMENT_PREFIX_PATH} CMAKE_PREFIX_PATH=/home/toluwani-williams/slam_ws/install/slam_bot_description:/home/toluwani-williams/slam_ws/install/ros_gz_example_bringup:/home/toluwani-williams/slam_ws/install/ros_gz_example_gazebo:/home/toluwani-williams/slam_ws/install/ros_gz_example_description:/home/toluwani-williams/slam_ws/install/ros_gz_example_application:/opt/ros/jazzy/opt/gz_launch_vendor:/opt/ros/jazzy/opt/gz_sim_vendor:/opt/ros/jazzy/opt/gz_sensors_vendor:/opt/ros/jazzy/opt/gz_physics_vendor:/opt/ros/jazzy/opt/sdformat_vendor:/opt/ros/jazzy/opt/gz_gui_vendor:/opt/ros/jazzy/opt/gz_transport_vendor:/opt/ros/jazzy/opt/gz_rendering_vendor:/opt/ros/jazzy/opt/gz_plugin_vendor:/opt/ros/jazzy/opt/gz_fuel_tools_vendor:/opt/ros/jazzy/opt/gz_msgs_vendor:/opt/ros/jazzy/opt/gz_common_vendor:/opt/ros/jazzy/opt/gz_math_vendor:/opt/ros/jazzy/opt/gz_utils_vendor:/opt/ros/jazzy/opt/gz_tools_vendor:/opt/ros/jazzy/opt/gz_ogre_next_vendor:/opt/ros/jazzy/opt/gz_dartsim_vendor:/opt/ros/jazzy/opt/gz_cmake_vendor:/opt/ros/jazzy DEBUGINFOD_URLS=https://debuginfod.ubuntu.com GZ_SIM_RESOURCE_PATH=/home/toluwani-williams/slam_ws/install/slam_bot_description/share/slam_bot_description/models:${GZ_SIM_RESOURCE_PATH} /usr/bin/cmake --build /home/toluwani-williams/slam_ws/build/slam_bot_gazebo -- -j8 -l8
[5.296s] [ 25%] [32mBuilding CXX object CMakeFiles/FullSystem.dir/src/FullSystem.cc.o[0m
[5.297s] [ 50%] [32mBuilding CXX object CMakeFiles/BasicSystem.dir/src/BasicSystem.cc.o[0m
[5.528s] [01m[K/home/toluwani-williams/slam_ws/src/slam_bot_gazebo/src/FullSystem.cc:28:10:[m[K [01;31m[Kfatal error: [m[Kslam_bot_gazebo/FullSystem.hh: No such file or directory
[5.528s]    28 | #include [01;31m[K"slam_bot_gazebo/FullSystem.hh"[m[K
[5.528s]       |          [01;31m[K^~~~~~~~~~~~~~~~~~~~~~~~~~~~~~~[m[K
[5.529s] compilation terminated.
[5.529s] [01m[K/home/toluwani-williams/slam_ws/src/slam_bot_gazebo/src/BasicSystem.cc:28:10:[m[K [01;31m[Kfatal error: [m[Kslam_bot_gazebo/BasicSystem.hh: No such file or directory
[5.529s]    28 | #include [01;31m[K"slam_bot_gazebo/BasicSystem.hh"[m[K
[5.529s]       |          [01;31m[K^~~~~~~~~~~~~~~~~~~~~~~~~~~~~~~~[m[K
[5.529s] compilation terminated.
[5.532s] gmake[2]: *** [CMakeFiles/FullSystem.dir/build.make:76: CMakeFiles/FullSystem.dir/src/FullSystem.cc.o] Error 1
[5.533s] gmake[2]: *** [CMakeFiles/BasicSystem.dir/build.make:76: CMakeFiles/BasicSystem.dir/src/BasicSystem.cc.o] Error 1
[5.533s] gmake[1]: *** [CMakeFiles/Makefile2:165: CMakeFiles/FullSystem.dir/all] Error 2
[5.533s] gmake[1]: *** Waiting for unfinished jobs....
[5.533s] gmake[1]: *** [CMakeFiles/Makefile2:139: CMakeFiles/BasicSystem.dir/all] Error 2
[5.534s] gmake: *** [Makefile:146: all] Error 2
[5.541s] Invoked command in '/home/toluwani-williams/slam_ws/build/slam_bot_gazebo' returned '2': AMENT_PREFIX_PATH=/home/toluwani-williams/slam_ws/install/slam_bot_description:${AMENT_PREFIX_PATH} CMAKE_PREFIX_PATH=/home/toluwani-williams/slam_ws/install/slam_bot_description:/home/toluwani-williams/slam_ws/install/ros_gz_example_bringup:/home/toluwani-williams/slam_ws/install/ros_gz_example_gazebo:/home/toluwani-williams/slam_ws/install/ros_gz_example_description:/home/toluwani-williams/slam_ws/install/ros_gz_example_application:/opt/ros/jazzy/opt/gz_launch_vendor:/opt/ros/jazzy/opt/gz_sim_vendor:/opt/ros/jazzy/opt/gz_sensors_vendor:/opt/ros/jazzy/opt/gz_physics_vendor:/opt/ros/jazzy/opt/sdformat_vendor:/opt/ros/jazzy/opt/gz_gui_vendor:/opt/ros/jazzy/opt/gz_transport_vendor:/opt/ros/jazzy/opt/gz_rendering_vendor:/opt/ros/jazzy/opt/gz_plugin_vendor:/opt/ros/jazzy/opt/gz_fuel_tools_vendor:/opt/ros/jazzy/opt/gz_msgs_vendor:/opt/ros/jazzy/opt/gz_common_vendor:/opt/ros/jazzy/opt/gz_math_vendor:/opt/ros/jazzy/opt/gz_utils_vendor:/opt/ros/jazzy/opt/gz_tools_vendor:/opt/ros/jazzy/opt/gz_ogre_next_vendor:/opt/ros/jazzy/opt/gz_dartsim_vendor:/opt/ros/jazzy/opt/gz_cmake_vendor:/opt/ros/jazzy DEBUGINFOD_URLS=https://debuginfod.ubuntu.com GZ_SIM_RESOURCE_PATH=/home/toluwani-williams/slam_ws/install/slam_bot_description/share/slam_bot_description/models:${GZ_SIM_RESOURCE_PATH} /usr/bin/cmake --build /home/toluwani-williams/slam_ws/build/slam_bot_gazebo -- -j8 -l8
