[0.044s] Invoking command in '/home/toluwani-williams/slam_ws/build/slam_driver': DEBUGINFOD_URLS=https://debuginfod.ubuntu.com /usr/bin/cmake --build /home/toluwani-williams/slam_ws/build/slam_driver -- -j8 -l8
[0.139s] Invoked command in '/home/toluwani-williams/slam_ws/build/slam_driver' returned '0': DEBUGINFOD_URLS=https://debuginfod.ubuntu.com /usr/bin/cmake --build /home/toluwani-williams/slam_ws/build/slam_driver -- -j8 -l8
[0.155s] Invoking command in '/home/toluwani-williams/slam_ws/build/slam_driver': DEBUGINFOD_URLS=https://debuginfod.ubuntu.com /usr/bin/cmake --install /home/toluwani-williams/slam_ws/build/slam_driver
[0.168s] -- Install configuration: ""
[0.168s] -- Installing: /home/toluwani-williams/slam_ws/install/slam_driver/share/ament_index/resource_index/package_run_dependencies/slam_driver
[0.170s] -- Installing: /home/toluwani-williams/slam_ws/install/slam_driver/share/ament_index/resource_index/parent_prefix_path/slam_driver
[0.170s] -- Installing: /home/toluwani-williams/slam_ws/install/slam_driver/share/slam_driver/environment/ament_prefix_path.sh
[0.171s] -- Installing: /home/toluwani-williams/slam_ws/install/slam_driver/share/slam_driver/environment/ament_prefix_path.dsv
[0.172s] -- Installing: /home/toluwani-williams/slam_ws/install/slam_driver/share/slam_driver/environment/path.sh
[0.172s] -- Installing: /home/toluwani-williams/slam_ws/install/slam_driver/share/slam_driver/environment/path.dsv
[0.172s] -- Installing: /home/toluwani-williams/slam_ws/install/slam_driver/share/slam_driver/local_setup.bash
[0.173s] -- Installing: /home/toluwani-williams/slam_ws/install/slam_driver/share/slam_driver/local_setup.sh
[0.173s] -- Installing: /home/toluwani-williams/slam_ws/install/slam_driver/share/slam_driver/local_setup.zsh
[0.174s] -- Installing: /home/toluwani-williams/slam_ws/install/slam_driver/share/slam_driver/local_setup.dsv
[0.174s] -- Installing: /home/toluwani-williams/slam_ws/install/slam_driver/share/slam_driver/package.dsv
[0.175s] -- Installing: /home/toluwani-williams/slam_ws/install/slam_driver/share/ament_index/resource_index/packages/slam_driver
[0.175s] -- Installing: /home/toluwani-williams/slam_ws/install/slam_driver/share/slam_driver/cmake/slam_driverConfig.cmake
[0.175s] -- Installing: /home/toluwani-williams/slam_ws/install/slam_driver/share/slam_driver/cmake/slam_driverConfig-version.cmake
[0.176s] -- Installing: /home/toluwani-williams/slam_ws/install/slam_driver/share/slam_driver/package.xml
[0.188s] Invoked command in '/home/toluwani-williams/slam_ws/build/slam_driver' returned '0': DEBUGINFOD_URLS=https://debuginfod.ubuntu.com /usr/bin/cmake --install /home/toluwani-williams/slam_ws/build/slam_driver
