-- The C compiler identification is GNU 13.3.0
-- The CXX compiler identification is GNU 13.3.0
-- Detecting C compiler ABI info
-- Detecting C compiler ABI info - done
-- Check for working C compiler: /usr/bin/cc - skipped
-- Detecting C compile features
-- Detecting C compile features - done
-- Detecting CXX compiler ABI info
-- Detecting CXX compiler ABI info - done
-- Check for working CXX compiler: /usr/bin/c++ - skipped
-- Detecting CXX compile features
-- Detecting CXX compile features - done
-- Found ament_cmake: 2.5.4 (/opt/ros/jazzy/share/ament_cmake/cmake)
-- Found Python3: /usr/bin/python3 (found version "3.12.3") found components: Interpreter 
-- Found ament_lint_auto: 0.17.2 (/opt/ros/jazzy/share/ament_lint_auto/cmake)
-- Added test 'cppcheck' to perform static code analysis on C / C++ code
-- Configured cppcheck include dirs: 
-- Configured cppcheck exclude dirs and/or files: 
-- Added test 'flake8' to check Python code syntax and style conventions
-- Configured 'flake8' exclude dirs and/or files: 
-- Added test 'lint_cmake' to check CMake code style
-- Added test 'pep257' to check Python code against some of the docstring style conventions in PEP 257
-- Added test 'uncrustify' to check C / C++ code style
-- Configured uncrustify additional arguments: 
-- Added test 'xmllint' to check XML markup files
-- Configuring done (1.6s)
-- Generating done (0.0s)
-- Build files have been written to: /home/toluwani-williams/slam_ws/build/slam_navigation
-- Install configuration: ""
-- Installing: /home/toluwani-williams/slam_ws/install/slam_navigation/share/ament_index/resource_index/package_run_dependencies/slam_navigation
-- Installing: /home/toluwani-williams/slam_ws/install/slam_navigation/share/ament_index/resource_index/parent_prefix_path/slam_navigation
-- Installing: /home/toluwani-williams/slam_ws/install/slam_navigation/share/slam_navigation/environment/ament_prefix_path.sh
-- Installing: /home/toluwani-williams/slam_ws/install/slam_navigation/share/slam_navigation/environment/ament_prefix_path.dsv
-- Installing: /home/toluwani-williams/slam_ws/install/slam_navigation/share/slam_navigation/environment/path.sh
-- Installing: /home/toluwani-williams/slam_ws/install/slam_navigation/share/slam_navigation/environment/path.dsv
-- Installing: /home/toluwani-williams/slam_ws/install/slam_navigation/share/slam_navigation/local_setup.bash
-- Installing: /home/toluwani-williams/slam_ws/install/slam_navigation/share/slam_navigation/local_setup.sh
-- Installing: /home/toluwani-williams/slam_ws/install/slam_navigation/share/slam_navigation/local_setup.zsh
-- Installing: /home/toluwani-williams/slam_ws/install/slam_navigation/share/slam_navigation/local_setup.dsv
-- Installing: /home/toluwani-williams/slam_ws/install/slam_navigation/share/slam_navigation/package.dsv
-- Installing: /home/toluwani-williams/slam_ws/install/slam_navigation/share/ament_index/resource_index/packages/slam_navigation
-- Installing: /home/toluwani-williams/slam_ws/install/slam_navigation/share/slam_navigation/cmake/slam_navigationConfig.cmake
-- Installing: /home/toluwani-williams/slam_ws/install/slam_navigation/share/slam_navigation/cmake/slam_navigationConfig-version.cmake
-- Installing: /home/toluwani-williams/slam_ws/install/slam_navigation/share/slam_navigation/package.xml
