[0.038s] Invoking command in '/home/toluwani-williams/slam_ws/build/slam_navigation': CMAKE_PREFIX_PATH=${CMAKE_PREFIX_PATH}:/opt/ros/jazzy DEBUGINFOD_URLS=https://debuginfod.ubuntu.com /usr/bin/cmake /home/toluwani-williams/slam_ws/src/slam_navigation -DCMAKE_INSTALL_PREFIX=/home/toluwani-williams/slam_ws/install/slam_navigation
[0.145s] -- The C compiler identification is GNU 13.3.0
[0.266s] -- The CXX compiler identification is GNU 13.3.0
[0.304s] -- Detecting C compiler ABI info
[0.527s] -- Detecting C compiler ABI info - done
[0.545s] -- Check for working C compiler: /usr/bin/cc - skipped
[0.545s] -- Detecting C compile features
[0.546s] -- Detecting C compile features - done
[0.566s] -- Detecting CXX compiler ABI info
[0.763s] -- Detecting CXX compiler ABI info - done
[0.800s] -- Check for working CXX compiler: /usr/bin/c++ - skipped
[0.801s] -- Detecting CXX compile features
[0.802s] -- Detecting CXX compile features - done
[0.809s] -- Found ament_cmake: 2.5.4 (/opt/ros/jazzy/share/ament_cmake/cmake)
[1.091s] -- Found Python3: /usr/bin/python3 (found version "3.12.3") found components: Interpreter 
[1.340s] -- Found ament_lint_auto: 0.17.2 (/opt/ros/jazzy/share/ament_lint_auto/cmake)
[1.571s] -- Added test 'cppcheck' to perform static code analysis on C / C++ code
[1.571s] -- Configured cppcheck include dirs: 
[1.572s] -- Configured cppcheck exclude dirs and/or files: 
[1.575s] -- Added test 'flake8' to check Python code syntax and style conventions
[1.575s] -- Configured 'flake8' exclude dirs and/or files: 
[1.580s] -- Added test 'lint_cmake' to check CMake code style
[1.584s] -- Added test 'pep257' to check Python code against some of the docstring style conventions in PEP 257
[1.602s] -- Added test 'uncrustify' to check C / C++ code style
[1.602s] -- Configured uncrustify additional arguments: 
[1.605s] -- Added test 'xmllint' to check XML markup files
[1.608s] -- Configuring done (1.6s)
[1.613s] -- Generating done (0.0s)
[1.616s] -- Build files have been written to: /home/toluwani-williams/slam_ws/build/slam_navigation
[1.627s] Invoked command in '/home/toluwani-williams/slam_ws/build/slam_navigation' returned '0': CMAKE_PREFIX_PATH=${CMAKE_PREFIX_PATH}:/opt/ros/jazzy DEBUGINFOD_URLS=https://debuginfod.ubuntu.com /usr/bin/cmake /home/toluwani-williams/slam_ws/src/slam_navigation -DCMAKE_INSTALL_PREFIX=/home/toluwani-williams/slam_ws/install/slam_navigation
[1.629s] Invoking command in '/home/toluwani-williams/slam_ws/build/slam_navigation': CMAKE_PREFIX_PATH=${CMAKE_PREFIX_PATH}:/opt/ros/jazzy DEBUGINFOD_URLS=https://debuginfod.ubuntu.com /usr/bin/cmake --build /home/toluwani-williams/slam_ws/build/slam_navigation -- -j8 -l8
[1.702s] Invoked command in '/home/toluwani-williams/slam_ws/build/slam_navigation' returned '0': CMAKE_PREFIX_PATH=${CMAKE_PREFIX_PATH}:/opt/ros/jazzy DEBUGINFOD_URLS=https://debuginfod.ubuntu.com /usr/bin/cmake --build /home/toluwani-williams/slam_ws/build/slam_navigation -- -j8 -l8
[1.705s] Invoking command in '/home/toluwani-williams/slam_ws/build/slam_navigation': CMAKE_PREFIX_PATH=${CMAKE_PREFIX_PATH}:/opt/ros/jazzy DEBUGINFOD_URLS=https://debuginfod.ubuntu.com /usr/bin/cmake --install /home/toluwani-williams/slam_ws/build/slam_navigation
[1.718s] -- Install configuration: ""
[1.718s] -- Installing: /home/toluwani-williams/slam_ws/install/slam_navigation/share/ament_index/resource_index/package_run_dependencies/slam_navigation
[1.719s] -- Installing: /home/toluwani-williams/slam_ws/install/slam_navigation/share/ament_index/resource_index/parent_prefix_path/slam_navigation
[1.719s] -- Installing: /home/toluwani-williams/slam_ws/install/slam_navigation/share/slam_navigation/environment/ament_prefix_path.sh
[1.720s] -- Installing: /home/toluwani-williams/slam_ws/install/slam_navigation/share/slam_navigation/environment/ament_prefix_path.dsv
[1.720s] -- Installing: /home/toluwani-williams/slam_ws/install/slam_navigation/share/slam_navigation/environment/path.sh
[1.720s] -- Installing: /home/toluwani-williams/slam_ws/install/slam_navigation/share/slam_navigation/environment/path.dsv
[1.721s] -- Installing: /home/toluwani-williams/slam_ws/install/slam_navigation/share/slam_navigation/local_setup.bash
[1.721s] -- Installing: /home/toluwani-williams/slam_ws/install/slam_navigation/share/slam_navigation/local_setup.sh
[1.721s] -- Installing: /home/toluwani-williams/slam_ws/install/slam_navigation/share/slam_navigation/local_setup.zsh
[1.722s] -- Installing: /home/toluwani-williams/slam_ws/install/slam_navigation/share/slam_navigation/local_setup.dsv
[1.722s] -- Installing: /home/toluwani-williams/slam_ws/install/slam_navigation/share/slam_navigation/package.dsv
[1.723s] -- Installing: /home/toluwani-williams/slam_ws/install/slam_navigation/share/ament_index/resource_index/packages/slam_navigation
[1.723s] -- Installing: /home/toluwani-williams/slam_ws/install/slam_navigation/share/slam_navigation/cmake/slam_navigationConfig.cmake
[1.723s] -- Installing: /home/toluwani-williams/slam_ws/install/slam_navigation/share/slam_navigation/cmake/slam_navigationConfig-version.cmake
[1.724s] -- Installing: /home/toluwani-williams/slam_ws/install/slam_navigation/share/slam_navigation/package.xml
[1.727s] Invoked command in '/home/toluwani-williams/slam_ws/build/slam_navigation' returned '0': CMAKE_PREFIX_PATH=${CMAKE_PREFIX_PATH}:/opt/ros/jazzy DEBUGINFOD_URLS=https://debuginfod.ubuntu.com /usr/bin/cmake --install /home/toluwani-williams/slam_ws/build/slam_navigation
