[0.038s] Invoking command in '/home/toluwani-williams/slam_ws/build/slam_bot_gazebo': CMAKE_PREFIX_PATH=/home/toluwani-williams/slam_ws/install/slam_bot_description:/opt/ros/jazzy/opt/gz_launch_vendor:/opt/ros/jazzy/opt/gz_sim_vendor:/opt/ros/jazzy/opt/gz_sensors_vendor:/opt/ros/jazzy/opt/gz_physics_vendor:/opt/ros/jazzy/opt/sdformat_vendor:/opt/ros/jazzy/opt/gz_gui_vendor:/opt/ros/jazzy/opt/gz_transport_vendor:/opt/ros/jazzy/opt/gz_rendering_vendor:/opt/ros/jazzy/opt/gz_plugin_vendor:/opt/ros/jazzy/opt/gz_fuel_tools_vendor:/opt/ros/jazzy/opt/gz_msgs_vendor:/opt/ros/jazzy/opt/gz_common_vendor:/opt/ros/jazzy/opt/gz_math_vendor:/opt/ros/jazzy/opt/gz_utils_vendor:/opt/ros/jazzy/opt/gz_tools_vendor:/opt/ros/jazzy/opt/gz_ogre_next_vendor:/opt/ros/jazzy/opt/gz_dartsim_vendor:/opt/ros/jazzy/opt/gz_cmake_vendor:/home/toluwani-williams/slam_ws/install/slam_driver:/home/toluwani-williams/slam_ws/install/slam_bot_bringup:/home/toluwani-williams/slam_ws/install/slam_bot_gazebo:/home/toluwani-williams/slam_ws/install/slam_bot_application:/home/toluwani-williams/slam_ws/install/ros_gz_example_bringup:/home/toluwani-williams/slam_ws/install/ros_gz_example_gazebo:/home/toluwani-williams/slam_ws/install/ros_gz_example_description:/home/toluwani-williams/slam_ws/install/ros_gz_example_application:/opt/ros/jazzy DEBUGINFOD_URLS=https://debuginfod.ubuntu.com GZ_SIM_RESOURCE_PATH=/home/toluwani-williams/slam_ws/install/slam_bot_description/share/slam_bot_description/models:${GZ_SIM_RESOURCE_PATH} /usr/bin/cmake /home/toluwani-williams/slam_ws/src/slam_bot_gazebo -DCMAKE_INSTALL_PREFIX=/home/toluwani-williams/slam_ws/install/slam_bot_gazebo
[0.068s] -- Found ament_cmake: 2.5.4 (/opt/ros/jazzy/share/ament_cmake/cmake)
[0.467s] -- Found slam_bot_description: 0.0.0 (/home/toluwani-williams/slam_ws/install/slam_bot_description/share/slam_bot_description/cmake)
[0.503s] -- Looking for gz-plugin2 -- found version 2.0.4
[0.505s] -- Searching for dependencies of gz-plugin2
[0.508s] -- Looking for gz-utils2 -- found version 2.2.1
[0.509s] -- Searching for dependencies of gz-utils2
[0.514s] -- Searching for <gz-utils2> component [cli]
[0.517s] -- Looking for gz-utils2-cli -- found version 2.2.1
[0.517s] -- Searching for dependencies of gz-utils2-cli
[0.522s] -- Searching for <gz-plugin2> component [register]
[0.524s] -- Looking for gz-plugin2-register -- found version 2.0.4
[0.525s] -- Searching for dependencies of gz-plugin2-register
[0.528s] -- Looking for gz-common5 -- found version 5.7.1
[0.528s] -- Searching for dependencies of gz-common5
[0.529s] -- Looking for gz-utils2 -- found version 2.2.1
[0.529s] -- Looking for dlfcn.h - found
[0.530s] -- Looking for libdl - found
[0.547s] -- Checking for module 'uuid'
[0.593s] --   Found uuid, version 2.39.3
[0.696s] -- Searching for <gz-common5> component [profiler]
[0.698s] -- Looking for gz-common5-profiler -- found version 5.7.1
[0.699s] -- Searching for dependencies of gz-common5-profiler
[0.705s] -- Looking for gz-sim8 -- found version 8.9.0
[0.705s] -- Searching for dependencies of gz-sim8
[0.708s] -- Looking for sdformat14 -- found version 14.7.0
[0.709s] -- Searching for dependencies of sdformat14
[0.725s] -- Checking for module 'tinyxml2'
[0.785s] --   Found tinyxml2, version 10.0.0
[0.862s] -- Looking for gz-math7 -- found version 7.5.2
[0.862s] -- Searching for dependencies of gz-math7
[0.863s] -- Looking for gz-utils2 -- found version 2.2.1
[0.867s] -- Looking for gz-utils2 -- found version 2.2.1
[0.871s] -- Looking for gz-plugin2 -- found version 2.0.4
[0.871s] -- Searching for dependencies of gz-plugin2
[0.872s] -- Looking for gz-utils2 -- found version 2.2.1
[0.872s] -- Searching for <gz-plugin2> component [loader]
[0.875s] -- Looking for gz-plugin2-loader -- found version 2.0.4
[0.875s] -- Searching for dependencies of gz-plugin2-loader
[0.878s] -- Searching for <gz-plugin2> component [register]
[0.881s] -- Looking for gz-transport13 -- found version 13.4.1
[0.882s] -- Searching for dependencies of gz-transport13
[0.976s] -- Config-file not installed for ZeroMQ -- checking for pkg-config
[0.987s] -- Checking for module 'libzmq >= 4'
[1.021s] --   Found libzmq, version 4.3.5
[1.145s] -- Looking for gz-utils2 -- found version 2.2.1
[1.147s] -- Looking for gz-msgs10 -- found version 10.3.2
[1.148s] -- Searching for dependencies of gz-msgs10
[1.204s] -- Looking for gz-utils2 -- found version 2.2.1
[1.204s] -- Looking for gz-math7 -- found version 7.5.2
[1.224s] -- Searching for <gz-transport13> component [log]
[1.226s] -- Looking for gz-transport13-log -- found version 13.4.1
[1.226s] -- Searching for dependencies of gz-transport13-log
[1.228s] -- Searching for <gz-transport13> component [parameters]
[1.230s] -- Looking for gz-transport13-parameters -- found version 13.4.1
[1.231s] -- Searching for dependencies of gz-transport13-parameters
[1.233s] -- Looking for gz-msgs10 -- found version 10.3.2
[1.234s] -- Looking for gz-common5 -- found version 5.7.1
[1.234s] -- Searching for dependencies of gz-common5
[1.235s] -- Looking for gz-utils2 -- found version 2.2.1
[1.235s] -- Looking for dlfcn.h - found
[1.235s] -- Looking for libdl - found
[1.249s] -- Searching for <gz-common5> component [av]
[1.251s] -- Looking for gz-common5-av -- found version 5.7.1
[1.252s] -- Searching for dependencies of gz-common5-av
[1.264s] -- Checking for module 'libswscale'
[1.303s] --   Found libswscale, version 7.5.100
[1.431s] -- Checking for module 'libavdevice >= 56.4.100'
[1.479s] --   Found libavdevice, version 60.3.100
[1.626s] -- Checking for module 'libavformat'
[1.669s] --   Found libavformat, version 60.16.100
[1.776s] -- Checking for module 'libavcodec'
[1.813s] --   Found libavcodec, version 60.31.102
[1.906s] -- Checking for module 'libavutil'
[1.945s] --   Found libavutil, version 58.29.100
[2.030s] -- Searching for <gz-common5> component [events]
[2.033s] -- Looking for gz-common5-events -- found version 5.7.1
[2.033s] -- Searching for dependencies of gz-common5-events
[2.034s] -- Looking for gz-math7 -- found version 7.5.2
[2.037s] -- Searching for <gz-common5> component [graphics]
[2.039s] -- Looking for gz-common5-graphics -- found version 5.7.1
[2.040s] -- Searching for dependencies of gz-common5-graphics
[2.041s] -- Looking for gz-math7 -- found version 7.5.2
[2.053s] -- Searching for <gz-common5> component [io]
[2.055s] -- Looking for gz-common5-io -- found version 5.7.1
[2.056s] -- Searching for dependencies of gz-common5-io
[2.058s] -- Searching for <gz-common5> component [profiler]
[2.061s] -- Looking for gz-fuel_tools9 -- found version 9.1.1
[2.061s] -- Searching for dependencies of gz-fuel_tools9
[2.161s] -- Checking for module 'jsoncpp'
[2.207s] --   Found jsoncpp, version 1.9.5
[2.365s] -- Checking for module 'yaml-0.1'
[2.408s] --   Found yaml-0.1, version 0.2.5
[2.526s] -- Checking for module 'libzip'
[2.576s] --   Found libzip, version 1.7.3
[2.681s] -- Looking for gz-utils2 -- found version 2.2.1
[2.681s] -- Looking for gz-common5 -- found version 5.7.1
[2.681s] -- Searching for dependencies of gz-common5
[2.682s] -- Looking for gz-utils2 -- found version 2.2.1
[2.682s] -- Looking for dlfcn.h - found
[2.683s] -- Looking for libdl - found
[2.700s] -- Searching for <gz-common5> component [testing]
[2.703s] -- Looking for gz-common5-testing -- found version 5.7.1
[2.704s] -- Searching for dependencies of gz-common5-testing
[2.708s] -- Looking for gz-math7 -- found version 7.5.2
[2.709s] -- Looking for gz-msgs10 -- found version 10.3.2
[2.716s] -- Looking for gz-gui8 -- found version 8.4.0
[2.716s] -- Searching for dependencies of gz-gui8
[2.766s] -- Looking for gz-utils2 -- found version 2.2.1
[2.767s] -- Looking for gz-math7 -- found version 7.5.2
[2.768s] -- Looking for gz-common5 -- found version 5.7.1
[2.768s] -- Looking for gz-plugin2 -- found version 2.0.4
[2.769s] -- Looking for gz-transport13 -- found version 13.4.1
[2.772s] -- Looking for gz-rendering8 -- found version 8.2.2
[2.772s] -- Searching for dependencies of gz-rendering8
[2.773s] -- Looking for gz-math7 -- found version 7.5.2
[2.773s] -- Searching for dependencies of gz-math7
[2.774s] -- Looking for gz-utils2 -- found version 2.2.1
[2.774s] -- Searching for <gz-math7> component [eigen3]
[2.776s] -- Looking for gz-math7-eigen3 -- found version 7.5.2
[2.777s] -- Searching for dependencies of gz-math7-eigen3
[2.785s] -- Looking for gz-common5 -- found version 5.7.1
[2.786s] -- Searching for dependencies of gz-common5
[2.786s] -- Looking for gz-utils2 -- found version 2.2.1
[2.787s] -- Looking for dlfcn.h - found
[2.787s] -- Looking for libdl - found
[2.804s] -- Searching for <gz-common5> component [graphics]
[2.804s] -- Searching for <gz-common5> component [events]
[2.805s] -- Searching for <gz-common5> component [geospatial]
[2.806s] -- Looking for gz-common5-geospatial -- found version 5.7.1
[2.807s] -- Searching for dependencies of gz-common5-geospatial
[2.807s] -- Looking for gz-math7 -- found version 7.5.2
[2.808s] -- Looking for gz-common5 -- found version 5.7.1
[2.810s] -- Looking for gz-plugin2 -- found version 2.0.4
[2.811s] -- Searching for dependencies of gz-plugin2
[2.811s] -- Looking for gz-utils2 -- found version 2.2.1
[2.811s] -- Searching for <gz-plugin2> component [all]
[2.813s] -- Looking for all libraries of gz-plugin2 -- found version 2.0.4
[2.814s] -- Looking for gz-plugin2 -- found version 2.0.4
[2.816s] -- Looking for gz-utils2 -- found version 2.2.1
[2.832s] -- Looking for gz-msgs10 -- found version 10.3.2
[2.917s] -- Looking for gz-physics7 -- found version 7.5.0
[2.918s] -- Searching for dependencies of gz-physics7
[2.918s] -- Looking for gz-common5 -- found version 5.7.1
[2.919s] -- Looking for gz-math7 -- found version 7.5.2
[2.919s] -- Looking for gz-plugin2 -- found version 2.0.4
[2.920s] -- Looking for gz-utils2 -- found version 2.2.1
[2.923s] -- Searching for <gz-physics7> component [heightmap]
[2.925s] -- Looking for gz-physics7-heightmap -- found version 7.5.0
[2.925s] -- Searching for dependencies of gz-physics7-heightmap
[2.926s] -- Looking for gz-common5 -- found version 5.7.1
[2.927s] -- Searching for <gz-physics7> component [mesh]
[2.929s] -- Looking for gz-physics7-mesh -- found version 7.5.0
[2.930s] -- Searching for dependencies of gz-physics7-mesh
[2.930s] -- Looking for gz-common5 -- found version 5.7.1
[2.931s] -- Searching for <gz-physics7> component [sdf]
[2.933s] -- Looking for gz-physics7-sdf -- found version 7.5.0
[2.934s] -- Searching for dependencies of gz-physics7-sdf
[2.934s] -- Looking for sdformat14 -- found version 14.7.0
[2.937s] -- Looking for gz-sensors8 -- found version 8.2.2
[2.938s] -- Searching for dependencies of gz-sensors8
[2.976s] -- Looking for gz-math7 -- found version 7.5.2
[2.976s] -- Looking for gz-common5 -- found version 5.7.1
[2.977s] -- Looking for gz-transport13 -- found version 13.4.1
[2.978s] -- Looking for gz-rendering8 -- found version 8.2.2
[2.978s] -- Looking for gz-msgs10 -- found version 10.3.2
[2.979s] -- Looking for sdformat14 -- found version 14.7.0
[2.981s] -- Searching for <gz-sensors8> component [air_pressure]
[2.983s] -- Looking for gz-sensors8-air_pressure -- found version 8.2.2
[2.983s] -- Searching for dependencies of gz-sensors8-air_pressure
[2.984s] -- Searching for <gz-sensors8> component [air_speed]
[2.986s] -- Looking for gz-sensors8-air_speed -- found version 8.2.2
[2.986s] -- Searching for dependencies of gz-sensors8-air_speed
[2.988s] -- Searching for <gz-sensors8> component [altimeter]
[2.990s] -- Looking for gz-sensors8-altimeter -- found version 8.2.2
[2.990s] -- Searching for dependencies of gz-sensors8-altimeter
[2.992s] -- Searching for <gz-sensors8> component [imu]
[2.994s] -- Looking for gz-sensors8-imu -- found version 8.2.2
[2.994s] -- Searching for dependencies of gz-sensors8-imu
[2.995s] -- Searching for <gz-sensors8> component [force_torque]
[2.997s] -- Looking for gz-sensors8-force_torque -- found version 8.2.2
[2.998s] -- Searching for dependencies of gz-sensors8-force_torque
[2.999s] -- Searching for <gz-sensors8> component [logical_camera]
[3.001s] -- Looking for gz-sensors8-logical_camera -- found version 8.2.2
[3.001s] -- Searching for dependencies of gz-sensors8-logical_camera
[3.002s] -- Searching for <gz-sensors8> component [magnetometer]
[3.004s] -- Looking for gz-sensors8-magnetometer -- found version 8.2.2
[3.005s] -- Searching for dependencies of gz-sensors8-magnetometer
[3.006s] -- Searching for <gz-sensors8> component [navsat]
[3.008s] -- Looking for gz-sensors8-navsat -- found version 8.2.2
[3.008s] -- Searching for dependencies of gz-sensors8-navsat
[3.010s] -- Searching for <gz-sensors8> component [dvl]
[3.012s] -- Looking for gz-sensors8-dvl -- found version 8.2.2
[3.012s] -- Searching for dependencies of gz-sensors8-dvl
[3.013s] -- Looking for gz-sensors8 -- found version 8.2.2
[3.013s] -- Searching for dependencies of gz-sensors8
[3.054s] -- Looking for gz-math7 -- found version 7.5.2
[3.054s] -- Looking for gz-common5 -- found version 5.7.1
[3.054s] -- Looking for gz-transport13 -- found version 13.4.1
[3.055s] -- Looking for gz-rendering8 -- found version 8.2.2
[3.055s] -- Looking for gz-msgs10 -- found version 10.3.2
[3.056s] -- Looking for sdformat14 -- found version 14.7.0
[3.056s] -- Searching for <gz-sensors8> component [rendering]
[3.058s] -- Looking for gz-sensors8-rendering -- found version 8.2.2
[3.059s] -- Searching for dependencies of gz-sensors8-rendering
[3.062s] -- Searching for <gz-sensors8> component [rendering]
[3.062s] -- Searching for <gz-sensors8> component [lidar]
[3.064s] -- Looking for gz-sensors8-lidar -- found version 8.2.2
[3.064s] -- Searching for dependencies of gz-sensors8-lidar
[3.064s] -- Looking for gz-sensors8 -- found version 8.2.2
[3.066s] -- Searching for <gz-sensors8> component [gpu_lidar]
[3.069s] -- Looking for gz-sensors8-gpu_lidar -- found version 8.2.2
[3.069s] -- Searching for dependencies of gz-sensors8-gpu_lidar
[3.070s] -- Looking for gz-sensors8 -- found version 8.2.2
[3.072s] -- Searching for <gz-sensors8> component [camera]
[3.075s] -- Looking for gz-sensors8-camera -- found version 8.2.2
[3.076s] -- Searching for dependencies of gz-sensors8-camera
[3.076s] -- Looking for gz-sensors8 -- found version 8.2.2
[3.078s] -- Searching for <gz-sensors8> component [boundingbox_camera]
[3.080s] -- Looking for gz-sensors8-boundingbox_camera -- found version 8.2.2
[3.081s] -- Searching for dependencies of gz-sensors8-boundingbox_camera
[3.082s] -- Searching for <gz-sensors8> component [segmentation_camera]
[3.084s] -- Looking for gz-sensors8-segmentation_camera -- found version 8.2.2
[3.084s] -- Searching for dependencies of gz-sensors8-segmentation_camera
[3.085s] -- Searching for <gz-sensors8> component [depth_camera]
[3.087s] -- Looking for gz-sensors8-depth_camera -- found version 8.2.2
[3.087s] -- Searching for dependencies of gz-sensors8-depth_camera
[3.088s] -- Looking for gz-sensors8 -- found version 8.2.2
[3.089s] -- Searching for <gz-sensors8> component [rgbd_camera]
[3.091s] -- Looking for gz-sensors8-rgbd_camera -- found version 8.2.2
[3.092s] -- Searching for dependencies of gz-sensors8-rgbd_camera
[3.092s] -- Looking for gz-sensors8 -- found version 8.2.2
[3.094s] -- Searching for <gz-sensors8> component [thermal_camera]
[3.096s] -- Looking for gz-sensors8-thermal_camera -- found version 8.2.2
[3.096s] -- Searching for dependencies of gz-sensors8-thermal_camera
[3.096s] -- Looking for gz-sensors8 -- found version 8.2.2
[3.098s] -- Searching for <gz-sensors8> component [wide_angle_camera]
[3.100s] -- Looking for gz-sensors8-wide_angle_camera -- found version 8.2.2
[3.100s] -- Searching for dependencies of gz-sensors8-wide_angle_camera
[3.104s] -- Looking for gz-rendering8 -- found version 8.2.2
[3.104s] -- Looking for gz-math7 -- found version 7.5.2
[3.105s] -- Looking for gz-utils2 -- found version 2.2.1
[3.143s] -- Compiling against Gazebo Harmonic
[3.143s] -- Found ament_lint_auto: 0.17.2 (/opt/ros/jazzy/share/ament_lint_auto/cmake)
[3.295s] -- Configuring done (3.2s)
[3.373s] -- Generating done (0.1s)
[3.382s] -- Build files have been written to: /home/toluwani-williams/slam_ws/build/slam_bot_gazebo
[3.396s] Invoked command in '/home/toluwani-williams/slam_ws/build/slam_bot_gazebo' returned '0': CMAKE_PREFIX_PATH=/home/toluwani-williams/slam_ws/install/slam_bot_description:/opt/ros/jazzy/opt/gz_launch_vendor:/opt/ros/jazzy/opt/gz_sim_vendor:/opt/ros/jazzy/opt/gz_sensors_vendor:/opt/ros/jazzy/opt/gz_physics_vendor:/opt/ros/jazzy/opt/sdformat_vendor:/opt/ros/jazzy/opt/gz_gui_vendor:/opt/ros/jazzy/opt/gz_transport_vendor:/opt/ros/jazzy/opt/gz_rendering_vendor:/opt/ros/jazzy/opt/gz_plugin_vendor:/opt/ros/jazzy/opt/gz_fuel_tools_vendor:/opt/ros/jazzy/opt/gz_msgs_vendor:/opt/ros/jazzy/opt/gz_common_vendor:/opt/ros/jazzy/opt/gz_math_vendor:/opt/ros/jazzy/opt/gz_utils_vendor:/opt/ros/jazzy/opt/gz_tools_vendor:/opt/ros/jazzy/opt/gz_ogre_next_vendor:/opt/ros/jazzy/opt/gz_dartsim_vendor:/opt/ros/jazzy/opt/gz_cmake_vendor:/home/toluwani-williams/slam_ws/install/slam_driver:/home/toluwani-williams/slam_ws/install/slam_bot_bringup:/home/toluwani-williams/slam_ws/install/slam_bot_gazebo:/home/toluwani-williams/slam_ws/install/slam_bot_application:/home/toluwani-williams/slam_ws/install/ros_gz_example_bringup:/home/toluwani-williams/slam_ws/install/ros_gz_example_gazebo:/home/toluwani-williams/slam_ws/install/ros_gz_example_description:/home/toluwani-williams/slam_ws/install/ros_gz_example_application:/opt/ros/jazzy DEBUGINFOD_URLS=https://debuginfod.ubuntu.com GZ_SIM_RESOURCE_PATH=/home/toluwani-williams/slam_ws/install/slam_bot_description/share/slam_bot_description/models:${GZ_SIM_RESOURCE_PATH} /usr/bin/cmake /home/toluwani-williams/slam_ws/src/slam_bot_gazebo -DCMAKE_INSTALL_PREFIX=/home/toluwani-williams/slam_ws/install/slam_bot_gazebo
[3.399s] Invoking command in '/home/toluwani-williams/slam_ws/build/slam_bot_gazebo': CMAKE_PREFIX_PATH=/home/toluwani-williams/slam_ws/install/slam_bot_description:/opt/ros/jazzy/opt/gz_launch_vendor:/opt/ros/jazzy/opt/gz_sim_vendor:/opt/ros/jazzy/opt/gz_sensors_vendor:/opt/ros/jazzy/opt/gz_physics_vendor:/opt/ros/jazzy/opt/sdformat_vendor:/opt/ros/jazzy/opt/gz_gui_vendor:/opt/ros/jazzy/opt/gz_transport_vendor:/opt/ros/jazzy/opt/gz_rendering_vendor:/opt/ros/jazzy/opt/gz_plugin_vendor:/opt/ros/jazzy/opt/gz_fuel_tools_vendor:/opt/ros/jazzy/opt/gz_msgs_vendor:/opt/ros/jazzy/opt/gz_common_vendor:/opt/ros/jazzy/opt/gz_math_vendor:/opt/ros/jazzy/opt/gz_utils_vendor:/opt/ros/jazzy/opt/gz_tools_vendor:/opt/ros/jazzy/opt/gz_ogre_next_vendor:/opt/ros/jazzy/opt/gz_dartsim_vendor:/opt/ros/jazzy/opt/gz_cmake_vendor:/home/toluwani-williams/slam_ws/install/slam_driver:/home/toluwani-williams/slam_ws/install/slam_bot_bringup:/home/toluwani-williams/slam_ws/install/slam_bot_gazebo:/home/toluwani-williams/slam_ws/install/slam_bot_application:/home/toluwani-williams/slam_ws/install/ros_gz_example_bringup:/home/toluwani-williams/slam_ws/install/ros_gz_example_gazebo:/home/toluwani-williams/slam_ws/install/ros_gz_example_description:/home/toluwani-williams/slam_ws/install/ros_gz_example_application:/opt/ros/jazzy DEBUGINFOD_URLS=https://debuginfod.ubuntu.com GZ_SIM_RESOURCE_PATH=/home/toluwani-williams/slam_ws/install/slam_bot_description/share/slam_bot_description/models:${GZ_SIM_RESOURCE_PATH} /usr/bin/cmake --build /home/toluwani-williams/slam_ws/build/slam_bot_gazebo -- -j8 -l8
[3.551s] [100%] Built target BasicSystem
[3.551s] [100%] Built target FullSystem
[3.584s] Invoked command in '/home/toluwani-williams/slam_ws/build/slam_bot_gazebo' returned '0': CMAKE_PREFIX_PATH=/home/toluwani-williams/slam_ws/install/slam_bot_description:/opt/ros/jazzy/opt/gz_launch_vendor:/opt/ros/jazzy/opt/gz_sim_vendor:/opt/ros/jazzy/opt/gz_sensors_vendor:/opt/ros/jazzy/opt/gz_physics_vendor:/opt/ros/jazzy/opt/sdformat_vendor:/opt/ros/jazzy/opt/gz_gui_vendor:/opt/ros/jazzy/opt/gz_transport_vendor:/opt/ros/jazzy/opt/gz_rendering_vendor:/opt/ros/jazzy/opt/gz_plugin_vendor:/opt/ros/jazzy/opt/gz_fuel_tools_vendor:/opt/ros/jazzy/opt/gz_msgs_vendor:/opt/ros/jazzy/opt/gz_common_vendor:/opt/ros/jazzy/opt/gz_math_vendor:/opt/ros/jazzy/opt/gz_utils_vendor:/opt/ros/jazzy/opt/gz_tools_vendor:/opt/ros/jazzy/opt/gz_ogre_next_vendor:/opt/ros/jazzy/opt/gz_dartsim_vendor:/opt/ros/jazzy/opt/gz_cmake_vendor:/home/toluwani-williams/slam_ws/install/slam_driver:/home/toluwani-williams/slam_ws/install/slam_bot_bringup:/home/toluwani-williams/slam_ws/install/slam_bot_gazebo:/home/toluwani-williams/slam_ws/install/slam_bot_application:/home/toluwani-williams/slam_ws/install/ros_gz_example_bringup:/home/toluwani-williams/slam_ws/install/ros_gz_example_gazebo:/home/toluwani-williams/slam_ws/install/ros_gz_example_description:/home/toluwani-williams/slam_ws/install/ros_gz_example_application:/opt/ros/jazzy DEBUGINFOD_URLS=https://debuginfod.ubuntu.com GZ_SIM_RESOURCE_PATH=/home/toluwani-williams/slam_ws/install/slam_bot_description/share/slam_bot_description/models:${GZ_SIM_RESOURCE_PATH} /usr/bin/cmake --build /home/toluwani-williams/slam_ws/build/slam_bot_gazebo -- -j8 -l8
[3.586s] Invoking command in '/home/toluwani-williams/slam_ws/build/slam_bot_gazebo': CMAKE_PREFIX_PATH=/home/toluwani-williams/slam_ws/install/slam_bot_description:/opt/ros/jazzy/opt/gz_launch_vendor:/opt/ros/jazzy/opt/gz_sim_vendor:/opt/ros/jazzy/opt/gz_sensors_vendor:/opt/ros/jazzy/opt/gz_physics_vendor:/opt/ros/jazzy/opt/sdformat_vendor:/opt/ros/jazzy/opt/gz_gui_vendor:/opt/ros/jazzy/opt/gz_transport_vendor:/opt/ros/jazzy/opt/gz_rendering_vendor:/opt/ros/jazzy/opt/gz_plugin_vendor:/opt/ros/jazzy/opt/gz_fuel_tools_vendor:/opt/ros/jazzy/opt/gz_msgs_vendor:/opt/ros/jazzy/opt/gz_common_vendor:/opt/ros/jazzy/opt/gz_math_vendor:/opt/ros/jazzy/opt/gz_utils_vendor:/opt/ros/jazzy/opt/gz_tools_vendor:/opt/ros/jazzy/opt/gz_ogre_next_vendor:/opt/ros/jazzy/opt/gz_dartsim_vendor:/opt/ros/jazzy/opt/gz_cmake_vendor:/home/toluwani-williams/slam_ws/install/slam_driver:/home/toluwani-williams/slam_ws/install/slam_bot_bringup:/home/toluwani-williams/slam_ws/install/slam_bot_gazebo:/home/toluwani-williams/slam_ws/install/slam_bot_application:/home/toluwani-williams/slam_ws/install/ros_gz_example_bringup:/home/toluwani-williams/slam_ws/install/ros_gz_example_gazebo:/home/toluwani-williams/slam_ws/install/ros_gz_example_description:/home/toluwani-williams/slam_ws/install/ros_gz_example_application:/opt/ros/jazzy DEBUGINFOD_URLS=https://debuginfod.ubuntu.com GZ_SIM_RESOURCE_PATH=/home/toluwani-williams/slam_ws/install/slam_bot_description/share/slam_bot_description/models:${GZ_SIM_RESOURCE_PATH} /usr/bin/cmake --install /home/toluwani-williams/slam_ws/build/slam_bot_gazebo
[3.605s] -- Install configuration: ""
[3.606s] -- Up-to-date: /home/toluwani-williams/slam_ws/install/slam_bot_gazebo/lib/slam_bot_gazebo/libBasicSystem.so
[3.609s] -- Up-to-date: /home/toluwani-williams/slam_ws/install/slam_bot_gazebo/lib/slam_bot_gazebo/libFullSystem.so
[3.609s] -- Up-to-date: /home/toluwani-williams/slam_ws/install/slam_bot_gazebo/share/slam_bot_gazebo/worlds
[3.610s] -- Up-to-date: /home/toluwani-williams/slam_ws/install/slam_bot_gazebo/share/slam_bot_gazebo/worlds/slam_bot.sdf
[3.610s] -- Up-to-date: /home/toluwani-williams/slam_ws/install/slam_bot_gazebo/share/slam_bot_gazebo/worlds/diff_drive.sdf
[3.610s] -- Up-to-date: /home/toluwani-williams/slam_ws/install/slam_bot_gazebo/share/slam_bot_gazebo/environment/slam_bot_gazebo.dsv
[3.611s] -- Up-to-date: /home/toluwani-williams/slam_ws/install/slam_bot_gazebo/share/slam_bot_gazebo/environment/slam_bot_gazebo.sh
[3.611s] -- Up-to-date: /home/toluwani-williams/slam_ws/install/slam_bot_gazebo/share/ament_index/resource_index/package_run_dependencies/slam_bot_gazebo
[3.611s] -- Installing: /home/toluwani-williams/slam_ws/install/slam_bot_gazebo/share/ament_index/resource_index/parent_prefix_path/slam_bot_gazebo
[3.611s] -- Up-to-date: /home/toluwani-williams/slam_ws/install/slam_bot_gazebo/share/slam_bot_gazebo/environment/ament_prefix_path.sh
[3.612s] -- Up-to-date: /home/toluwani-williams/slam_ws/install/slam_bot_gazebo/share/slam_bot_gazebo/environment/ament_prefix_path.dsv
[3.612s] -- Up-to-date: /home/toluwani-williams/slam_ws/install/slam_bot_gazebo/share/slam_bot_gazebo/environment/path.sh
[3.612s] -- Up-to-date: /home/toluwani-williams/slam_ws/install/slam_bot_gazebo/share/slam_bot_gazebo/environment/path.dsv
[3.613s] -- Up-to-date: /home/toluwani-williams/slam_ws/install/slam_bot_gazebo/share/slam_bot_gazebo/local_setup.bash
[3.613s] -- Up-to-date: /home/toluwani-williams/slam_ws/install/slam_bot_gazebo/share/slam_bot_gazebo/local_setup.sh
[3.613s] -- Up-to-date: /home/toluwani-williams/slam_ws/install/slam_bot_gazebo/share/slam_bot_gazebo/local_setup.zsh
[3.613s] -- Up-to-date: /home/toluwani-williams/slam_ws/install/slam_bot_gazebo/share/slam_bot_gazebo/local_setup.dsv
[3.613s] -- Installing: /home/toluwani-williams/slam_ws/install/slam_bot_gazebo/share/slam_bot_gazebo/package.dsv
[3.614s] -- Up-to-date: /home/toluwani-williams/slam_ws/install/slam_bot_gazebo/share/ament_index/resource_index/packages/slam_bot_gazebo
[3.614s] -- Up-to-date: /home/toluwani-williams/slam_ws/install/slam_bot_gazebo/share/slam_bot_gazebo/cmake/slam_bot_gazeboConfig.cmake
[3.614s] -- Up-to-date: /home/toluwani-williams/slam_ws/install/slam_bot_gazebo/share/slam_bot_gazebo/cmake/slam_bot_gazeboConfig-version.cmake
[3.614s] -- Up-to-date: /home/toluwani-williams/slam_ws/install/slam_bot_gazebo/share/slam_bot_gazebo/package.xml
[3.618s] Invoked command in '/home/toluwani-williams/slam_ws/build/slam_bot_gazebo' returned '0': CMAKE_PREFIX_PATH=/home/toluwani-williams/slam_ws/install/slam_bot_description:/opt/ros/jazzy/opt/gz_launch_vendor:/opt/ros/jazzy/opt/gz_sim_vendor:/opt/ros/jazzy/opt/gz_sensors_vendor:/opt/ros/jazzy/opt/gz_physics_vendor:/opt/ros/jazzy/opt/sdformat_vendor:/opt/ros/jazzy/opt/gz_gui_vendor:/opt/ros/jazzy/opt/gz_transport_vendor:/opt/ros/jazzy/opt/gz_rendering_vendor:/opt/ros/jazzy/opt/gz_plugin_vendor:/opt/ros/jazzy/opt/gz_fuel_tools_vendor:/opt/ros/jazzy/opt/gz_msgs_vendor:/opt/ros/jazzy/opt/gz_common_vendor:/opt/ros/jazzy/opt/gz_math_vendor:/opt/ros/jazzy/opt/gz_utils_vendor:/opt/ros/jazzy/opt/gz_tools_vendor:/opt/ros/jazzy/opt/gz_ogre_next_vendor:/opt/ros/jazzy/opt/gz_dartsim_vendor:/opt/ros/jazzy/opt/gz_cmake_vendor:/home/toluwani-williams/slam_ws/install/slam_driver:/home/toluwani-williams/slam_ws/install/slam_bot_bringup:/home/toluwani-williams/slam_ws/install/slam_bot_gazebo:/home/toluwani-williams/slam_ws/install/slam_bot_application:/home/toluwani-williams/slam_ws/install/ros_gz_example_bringup:/home/toluwani-williams/slam_ws/install/ros_gz_example_gazebo:/home/toluwani-williams/slam_ws/install/ros_gz_example_description:/home/toluwani-williams/slam_ws/install/ros_gz_example_application:/opt/ros/jazzy DEBUGINFOD_URLS=https://debuginfod.ubuntu.com GZ_SIM_RESOURCE_PATH=/home/toluwani-williams/slam_ws/install/slam_bot_description/share/slam_bot_description/models:${GZ_SIM_RESOURCE_PATH} /usr/bin/cmake --install /home/toluwani-williams/slam_ws/build/slam_bot_gazebo
