[0.013s] Invoking command in '/home/toluwani-williams/slam_ws/build/ros_gz_example_gazebo': AMENT_PREFIX_PATH=/home/toluwani-williams/slam_ws/install/ros_gz_example_description:${AMENT_PREFIX_PATH} CMAKE_PREFIX_PATH=/home/toluwani-williams/slam_ws/install/ros_gz_example_description:/opt/ros/jazzy/opt/gz_launch_vendor:/opt/ros/jazzy/opt/gz_sim_vendor:/opt/ros/jazzy/opt/gz_sensors_vendor:/opt/ros/jazzy/opt/gz_physics_vendor:/opt/ros/jazzy/opt/sdformat_vendor:/opt/ros/jazzy/opt/gz_gui_vendor:/opt/ros/jazzy/opt/gz_transport_vendor:/opt/ros/jazzy/opt/gz_rendering_vendor:/opt/ros/jazzy/opt/gz_plugin_vendor:/opt/ros/jazzy/opt/gz_fuel_tools_vendor:/opt/ros/jazzy/opt/gz_msgs_vendor:/opt/ros/jazzy/opt/gz_common_vendor:/opt/ros/jazzy/opt/gz_math_vendor:/opt/ros/jazzy/opt/gz_utils_vendor:/opt/ros/jazzy/opt/gz_tools_vendor:/opt/ros/jazzy/opt/gz_ogre_next_vendor:/opt/ros/jazzy/opt/gz_dartsim_vendor:/opt/ros/jazzy/opt/gz_cmake_vendor:/opt/ros/jazzy DEBUGINFOD_URLS=https://debuginfod.ubuntu.com GZ_SIM_RESOURCE_PATH=/home/toluwani-williams/slam_ws/install/ros_gz_example_description/share/ros_gz_example_description/models /usr/bin/cmake /home/toluwani-williams/slam_ws/src/ros_gz_project_template/ros_gz_example_gazebo -DBUILD_TESTING=ON -DCMAKE_INSTALL_PREFIX=/home/toluwani-williams/slam_ws/install/ros_gz_example_gazebo
[0.046s] -- Found ament_cmake: 2.5.4 (/opt/ros/jazzy/share/ament_cmake/cmake)
[0.349s] -- Found ros_gz_example_description: 0.0.0 (/home/toluwani-williams/slam_ws/install/ros_gz_example_description/share/ros_gz_example_description/cmake)
[0.364s] -- Looking for gz-plugin2 -- found version 2.0.4
[0.365s] -- Searching for dependencies of gz-plugin2
[0.366s] -- Looking for gz-utils2 -- found version 2.2.1
[0.366s] -- Searching for dependencies of gz-utils2
[0.367s] -- Searching for <gz-utils2> component [cli]
[0.368s] -- Looking for gz-utils2-cli -- found version 2.2.1
[0.369s] -- Searching for dependencies of gz-utils2-cli
[0.371s] -- Searching for <gz-plugin2> component [register]
[0.372s] -- Looking for gz-plugin2-register -- found version 2.0.4
[0.372s] -- Searching for dependencies of gz-plugin2-register
[0.374s] -- Looking for gz-common5 -- found version 5.7.1
[0.375s] -- Searching for dependencies of gz-common5
[0.375s] -- Looking for gz-utils2 -- found version 2.2.1
[0.376s] -- Looking for dlfcn.h - found
[0.376s] -- Looking for libdl - found
[0.390s] -- Checking for module 'uuid'
[0.423s] --   Found uuid, version 2.39.3
[0.512s] -- Searching for <gz-common5> component [profiler]
[0.513s] -- Looking for gz-common5-profiler -- found version 5.7.1
[0.513s] -- Searching for dependencies of gz-common5-profiler
[0.526s] -- Looking for gz-sim8 -- found version 8.9.0
[0.526s] -- Searching for dependencies of gz-sim8
[0.529s] -- Looking for sdformat14 -- found version 14.7.0
[0.530s] -- Searching for dependencies of sdformat14
[0.543s] -- Checking for module 'tinyxml2'
[0.585s] --   Found tinyxml2, version 10.0.0
[0.698s] -- Looking for gz-math7 -- found version 7.5.2
[0.699s] -- Searching for dependencies of gz-math7
[0.700s] -- Looking for gz-utils2 -- found version 2.2.1
[0.704s] -- Looking for gz-utils2 -- found version 2.2.1
[0.708s] -- Looking for gz-plugin2 -- found version 2.0.4
[0.708s] -- Searching for dependencies of gz-plugin2
[0.709s] -- Looking for gz-utils2 -- found version 2.2.1
[0.710s] -- Searching for <gz-plugin2> component [loader]
[0.717s] -- Looking for gz-plugin2-loader -- found version 2.0.4
[0.717s] -- Searching for dependencies of gz-plugin2-loader
[0.720s] -- Searching for <gz-plugin2> component [register]
[0.725s] -- Looking for gz-transport13 -- found version 13.4.1
[0.725s] -- Searching for dependencies of gz-transport13
[0.985s] -- Found Protobuf: /usr/lib/x86_64-linux-gnu/libprotobuf.so (found version "3.21.12") 
[1.022s] -- Config-file not installed for ZeroMQ -- checking for pkg-config
[1.030s] -- Checking for module 'libzmq >= 4'
[1.059s] --   Found libzmq, version 4.3.5
[1.172s] -- Found ZeroMQ: TRUE (Required is at least version "4") 
[1.191s] -- Looking for gz-utils2 -- found version 2.2.1
[1.200s] -- Looking for gz-msgs10 -- found version 10.3.2
[1.200s] -- Searching for dependencies of gz-msgs10
[1.242s] -- Looking for gz-utils2 -- found version 2.2.1
[1.242s] -- Looking for gz-math7 -- found version 7.5.2
[1.259s] -- Searching for <gz-transport13> component [log]
[1.262s] -- Looking for gz-transport13-log -- found version 13.4.1
[1.262s] -- Searching for dependencies of gz-transport13-log
[1.263s] -- Searching for <gz-transport13> component [parameters]
[1.266s] -- Looking for gz-transport13-parameters -- found version 13.4.1
[1.266s] -- Searching for dependencies of gz-transport13-parameters
[1.268s] -- Looking for gz-msgs10 -- found version 10.3.2
[1.269s] -- Looking for gz-common5 -- found version 5.7.1
[1.269s] -- Searching for dependencies of gz-common5
[1.270s] -- Looking for gz-utils2 -- found version 2.2.1
[1.270s] -- Looking for dlfcn.h - found
[1.270s] -- Looking for libdl - found
[1.283s] -- Searching for <gz-common5> component [av]
[1.288s] -- Looking for gz-common5-av -- found version 5.7.1
[1.288s] -- Searching for dependencies of gz-common5-av
[1.298s] -- Checking for module 'libswscale'
[1.338s] --   Found libswscale, version 7.5.100
[1.440s] -- Found SWSCALE: TRUE  
[1.454s] -- Checking for module 'libavdevice >= 56.4.100'
[1.496s] --   Found libavdevice, version 60.3.100
[1.605s] -- Found AVDEVICE: TRUE (Required is at least version "56.4.100") 
[1.619s] -- Checking for module 'libavformat'
[1.662s] --   Found libavformat, version 60.16.100
[1.747s] -- Found AVFORMAT: TRUE  
[1.760s] -- Checking for module 'libavcodec'
[1.796s] --   Found libavcodec, version 60.31.102
[1.902s] -- Found AVCODEC: TRUE  
[1.917s] -- Checking for module 'libavutil'
[1.961s] --   Found libavutil, version 58.29.100
[2.064s] -- Found AVUTIL: TRUE  
[2.067s] -- Searching for <gz-common5> component [events]
[2.075s] -- Looking for gz-common5-events -- found version 5.7.1
[2.075s] -- Searching for dependencies of gz-common5-events
[2.076s] -- Looking for gz-math7 -- found version 7.5.2
[2.079s] -- Searching for <gz-common5> component [graphics]
[2.086s] -- Looking for gz-common5-graphics -- found version 5.7.1
[2.087s] -- Searching for dependencies of gz-common5-graphics
[2.088s] -- Looking for gz-math7 -- found version 7.5.2
[2.104s] -- Found GzAssimp: TRUE (found version "5.3.0") 
[2.106s] -- Searching for <gz-common5> component [io]
[2.110s] -- Looking for gz-common5-io -- found version 5.7.1
[2.110s] -- Searching for dependencies of gz-common5-io
[2.112s] -- Searching for <gz-common5> component [profiler]
[2.117s] -- Looking for gz-fuel_tools9 -- found version 9.1.1
[2.117s] -- Searching for dependencies of gz-fuel_tools9
[2.326s] -- Found CURL: /usr/lib/x86_64-linux-gnu/libcurl.so (found version "8.5.0")  
[2.346s] -- Checking for module 'jsoncpp'
[2.385s] --   Found jsoncpp, version 1.9.5
[2.474s] -- Found JSONCPP: TRUE  
[2.519s] -- Checking for module 'yaml-0.1'
[2.558s] --   Found yaml-0.1, version 0.2.5
[2.656s] -- Found YAML: TRUE  
[2.670s] -- Checking for module 'libzip'
[2.716s] --   Found libzip, version 1.7.3
[2.814s] -- Found ZIP: TRUE  
[2.815s] -- Looking for gz-utils2 -- found version 2.2.1
[2.817s] -- Looking for gz-common5 -- found version 5.7.1
[2.817s] -- Searching for dependencies of gz-common5
[2.818s] -- Looking for gz-utils2 -- found version 2.2.1
[2.819s] -- Looking for dlfcn.h - found
[2.819s] -- Looking for libdl - found
[2.838s] -- Searching for <gz-common5> component [testing]
[2.845s] -- Looking for gz-common5-testing -- found version 5.7.1
[2.846s] -- Searching for dependencies of gz-common5-testing
[2.848s] -- Looking for gz-math7 -- found version 7.5.2
[2.848s] -- Looking for gz-msgs10 -- found version 10.3.2
[2.855s] -- Looking for gz-gui8 -- found version 8.4.0
[2.855s] -- Searching for dependencies of gz-gui8
[2.903s] -- Looking for gz-utils2 -- found version 2.2.1
[2.904s] -- Looking for gz-math7 -- found version 7.5.2
[2.904s] -- Looking for gz-common5 -- found version 5.7.1
[2.905s] -- Looking for gz-plugin2 -- found version 2.0.4
[2.905s] -- Looking for gz-transport13 -- found version 13.4.1
[2.909s] -- Looking for gz-rendering8 -- found version 8.2.2
[2.910s] -- Searching for dependencies of gz-rendering8
[2.910s] -- Looking for gz-math7 -- found version 7.5.2
[2.910s] -- Searching for dependencies of gz-math7
[2.910s] -- Looking for gz-utils2 -- found version 2.2.1
[2.911s] -- Searching for <gz-math7> component [eigen3]
[2.915s] -- Looking for gz-math7-eigen3 -- found version 7.5.2
[2.915s] -- Searching for dependencies of gz-math7-eigen3
[2.932s] -- Looking for gz-common5 -- found version 5.7.1
[2.933s] -- Searching for dependencies of gz-common5
[2.933s] -- Looking for gz-utils2 -- found version 2.2.1
[2.933s] -- Looking for dlfcn.h - found
[2.933s] -- Looking for libdl - found
[2.945s] -- Searching for <gz-common5> component [graphics]
[2.946s] -- Searching for <gz-common5> component [events]
[2.946s] -- Searching for <gz-common5> component [geospatial]
[2.949s] -- Looking for gz-common5-geospatial -- found version 5.7.1
[2.950s] -- Searching for dependencies of gz-common5-geospatial
[2.950s] -- Looking for gz-math7 -- found version 7.5.2
[2.950s] -- Looking for gz-common5 -- found version 5.7.1
[2.953s] -- Looking for gz-plugin2 -- found version 2.0.4
[2.953s] -- Searching for dependencies of gz-plugin2
[2.953s] -- Looking for gz-utils2 -- found version 2.2.1
[2.953s] -- Searching for <gz-plugin2> component [all]
[2.957s] -- Looking for all libraries of gz-plugin2 -- found version 2.0.4
[2.958s] -- Looking for gz-plugin2 -- found version 2.0.4
[2.959s] -- Looking for gz-utils2 -- found version 2.2.1
[2.975s] -- Found OpenGL: /usr/lib/x86_64-linux-gnu/libOpenGL.so  found components: OpenGL 
[2.978s] -- Looking for gz-msgs10 -- found version 10.3.2
[3.064s] -- Looking for gz-physics7 -- found version 7.5.0
[3.064s] -- Searching for dependencies of gz-physics7
[3.064s] -- Looking for gz-common5 -- found version 5.7.1
[3.065s] -- Looking for gz-math7 -- found version 7.5.2
[3.065s] -- Looking for gz-plugin2 -- found version 2.0.4
[3.066s] -- Looking for gz-utils2 -- found version 2.2.1
[3.069s] -- Searching for <gz-physics7> component [heightmap]
[3.072s] -- Looking for gz-physics7-heightmap -- found version 7.5.0
[3.072s] -- Searching for dependencies of gz-physics7-heightmap
[3.073s] -- Looking for gz-common5 -- found version 5.7.1
[3.074s] -- Searching for <gz-physics7> component [mesh]
[3.078s] -- Looking for gz-physics7-mesh -- found version 7.5.0
[3.078s] -- Searching for dependencies of gz-physics7-mesh
[3.078s] -- Looking for gz-common5 -- found version 5.7.1
[3.080s] -- Searching for <gz-physics7> component [sdf]
[3.082s] -- Looking for gz-physics7-sdf -- found version 7.5.0
[3.083s] -- Searching for dependencies of gz-physics7-sdf
[3.083s] -- Looking for sdformat14 -- found version 14.7.0
[3.092s] -- Looking for gz-sensors8 -- found version 8.2.2
[3.093s] -- Searching for dependencies of gz-sensors8
[3.133s] -- Looking for gz-math7 -- found version 7.5.2
[3.134s] -- Looking for gz-common5 -- found version 5.7.1
[3.134s] -- Looking for gz-transport13 -- found version 13.4.1
[3.135s] -- Looking for gz-rendering8 -- found version 8.2.2
[3.135s] -- Looking for gz-msgs10 -- found version 10.3.2
[3.136s] -- Looking for sdformat14 -- found version 14.7.0
[3.138s] -- Searching for <gz-sensors8> component [air_pressure]
[3.140s] -- Looking for gz-sensors8-air_pressure -- found version 8.2.2
[3.140s] -- Searching for dependencies of gz-sensors8-air_pressure
[3.141s] -- Searching for <gz-sensors8> component [air_speed]
[3.144s] -- Looking for gz-sensors8-air_speed -- found version 8.2.2
[3.144s] -- Searching for dependencies of gz-sensors8-air_speed
[3.146s] -- Searching for <gz-sensors8> component [altimeter]
[3.148s] -- Looking for gz-sensors8-altimeter -- found version 8.2.2
[3.149s] -- Searching for dependencies of gz-sensors8-altimeter
[3.150s] -- Searching for <gz-sensors8> component [imu]
[3.153s] -- Looking for gz-sensors8-imu -- found version 8.2.2
[3.153s] -- Searching for dependencies of gz-sensors8-imu
[3.154s] -- Searching for <gz-sensors8> component [force_torque]
[3.157s] -- Looking for gz-sensors8-force_torque -- found version 8.2.2
[3.158s] -- Searching for dependencies of gz-sensors8-force_torque
[3.159s] -- Searching for <gz-sensors8> component [logical_camera]
[3.162s] -- Looking for gz-sensors8-logical_camera -- found version 8.2.2
[3.162s] -- Searching for dependencies of gz-sensors8-logical_camera
[3.163s] -- Searching for <gz-sensors8> component [magnetometer]
[3.166s] -- Looking for gz-sensors8-magnetometer -- found version 8.2.2
[3.166s] -- Searching for dependencies of gz-sensors8-magnetometer
[3.167s] -- Searching for <gz-sensors8> component [navsat]
[3.169s] -- Looking for gz-sensors8-navsat -- found version 8.2.2
[3.170s] -- Searching for dependencies of gz-sensors8-navsat
[3.171s] -- Searching for <gz-sensors8> component [dvl]
[3.173s] -- Looking for gz-sensors8-dvl -- found version 8.2.2
[3.174s] -- Searching for dependencies of gz-sensors8-dvl
[3.174s] -- Looking for gz-sensors8 -- found version 8.2.2
[3.174s] -- Searching for dependencies of gz-sensors8
[3.210s] -- Looking for gz-math7 -- found version 7.5.2
[3.210s] -- Looking for gz-common5 -- found version 5.7.1
[3.211s] -- Looking for gz-transport13 -- found version 13.4.1
[3.212s] -- Looking for gz-rendering8 -- found version 8.2.2
[3.212s] -- Looking for gz-msgs10 -- found version 10.3.2
[3.213s] -- Looking for sdformat14 -- found version 14.7.0
[3.213s] -- Searching for <gz-sensors8> component [rendering]
[3.215s] -- Looking for gz-sensors8-rendering -- found version 8.2.2
[3.216s] -- Searching for dependencies of gz-sensors8-rendering
[3.218s] -- Searching for <gz-sensors8> component [rendering]
[3.219s] -- Searching for <gz-sensors8> component [lidar]
[3.221s] -- Looking for gz-sensors8-lidar -- found version 8.2.2
[3.222s] -- Searching for dependencies of gz-sensors8-lidar
[3.222s] -- Looking for gz-sensors8 -- found version 8.2.2
[3.223s] -- Searching for <gz-sensors8> component [gpu_lidar]
[3.226s] -- Looking for gz-sensors8-gpu_lidar -- found version 8.2.2
[3.226s] -- Searching for dependencies of gz-sensors8-gpu_lidar
[3.227s] -- Looking for gz-sensors8 -- found version 8.2.2
[3.228s] -- Searching for <gz-sensors8> component [camera]
[3.231s] -- Looking for gz-sensors8-camera -- found version 8.2.2
[3.231s] -- Searching for dependencies of gz-sensors8-camera
[3.232s] -- Looking for gz-sensors8 -- found version 8.2.2
[3.233s] -- Searching for <gz-sensors8> component [boundingbox_camera]
[3.236s] -- Looking for gz-sensors8-boundingbox_camera -- found version 8.2.2
[3.236s] -- Searching for dependencies of gz-sensors8-boundingbox_camera
[3.237s] -- Searching for <gz-sensors8> component [segmentation_camera]
[3.240s] -- Looking for gz-sensors8-segmentation_camera -- found version 8.2.2
[3.240s] -- Searching for dependencies of gz-sensors8-segmentation_camera
[3.241s] -- Searching for <gz-sensors8> component [depth_camera]
[3.244s] -- Looking for gz-sensors8-depth_camera -- found version 8.2.2
[3.245s] -- Searching for dependencies of gz-sensors8-depth_camera
[3.245s] -- Looking for gz-sensors8 -- found version 8.2.2
[3.246s] -- Searching for <gz-sensors8> component [rgbd_camera]
[3.249s] -- Looking for gz-sensors8-rgbd_camera -- found version 8.2.2
[3.250s] -- Searching for dependencies of gz-sensors8-rgbd_camera
[3.250s] -- Looking for gz-sensors8 -- found version 8.2.2
[3.251s] -- Searching for <gz-sensors8> component [thermal_camera]
[3.254s] -- Looking for gz-sensors8-thermal_camera -- found version 8.2.2
[3.254s] -- Searching for dependencies of gz-sensors8-thermal_camera
[3.254s] -- Looking for gz-sensors8 -- found version 8.2.2
[3.256s] -- Searching for <gz-sensors8> component [wide_angle_camera]
[3.259s] -- Looking for gz-sensors8-wide_angle_camera -- found version 8.2.2
[3.259s] -- Searching for dependencies of gz-sensors8-wide_angle_camera
[3.261s] -- Looking for gz-rendering8 -- found version 8.2.2
[3.261s] -- Looking for gz-math7 -- found version 7.5.2
[3.262s] -- Looking for gz-utils2 -- found version 2.2.1
[3.301s] -- Compiling against Gazebo Harmonic
[3.308s] -- Found ament_lint_auto: 0.17.2 (/opt/ros/jazzy/share/ament_lint_auto/cmake)
[3.444s] -- Configuring done (3.4s)
[3.501s] -- Generating done (0.0s)
[3.508s] -- Build files have been written to: /home/toluwani-williams/slam_ws/build/ros_gz_example_gazebo
[3.519s] Invoked command in '/home/toluwani-williams/slam_ws/build/ros_gz_example_gazebo' returned '0': AMENT_PREFIX_PATH=/home/toluwani-williams/slam_ws/install/ros_gz_example_description:${AMENT_PREFIX_PATH} CMAKE_PREFIX_PATH=/home/toluwani-williams/slam_ws/install/ros_gz_example_description:/opt/ros/jazzy/opt/gz_launch_vendor:/opt/ros/jazzy/opt/gz_sim_vendor:/opt/ros/jazzy/opt/gz_sensors_vendor:/opt/ros/jazzy/opt/gz_physics_vendor:/opt/ros/jazzy/opt/sdformat_vendor:/opt/ros/jazzy/opt/gz_gui_vendor:/opt/ros/jazzy/opt/gz_transport_vendor:/opt/ros/jazzy/opt/gz_rendering_vendor:/opt/ros/jazzy/opt/gz_plugin_vendor:/opt/ros/jazzy/opt/gz_fuel_tools_vendor:/opt/ros/jazzy/opt/gz_msgs_vendor:/opt/ros/jazzy/opt/gz_common_vendor:/opt/ros/jazzy/opt/gz_math_vendor:/opt/ros/jazzy/opt/gz_utils_vendor:/opt/ros/jazzy/opt/gz_tools_vendor:/opt/ros/jazzy/opt/gz_ogre_next_vendor:/opt/ros/jazzy/opt/gz_dartsim_vendor:/opt/ros/jazzy/opt/gz_cmake_vendor:/opt/ros/jazzy DEBUGINFOD_URLS=https://debuginfod.ubuntu.com GZ_SIM_RESOURCE_PATH=/home/toluwani-williams/slam_ws/install/ros_gz_example_description/share/ros_gz_example_description/models /usr/bin/cmake /home/toluwani-williams/slam_ws/src/ros_gz_project_template/ros_gz_example_gazebo -DBUILD_TESTING=ON -DCMAKE_INSTALL_PREFIX=/home/toluwani-williams/slam_ws/install/ros_gz_example_gazebo
[3.521s] Invoking command in '/home/toluwani-williams/slam_ws/build/ros_gz_example_gazebo': AMENT_PREFIX_PATH=/home/toluwani-williams/slam_ws/install/ros_gz_example_description:${AMENT_PREFIX_PATH} CMAKE_PREFIX_PATH=/home/toluwani-williams/slam_ws/install/ros_gz_example_description:/opt/ros/jazzy/opt/gz_launch_vendor:/opt/ros/jazzy/opt/gz_sim_vendor:/opt/ros/jazzy/opt/gz_sensors_vendor:/opt/ros/jazzy/opt/gz_physics_vendor:/opt/ros/jazzy/opt/sdformat_vendor:/opt/ros/jazzy/opt/gz_gui_vendor:/opt/ros/jazzy/opt/gz_transport_vendor:/opt/ros/jazzy/opt/gz_rendering_vendor:/opt/ros/jazzy/opt/gz_plugin_vendor:/opt/ros/jazzy/opt/gz_fuel_tools_vendor:/opt/ros/jazzy/opt/gz_msgs_vendor:/opt/ros/jazzy/opt/gz_common_vendor:/opt/ros/jazzy/opt/gz_math_vendor:/opt/ros/jazzy/opt/gz_utils_vendor:/opt/ros/jazzy/opt/gz_tools_vendor:/opt/ros/jazzy/opt/gz_ogre_next_vendor:/opt/ros/jazzy/opt/gz_dartsim_vendor:/opt/ros/jazzy/opt/gz_cmake_vendor:/opt/ros/jazzy DEBUGINFOD_URLS=https://debuginfod.ubuntu.com GZ_SIM_RESOURCE_PATH=/home/toluwani-williams/slam_ws/install/ros_gz_example_description/share/ros_gz_example_description/models /usr/bin/cmake --build /home/toluwani-williams/slam_ws/build/ros_gz_example_gazebo -- -j8 -l8
[3.620s] [ 50%] [32mBuilding CXX object CMakeFiles/FullSystem.dir/src/FullSystem.cc.o[0m
[3.621s] [ 50%] [32mBuilding CXX object CMakeFiles/BasicSystem.dir/src/BasicSystem.cc.o[0m
[6.434s] [ 75%] [32m[1mLinking CXX shared library libBasicSystem.so[0m
[6.545s] [100%] [32m[1mLinking CXX shared library libFullSystem.so[0m
[6.816s] [100%] Built target BasicSystem
[6.835s] [100%] Built target FullSystem
[6.856s] Invoked command in '/home/toluwani-williams/slam_ws/build/ros_gz_example_gazebo' returned '0': AMENT_PREFIX_PATH=/home/toluwani-williams/slam_ws/install/ros_gz_example_description:${AMENT_PREFIX_PATH} CMAKE_PREFIX_PATH=/home/toluwani-williams/slam_ws/install/ros_gz_example_description:/opt/ros/jazzy/opt/gz_launch_vendor:/opt/ros/jazzy/opt/gz_sim_vendor:/opt/ros/jazzy/opt/gz_sensors_vendor:/opt/ros/jazzy/opt/gz_physics_vendor:/opt/ros/jazzy/opt/sdformat_vendor:/opt/ros/jazzy/opt/gz_gui_vendor:/opt/ros/jazzy/opt/gz_transport_vendor:/opt/ros/jazzy/opt/gz_rendering_vendor:/opt/ros/jazzy/opt/gz_plugin_vendor:/opt/ros/jazzy/opt/gz_fuel_tools_vendor:/opt/ros/jazzy/opt/gz_msgs_vendor:/opt/ros/jazzy/opt/gz_common_vendor:/opt/ros/jazzy/opt/gz_math_vendor:/opt/ros/jazzy/opt/gz_utils_vendor:/opt/ros/jazzy/opt/gz_tools_vendor:/opt/ros/jazzy/opt/gz_ogre_next_vendor:/opt/ros/jazzy/opt/gz_dartsim_vendor:/opt/ros/jazzy/opt/gz_cmake_vendor:/opt/ros/jazzy DEBUGINFOD_URLS=https://debuginfod.ubuntu.com GZ_SIM_RESOURCE_PATH=/home/toluwani-williams/slam_ws/install/ros_gz_example_description/share/ros_gz_example_description/models /usr/bin/cmake --build /home/toluwani-williams/slam_ws/build/ros_gz_example_gazebo -- -j8 -l8
[6.858s] Invoking command in '/home/toluwani-williams/slam_ws/build/ros_gz_example_gazebo': AMENT_PREFIX_PATH=/home/toluwani-williams/slam_ws/install/ros_gz_example_description:${AMENT_PREFIX_PATH} CMAKE_PREFIX_PATH=/home/toluwani-williams/slam_ws/install/ros_gz_example_description:/opt/ros/jazzy/opt/gz_launch_vendor:/opt/ros/jazzy/opt/gz_sim_vendor:/opt/ros/jazzy/opt/gz_sensors_vendor:/opt/ros/jazzy/opt/gz_physics_vendor:/opt/ros/jazzy/opt/sdformat_vendor:/opt/ros/jazzy/opt/gz_gui_vendor:/opt/ros/jazzy/opt/gz_transport_vendor:/opt/ros/jazzy/opt/gz_rendering_vendor:/opt/ros/jazzy/opt/gz_plugin_vendor:/opt/ros/jazzy/opt/gz_fuel_tools_vendor:/opt/ros/jazzy/opt/gz_msgs_vendor:/opt/ros/jazzy/opt/gz_common_vendor:/opt/ros/jazzy/opt/gz_math_vendor:/opt/ros/jazzy/opt/gz_utils_vendor:/opt/ros/jazzy/opt/gz_tools_vendor:/opt/ros/jazzy/opt/gz_ogre_next_vendor:/opt/ros/jazzy/opt/gz_dartsim_vendor:/opt/ros/jazzy/opt/gz_cmake_vendor:/opt/ros/jazzy DEBUGINFOD_URLS=https://debuginfod.ubuntu.com GZ_SIM_RESOURCE_PATH=/home/toluwani-williams/slam_ws/install/ros_gz_example_description/share/ros_gz_example_description/models /usr/bin/cmake --install /home/toluwani-williams/slam_ws/build/ros_gz_example_gazebo
[6.881s] -- Install configuration: ""
[6.881s] -- Installing: /home/toluwani-williams/slam_ws/install/ros_gz_example_gazebo/lib/ros_gz_example_gazebo/libBasicSystem.so
[6.882s] -- Set non-toolchain portion of runtime path of "/home/toluwani-williams/slam_ws/install/ros_gz_example_gazebo/lib/ros_gz_example_gazebo/libBasicSystem.so" to ""
[6.883s] -- Installing: /home/toluwani-williams/slam_ws/install/ros_gz_example_gazebo/lib/ros_gz_example_gazebo/libFullSystem.so
[6.884s] -- Set non-toolchain portion of runtime path of "/home/toluwani-williams/slam_ws/install/ros_gz_example_gazebo/lib/ros_gz_example_gazebo/libFullSystem.so" to ""
[6.884s] -- Installing: /home/toluwani-williams/slam_ws/install/ros_gz_example_gazebo/share/ros_gz_example_gazebo/worlds
[6.885s] -- Installing: /home/toluwani-williams/slam_ws/install/ros_gz_example_gazebo/share/ros_gz_example_gazebo/worlds/diff_drive.sdf
[6.885s] -- Installing: /home/toluwani-williams/slam_ws/install/ros_gz_example_gazebo/share/ros_gz_example_gazebo/environment/ros_gz_example_gazebo.dsv
[6.885s] -- Installing: /home/toluwani-williams/slam_ws/install/ros_gz_example_gazebo/share/ros_gz_example_gazebo/environment/ros_gz_example_gazebo.sh
[6.886s] -- Installing: /home/toluwani-williams/slam_ws/install/ros_gz_example_gazebo/share/ament_index/resource_index/package_run_dependencies/ros_gz_example_gazebo
[6.886s] -- Installing: /home/toluwani-williams/slam_ws/install/ros_gz_example_gazebo/share/ament_index/resource_index/parent_prefix_path/ros_gz_example_gazebo
[6.886s] -- Installing: /home/toluwani-williams/slam_ws/install/ros_gz_example_gazebo/share/ros_gz_example_gazebo/environment/ament_prefix_path.sh
[6.887s] -- Installing: /home/toluwani-williams/slam_ws/install/ros_gz_example_gazebo/share/ros_gz_example_gazebo/environment/ament_prefix_path.dsv
[6.887s] -- Installing: /home/toluwani-williams/slam_ws/install/ros_gz_example_gazebo/share/ros_gz_example_gazebo/environment/path.sh
[6.887s] -- Installing: /home/toluwani-williams/slam_ws/install/ros_gz_example_gazebo/share/ros_gz_example_gazebo/environment/path.dsv
[6.887s] -- Installing: /home/toluwani-williams/slam_ws/install/ros_gz_example_gazebo/share/ros_gz_example_gazebo/local_setup.bash
[6.888s] -- Installing: /home/toluwani-williams/slam_ws/install/ros_gz_example_gazebo/share/ros_gz_example_gazebo/local_setup.sh
[6.888s] -- Installing: /home/toluwani-williams/slam_ws/install/ros_gz_example_gazebo/share/ros_gz_example_gazebo/local_setup.zsh
[6.888s] -- Installing: /home/toluwani-williams/slam_ws/install/ros_gz_example_gazebo/share/ros_gz_example_gazebo/local_setup.dsv
[6.888s] -- Installing: /home/toluwani-williams/slam_ws/install/ros_gz_example_gazebo/share/ros_gz_example_gazebo/package.dsv
[6.889s] -- Installing: /home/toluwani-williams/slam_ws/install/ros_gz_example_gazebo/share/ament_index/resource_index/packages/ros_gz_example_gazebo
[6.889s] -- Installing: /home/toluwani-williams/slam_ws/install/ros_gz_example_gazebo/share/ros_gz_example_gazebo/cmake/ros_gz_example_gazeboConfig.cmake
[6.889s] -- Installing: /home/toluwani-williams/slam_ws/install/ros_gz_example_gazebo/share/ros_gz_example_gazebo/cmake/ros_gz_example_gazeboConfig-version.cmake
[6.889s] -- Installing: /home/toluwani-williams/slam_ws/install/ros_gz_example_gazebo/share/ros_gz_example_gazebo/package.xml
[6.894s] Invoked command in '/home/toluwani-williams/slam_ws/build/ros_gz_example_gazebo' returned '0': AMENT_PREFIX_PATH=/home/toluwani-williams/slam_ws/install/ros_gz_example_description:${AMENT_PREFIX_PATH} CMAKE_PREFIX_PATH=/home/toluwani-williams/slam_ws/install/ros_gz_example_description:/opt/ros/jazzy/opt/gz_launch_vendor:/opt/ros/jazzy/opt/gz_sim_vendor:/opt/ros/jazzy/opt/gz_sensors_vendor:/opt/ros/jazzy/opt/gz_physics_vendor:/opt/ros/jazzy/opt/sdformat_vendor:/opt/ros/jazzy/opt/gz_gui_vendor:/opt/ros/jazzy/opt/gz_transport_vendor:/opt/ros/jazzy/opt/gz_rendering_vendor:/opt/ros/jazzy/opt/gz_plugin_vendor:/opt/ros/jazzy/opt/gz_fuel_tools_vendor:/opt/ros/jazzy/opt/gz_msgs_vendor:/opt/ros/jazzy/opt/gz_common_vendor:/opt/ros/jazzy/opt/gz_math_vendor:/opt/ros/jazzy/opt/gz_utils_vendor:/opt/ros/jazzy/opt/gz_tools_vendor:/opt/ros/jazzy/opt/gz_ogre_next_vendor:/opt/ros/jazzy/opt/gz_dartsim_vendor:/opt/ros/jazzy/opt/gz_cmake_vendor:/opt/ros/jazzy DEBUGINFOD_URLS=https://debuginfod.ubuntu.com GZ_SIM_RESOURCE_PATH=/home/toluwani-williams/slam_ws/install/ros_gz_example_description/share/ros_gz_example_description/models /usr/bin/cmake --install /home/toluwani-williams/slam_ws/build/ros_gz_example_gazebo
