[0.345s] DEBUG:colcon:Command line arguments: ['/usr/bin/colcon', 'build']
[0.345s] DEBUG:colcon:Parsed command line arguments: Namespace(log_base=None, log_level=None, verb_name='build', build_base='build', install_base='install', merge_install=False, symlink_install=False, test_result_base=None, continue_on_error=False, executor='parallel', parallel_workers=8, event_handlers=None, ignore_user_meta=False, metas=['./colcon.meta'], base_paths=['.'], packages_ignore=None, packages_ignore_regex=None, paths=None, packages_up_to=None, packages_up_to_regex=None, packages_above=None, packages_above_and_dependencies=None, packages_above_depth=None, packages_select_by_dep=None, packages_skip_by_dep=None, packages_skip_up_to=None, packages_select_build_failed=False, packages_skip_build_finished=False, packages_select_test_failures=False, packages_skip_test_passed=False, packages_select=None, packages_skip=None, packages_select_regex=None, packages_skip_regex=None, packages_start=None, packages_end=None, allow_overriding=[], cmake_args=None, cmake_target=None, cmake_target_skip_unavailable=False, cmake_clean_cache=False, cmake_clean_first=False, cmake_force_configure=False, ament_cmake_args=None, catkin_cmake_args=None, catkin_skip_building_tests=False, mixin_files=None, mixin=None, verb_parser=<colcon_mixin.mixin.mixin_argument.MixinArgumentDecorator object at 0x7821af195340>, verb_extension=<colcon_core.verb.build.BuildVerb object at 0x7821af2c50a0>, main=<bound method BuildVerb.main of <colcon_core.verb.build.BuildVerb object at 0x7821af2c50a0>>, mixin_verb=('build',))
[0.494s] Level 1:colcon.colcon_core.package_discovery:discover_packages(colcon_meta) check parameters
[0.494s] Level 1:colcon.colcon_core.package_discovery:discover_packages(recursive) check parameters
[0.494s] Level 1:colcon.colcon_core.package_discovery:discover_packages(ignore) check parameters
[0.494s] Level 1:colcon.colcon_core.package_discovery:discover_packages(path) check parameters
[0.494s] Level 1:colcon.colcon_core.package_discovery:discover_packages(colcon_meta) discover
[0.495s] Level 1:colcon.colcon_core.package_discovery:discover_packages(recursive) discover
[0.495s] INFO:colcon.colcon_core.package_discovery:Crawling recursively for packages in '/home/toluwani-williams/slam_ws/src/slam_navigation'
[0.495s] Level 1:colcon.colcon_core.package_identification:_identify(.) by extensions ['ignore', 'ignore_ament_install']
[0.495s] Level 1:colcon.colcon_core.package_identification:_identify(.) by extension 'ignore'
[0.495s] Level 1:colcon.colcon_core.package_identification:_identify(.) by extension 'ignore_ament_install'
[0.495s] Level 1:colcon.colcon_core.package_identification:_identify(.) by extensions ['colcon_pkg']
[0.495s] Level 1:colcon.colcon_core.package_identification:_identify(.) by extension 'colcon_pkg'
[0.495s] Level 1:colcon.colcon_core.package_identification:_identify(.) by extensions ['colcon_meta']
[0.496s] Level 1:colcon.colcon_core.package_identification:_identify(.) by extension 'colcon_meta'
[0.496s] Level 1:colcon.colcon_core.package_identification:_identify(.) by extensions ['ros']
[0.496s] Level 1:colcon.colcon_core.package_identification:_identify(.) by extension 'ros'
[0.555s] DEBUG:colcon.colcon_core.package_identification:Package '.' with type 'ros.ament_cmake' and name 'slam_navigation'
[0.555s] Level 1:colcon.colcon_core.package_discovery:discover_packages(recursive) using defaults
[0.555s] Level 1:colcon.colcon_core.package_discovery:discover_packages(ignore) discover
[0.555s] Level 1:colcon.colcon_core.package_discovery:discover_packages(ignore) using defaults
[0.555s] Level 1:colcon.colcon_core.package_discovery:discover_packages(path) discover
[0.555s] Level 1:colcon.colcon_core.package_discovery:discover_packages(path) using defaults
[0.597s] Level 1:colcon.colcon_core.package_discovery:discover_packages(prefix_path) check parameters
[0.597s] Level 1:colcon.colcon_core.package_discovery:discover_packages(prefix_path) discover
[0.610s] DEBUG:colcon.colcon_installed_package_information.package_discovery:Found 9 installed packages in /home/toluwani-williams/slam_ws/install
[0.612s] DEBUG:colcon.colcon_installed_package_information.package_discovery:Found 318 installed packages in /opt/ros/jazzy
[0.614s] Level 1:colcon.colcon_core.package_discovery:discover_packages(prefix_path) using defaults
[0.803s] Level 5:colcon.colcon_core.verb:set package 'slam_navigation' build argument 'cmake_args' from command line to 'None'
[0.804s] Level 5:colcon.colcon_core.verb:set package 'slam_navigation' build argument 'cmake_target' from command line to 'None'
[0.804s] Level 5:colcon.colcon_core.verb:set package 'slam_navigation' build argument 'cmake_target_skip_unavailable' from command line to 'False'
[0.804s] Level 5:colcon.colcon_core.verb:set package 'slam_navigation' build argument 'cmake_clean_cache' from command line to 'False'
[0.804s] Level 5:colcon.colcon_core.verb:set package 'slam_navigation' build argument 'cmake_clean_first' from command line to 'False'
[0.804s] Level 5:colcon.colcon_core.verb:set package 'slam_navigation' build argument 'cmake_force_configure' from command line to 'False'
[0.804s] Level 5:colcon.colcon_core.verb:set package 'slam_navigation' build argument 'ament_cmake_args' from command line to 'None'
[0.804s] Level 5:colcon.colcon_core.verb:set package 'slam_navigation' build argument 'catkin_cmake_args' from command line to 'None'
[0.804s] Level 5:colcon.colcon_core.verb:set package 'slam_navigation' build argument 'catkin_skip_building_tests' from command line to 'False'
[0.804s] DEBUG:colcon.colcon_core.verb:Building package 'slam_navigation' with the following arguments: {'ament_cmake_args': None, 'build_base': '/home/toluwani-williams/slam_ws/src/slam_navigation/build/slam_navigation', 'catkin_cmake_args': None, 'catkin_skip_building_tests': False, 'cmake_args': None, 'cmake_clean_cache': False, 'cmake_clean_first': False, 'cmake_force_configure': False, 'cmake_target': None, 'cmake_target_skip_unavailable': False, 'install_base': '/home/toluwani-williams/slam_ws/src/slam_navigation/install/slam_navigation', 'merge_install': False, 'path': '/home/toluwani-williams/slam_ws/src/slam_navigation', 'symlink_install': False, 'test_result_base': None}
[0.804s] INFO:colcon.colcon_core.executor:Executing jobs using 'parallel' executor
[0.805s] DEBUG:colcon.colcon_parallel_executor.executor.parallel:run_until_complete
[0.805s] INFO:colcon.colcon_ros.task.ament_cmake.build:Building ROS package in '/home/toluwani-williams/slam_ws/src/slam_navigation' with build type 'ament_cmake'
[0.805s] INFO:colcon.colcon_cmake.task.cmake.build:Building CMake package in '/home/toluwani-williams/slam_ws/src/slam_navigation'
[0.817s] INFO:colcon.colcon_core.plugin_system:Skipping extension 'colcon_core.shell.bat': Not used on non-Windows systems
[0.817s] INFO:colcon.colcon_core.shell:Skip shell extension 'powershell' for command environment: Not usable outside of PowerShell
[0.817s] DEBUG:colcon.colcon_core.shell:Skip shell extension 'dsv' for command environment
[0.834s] DEBUG:colcon.colcon_core.event_handler.log_command:Invoking command in '/home/toluwani-williams/slam_ws/src/slam_navigation/build/slam_navigation': CMAKE_PREFIX_PATH=${CMAKE_PREFIX_PATH}:/opt/ros/jazzy DEBUGINFOD_URLS=https://debuginfod.ubuntu.com /usr/bin/cmake /home/toluwani-williams/slam_ws/src/slam_navigation -DCMAKE_INSTALL_PREFIX=/home/toluwani-williams/slam_ws/src/slam_navigation/install/slam_navigation
[2.822s] DEBUG:colcon.colcon_core.event_handler.log_command:Invoked command in '/home/toluwani-williams/slam_ws/src/slam_navigation/build/slam_navigation' returned '0': CMAKE_PREFIX_PATH=${CMAKE_PREFIX_PATH}:/opt/ros/jazzy DEBUGINFOD_URLS=https://debuginfod.ubuntu.com /usr/bin/cmake /home/toluwani-williams/slam_ws/src/slam_navigation -DCMAKE_INSTALL_PREFIX=/home/toluwani-williams/slam_ws/src/slam_navigation/install/slam_navigation
[2.824s] DEBUG:colcon.colcon_core.event_handler.log_command:Invoking command in '/home/toluwani-williams/slam_ws/src/slam_navigation/build/slam_navigation': CMAKE_PREFIX_PATH=${CMAKE_PREFIX_PATH}:/opt/ros/jazzy DEBUGINFOD_URLS=https://debuginfod.ubuntu.com /usr/bin/cmake --build /home/toluwani-williams/slam_ws/src/slam_navigation/build/slam_navigation -- -j8 -l8
[2.911s] DEBUG:colcon.colcon_core.event_handler.log_command:Invoked command in '/home/toluwani-williams/slam_ws/src/slam_navigation/build/slam_navigation' returned '0': CMAKE_PREFIX_PATH=${CMAKE_PREFIX_PATH}:/opt/ros/jazzy DEBUGINFOD_URLS=https://debuginfod.ubuntu.com /usr/bin/cmake --build /home/toluwani-williams/slam_ws/src/slam_navigation/build/slam_navigation -- -j8 -l8
[2.932s] DEBUG:colcon.colcon_core.event_handler.log_command:Invoking command in '/home/toluwani-williams/slam_ws/src/slam_navigation/build/slam_navigation': CMAKE_PREFIX_PATH=${CMAKE_PREFIX_PATH}:/opt/ros/jazzy DEBUGINFOD_URLS=https://debuginfod.ubuntu.com /usr/bin/cmake --install /home/toluwani-williams/slam_ws/src/slam_navigation/build/slam_navigation
[2.960s] Level 1:colcon.colcon_core.environment:create_environment_scripts_only(slam_navigation)
[2.961s] DEBUG:colcon.colcon_core.event_handler.log_command:Invoked command in '/home/toluwani-williams/slam_ws/src/slam_navigation/build/slam_navigation' returned '0': CMAKE_PREFIX_PATH=${CMAKE_PREFIX_PATH}:/opt/ros/jazzy DEBUGINFOD_URLS=https://debuginfod.ubuntu.com /usr/bin/cmake --install /home/toluwani-williams/slam_ws/src/slam_navigation/build/slam_navigation
[2.976s] Level 1:colcon.colcon_core.environment:checking '/home/toluwani-williams/slam_ws/src/slam_navigation/install/slam_navigation' for CMake module files
[2.977s] Level 1:colcon.colcon_core.environment:checking '/home/toluwani-williams/slam_ws/src/slam_navigation/install/slam_navigation' for CMake config files
[2.977s] Level 1:colcon.colcon_core.shell:create_environment_hook('slam_navigation', 'cmake_prefix_path')
[2.978s] INFO:colcon.colcon_core.shell:Creating environment hook '/home/toluwani-williams/slam_ws/src/slam_navigation/install/slam_navigation/share/slam_navigation/hook/cmake_prefix_path.ps1'
[2.980s] INFO:colcon.colcon_core.shell:Creating environment descriptor '/home/toluwani-williams/slam_ws/src/slam_navigation/install/slam_navigation/share/slam_navigation/hook/cmake_prefix_path.dsv'
[2.981s] INFO:colcon.colcon_core.shell:Creating environment hook '/home/toluwani-williams/slam_ws/src/slam_navigation/install/slam_navigation/share/slam_navigation/hook/cmake_prefix_path.sh'
[2.984s] Level 1:colcon.colcon_core.environment:checking '/home/toluwani-williams/slam_ws/src/slam_navigation/install/slam_navigation/bin'
[2.984s] Level 1:colcon.colcon_core.environment:checking '/home/toluwani-williams/slam_ws/src/slam_navigation/install/slam_navigation/lib/pkgconfig/slam_navigation.pc'
[2.984s] Level 1:colcon.colcon_core.environment:checking '/home/toluwani-williams/slam_ws/src/slam_navigation/install/slam_navigation/lib/python3.12/site-packages'
[2.985s] Level 1:colcon.colcon_core.environment:checking '/home/toluwani-williams/slam_ws/src/slam_navigation/install/slam_navigation/bin'
[2.985s] INFO:colcon.colcon_core.shell:Creating package script '/home/toluwani-williams/slam_ws/src/slam_navigation/install/slam_navigation/share/slam_navigation/package.ps1'
[2.987s] INFO:colcon.colcon_core.shell:Creating package descriptor '/home/toluwani-williams/slam_ws/src/slam_navigation/install/slam_navigation/share/slam_navigation/package.dsv'
[2.989s] INFO:colcon.colcon_core.shell:Creating package script '/home/toluwani-williams/slam_ws/src/slam_navigation/install/slam_navigation/share/slam_navigation/package.sh'
[2.991s] INFO:colcon.colcon_core.shell:Creating package script '/home/toluwani-williams/slam_ws/src/slam_navigation/install/slam_navigation/share/slam_navigation/package.bash'
[2.994s] INFO:colcon.colcon_core.shell:Creating package script '/home/toluwani-williams/slam_ws/src/slam_navigation/install/slam_navigation/share/slam_navigation/package.zsh'
[2.996s] Level 1:colcon.colcon_core.environment:create_file_with_runtime_dependencies(/home/toluwani-williams/slam_ws/src/slam_navigation/install/slam_navigation/share/colcon-core/packages/slam_navigation)
[2.998s] Level 1:colcon.colcon_core.environment:create_environment_scripts_only(slam_navigation)
[2.998s] Level 1:colcon.colcon_core.environment:checking '/home/toluwani-williams/slam_ws/src/slam_navigation/install/slam_navigation' for CMake module files
[3.000s] Level 1:colcon.colcon_core.environment:checking '/home/toluwani-williams/slam_ws/src/slam_navigation/install/slam_navigation' for CMake config files
[3.000s] Level 1:colcon.colcon_core.shell:create_environment_hook('slam_navigation', 'cmake_prefix_path')
[3.000s] INFO:colcon.colcon_core.shell:Creating environment hook '/home/toluwani-williams/slam_ws/src/slam_navigation/install/slam_navigation/share/slam_navigation/hook/cmake_prefix_path.ps1'
[3.001s] INFO:colcon.colcon_core.shell:Creating environment descriptor '/home/toluwani-williams/slam_ws/src/slam_navigation/install/slam_navigation/share/slam_navigation/hook/cmake_prefix_path.dsv'
[3.002s] INFO:colcon.colcon_core.shell:Creating environment hook '/home/toluwani-williams/slam_ws/src/slam_navigation/install/slam_navigation/share/slam_navigation/hook/cmake_prefix_path.sh'
[3.004s] Level 1:colcon.colcon_core.environment:checking '/home/toluwani-williams/slam_ws/src/slam_navigation/install/slam_navigation/bin'
[3.004s] Level 1:colcon.colcon_core.environment:checking '/home/toluwani-williams/slam_ws/src/slam_navigation/install/slam_navigation/lib/pkgconfig/slam_navigation.pc'
[3.004s] Level 1:colcon.colcon_core.environment:checking '/home/toluwani-williams/slam_ws/src/slam_navigation/install/slam_navigation/lib/python3.12/site-packages'
[3.005s] Level 1:colcon.colcon_core.environment:checking '/home/toluwani-williams/slam_ws/src/slam_navigation/install/slam_navigation/bin'
[3.005s] INFO:colcon.colcon_core.shell:Creating package script '/home/toluwani-williams/slam_ws/src/slam_navigation/install/slam_navigation/share/slam_navigation/package.ps1'
[3.006s] INFO:colcon.colcon_core.shell:Creating package descriptor '/home/toluwani-williams/slam_ws/src/slam_navigation/install/slam_navigation/share/slam_navigation/package.dsv'
[3.007s] INFO:colcon.colcon_core.shell:Creating package script '/home/toluwani-williams/slam_ws/src/slam_navigation/install/slam_navigation/share/slam_navigation/package.sh'
[3.008s] INFO:colcon.colcon_core.shell:Creating package script '/home/toluwani-williams/slam_ws/src/slam_navigation/install/slam_navigation/share/slam_navigation/package.bash'
[3.008s] INFO:colcon.colcon_core.shell:Creating package script '/home/toluwani-williams/slam_ws/src/slam_navigation/install/slam_navigation/share/slam_navigation/package.zsh'
[3.009s] Level 1:colcon.colcon_core.environment:create_file_with_runtime_dependencies(/home/toluwani-williams/slam_ws/src/slam_navigation/install/slam_navigation/share/colcon-core/packages/slam_navigation)
[3.009s] DEBUG:colcon.colcon_parallel_executor.executor.parallel:closing loop
[3.009s] DEBUG:colcon.colcon_parallel_executor.executor.parallel:loop closed
[3.010s] DEBUG:colcon.colcon_parallel_executor.executor.parallel:run_until_complete finished with '0'
[3.010s] DEBUG:colcon.colcon_core.event_reactor:joining thread
[3.033s] INFO:colcon.colcon_core.plugin_system:Skipping extension 'colcon_notification.desktop_notification.terminal_notifier': Not used on non-Darwin systems
[3.033s] INFO:colcon.colcon_core.plugin_system:Skipping extension 'colcon_notification.desktop_notification.win32': Not used on non-Windows systems
[3.033s] INFO:colcon.colcon_notification.desktop_notification:Sending desktop notification using 'notify2'
[3.075s] DEBUG:colcon.colcon_core.event_reactor:joined thread
[3.075s] INFO:colcon.colcon_core.shell:Creating prefix script '/home/toluwani-williams/slam_ws/src/slam_navigation/install/local_setup.ps1'
[3.078s] INFO:colcon.colcon_core.shell:Creating prefix util module '/home/toluwani-williams/slam_ws/src/slam_navigation/install/_local_setup_util_ps1.py'
[3.080s] INFO:colcon.colcon_core.shell:Creating prefix chain script '/home/toluwani-williams/slam_ws/src/slam_navigation/install/setup.ps1'
[3.083s] INFO:colcon.colcon_core.shell:Creating prefix script '/home/toluwani-williams/slam_ws/src/slam_navigation/install/local_setup.sh'
[3.084s] INFO:colcon.colcon_core.shell:Creating prefix util module '/home/toluwani-williams/slam_ws/src/slam_navigation/install/_local_setup_util_sh.py'
[3.085s] INFO:colcon.colcon_core.shell:Creating prefix chain script '/home/toluwani-williams/slam_ws/src/slam_navigation/install/setup.sh'
[3.088s] INFO:colcon.colcon_core.shell:Creating prefix script '/home/toluwani-williams/slam_ws/src/slam_navigation/install/local_setup.bash'
[3.089s] INFO:colcon.colcon_core.shell:Creating prefix chain script '/home/toluwani-williams/slam_ws/src/slam_navigation/install/setup.bash'
[3.092s] INFO:colcon.colcon_core.shell:Creating prefix script '/home/toluwani-williams/slam_ws/src/slam_navigation/install/local_setup.zsh'
[3.094s] INFO:colcon.colcon_core.shell:Creating prefix chain script '/home/toluwani-williams/slam_ws/src/slam_navigation/install/setup.zsh'
