[0.037s] Invoking command in '/home/toluwani-williams/slam_ws/build/slam_bot_application': CMAKE_PREFIX_PATH=${CMAKE_PREFIX_PATH}:/opt/ros/jazzy DEBUGINFOD_URLS=https://debuginfod.ubuntu.com /usr/bin/cmake /home/toluwani-williams/slam_ws/src/slam_bot_application -DBUILD_TESTING=ON -DCMAKE_INSTALL_PREFIX=/home/toluwani-williams/slam_ws/install/slam_bot_application
[0.205s] -- The C compiler identification is GNU 13.3.0
[0.361s] -- The CXX compiler identification is GNU 13.3.0
[0.411s] -- Detecting C compiler ABI info
[0.620s] -- Detecting C compiler ABI info - done
[0.638s] -- Check for working C compiler: /usr/bin/cc - skipped
[0.639s] -- Detecting C compile features
[0.640s] -- Detecting C compile features - done
[0.659s] -- Detecting CXX compiler ABI info
[0.874s] -- Detecting CXX compiler ABI info - done
[0.897s] -- Check for working CXX compiler: /usr/bin/c++ - skipped
[0.897s] -- Detecting CXX compile features
[0.898s] -- Detecting CXX compile features - done
[0.930s] -- Found ament_cmake: 2.5.4 (/opt/ros/jazzy/share/ament_cmake/cmake)
[1.229s] -- Found Python3: /usr/bin/python3 (found version "3.12.3") found components: Interpreter 
[1.733s] -- Configuring done (1.7s)
[1.740s] -- Generating done (0.0s)
[1.744s] -- Build files have been written to: /home/toluwani-williams/slam_ws/build/slam_bot_application
[1.762s] Invoked command in '/home/toluwani-williams/slam_ws/build/slam_bot_application' returned '0': CMAKE_PREFIX_PATH=${CMAKE_PREFIX_PATH}:/opt/ros/jazzy DEBUGINFOD_URLS=https://debuginfod.ubuntu.com /usr/bin/cmake /home/toluwani-williams/slam_ws/src/slam_bot_application -DBUILD_TESTING=ON -DCMAKE_INSTALL_PREFIX=/home/toluwani-williams/slam_ws/install/slam_bot_application
[1.763s] Invoking command in '/home/toluwani-williams/slam_ws/build/slam_bot_application': CMAKE_PREFIX_PATH=${CMAKE_PREFIX_PATH}:/opt/ros/jazzy DEBUGINFOD_URLS=https://debuginfod.ubuntu.com /usr/bin/cmake --build /home/toluwani-williams/slam_ws/build/slam_bot_application -- -j8 -l8
[1.847s] Invoked command in '/home/toluwani-williams/slam_ws/build/slam_bot_application' returned '0': CMAKE_PREFIX_PATH=${CMAKE_PREFIX_PATH}:/opt/ros/jazzy DEBUGINFOD_URLS=https://debuginfod.ubuntu.com /usr/bin/cmake --build /home/toluwani-williams/slam_ws/build/slam_bot_application -- -j8 -l8
[1.848s] Invoking command in '/home/toluwani-williams/slam_ws/build/slam_bot_application': CMAKE_PREFIX_PATH=${CMAKE_PREFIX_PATH}:/opt/ros/jazzy DEBUGINFOD_URLS=https://debuginfod.ubuntu.com /usr/bin/cmake --install /home/toluwani-williams/slam_ws/build/slam_bot_application
[1.863s] -- Install configuration: ""
[1.863s] -- Installing: /home/toluwani-williams/slam_ws/install/slam_bot_application/share/ament_index/resource_index/package_run_dependencies/slam_bot_application
[1.864s] -- Installing: /home/toluwani-williams/slam_ws/install/slam_bot_application/share/ament_index/resource_index/parent_prefix_path/slam_bot_application
[1.865s] -- Installing: /home/toluwani-williams/slam_ws/install/slam_bot_application/share/slam_bot_application/environment/ament_prefix_path.sh
[1.865s] -- Installing: /home/toluwani-williams/slam_ws/install/slam_bot_application/share/slam_bot_application/environment/ament_prefix_path.dsv
[1.865s] -- Installing: /home/toluwani-williams/slam_ws/install/slam_bot_application/share/slam_bot_application/environment/path.sh
[1.866s] -- Installing: /home/toluwani-williams/slam_ws/install/slam_bot_application/share/slam_bot_application/environment/path.dsv
[1.866s] -- Installing: /home/toluwani-williams/slam_ws/install/slam_bot_application/share/slam_bot_application/local_setup.bash
[1.866s] -- Installing: /home/toluwani-williams/slam_ws/install/slam_bot_application/share/slam_bot_application/local_setup.sh
[1.868s] -- Installing: /home/toluwani-williams/slam_ws/install/slam_bot_application/share/slam_bot_application/local_setup.zsh
[1.868s] -- Installing: /home/toluwani-williams/slam_ws/install/slam_bot_application/share/slam_bot_application/local_setup.dsv
[1.868s] -- Installing: /home/toluwani-williams/slam_ws/install/slam_bot_application/share/slam_bot_application/package.dsv
[1.869s] -- Installing: /home/toluwani-williams/slam_ws/install/slam_bot_application/share/ament_index/resource_index/packages/slam_bot_application
[1.869s] -- Installing: /home/toluwani-williams/slam_ws/install/slam_bot_application/share/slam_bot_application/cmake/slam_bot_applicationConfig.cmake
[1.869s] -- Installing: /home/toluwani-williams/slam_ws/install/slam_bot_application/share/slam_bot_application/cmake/slam_bot_applicationConfig-version.cmake
[1.869s] -- Installing: /home/toluwani-williams/slam_ws/install/slam_bot_application/share/slam_bot_application/package.xml
[1.873s] Invoked command in '/home/toluwani-williams/slam_ws/build/slam_bot_application' returned '0': CMAKE_PREFIX_PATH=${CMAKE_PREFIX_PATH}:/opt/ros/jazzy DEBUGINFOD_URLS=https://debuginfod.ubuntu.com /usr/bin/cmake --install /home/toluwani-williams/slam_ws/build/slam_bot_application
