[0.026s] Invoking command in '/home/toluwani-williams/slam_ws/build/ros_gz_example_description': CMAKE_PREFIX_PATH=${CMAKE_PREFIX_PATH}:/opt/ros/jazzy DEBUGINFOD_URLS=https://debuginfod.ubuntu.com /usr/bin/cmake /home/toluwani-williams/slam_ws/src/ros_gz_project_template/ros_gz_example_description -DBUILD_TESTING=ON -DCMAKE_INSTALL_PREFIX=/home/toluwani-williams/slam_ws/install/ros_gz_example_description
[0.292s] -- The C compiler identification is GNU 13.3.0
[0.508s] -- The CXX compiler identification is GNU 13.3.0
[0.546s] -- Detecting C compiler ABI info
[0.704s] -- Detecting C compiler ABI info - done
[0.723s] -- Check for working C compiler: /usr/bin/cc - skipped
[0.724s] -- Detecting C compile features
[0.725s] -- Detecting C compile features - done
[0.747s] -- Detecting CXX compiler ABI info
[0.941s] -- Detecting CXX compiler ABI info - done
[0.973s] -- Check for working CXX compiler: /usr/bin/c++ - skipped
[0.974s] -- Detecting CXX compile features
[0.976s] -- Detecting CXX compile features - done
[0.988s] -- Found ament_cmake: 2.5.4 (/opt/ros/jazzy/share/ament_cmake/cmake)
[1.225s] -- Found Python3: /usr/bin/python3 (found version "3.12.3") found components: Interpreter 
[1.469s] -- Found ament_lint_auto: 0.17.2 (/opt/ros/jazzy/share/ament_lint_auto/cmake)
[1.632s] -- Configuring done (1.6s)
[1.637s] -- Generating done (0.0s)
[1.640s] -- Build files have been written to: /home/toluwani-williams/slam_ws/build/ros_gz_example_description
[1.648s] Invoked command in '/home/toluwani-williams/slam_ws/build/ros_gz_example_description' returned '0': CMAKE_PREFIX_PATH=${CMAKE_PREFIX_PATH}:/opt/ros/jazzy DEBUGINFOD_URLS=https://debuginfod.ubuntu.com /usr/bin/cmake /home/toluwani-williams/slam_ws/src/ros_gz_project_template/ros_gz_example_description -DBUILD_TESTING=ON -DCMAKE_INSTALL_PREFIX=/home/toluwani-williams/slam_ws/install/ros_gz_example_description
[1.650s] Invoking command in '/home/toluwani-williams/slam_ws/build/ros_gz_example_description': CMAKE_PREFIX_PATH=${CMAKE_PREFIX_PATH}:/opt/ros/jazzy DEBUGINFOD_URLS=https://debuginfod.ubuntu.com /usr/bin/cmake --build /home/toluwani-williams/slam_ws/build/ros_gz_example_description -- -j8 -l8
[1.740s] Invoked command in '/home/toluwani-williams/slam_ws/build/ros_gz_example_description' returned '0': CMAKE_PREFIX_PATH=${CMAKE_PREFIX_PATH}:/opt/ros/jazzy DEBUGINFOD_URLS=https://debuginfod.ubuntu.com /usr/bin/cmake --build /home/toluwani-williams/slam_ws/build/ros_gz_example_description -- -j8 -l8
[1.743s] Invoking command in '/home/toluwani-williams/slam_ws/build/ros_gz_example_description': CMAKE_PREFIX_PATH=${CMAKE_PREFIX_PATH}:/opt/ros/jazzy DEBUGINFOD_URLS=https://debuginfod.ubuntu.com /usr/bin/cmake --install /home/toluwani-williams/slam_ws/build/ros_gz_example_description
[1.767s] -- Install configuration: ""
[1.768s] -- Installing: /home/toluwani-williams/slam_ws/install/ros_gz_example_description/share/ros_gz_example_description/models
[1.769s] -- Installing: /home/toluwani-williams/slam_ws/install/ros_gz_example_description/share/ros_gz_example_description/models/diff_drive
[1.769s] -- Installing: /home/toluwani-williams/slam_ws/install/ros_gz_example_description/share/ros_gz_example_description/models/diff_drive/model.sdf
[1.772s] -- Installing: /home/toluwani-williams/slam_ws/install/ros_gz_example_description/share/ros_gz_example_description/models/diff_drive/model.config
[1.773s] -- Installing: /home/toluwani-williams/slam_ws/install/ros_gz_example_description/share/ros_gz_example_description/models/rrbot
[1.773s] -- Installing: /home/toluwani-williams/slam_ws/install/ros_gz_example_description/share/ros_gz_example_description/models/rrbot/model.sdf
[1.774s] -- Installing: /home/toluwani-williams/slam_ws/install/ros_gz_example_description/share/ros_gz_example_description/environment/ros_gz_example_description.dsv
[1.774s] -- Installing: /home/toluwani-williams/slam_ws/install/ros_gz_example_description/share/ros_gz_example_description/environment/ros_gz_example_description.sh
[1.774s] -- Installing: /home/toluwani-williams/slam_ws/install/ros_gz_example_description/share/ament_index/resource_index/package_run_dependencies/ros_gz_example_description
[1.775s] -- Installing: /home/toluwani-williams/slam_ws/install/ros_gz_example_description/share/ament_index/resource_index/parent_prefix_path/ros_gz_example_description
[1.775s] -- Installing: /home/toluwani-williams/slam_ws/install/ros_gz_example_description/share/ros_gz_example_description/environment/ament_prefix_path.sh
[1.776s] -- Installing: /home/toluwani-williams/slam_ws/install/ros_gz_example_description/share/ros_gz_example_description/environment/ament_prefix_path.dsv
[1.776s] -- Installing: /home/toluwani-williams/slam_ws/install/ros_gz_example_description/share/ros_gz_example_description/environment/path.sh
[1.776s] -- Installing: /home/toluwani-williams/slam_ws/install/ros_gz_example_description/share/ros_gz_example_description/environment/path.dsv
[1.776s] -- Installing: /home/toluwani-williams/slam_ws/install/ros_gz_example_description/share/ros_gz_example_description/local_setup.bash
[1.777s] -- Installing: /home/toluwani-williams/slam_ws/install/ros_gz_example_description/share/ros_gz_example_description/local_setup.sh
[1.777s] -- Installing: /home/toluwani-williams/slam_ws/install/ros_gz_example_description/share/ros_gz_example_description/local_setup.zsh
[1.777s] -- Installing: /home/toluwani-williams/slam_ws/install/ros_gz_example_description/share/ros_gz_example_description/local_setup.dsv
[1.777s] -- Installing: /home/toluwani-williams/slam_ws/install/ros_gz_example_description/share/ros_gz_example_description/package.dsv
[1.777s] -- Installing: /home/toluwani-williams/slam_ws/install/ros_gz_example_description/share/ament_index/resource_index/packages/ros_gz_example_description
[1.778s] -- Installing: /home/toluwani-williams/slam_ws/install/ros_gz_example_description/share/ros_gz_example_description/cmake/ros_gz_example_descriptionConfig.cmake
[1.778s] -- Installing: /home/toluwani-williams/slam_ws/install/ros_gz_example_description/share/ros_gz_example_description/cmake/ros_gz_example_descriptionConfig-version.cmake
[1.778s] -- Installing: /home/toluwani-williams/slam_ws/install/ros_gz_example_description/share/ros_gz_example_description/package.xml
[1.800s] Invoked command in '/home/toluwani-williams/slam_ws/build/ros_gz_example_description' returned '0': CMAKE_PREFIX_PATH=${CMAKE_PREFIX_PATH}:/opt/ros/jazzy DEBUGINFOD_URLS=https://debuginfod.ubuntu.com /usr/bin/cmake --install /home/toluwani-williams/slam_ws/build/ros_gz_example_description
