-- The C compiler identification is GNU 13.3.0
-- The CXX compiler identification is GNU 13.3.0
-- Detecting C compiler ABI info
-- Detecting C compiler ABI info - done
-- Check for working C compiler: /usr/bin/cc - skipped
-- Detecting C compile features
-- Detecting C compile features - done
-- Detecting CXX compiler ABI info
-- Detecting CXX compiler ABI info - done
-- Check for working CXX compiler: /usr/bin/c++ - skipped
-- Detecting CXX compile features
-- Detecting CXX compile features - done
-- Found ament_cmake: 2.5.4 (/opt/ros/jazzy/share/ament_cmake/cmake)
-- Found Python3: /usr/bin/python3 (found version "3.12.3") found components: Interpreter 
-- Found ros_gz_example_description: 0.0.0 (/home/toluwani-williams/slam_ws/install/ros_gz_example_description/share/ros_gz_example_description/cmake)
-- Looking for gz-plugin2 -- found version 2.0.4
-- Searching for dependencies of gz-plugin2
-- Looking for gz-utils2 -- found version 2.2.1
-- Searching for dependencies of gz-utils2
-- Searching for <gz-utils2> component [cli]
-- Looking for gz-utils2-cli -- found version 2.2.1
-- Searching for dependencies of gz-utils2-cli
-- Searching for <gz-plugin2> component [register]
-- Looking for gz-plugin2-register -- found version 2.0.4
-- Searching for dependencies of gz-plugin2-register
-- Looking for gz-common5 -- found version 5.7.1
-- Searching for dependencies of gz-common5
-- Looking for gz-utils2 -- found version 2.2.1
-- Looking for dlfcn.h - found
-- Looking for libdl - found
-- Found DL: TRUE  
-- Checking for module 'uuid'
--   Found uuid, version 2.39.3
-- Found UUID: TRUE  
-- Searching for <gz-common5> component [profiler]
-- Looking for gz-common5-profiler -- found version 5.7.1
-- Searching for dependencies of gz-common5-profiler
-- Configuring incomplete, errors occurred!
