[0.014s] Invoking command in '/home/toluwani-williams/slam_ws/build/ros_gz_example_gazebo': AMENT_PREFIX_PATH=/home/toluwani-williams/slam_ws/install/ros_gz_example_description:${AMENT_PREFIX_PATH} CMAKE_PREFIX_PATH=/home/toluwani-williams/slam_ws/install/ros_gz_example_description:/opt/ros/jazzy/opt/gz_launch_vendor:/opt/ros/jazzy/opt/gz_sim_vendor:/opt/ros/jazzy/opt/gz_sensors_vendor:/opt/ros/jazzy/opt/gz_physics_vendor:/opt/ros/jazzy/opt/sdformat_vendor:/opt/ros/jazzy/opt/gz_gui_vendor:/opt/ros/jazzy/opt/gz_transport_vendor:/opt/ros/jazzy/opt/gz_rendering_vendor:/opt/ros/jazzy/opt/gz_plugin_vendor:/opt/ros/jazzy/opt/gz_fuel_tools_vendor:/opt/ros/jazzy/opt/gz_msgs_vendor:/opt/ros/jazzy/opt/gz_common_vendor:/opt/ros/jazzy/opt/gz_math_vendor:/opt/ros/jazzy/opt/gz_utils_vendor:/opt/ros/jazzy/opt/gz_tools_vendor:/opt/ros/jazzy/opt/gz_ogre_next_vendor:/opt/ros/jazzy/opt/gz_dartsim_vendor:/opt/ros/jazzy/opt/gz_cmake_vendor:/opt/ros/jazzy DEBUGINFOD_URLS=https://debuginfod.ubuntu.com GZ_SIM_RESOURCE_PATH=/home/toluwani-williams/slam_ws/install/ros_gz_example_description/share/ros_gz_example_description/models /usr/bin/cmake /home/toluwani-williams/slam_ws/src/ros_gz_project_template/ros_gz_example_gazebo -DBUILD_TESTING=ON -DCMAKE_INSTALL_PREFIX=/home/toluwani-williams/slam_ws/install/ros_gz_example_gazebo
[0.123s] -- The C compiler identification is GNU 13.3.0
[0.234s] -- The CXX compiler identification is GNU 13.3.0
[0.274s] -- Detecting C compiler ABI info
[0.476s] -- Detecting C compiler ABI info - done
[0.491s] -- Check for working C compiler: /usr/bin/cc - skipped
[0.491s] -- Detecting C compile features
[0.492s] -- Detecting C compile features - done
[0.510s] -- Detecting CXX compiler ABI info
[0.709s] -- Detecting CXX compiler ABI info - done
[0.736s] -- Check for working CXX compiler: /usr/bin/c++ - skipped
[0.737s] -- Detecting CXX compile features
[0.738s] -- Detecting CXX compile features - done
[0.750s] -- Found ament_cmake: 2.5.4 (/opt/ros/jazzy/share/ament_cmake/cmake)
[0.980s] -- Found Python3: /usr/bin/python3 (found version "3.12.3") found components: Interpreter 
[1.173s] -- Found ros_gz_example_description: 0.0.0 (/home/toluwani-williams/slam_ws/install/ros_gz_example_description/share/ros_gz_example_description/cmake)
[1.199s] -- Looking for gz-plugin2 -- found version 2.0.4
[1.200s] -- Searching for dependencies of gz-plugin2
[1.205s] -- Looking for gz-utils2 -- found version 2.2.1
[1.205s] -- Searching for dependencies of gz-utils2
[1.207s] -- Searching for <gz-utils2> component [cli]
[1.211s] -- Looking for gz-utils2-cli -- found version 2.2.1
[1.211s] -- Searching for dependencies of gz-utils2-cli
[1.215s] -- Searching for <gz-plugin2> component [register]
[1.218s] -- Looking for gz-plugin2-register -- found version 2.0.4
[1.219s] -- Searching for dependencies of gz-plugin2-register
[1.225s] -- Looking for gz-common5 -- found version 5.7.1
[1.226s] -- Searching for dependencies of gz-common5
[1.226s] -- Looking for gz-utils2 -- found version 2.2.1
[1.230s] -- Looking for dlfcn.h - found
[1.242s] -- Looking for libdl - found
[1.243s] -- Found DL: TRUE  
[1.256s] -- Checking for module 'uuid'
[1.295s] --   Found uuid, version 2.39.3
[1.395s] -- Found UUID: TRUE  
[1.398s] -- Searching for <gz-common5> component [profiler]
[1.405s] -- Looking for gz-common5-profiler -- found version 5.7.1
[1.406s] -- Searching for dependencies of gz-common5-profiler
[1.437s] [31mCMake Error at CMakeLists.txt:26 (find_package):
[1.438s]   By not providing "Findgz-sim7.cmake" in CMAKE_MODULE_PATH this project has
[1.438s]   asked CMake to find a package configuration file provided by "gz-sim7", but
[1.438s]   CMake did not find one.
[1.438s] 
[1.438s]   Could not find a package configuration file provided by "gz-sim7" with any
[1.439s]   of the following names:
[1.439s] 
[1.439s]     gz-sim7Config.cmake
[1.439s]     gz-sim7-config.cmake
[1.439s] 
[1.439s]   Add the installation prefix of "gz-sim7" to CMAKE_PREFIX_PATH or set
[1.440s]   "gz-sim7_DIR" to a directory containing one of the above files.  If
[1.440s]   "gz-sim7" provides a separate development package or SDK, be sure it has
[1.440s]   been installed.
[1.440s] 
[1.440s] [0m
[1.441s] -- Configuring incomplete, errors occurred!
[1.450s] Invoked command in '/home/toluwani-williams/slam_ws/build/ros_gz_example_gazebo' returned '1': AMENT_PREFIX_PATH=/home/toluwani-williams/slam_ws/install/ros_gz_example_description:${AMENT_PREFIX_PATH} CMAKE_PREFIX_PATH=/home/toluwani-williams/slam_ws/install/ros_gz_example_description:/opt/ros/jazzy/opt/gz_launch_vendor:/opt/ros/jazzy/opt/gz_sim_vendor:/opt/ros/jazzy/opt/gz_sensors_vendor:/opt/ros/jazzy/opt/gz_physics_vendor:/opt/ros/jazzy/opt/sdformat_vendor:/opt/ros/jazzy/opt/gz_gui_vendor:/opt/ros/jazzy/opt/gz_transport_vendor:/opt/ros/jazzy/opt/gz_rendering_vendor:/opt/ros/jazzy/opt/gz_plugin_vendor:/opt/ros/jazzy/opt/gz_fuel_tools_vendor:/opt/ros/jazzy/opt/gz_msgs_vendor:/opt/ros/jazzy/opt/gz_common_vendor:/opt/ros/jazzy/opt/gz_math_vendor:/opt/ros/jazzy/opt/gz_utils_vendor:/opt/ros/jazzy/opt/gz_tools_vendor:/opt/ros/jazzy/opt/gz_ogre_next_vendor:/opt/ros/jazzy/opt/gz_dartsim_vendor:/opt/ros/jazzy/opt/gz_cmake_vendor:/opt/ros/jazzy DEBUGINFOD_URLS=https://debuginfod.ubuntu.com GZ_SIM_RESOURCE_PATH=/home/toluwani-williams/slam_ws/install/ros_gz_example_description/share/ros_gz_example_description/models /usr/bin/cmake /home/toluwani-williams/slam_ws/src/ros_gz_project_template/ros_gz_example_gazebo -DBUILD_TESTING=ON -DCMAKE_INSTALL_PREFIX=/home/toluwani-williams/slam_ws/install/ros_gz_example_gazebo
