[0.085s] Invoking command in '/home/toluwani-williams/slam_ws/build/slam_bot_gazebo': AMENT_PREFIX_PATH=/home/toluwani-williams/slam_ws/install/slam_bot_description:${AMENT_PREFIX_PATH} CMAKE_PREFIX_PATH=/home/toluwani-williams/slam_ws/install/slam_bot_description:/home/toluwani-williams/slam_ws/install/ros_gz_example_bringup:/home/toluwani-williams/slam_ws/install/ros_gz_example_gazebo:/home/toluwani-williams/slam_ws/install/ros_gz_example_description:/home/toluwani-williams/slam_ws/install/ros_gz_example_application:/opt/ros/jazzy/opt/gz_launch_vendor:/opt/ros/jazzy/opt/gz_sim_vendor:/opt/ros/jazzy/opt/gz_sensors_vendor:/opt/ros/jazzy/opt/gz_physics_vendor:/opt/ros/jazzy/opt/sdformat_vendor:/opt/ros/jazzy/opt/gz_gui_vendor:/opt/ros/jazzy/opt/gz_transport_vendor:/opt/ros/jazzy/opt/gz_rendering_vendor:/opt/ros/jazzy/opt/gz_plugin_vendor:/opt/ros/jazzy/opt/gz_fuel_tools_vendor:/opt/ros/jazzy/opt/gz_msgs_vendor:/opt/ros/jazzy/opt/gz_common_vendor:/opt/ros/jazzy/opt/gz_math_vendor:/opt/ros/jazzy/opt/gz_utils_vendor:/opt/ros/jazzy/opt/gz_tools_vendor:/opt/ros/jazzy/opt/gz_ogre_next_vendor:/opt/ros/jazzy/opt/gz_dartsim_vendor:/opt/ros/jazzy/opt/gz_cmake_vendor:/opt/ros/jazzy DEBUGINFOD_URLS=https://debuginfod.ubuntu.com GZ_SIM_RESOURCE_PATH=/home/toluwani-williams/slam_ws/install/slam_bot_description/share/slam_bot_description/models:${GZ_SIM_RESOURCE_PATH} /usr/bin/cmake --build /home/toluwani-williams/slam_ws/build/slam_bot_gazebo -- -j8 -l8
[0.245s] [ 25%] [32mBuilding CXX object CMakeFiles/FullSystem.dir/src/FullSystem.cc.o[0m
[0.251s] [ 50%] [32mBuilding CXX object CMakeFiles/BasicSystem.dir/src/BasicSystem.cc.o[0m
[3.370s] [ 75%] [32m[1mLinking CXX shared library libBasicSystem.so[0m
[3.558s] [100%] [32m[1mLinking CXX shared library libFullSystem.so[0m
[3.906s] [100%] Built target BasicSystem
[4.059s] [100%] Built target FullSystem
[4.094s] Invoked command in '/home/toluwani-williams/slam_ws/build/slam_bot_gazebo' returned '0': AMENT_PREFIX_PATH=/home/toluwani-williams/slam_ws/install/slam_bot_description:${AMENT_PREFIX_PATH} CMAKE_PREFIX_PATH=/home/toluwani-williams/slam_ws/install/slam_bot_description:/home/toluwani-williams/slam_ws/install/ros_gz_example_bringup:/home/toluwani-williams/slam_ws/install/ros_gz_example_gazebo:/home/toluwani-williams/slam_ws/install/ros_gz_example_description:/home/toluwani-williams/slam_ws/install/ros_gz_example_application:/opt/ros/jazzy/opt/gz_launch_vendor:/opt/ros/jazzy/opt/gz_sim_vendor:/opt/ros/jazzy/opt/gz_sensors_vendor:/opt/ros/jazzy/opt/gz_physics_vendor:/opt/ros/jazzy/opt/sdformat_vendor:/opt/ros/jazzy/opt/gz_gui_vendor:/opt/ros/jazzy/opt/gz_transport_vendor:/opt/ros/jazzy/opt/gz_rendering_vendor:/opt/ros/jazzy/opt/gz_plugin_vendor:/opt/ros/jazzy/opt/gz_fuel_tools_vendor:/opt/ros/jazzy/opt/gz_msgs_vendor:/opt/ros/jazzy/opt/gz_common_vendor:/opt/ros/jazzy/opt/gz_math_vendor:/opt/ros/jazzy/opt/gz_utils_vendor:/opt/ros/jazzy/opt/gz_tools_vendor:/opt/ros/jazzy/opt/gz_ogre_next_vendor:/opt/ros/jazzy/opt/gz_dartsim_vendor:/opt/ros/jazzy/opt/gz_cmake_vendor:/opt/ros/jazzy DEBUGINFOD_URLS=https://debuginfod.ubuntu.com GZ_SIM_RESOURCE_PATH=/home/toluwani-williams/slam_ws/install/slam_bot_description/share/slam_bot_description/models:${GZ_SIM_RESOURCE_PATH} /usr/bin/cmake --build /home/toluwani-williams/slam_ws/build/slam_bot_gazebo -- -j8 -l8
[4.098s] Invoking command in '/home/toluwani-williams/slam_ws/build/slam_bot_gazebo': AMENT_PREFIX_PATH=/home/toluwani-williams/slam_ws/install/slam_bot_description:${AMENT_PREFIX_PATH} CMAKE_PREFIX_PATH=/home/toluwani-williams/slam_ws/install/slam_bot_description:/home/toluwani-williams/slam_ws/install/ros_gz_example_bringup:/home/toluwani-williams/slam_ws/install/ros_gz_example_gazebo:/home/toluwani-williams/slam_ws/install/ros_gz_example_description:/home/toluwani-williams/slam_ws/install/ros_gz_example_application:/opt/ros/jazzy/opt/gz_launch_vendor:/opt/ros/jazzy/opt/gz_sim_vendor:/opt/ros/jazzy/opt/gz_sensors_vendor:/opt/ros/jazzy/opt/gz_physics_vendor:/opt/ros/jazzy/opt/sdformat_vendor:/opt/ros/jazzy/opt/gz_gui_vendor:/opt/ros/jazzy/opt/gz_transport_vendor:/opt/ros/jazzy/opt/gz_rendering_vendor:/opt/ros/jazzy/opt/gz_plugin_vendor:/opt/ros/jazzy/opt/gz_fuel_tools_vendor:/opt/ros/jazzy/opt/gz_msgs_vendor:/opt/ros/jazzy/opt/gz_common_vendor:/opt/ros/jazzy/opt/gz_math_vendor:/opt/ros/jazzy/opt/gz_utils_vendor:/opt/ros/jazzy/opt/gz_tools_vendor:/opt/ros/jazzy/opt/gz_ogre_next_vendor:/opt/ros/jazzy/opt/gz_dartsim_vendor:/opt/ros/jazzy/opt/gz_cmake_vendor:/opt/ros/jazzy DEBUGINFOD_URLS=https://debuginfod.ubuntu.com GZ_SIM_RESOURCE_PATH=/home/toluwani-williams/slam_ws/install/slam_bot_description/share/slam_bot_description/models:${GZ_SIM_RESOURCE_PATH} /usr/bin/cmake --install /home/toluwani-williams/slam_ws/build/slam_bot_gazebo
[4.117s] -- Install configuration: ""
[4.117s] -- Installing: /home/toluwani-williams/slam_ws/install/slam_bot_gazebo/lib/slam_bot_gazebo/libBasicSystem.so
[4.118s] -- Set non-toolchain portion of runtime path of "/home/toluwani-williams/slam_ws/install/slam_bot_gazebo/lib/slam_bot_gazebo/libBasicSystem.so" to ""
[4.118s] -- Installing: /home/toluwani-williams/slam_ws/install/slam_bot_gazebo/lib/slam_bot_gazebo/libFullSystem.so
[4.120s] -- Set non-toolchain portion of runtime path of "/home/toluwani-williams/slam_ws/install/slam_bot_gazebo/lib/slam_bot_gazebo/libFullSystem.so" to ""
[4.120s] -- Installing: /home/toluwani-williams/slam_ws/install/slam_bot_gazebo/share/slam_bot_gazebo/worlds
[4.120s] -- Installing: /home/toluwani-williams/slam_ws/install/slam_bot_gazebo/share/slam_bot_gazebo/worlds/diff_drive.sdf
[4.121s] -- Installing: /home/toluwani-williams/slam_ws/install/slam_bot_gazebo/share/slam_bot_gazebo/environment/slam_bot_gazebo.dsv
[4.122s] -- Installing: /home/toluwani-williams/slam_ws/install/slam_bot_gazebo/share/slam_bot_gazebo/environment/slam_bot_gazebo.sh
[4.122s] -- Installing: /home/toluwani-williams/slam_ws/install/slam_bot_gazebo/share/ament_index/resource_index/package_run_dependencies/slam_bot_gazebo
[4.123s] -- Installing: /home/toluwani-williams/slam_ws/install/slam_bot_gazebo/share/ament_index/resource_index/parent_prefix_path/slam_bot_gazebo
[4.124s] -- Installing: /home/toluwani-williams/slam_ws/install/slam_bot_gazebo/share/slam_bot_gazebo/environment/ament_prefix_path.sh
[4.124s] -- Installing: /home/toluwani-williams/slam_ws/install/slam_bot_gazebo/share/slam_bot_gazebo/environment/ament_prefix_path.dsv
[4.124s] -- Installing: /home/toluwani-williams/slam_ws/install/slam_bot_gazebo/share/slam_bot_gazebo/environment/path.sh
[4.125s] -- Installing: /home/toluwani-williams/slam_ws/install/slam_bot_gazebo/share/slam_bot_gazebo/environment/path.dsv
[4.125s] -- Installing: /home/toluwani-williams/slam_ws/install/slam_bot_gazebo/share/slam_bot_gazebo/local_setup.bash
[4.125s] -- Installing: /home/toluwani-williams/slam_ws/install/slam_bot_gazebo/share/slam_bot_gazebo/local_setup.sh
[4.126s] -- Installing: /home/toluwani-williams/slam_ws/install/slam_bot_gazebo/share/slam_bot_gazebo/local_setup.zsh
[4.126s] -- Installing: /home/toluwani-williams/slam_ws/install/slam_bot_gazebo/share/slam_bot_gazebo/local_setup.dsv
[4.127s] -- Up-to-date: /home/toluwani-williams/slam_ws/install/slam_bot_gazebo/share/slam_bot_gazebo/package.dsv
[4.127s] -- Installing: /home/toluwani-williams/slam_ws/install/slam_bot_gazebo/share/ament_index/resource_index/packages/slam_bot_gazebo
[4.128s] -- Installing: /home/toluwani-williams/slam_ws/install/slam_bot_gazebo/share/slam_bot_gazebo/cmake/slam_bot_gazeboConfig.cmake
[4.128s] -- Installing: /home/toluwani-williams/slam_ws/install/slam_bot_gazebo/share/slam_bot_gazebo/cmake/slam_bot_gazeboConfig-version.cmake
[4.129s] -- Installing: /home/toluwani-williams/slam_ws/install/slam_bot_gazebo/share/slam_bot_gazebo/package.xml
[4.134s] Invoked command in '/home/toluwani-williams/slam_ws/build/slam_bot_gazebo' returned '0': AMENT_PREFIX_PATH=/home/toluwani-williams/slam_ws/install/slam_bot_description:${AMENT_PREFIX_PATH} CMAKE_PREFIX_PATH=/home/toluwani-williams/slam_ws/install/slam_bot_description:/home/toluwani-williams/slam_ws/install/ros_gz_example_bringup:/home/toluwani-williams/slam_ws/install/ros_gz_example_gazebo:/home/toluwani-williams/slam_ws/install/ros_gz_example_description:/home/toluwani-williams/slam_ws/install/ros_gz_example_application:/opt/ros/jazzy/opt/gz_launch_vendor:/opt/ros/jazzy/opt/gz_sim_vendor:/opt/ros/jazzy/opt/gz_sensors_vendor:/opt/ros/jazzy/opt/gz_physics_vendor:/opt/ros/jazzy/opt/sdformat_vendor:/opt/ros/jazzy/opt/gz_gui_vendor:/opt/ros/jazzy/opt/gz_transport_vendor:/opt/ros/jazzy/opt/gz_rendering_vendor:/opt/ros/jazzy/opt/gz_plugin_vendor:/opt/ros/jazzy/opt/gz_fuel_tools_vendor:/opt/ros/jazzy/opt/gz_msgs_vendor:/opt/ros/jazzy/opt/gz_common_vendor:/opt/ros/jazzy/opt/gz_math_vendor:/opt/ros/jazzy/opt/gz_utils_vendor:/opt/ros/jazzy/opt/gz_tools_vendor:/opt/ros/jazzy/opt/gz_ogre_next_vendor:/opt/ros/jazzy/opt/gz_dartsim_vendor:/opt/ros/jazzy/opt/gz_cmake_vendor:/opt/ros/jazzy DEBUGINFOD_URLS=https://debuginfod.ubuntu.com GZ_SIM_RESOURCE_PATH=/home/toluwani-williams/slam_ws/install/slam_bot_description/share/slam_bot_description/models:${GZ_SIM_RESOURCE_PATH} /usr/bin/cmake --install /home/toluwani-williams/slam_ws/build/slam_bot_gazebo
