[ 50%] Built target BasicSystem
[100%] Built target FullSystem
-- Install configuration: ""
-- Up-to-date: /home/toluwani-williams/slam_ws/install/slam_bot_gazebo/lib/slam_bot_gazebo/libBasicSystem.so
-- Up-to-date: /home/toluwani-williams/slam_ws/install/slam_bot_gazebo/lib/slam_bot_gazebo/libFullSystem.so
-- Up-to-date: /home/toluwani-williams/slam_ws/install/slam_bot_gazebo/share/slam_bot_gazebo/worlds
-- Up-to-date: /home/toluwani-williams/slam_ws/install/slam_bot_gazebo/share/slam_bot_gazebo/worlds/diff_drive.sdf
-- Up-to-date: /home/toluwani-williams/slam_ws/install/slam_bot_gazebo/share/slam_bot_gazebo/environment/slam_bot_gazebo.dsv
-- Up-to-date: /home/toluwani-williams/slam_ws/install/slam_bot_gazebo/share/slam_bot_gazebo/environment/slam_bot_gazebo.sh
-- Up-to-date: /home/toluwani-williams/slam_ws/install/slam_bot_gazebo/share/ament_index/resource_index/package_run_dependencies/slam_bot_gazebo
-- Up-to-date: /home/toluwani-williams/slam_ws/install/slam_bot_gazebo/share/ament_index/resource_index/parent_prefix_path/slam_bot_gazebo
-- Up-to-date: /home/toluwani-williams/slam_ws/install/slam_bot_gazebo/share/slam_bot_gazebo/environment/ament_prefix_path.sh
-- Up-to-date: /home/toluwani-williams/slam_ws/install/slam_bot_gazebo/share/slam_bot_gazebo/environment/ament_prefix_path.dsv
-- Up-to-date: /home/toluwani-williams/slam_ws/install/slam_bot_gazebo/share/slam_bot_gazebo/environment/path.sh
-- Up-to-date: /home/toluwani-williams/slam_ws/install/slam_bot_gazebo/share/slam_bot_gazebo/environment/path.dsv
-- Up-to-date: /home/toluwani-williams/slam_ws/install/slam_bot_gazebo/share/slam_bot_gazebo/local_setup.bash
-- Up-to-date: /home/toluwani-williams/slam_ws/install/slam_bot_gazebo/share/slam_bot_gazebo/local_setup.sh
-- Up-to-date: /home/toluwani-williams/slam_ws/install/slam_bot_gazebo/share/slam_bot_gazebo/local_setup.zsh
-- Up-to-date: /home/toluwani-williams/slam_ws/install/slam_bot_gazebo/share/slam_bot_gazebo/local_setup.dsv
-- Installing: /home/toluwani-williams/slam_ws/install/slam_bot_gazebo/share/slam_bot_gazebo/package.dsv
-- Up-to-date: /home/toluwani-williams/slam_ws/install/slam_bot_gazebo/share/ament_index/resource_index/packages/slam_bot_gazebo
-- Up-to-date: /home/toluwani-williams/slam_ws/install/slam_bot_gazebo/share/slam_bot_gazebo/cmake/slam_bot_gazeboConfig.cmake
-- Up-to-date: /home/toluwani-williams/slam_ws/install/slam_bot_gazebo/share/slam_bot_gazebo/cmake/slam_bot_gazeboConfig-version.cmake
-- Up-to-date: /home/toluwani-williams/slam_ws/install/slam_bot_gazebo/share/slam_bot_gazebo/package.xml
