[0.047s] Invoking command in '/home/toluwani-williams/slam_ws/build/slam_bot_description': CMAKE_PREFIX_PATH=${CMAKE_PREFIX_PATH}:/opt/ros/jazzy DEBUGINFOD_URLS=https://debuginfod.ubuntu.com /usr/bin/cmake /home/toluwani-williams/slam_ws/src/slam_bot_description -DCMAKE_INSTALL_PREFIX=/home/toluwani-williams/slam_ws/install/slam_bot_description
[0.128s] -- Found ament_cmake: 2.5.4 (/opt/ros/jazzy/share/ament_cmake/cmake)
[0.688s] -- Found ament_lint_auto: 0.17.2 (/opt/ros/jazzy/share/ament_lint_auto/cmake)
[0.904s] -- Configuring done (0.8s)
[0.917s] -- Generating done (0.0s)
[0.923s] -- Build files have been written to: /home/toluwani-williams/slam_ws/build/slam_bot_description
[0.929s] Invoked command in '/home/toluwani-williams/slam_ws/build/slam_bot_description' returned '0': CMAKE_PREFIX_PATH=${CMAKE_PREFIX_PATH}:/opt/ros/jazzy DEBUGINFOD_URLS=https://debuginfod.ubuntu.com /usr/bin/cmake /home/toluwani-williams/slam_ws/src/slam_bot_description -DCMAKE_INSTALL_PREFIX=/home/toluwani-williams/slam_ws/install/slam_bot_description
[0.931s] Invoking command in '/home/toluwani-williams/slam_ws/build/slam_bot_description': CMAKE_PREFIX_PATH=${CMAKE_PREFIX_PATH}:/opt/ros/jazzy DEBUGINFOD_URLS=https://debuginfod.ubuntu.com /usr/bin/cmake --build /home/toluwani-williams/slam_ws/build/slam_bot_description -- -j8 -l8
[1.016s] Invoked command in '/home/toluwani-williams/slam_ws/build/slam_bot_description' returned '0': CMAKE_PREFIX_PATH=${CMAKE_PREFIX_PATH}:/opt/ros/jazzy DEBUGINFOD_URLS=https://debuginfod.ubuntu.com /usr/bin/cmake --build /home/toluwani-williams/slam_ws/build/slam_bot_description -- -j8 -l8
[1.040s] Invoking command in '/home/toluwani-williams/slam_ws/build/slam_bot_description': CMAKE_PREFIX_PATH=${CMAKE_PREFIX_PATH}:/opt/ros/jazzy DEBUGINFOD_URLS=https://debuginfod.ubuntu.com /usr/bin/cmake --install /home/toluwani-williams/slam_ws/build/slam_bot_description
[1.057s] -- Install configuration: ""
[1.058s] -- Up-to-date: /home/toluwani-williams/slam_ws/install/slam_bot_description/share/slam_bot_description/models
[1.058s] -- Up-to-date: /home/toluwani-williams/slam_ws/install/slam_bot_description/share/slam_bot_description/models/diff_drive
[1.059s] -- Up-to-date: /home/toluwani-williams/slam_ws/install/slam_bot_description/share/slam_bot_description/models/diff_drive/model.sdf
[1.059s] -- Up-to-date: /home/toluwani-williams/slam_ws/install/slam_bot_description/share/slam_bot_description/models/diff_drive/model.config
[1.059s] -- Up-to-date: /home/toluwani-williams/slam_ws/install/slam_bot_description/share/slam_bot_description/models/rrbot
[1.059s] -- Up-to-date: /home/toluwani-williams/slam_ws/install/slam_bot_description/share/slam_bot_description/models/rrbot/model.sdf
[1.060s] -- Up-to-date: /home/toluwani-williams/slam_ws/install/slam_bot_description/share/slam_bot_description/models/slam_bot
[1.060s] -- Up-to-date: /home/toluwani-williams/slam_ws/install/slam_bot_description/share/slam_bot_description/models/slam_bot/model.sdf
[1.060s] -- Up-to-date: /home/toluwani-williams/slam_ws/install/slam_bot_description/share/slam_bot_description/models/slam_bot/gazebo_control.xacro
[1.061s] -- Up-to-date: /home/toluwani-williams/slam_ws/install/slam_bot_description/share/slam_bot_description/models/slam_bot/model.config
[1.061s] -- Up-to-date: /home/toluwani-williams/slam_ws/install/slam_bot_description/share/slam_bot_description/environment/slam_bot_description.dsv
[1.061s] -- Up-to-date: /home/toluwani-williams/slam_ws/install/slam_bot_description/share/slam_bot_description/environment/slam_bot_description.sh
[1.062s] -- Up-to-date: /home/toluwani-williams/slam_ws/install/slam_bot_description/share/ament_index/resource_index/package_run_dependencies/slam_bot_description
[1.063s] -- Installing: /home/toluwani-williams/slam_ws/install/slam_bot_description/share/ament_index/resource_index/parent_prefix_path/slam_bot_description
[1.063s] -- Up-to-date: /home/toluwani-williams/slam_ws/install/slam_bot_description/share/slam_bot_description/environment/ament_prefix_path.sh
[1.063s] -- Up-to-date: /home/toluwani-williams/slam_ws/install/slam_bot_description/share/slam_bot_description/environment/ament_prefix_path.dsv
[1.063s] -- Up-to-date: /home/toluwani-williams/slam_ws/install/slam_bot_description/share/slam_bot_description/environment/path.sh
[1.064s] -- Up-to-date: /home/toluwani-williams/slam_ws/install/slam_bot_description/share/slam_bot_description/environment/path.dsv
[1.064s] -- Up-to-date: /home/toluwani-williams/slam_ws/install/slam_bot_description/share/slam_bot_description/local_setup.bash
[1.064s] -- Up-to-date: /home/toluwani-williams/slam_ws/install/slam_bot_description/share/slam_bot_description/local_setup.sh
[1.065s] -- Up-to-date: /home/toluwani-williams/slam_ws/install/slam_bot_description/share/slam_bot_description/local_setup.zsh
[1.065s] -- Up-to-date: /home/toluwani-williams/slam_ws/install/slam_bot_description/share/slam_bot_description/local_setup.dsv
[1.065s] -- Installing: /home/toluwani-williams/slam_ws/install/slam_bot_description/share/slam_bot_description/package.dsv
[1.065s] -- Up-to-date: /home/toluwani-williams/slam_ws/install/slam_bot_description/share/ament_index/resource_index/packages/slam_bot_description
[1.066s] -- Up-to-date: /home/toluwani-williams/slam_ws/install/slam_bot_description/share/slam_bot_description/cmake/slam_bot_descriptionConfig.cmake
[1.066s] -- Up-to-date: /home/toluwani-williams/slam_ws/install/slam_bot_description/share/slam_bot_description/cmake/slam_bot_descriptionConfig-version.cmake
[1.067s] -- Up-to-date: /home/toluwani-williams/slam_ws/install/slam_bot_description/share/slam_bot_description/package.xml
[1.074s] Invoked command in '/home/toluwani-williams/slam_ws/build/slam_bot_description' returned '0': CMAKE_PREFIX_PATH=${CMAKE_PREFIX_PATH}:/opt/ros/jazzy DEBUGINFOD_URLS=https://debuginfod.ubuntu.com /usr/bin/cmake --install /home/toluwani-williams/slam_ws/build/slam_bot_description
