[0.020s] Invoking command in '/home/toluwani-williams/slam_ws/build/ros_gz_example_description': CMAKE_PREFIX_PATH=${CMAKE_PREFIX_PATH}:/opt/ros/jazzy DEBUGINFOD_URLS=https://debuginfod.ubuntu.com /usr/bin/cmake --build /home/toluwani-williams/slam_ws/build/ros_gz_example_description -- -j8 -l8
[0.107s] Invoked command in '/home/toluwani-williams/slam_ws/build/ros_gz_example_description' returned '0': CMAKE_PREFIX_PATH=${CMAKE_PREFIX_PATH}:/opt/ros/jazzy DEBUGINFOD_URLS=https://debuginfod.ubuntu.com /usr/bin/cmake --build /home/toluwani-williams/slam_ws/build/ros_gz_example_description -- -j8 -l8
[0.126s] Invoking command in '/home/toluwani-williams/slam_ws/build/ros_gz_example_description': CMAKE_PREFIX_PATH=${CMAKE_PREFIX_PATH}:/opt/ros/jazzy DEBUGINFOD_URLS=https://debuginfod.ubuntu.com /usr/bin/cmake --install /home/toluwani-williams/slam_ws/build/ros_gz_example_description
[0.148s] -- Install configuration: ""
[0.149s] -- Up-to-date: /home/toluwani-williams/slam_ws/install/ros_gz_example_description/share/ros_gz_example_description/models
[0.150s] -- Up-to-date: /home/toluwani-williams/slam_ws/install/ros_gz_example_description/share/ros_gz_example_description/models/diff_drive
[0.151s] -- Up-to-date: /home/toluwani-williams/slam_ws/install/ros_gz_example_description/share/ros_gz_example_description/models/diff_drive/model.sdf
[0.151s] -- Up-to-date: /home/toluwani-williams/slam_ws/install/ros_gz_example_description/share/ros_gz_example_description/models/diff_drive/model.config
[0.151s] -- Up-to-date: /home/toluwani-williams/slam_ws/install/ros_gz_example_description/share/ros_gz_example_description/models/rrbot
[0.151s] -- Up-to-date: /home/toluwani-williams/slam_ws/install/ros_gz_example_description/share/ros_gz_example_description/models/rrbot/model.sdf
[0.152s] -- Up-to-date: /home/toluwani-williams/slam_ws/install/ros_gz_example_description/share/ros_gz_example_description/environment/ros_gz_example_description.dsv
[0.152s] -- Up-to-date: /home/toluwani-williams/slam_ws/install/ros_gz_example_description/share/ros_gz_example_description/environment/ros_gz_example_description.sh
[0.152s] -- Up-to-date: /home/toluwani-williams/slam_ws/install/ros_gz_example_description/share/ament_index/resource_index/package_run_dependencies/ros_gz_example_description
[0.152s] -- Up-to-date: /home/toluwani-williams/slam_ws/install/ros_gz_example_description/share/ament_index/resource_index/parent_prefix_path/ros_gz_example_description
[0.153s] -- Up-to-date: /home/toluwani-williams/slam_ws/install/ros_gz_example_description/share/ros_gz_example_description/environment/ament_prefix_path.sh
[0.154s] -- Up-to-date: /home/toluwani-williams/slam_ws/install/ros_gz_example_description/share/ros_gz_example_description/environment/ament_prefix_path.dsv
[0.154s] -- Up-to-date: /home/toluwani-williams/slam_ws/install/ros_gz_example_description/share/ros_gz_example_description/environment/path.sh
[0.155s] -- Up-to-date: /home/toluwani-williams/slam_ws/install/ros_gz_example_description/share/ros_gz_example_description/environment/path.dsv
[0.155s] -- Up-to-date: /home/toluwani-williams/slam_ws/install/ros_gz_example_description/share/ros_gz_example_description/local_setup.bash
[0.156s] -- Up-to-date: /home/toluwani-williams/slam_ws/install/ros_gz_example_description/share/ros_gz_example_description/local_setup.sh
[0.156s] -- Up-to-date: /home/toluwani-williams/slam_ws/install/ros_gz_example_description/share/ros_gz_example_description/local_setup.zsh
[0.158s] -- Up-to-date: /home/toluwani-williams/slam_ws/install/ros_gz_example_description/share/ros_gz_example_description/local_setup.dsv
[0.158s] -- Up-to-date: /home/toluwani-williams/slam_ws/install/ros_gz_example_description/share/ros_gz_example_description/package.dsv
[0.158s] -- Up-to-date: /home/toluwani-williams/slam_ws/install/ros_gz_example_description/share/ament_index/resource_index/packages/ros_gz_example_description
[0.158s] -- Up-to-date: /home/toluwani-williams/slam_ws/install/ros_gz_example_description/share/ros_gz_example_description/cmake/ros_gz_example_descriptionConfig.cmake
[0.159s] -- Up-to-date: /home/toluwani-williams/slam_ws/install/ros_gz_example_description/share/ros_gz_example_description/cmake/ros_gz_example_descriptionConfig-version.cmake
[0.159s] -- Up-to-date: /home/toluwani-williams/slam_ws/install/ros_gz_example_description/share/ros_gz_example_description/package.xml
[0.162s] Invoked command in '/home/toluwani-williams/slam_ws/build/ros_gz_example_description' returned '0': CMAKE_PREFIX_PATH=${CMAKE_PREFIX_PATH}:/opt/ros/jazzy DEBUGINFOD_URLS=https://debuginfod.ubuntu.com /usr/bin/cmake --install /home/toluwani-williams/slam_ws/build/ros_gz_example_description
