[0.040s] Invoking command in '/home/toluwani-williams/slam_ws/build/slam_driver': CMAKE_PREFIX_PATH=${CMAKE_PREFIX_PATH}:/opt/ros/jazzy DEBUGINFOD_URLS=https://debuginfod.ubuntu.com /usr/bin/cmake --build /home/toluwani-williams/slam_ws/build/slam_driver -- -j8 -l8
[0.141s] Invoked command in '/home/toluwani-williams/slam_ws/build/slam_driver' returned '0': CMAKE_PREFIX_PATH=${CMAKE_PREFIX_PATH}:/opt/ros/jazzy DEBUGINFOD_URLS=https://debuginfod.ubuntu.com /usr/bin/cmake --build /home/toluwani-williams/slam_ws/build/slam_driver -- -j8 -l8
[0.144s] Invoking command in '/home/toluwani-williams/slam_ws/build/slam_driver': CMAKE_PREFIX_PATH=${CMAKE_PREFIX_PATH}:/opt/ros/jazzy DEBUGINFOD_URLS=https://debuginfod.ubuntu.com /usr/bin/cmake --install /home/toluwani-williams/slam_ws/build/slam_driver
[0.161s] -- Install configuration: ""
[0.161s] -- Up-to-date: /home/toluwani-williams/slam_ws/install/slam_driver/share/ament_index/resource_index/package_run_dependencies/slam_driver
[0.161s] -- Up-to-date: /home/toluwani-williams/slam_ws/install/slam_driver/share/ament_index/resource_index/parent_prefix_path/slam_driver
[0.162s] -- Up-to-date: /home/toluwani-williams/slam_ws/install/slam_driver/share/slam_driver/environment/ament_prefix_path.sh
[0.162s] -- Up-to-date: /home/toluwani-williams/slam_ws/install/slam_driver/share/slam_driver/environment/ament_prefix_path.dsv
[0.163s] -- Up-to-date: /home/toluwani-williams/slam_ws/install/slam_driver/share/slam_driver/environment/path.sh
[0.163s] -- Up-to-date: /home/toluwani-williams/slam_ws/install/slam_driver/share/slam_driver/environment/path.dsv
[0.164s] -- Up-to-date: /home/toluwani-williams/slam_ws/install/slam_driver/share/slam_driver/local_setup.bash
[0.165s] -- Up-to-date: /home/toluwani-williams/slam_ws/install/slam_driver/share/slam_driver/local_setup.sh
[0.165s] -- Up-to-date: /home/toluwani-williams/slam_ws/install/slam_driver/share/slam_driver/local_setup.zsh
[0.165s] -- Up-to-date: /home/toluwani-williams/slam_ws/install/slam_driver/share/slam_driver/local_setup.dsv
[0.166s] -- Installing: /home/toluwani-williams/slam_ws/install/slam_driver/share/slam_driver/package.dsv
[0.172s] -- Up-to-date: /home/toluwani-williams/slam_ws/install/slam_driver/share/ament_index/resource_index/packages/slam_driver
[0.172s] -- Up-to-date: /home/toluwani-williams/slam_ws/install/slam_driver/share/slam_driver/cmake/slam_driverConfig.cmake
[0.173s] -- Up-to-date: /home/toluwani-williams/slam_ws/install/slam_driver/share/slam_driver/cmake/slam_driverConfig-version.cmake
[0.175s] -- Up-to-date: /home/toluwani-williams/slam_ws/install/slam_driver/share/slam_driver/package.xml
[0.179s] Invoked command in '/home/toluwani-williams/slam_ws/build/slam_driver' returned '0': CMAKE_PREFIX_PATH=${CMAKE_PREFIX_PATH}:/opt/ros/jazzy DEBUGINFOD_URLS=https://debuginfod.ubuntu.com /usr/bin/cmake --install /home/toluwani-williams/slam_ws/build/slam_driver
