[0.575s] DEBUG:colcon:Command line arguments: ['/usr/bin/colcon', 'build', '--cmake-args', '-DBUILD_TESTING=ON']
[0.575s] DEBUG:colcon:Parsed command line arguments: Namespace(log_base=None, log_level=None, verb_name='build', build_base='build', install_base='install', merge_install=False, symlink_install=False, test_result_base=None, continue_on_error=False, executor='parallel', parallel_workers=8, event_handlers=None, ignore_user_meta=False, metas=['./colcon.meta'], base_paths=['.'], packages_ignore=None, packages_ignore_regex=None, paths=None, packages_up_to=None, packages_up_to_regex=None, packages_above=None, packages_above_and_dependencies=None, packages_above_depth=None, packages_select_by_dep=None, packages_skip_by_dep=None, packages_skip_up_to=None, packages_select_build_failed=False, packages_skip_build_finished=False, packages_select_test_failures=False, packages_skip_test_passed=False, packages_select=None, packages_skip=None, packages_select_regex=None, packages_skip_regex=None, packages_start=None, packages_end=None, allow_overriding=[], cmake_args=['-DBUILD_TESTING=ON'], cmake_target=None, cmake_target_skip_unavailable=False, cmake_clean_cache=False, cmake_clean_first=False, cmake_force_configure=False, ament_cmake_args=None, catkin_cmake_args=None, catkin_skip_building_tests=False, mixin_files=None, mixin=None, verb_parser=<colcon_mixin.mixin.mixin_argument.MixinArgumentDecorator object at 0x7dbedb89d160>, verb_extension=<colcon_core.verb.build.BuildVerb object at 0x7dbedbf851f0>, main=<bound method BuildVerb.main of <colcon_core.verb.build.BuildVerb object at 0x7dbedbf851f0>>, mixin_verb=('build',))
[0.696s] Level 1:colcon.colcon_core.package_discovery:discover_packages(colcon_meta) check parameters
[0.697s] Level 1:colcon.colcon_core.package_discovery:discover_packages(recursive) check parameters
[0.697s] Level 1:colcon.colcon_core.package_discovery:discover_packages(ignore) check parameters
[0.697s] Level 1:colcon.colcon_core.package_discovery:discover_packages(path) check parameters
[0.697s] Level 1:colcon.colcon_core.package_discovery:discover_packages(colcon_meta) discover
[0.697s] Level 1:colcon.colcon_core.package_discovery:discover_packages(recursive) discover
[0.697s] INFO:colcon.colcon_core.package_discovery:Crawling recursively for packages in '/home/toluwani-williams/slam_ws'
[0.697s] Level 1:colcon.colcon_core.package_identification:_identify(.) by extensions ['ignore', 'ignore_ament_install']
[0.697s] Level 1:colcon.colcon_core.package_identification:_identify(.) by extension 'ignore'
[0.697s] Level 1:colcon.colcon_core.package_identification:_identify(.) by extension 'ignore_ament_install'
[0.698s] Level 1:colcon.colcon_core.package_identification:_identify(.) by extensions ['colcon_pkg']
[0.698s] Level 1:colcon.colcon_core.package_identification:_identify(.) by extension 'colcon_pkg'
[0.698s] Level 1:colcon.colcon_core.package_identification:_identify(.) by extensions ['colcon_meta']
[0.698s] Level 1:colcon.colcon_core.package_identification:_identify(.) by extension 'colcon_meta'
[0.698s] Level 1:colcon.colcon_core.package_identification:_identify(.) by extensions ['ros']
[0.698s] Level 1:colcon.colcon_core.package_identification:_identify(.) by extension 'ros'
[0.735s] Level 1:colcon.colcon_core.package_identification:_identify(.) by extensions ['cmake', 'python']
[0.735s] Level 1:colcon.colcon_core.package_identification:_identify(.) by extension 'cmake'
[0.735s] Level 1:colcon.colcon_core.package_identification:_identify(.) by extension 'python'
[0.735s] Level 1:colcon.colcon_core.package_identification:_identify(.) by extensions ['python_setup_py']
[0.735s] Level 1:colcon.colcon_core.package_identification:_identify(.) by extension 'python_setup_py'
[0.735s] Level 1:colcon.colcon_core.package_identification:_identify(build) by extensions ['ignore', 'ignore_ament_install']
[0.736s] Level 1:colcon.colcon_core.package_identification:_identify(build) by extension 'ignore'
[0.736s] Level 1:colcon.colcon_core.package_identification:_identify(build) ignored
[0.736s] Level 1:colcon.colcon_core.package_identification:_identify(install) by extensions ['ignore', 'ignore_ament_install']
[0.736s] Level 1:colcon.colcon_core.package_identification:_identify(install) by extension 'ignore'
[0.736s] Level 1:colcon.colcon_core.package_identification:_identify(install) ignored
[0.736s] Level 1:colcon.colcon_core.package_identification:_identify(log) by extensions ['ignore', 'ignore_ament_install']
[0.736s] Level 1:colcon.colcon_core.package_identification:_identify(log) by extension 'ignore'
[0.736s] Level 1:colcon.colcon_core.package_identification:_identify(log) ignored
[0.736s] Level 1:colcon.colcon_core.package_identification:_identify(src) by extensions ['ignore', 'ignore_ament_install']
[0.736s] Level 1:colcon.colcon_core.package_identification:_identify(src) by extension 'ignore'
[0.736s] Level 1:colcon.colcon_core.package_identification:_identify(src) by extension 'ignore_ament_install'
[0.737s] Level 1:colcon.colcon_core.package_identification:_identify(src) by extensions ['colcon_pkg']
[0.737s] Level 1:colcon.colcon_core.package_identification:_identify(src) by extension 'colcon_pkg'
[0.737s] Level 1:colcon.colcon_core.package_identification:_identify(src) by extensions ['colcon_meta']
[0.737s] Level 1:colcon.colcon_core.package_identification:_identify(src) by extension 'colcon_meta'
[0.737s] Level 1:colcon.colcon_core.package_identification:_identify(src) by extensions ['ros']
[0.737s] Level 1:colcon.colcon_core.package_identification:_identify(src) by extension 'ros'
[0.737s] Level 1:colcon.colcon_core.package_identification:_identify(src) by extensions ['cmake', 'python']
[0.737s] Level 1:colcon.colcon_core.package_identification:_identify(src) by extension 'cmake'
[0.737s] Level 1:colcon.colcon_core.package_identification:_identify(src) by extension 'python'
[0.737s] Level 1:colcon.colcon_core.package_identification:_identify(src) by extensions ['python_setup_py']
[0.737s] Level 1:colcon.colcon_core.package_identification:_identify(src) by extension 'python_setup_py'
[0.737s] Level 1:colcon.colcon_core.package_identification:_identify(src/slam_bot_application) by extensions ['ignore', 'ignore_ament_install']
[0.737s] Level 1:colcon.colcon_core.package_identification:_identify(src/slam_bot_application) by extension 'ignore'
[0.737s] Level 1:colcon.colcon_core.package_identification:_identify(src/slam_bot_application) by extension 'ignore_ament_install'
[0.737s] Level 1:colcon.colcon_core.package_identification:_identify(src/slam_bot_application) by extensions ['colcon_pkg']
[0.737s] Level 1:colcon.colcon_core.package_identification:_identify(src/slam_bot_application) by extension 'colcon_pkg'
[0.737s] Level 1:colcon.colcon_core.package_identification:_identify(src/slam_bot_application) by extensions ['colcon_meta']
[0.737s] Level 1:colcon.colcon_core.package_identification:_identify(src/slam_bot_application) by extension 'colcon_meta'
[0.738s] Level 1:colcon.colcon_core.package_identification:_identify(src/slam_bot_application) by extensions ['ros']
[0.738s] Level 1:colcon.colcon_core.package_identification:_identify(src/slam_bot_application) by extension 'ros'
[0.743s] DEBUG:colcon.colcon_core.package_identification:Package 'src/slam_bot_application' with type 'ros.ament_cmake' and name 'slam_bot_application'
[0.743s] Level 1:colcon.colcon_core.package_identification:_identify(src/slam_bot_bringup) by extensions ['ignore', 'ignore_ament_install']
[0.743s] Level 1:colcon.colcon_core.package_identification:_identify(src/slam_bot_bringup) by extension 'ignore'
[0.743s] Level 1:colcon.colcon_core.package_identification:_identify(src/slam_bot_bringup) by extension 'ignore_ament_install'
[0.743s] Level 1:colcon.colcon_core.package_identification:_identify(src/slam_bot_bringup) by extensions ['colcon_pkg']
[0.743s] Level 1:colcon.colcon_core.package_identification:_identify(src/slam_bot_bringup) by extension 'colcon_pkg'
[0.743s] Level 1:colcon.colcon_core.package_identification:_identify(src/slam_bot_bringup) by extensions ['colcon_meta']
[0.743s] Level 1:colcon.colcon_core.package_identification:_identify(src/slam_bot_bringup) by extension 'colcon_meta'
[0.743s] Level 1:colcon.colcon_core.package_identification:_identify(src/slam_bot_bringup) by extensions ['ros']
[0.743s] Level 1:colcon.colcon_core.package_identification:_identify(src/slam_bot_bringup) by extension 'ros'
[0.745s] DEBUG:colcon.colcon_core.package_identification:Package 'src/slam_bot_bringup' with type 'ros.ament_cmake' and name 'slam_bot_bringup'
[0.745s] Level 1:colcon.colcon_core.package_identification:_identify(src/slam_bot_description) by extensions ['ignore', 'ignore_ament_install']
[0.745s] Level 1:colcon.colcon_core.package_identification:_identify(src/slam_bot_description) by extension 'ignore'
[0.745s] Level 1:colcon.colcon_core.package_identification:_identify(src/slam_bot_description) by extension 'ignore_ament_install'
[0.745s] Level 1:colcon.colcon_core.package_identification:_identify(src/slam_bot_description) by extensions ['colcon_pkg']
[0.745s] Level 1:colcon.colcon_core.package_identification:_identify(src/slam_bot_description) by extension 'colcon_pkg'
[0.745s] Level 1:colcon.colcon_core.package_identification:_identify(src/slam_bot_description) by extensions ['colcon_meta']
[0.745s] Level 1:colcon.colcon_core.package_identification:_identify(src/slam_bot_description) by extension 'colcon_meta'
[0.745s] Level 1:colcon.colcon_core.package_identification:_identify(src/slam_bot_description) by extensions ['ros']
[0.745s] Level 1:colcon.colcon_core.package_identification:_identify(src/slam_bot_description) by extension 'ros'
[0.746s] DEBUG:colcon.colcon_core.package_identification:Package 'src/slam_bot_description' with type 'ros.ament_cmake' and name 'slam_bot_description'
[0.746s] Level 1:colcon.colcon_core.package_identification:_identify(src/slam_bot_gazebo) by extensions ['ignore', 'ignore_ament_install']
[0.747s] Level 1:colcon.colcon_core.package_identification:_identify(src/slam_bot_gazebo) by extension 'ignore'
[0.747s] Level 1:colcon.colcon_core.package_identification:_identify(src/slam_bot_gazebo) by extension 'ignore_ament_install'
[0.747s] Level 1:colcon.colcon_core.package_identification:_identify(src/slam_bot_gazebo) by extensions ['colcon_pkg']
[0.747s] Level 1:colcon.colcon_core.package_identification:_identify(src/slam_bot_gazebo) by extension 'colcon_pkg'
[0.747s] Level 1:colcon.colcon_core.package_identification:_identify(src/slam_bot_gazebo) by extensions ['colcon_meta']
[0.747s] Level 1:colcon.colcon_core.package_identification:_identify(src/slam_bot_gazebo) by extension 'colcon_meta'
[0.747s] Level 1:colcon.colcon_core.package_identification:_identify(src/slam_bot_gazebo) by extensions ['ros']
[0.747s] Level 1:colcon.colcon_core.package_identification:_identify(src/slam_bot_gazebo) by extension 'ros'
[0.748s] DEBUG:colcon.colcon_core.package_identification:Package 'src/slam_bot_gazebo' with type 'ros.ament_cmake' and name 'slam_bot_gazebo'
[0.748s] Level 1:colcon.colcon_core.package_discovery:discover_packages(recursive) using defaults
[0.748s] Level 1:colcon.colcon_core.package_discovery:discover_packages(ignore) discover
[0.748s] Level 1:colcon.colcon_core.package_discovery:discover_packages(ignore) using defaults
[0.748s] Level 1:colcon.colcon_core.package_discovery:discover_packages(path) discover
[0.748s] Level 1:colcon.colcon_core.package_discovery:discover_packages(path) using defaults
[0.786s] Level 1:colcon.colcon_core.package_discovery:discover_packages(prefix_path) check parameters
[0.786s] Level 1:colcon.colcon_core.package_discovery:discover_packages(prefix_path) discover
[0.792s] DEBUG:colcon.colcon_installed_package_information.package_discovery:Found 8 installed packages in /home/toluwani-williams/slam_ws/install
[0.794s] DEBUG:colcon.colcon_installed_package_information.package_discovery:Found 318 installed packages in /opt/ros/jazzy
[0.796s] Level 1:colcon.colcon_core.package_discovery:discover_packages(prefix_path) using defaults
[0.856s] Level 5:colcon.colcon_core.verb:set package 'slam_bot_application' build argument 'cmake_args' from command line to '['-DBUILD_TESTING=ON']'
[0.857s] Level 5:colcon.colcon_core.verb:set package 'slam_bot_application' build argument 'cmake_target' from command line to 'None'
[0.857s] Level 5:colcon.colcon_core.verb:set package 'slam_bot_application' build argument 'cmake_target_skip_unavailable' from command line to 'False'
[0.857s] Level 5:colcon.colcon_core.verb:set package 'slam_bot_application' build argument 'cmake_clean_cache' from command line to 'False'
[0.857s] Level 5:colcon.colcon_core.verb:set package 'slam_bot_application' build argument 'cmake_clean_first' from command line to 'False'
[0.857s] Level 5:colcon.colcon_core.verb:set package 'slam_bot_application' build argument 'cmake_force_configure' from command line to 'False'
[0.857s] Level 5:colcon.colcon_core.verb:set package 'slam_bot_application' build argument 'ament_cmake_args' from command line to 'None'
[0.857s] Level 5:colcon.colcon_core.verb:set package 'slam_bot_application' build argument 'catkin_cmake_args' from command line to 'None'
[0.857s] Level 5:colcon.colcon_core.verb:set package 'slam_bot_application' build argument 'catkin_skip_building_tests' from command line to 'False'
[0.857s] DEBUG:colcon.colcon_core.verb:Building package 'slam_bot_application' with the following arguments: {'ament_cmake_args': None, 'build_base': '/home/toluwani-williams/slam_ws/build/slam_bot_application', 'catkin_cmake_args': None, 'catkin_skip_building_tests': False, 'cmake_args': ['-DBUILD_TESTING=ON'], 'cmake_clean_cache': False, 'cmake_clean_first': False, 'cmake_force_configure': False, 'cmake_target': None, 'cmake_target_skip_unavailable': False, 'install_base': '/home/toluwani-williams/slam_ws/install/slam_bot_application', 'merge_install': False, 'path': '/home/toluwani-williams/slam_ws/src/slam_bot_application', 'symlink_install': False, 'test_result_base': None}
[0.857s] Level 5:colcon.colcon_core.verb:set package 'slam_bot_description' build argument 'cmake_args' from command line to '['-DBUILD_TESTING=ON']'
[0.857s] Level 5:colcon.colcon_core.verb:set package 'slam_bot_description' build argument 'cmake_target' from command line to 'None'
[0.857s] Level 5:colcon.colcon_core.verb:set package 'slam_bot_description' build argument 'cmake_target_skip_unavailable' from command line to 'False'
[0.857s] Level 5:colcon.colcon_core.verb:set package 'slam_bot_description' build argument 'cmake_clean_cache' from command line to 'False'
[0.857s] Level 5:colcon.colcon_core.verb:set package 'slam_bot_description' build argument 'cmake_clean_first' from command line to 'False'
[0.857s] Level 5:colcon.colcon_core.verb:set package 'slam_bot_description' build argument 'cmake_force_configure' from command line to 'False'
[0.857s] Level 5:colcon.colcon_core.verb:set package 'slam_bot_description' build argument 'ament_cmake_args' from command line to 'None'
[0.857s] Level 5:colcon.colcon_core.verb:set package 'slam_bot_description' build argument 'catkin_cmake_args' from command line to 'None'
[0.857s] Level 5:colcon.colcon_core.verb:set package 'slam_bot_description' build argument 'catkin_skip_building_tests' from command line to 'False'
[0.857s] DEBUG:colcon.colcon_core.verb:Building package 'slam_bot_description' with the following arguments: {'ament_cmake_args': None, 'build_base': '/home/toluwani-williams/slam_ws/build/slam_bot_description', 'catkin_cmake_args': None, 'catkin_skip_building_tests': False, 'cmake_args': ['-DBUILD_TESTING=ON'], 'cmake_clean_cache': False, 'cmake_clean_first': False, 'cmake_force_configure': False, 'cmake_target': None, 'cmake_target_skip_unavailable': False, 'install_base': '/home/toluwani-williams/slam_ws/install/slam_bot_description', 'merge_install': False, 'path': '/home/toluwani-williams/slam_ws/src/slam_bot_description', 'symlink_install': False, 'test_result_base': None}
[0.858s] Level 5:colcon.colcon_core.verb:set package 'slam_bot_gazebo' build argument 'cmake_args' from command line to '['-DBUILD_TESTING=ON']'
[0.858s] Level 5:colcon.colcon_core.verb:set package 'slam_bot_gazebo' build argument 'cmake_target' from command line to 'None'
[0.858s] Level 5:colcon.colcon_core.verb:set package 'slam_bot_gazebo' build argument 'cmake_target_skip_unavailable' from command line to 'False'
[0.858s] Level 5:colcon.colcon_core.verb:set package 'slam_bot_gazebo' build argument 'cmake_clean_cache' from command line to 'False'
[0.858s] Level 5:colcon.colcon_core.verb:set package 'slam_bot_gazebo' build argument 'cmake_clean_first' from command line to 'False'
[0.858s] Level 5:colcon.colcon_core.verb:set package 'slam_bot_gazebo' build argument 'cmake_force_configure' from command line to 'False'
[0.858s] Level 5:colcon.colcon_core.verb:set package 'slam_bot_gazebo' build argument 'ament_cmake_args' from command line to 'None'
[0.858s] Level 5:colcon.colcon_core.verb:set package 'slam_bot_gazebo' build argument 'catkin_cmake_args' from command line to 'None'
[0.858s] Level 5:colcon.colcon_core.verb:set package 'slam_bot_gazebo' build argument 'catkin_skip_building_tests' from command line to 'False'
[0.858s] DEBUG:colcon.colcon_core.verb:Building package 'slam_bot_gazebo' with the following arguments: {'ament_cmake_args': None, 'build_base': '/home/toluwani-williams/slam_ws/build/slam_bot_gazebo', 'catkin_cmake_args': None, 'catkin_skip_building_tests': False, 'cmake_args': ['-DBUILD_TESTING=ON'], 'cmake_clean_cache': False, 'cmake_clean_first': False, 'cmake_force_configure': False, 'cmake_target': None, 'cmake_target_skip_unavailable': False, 'install_base': '/home/toluwani-williams/slam_ws/install/slam_bot_gazebo', 'merge_install': False, 'path': '/home/toluwani-williams/slam_ws/src/slam_bot_gazebo', 'symlink_install': False, 'test_result_base': None}
[0.858s] Level 5:colcon.colcon_core.verb:set package 'slam_bot_bringup' build argument 'cmake_args' from command line to '['-DBUILD_TESTING=ON']'
[0.858s] Level 5:colcon.colcon_core.verb:set package 'slam_bot_bringup' build argument 'cmake_target' from command line to 'None'
[0.858s] Level 5:colcon.colcon_core.verb:set package 'slam_bot_bringup' build argument 'cmake_target_skip_unavailable' from command line to 'False'
[0.858s] Level 5:colcon.colcon_core.verb:set package 'slam_bot_bringup' build argument 'cmake_clean_cache' from command line to 'False'
[0.858s] Level 5:colcon.colcon_core.verb:set package 'slam_bot_bringup' build argument 'cmake_clean_first' from command line to 'False'
[0.859s] Level 5:colcon.colcon_core.verb:set package 'slam_bot_bringup' build argument 'cmake_force_configure' from command line to 'False'
[0.859s] Level 5:colcon.colcon_core.verb:set package 'slam_bot_bringup' build argument 'ament_cmake_args' from command line to 'None'
[0.859s] Level 5:colcon.colcon_core.verb:set package 'slam_bot_bringup' build argument 'catkin_cmake_args' from command line to 'None'
[0.859s] Level 5:colcon.colcon_core.verb:set package 'slam_bot_bringup' build argument 'catkin_skip_building_tests' from command line to 'False'
[0.859s] DEBUG:colcon.colcon_core.verb:Building package 'slam_bot_bringup' with the following arguments: {'ament_cmake_args': None, 'build_base': '/home/toluwani-williams/slam_ws/build/slam_bot_bringup', 'catkin_cmake_args': None, 'catkin_skip_building_tests': False, 'cmake_args': ['-DBUILD_TESTING=ON'], 'cmake_clean_cache': False, 'cmake_clean_first': False, 'cmake_force_configure': False, 'cmake_target': None, 'cmake_target_skip_unavailable': False, 'install_base': '/home/toluwani-williams/slam_ws/install/slam_bot_bringup', 'merge_install': False, 'path': '/home/toluwani-williams/slam_ws/src/slam_bot_bringup', 'symlink_install': False, 'test_result_base': None}
[0.859s] INFO:colcon.colcon_core.executor:Executing jobs using 'parallel' executor
[0.860s] DEBUG:colcon.colcon_parallel_executor.executor.parallel:run_until_complete
[0.860s] INFO:colcon.colcon_ros.task.ament_cmake.build:Building ROS package in '/home/toluwani-williams/slam_ws/src/slam_bot_description' with build type 'ament_cmake'
[0.860s] INFO:colcon.colcon_cmake.task.cmake.build:Building CMake package in '/home/toluwani-williams/slam_ws/src/slam_bot_description'
[0.869s] INFO:colcon.colcon_core.plugin_system:Skipping extension 'colcon_core.shell.bat': Not used on non-Windows systems
[0.870s] INFO:colcon.colcon_core.shell:Skip shell extension 'powershell' for command environment: Not usable outside of PowerShell
[0.870s] DEBUG:colcon.colcon_core.shell:Skip shell extension 'dsv' for command environment
[0.876s] INFO:colcon.colcon_ros.task.ament_cmake.build:Building ROS package in '/home/toluwani-williams/slam_ws/src/slam_bot_application' with build type 'ament_cmake'
[0.876s] INFO:colcon.colcon_cmake.task.cmake.build:Building CMake package in '/home/toluwani-williams/slam_ws/src/slam_bot_application'
[0.876s] INFO:colcon.colcon_core.shell:Skip shell extension 'powershell' for command environment: Not usable outside of PowerShell
[0.877s] DEBUG:colcon.colcon_core.shell:Skip shell extension 'dsv' for command environment
[0.895s] DEBUG:colcon.colcon_core.event_handler.log_command:Invoking command in '/home/toluwani-williams/slam_ws/build/slam_bot_description': CMAKE_PREFIX_PATH=${CMAKE_PREFIX_PATH}:/opt/ros/jazzy DEBUGINFOD_URLS=https://debuginfod.ubuntu.com /usr/bin/cmake --build /home/toluwani-williams/slam_ws/build/slam_bot_description -- -j8 -l8
[0.907s] DEBUG:colcon.colcon_core.event_handler.log_command:Invoking command in '/home/toluwani-williams/slam_ws/build/slam_bot_application': CMAKE_PREFIX_PATH=${CMAKE_PREFIX_PATH}:/opt/ros/jazzy DEBUGINFOD_URLS=https://debuginfod.ubuntu.com /usr/bin/cmake --build /home/toluwani-williams/slam_ws/build/slam_bot_application -- -j8 -l8
[1.013s] DEBUG:colcon.colcon_core.event_handler.log_command:Invoked command in '/home/toluwani-williams/slam_ws/build/slam_bot_description' returned '0': CMAKE_PREFIX_PATH=${CMAKE_PREFIX_PATH}:/opt/ros/jazzy DEBUGINFOD_URLS=https://debuginfod.ubuntu.com /usr/bin/cmake --build /home/toluwani-williams/slam_ws/build/slam_bot_description -- -j8 -l8
[1.035s] DEBUG:colcon.colcon_core.event_handler.log_command:Invoking command in '/home/toluwani-williams/slam_ws/build/slam_bot_description': CMAKE_PREFIX_PATH=${CMAKE_PREFIX_PATH}:/opt/ros/jazzy DEBUGINFOD_URLS=https://debuginfod.ubuntu.com /usr/bin/cmake --install /home/toluwani-williams/slam_ws/build/slam_bot_description
[1.037s] DEBUG:colcon.colcon_core.event_handler.log_command:Invoked command in '/home/toluwani-williams/slam_ws/build/slam_bot_application' returned '0': CMAKE_PREFIX_PATH=${CMAKE_PREFIX_PATH}:/opt/ros/jazzy DEBUGINFOD_URLS=https://debuginfod.ubuntu.com /usr/bin/cmake --build /home/toluwani-williams/slam_ws/build/slam_bot_application -- -j8 -l8
[1.039s] DEBUG:colcon.colcon_core.event_handler.log_command:Invoking command in '/home/toluwani-williams/slam_ws/build/slam_bot_application': CMAKE_PREFIX_PATH=${CMAKE_PREFIX_PATH}:/opt/ros/jazzy DEBUGINFOD_URLS=https://debuginfod.ubuntu.com /usr/bin/cmake --install /home/toluwani-williams/slam_ws/build/slam_bot_application
[1.060s] Level 1:colcon.colcon_core.environment:create_environment_scripts_only(slam_bot_description)
[1.061s] DEBUG:colcon.colcon_core.event_handler.log_command:Invoked command in '/home/toluwani-williams/slam_ws/build/slam_bot_description' returned '0': CMAKE_PREFIX_PATH=${CMAKE_PREFIX_PATH}:/opt/ros/jazzy DEBUGINFOD_URLS=https://debuginfod.ubuntu.com /usr/bin/cmake --install /home/toluwani-williams/slam_ws/build/slam_bot_description
[1.081s] Level 1:colcon.colcon_core.environment:checking '/home/toluwani-williams/slam_ws/install/slam_bot_description' for CMake module files
[1.082s] Level 1:colcon.colcon_core.environment:checking '/home/toluwani-williams/slam_ws/install/slam_bot_description' for CMake config files
[1.083s] Level 1:colcon.colcon_core.shell:create_environment_hook('slam_bot_description', 'cmake_prefix_path')
[1.083s] INFO:colcon.colcon_core.shell:Creating environment hook '/home/toluwani-williams/slam_ws/install/slam_bot_description/share/slam_bot_description/hook/cmake_prefix_path.ps1'
[1.085s] INFO:colcon.colcon_core.shell:Creating environment descriptor '/home/toluwani-williams/slam_ws/install/slam_bot_description/share/slam_bot_description/hook/cmake_prefix_path.dsv'
[1.087s] INFO:colcon.colcon_core.shell:Creating environment hook '/home/toluwani-williams/slam_ws/install/slam_bot_description/share/slam_bot_description/hook/cmake_prefix_path.sh'
[1.091s] Level 1:colcon.colcon_core.environment:checking '/home/toluwani-williams/slam_ws/install/slam_bot_description/bin'
[1.091s] Level 1:colcon.colcon_core.environment:checking '/home/toluwani-williams/slam_ws/install/slam_bot_description/lib/pkgconfig/slam_bot_description.pc'
[1.092s] Level 1:colcon.colcon_core.environment:checking '/home/toluwani-williams/slam_ws/install/slam_bot_description/lib/python3.12/site-packages'
[1.093s] Level 1:colcon.colcon_core.environment:checking '/home/toluwani-williams/slam_ws/install/slam_bot_description/bin'
[1.093s] INFO:colcon.colcon_core.shell:Creating package script '/home/toluwani-williams/slam_ws/install/slam_bot_description/share/slam_bot_description/package.ps1'
[1.095s] INFO:colcon.colcon_core.shell:Creating package descriptor '/home/toluwani-williams/slam_ws/install/slam_bot_description/share/slam_bot_description/package.dsv'
[1.097s] INFO:colcon.colcon_core.shell:Creating package script '/home/toluwani-williams/slam_ws/install/slam_bot_description/share/slam_bot_description/package.sh'
[1.099s] INFO:colcon.colcon_core.shell:Creating package script '/home/toluwani-williams/slam_ws/install/slam_bot_description/share/slam_bot_description/package.bash'
[1.102s] INFO:colcon.colcon_core.shell:Creating package script '/home/toluwani-williams/slam_ws/install/slam_bot_description/share/slam_bot_description/package.zsh'
[1.106s] Level 1:colcon.colcon_core.environment:create_file_with_runtime_dependencies(/home/toluwani-williams/slam_ws/install/slam_bot_description/share/colcon-core/packages/slam_bot_description)
[1.108s] Level 1:colcon.colcon_core.environment:create_environment_scripts_only(slam_bot_description)
[1.108s] Level 1:colcon.colcon_core.environment:checking '/home/toluwani-williams/slam_ws/install/slam_bot_description' for CMake module files
[1.110s] Level 1:colcon.colcon_core.environment:checking '/home/toluwani-williams/slam_ws/install/slam_bot_description' for CMake config files
[1.110s] Level 1:colcon.colcon_core.shell:create_environment_hook('slam_bot_description', 'cmake_prefix_path')
[1.111s] INFO:colcon.colcon_core.shell:Creating environment hook '/home/toluwani-williams/slam_ws/install/slam_bot_description/share/slam_bot_description/hook/cmake_prefix_path.ps1'
[1.112s] INFO:colcon.colcon_core.shell:Creating environment descriptor '/home/toluwani-williams/slam_ws/install/slam_bot_description/share/slam_bot_description/hook/cmake_prefix_path.dsv'
[1.113s] INFO:colcon.colcon_core.shell:Creating environment hook '/home/toluwani-williams/slam_ws/install/slam_bot_description/share/slam_bot_description/hook/cmake_prefix_path.sh'
[1.114s] Level 1:colcon.colcon_core.environment:checking '/home/toluwani-williams/slam_ws/install/slam_bot_description/bin'
[1.114s] Level 1:colcon.colcon_core.environment:checking '/home/toluwani-williams/slam_ws/install/slam_bot_description/lib/pkgconfig/slam_bot_description.pc'
[1.115s] Level 1:colcon.colcon_core.environment:checking '/home/toluwani-williams/slam_ws/install/slam_bot_description/lib/python3.12/site-packages'
[1.115s] Level 1:colcon.colcon_core.environment:checking '/home/toluwani-williams/slam_ws/install/slam_bot_description/bin'
[1.116s] INFO:colcon.colcon_core.shell:Creating package script '/home/toluwani-williams/slam_ws/install/slam_bot_description/share/slam_bot_description/package.ps1'
[1.117s] INFO:colcon.colcon_core.shell:Creating package descriptor '/home/toluwani-williams/slam_ws/install/slam_bot_description/share/slam_bot_description/package.dsv'
[1.119s] INFO:colcon.colcon_core.shell:Creating package script '/home/toluwani-williams/slam_ws/install/slam_bot_description/share/slam_bot_description/package.sh'
[1.120s] INFO:colcon.colcon_core.shell:Creating package script '/home/toluwani-williams/slam_ws/install/slam_bot_description/share/slam_bot_description/package.bash'
[1.121s] INFO:colcon.colcon_core.shell:Creating package script '/home/toluwani-williams/slam_ws/install/slam_bot_description/share/slam_bot_description/package.zsh'
[1.122s] Level 1:colcon.colcon_core.environment:create_file_with_runtime_dependencies(/home/toluwani-williams/slam_ws/install/slam_bot_description/share/colcon-core/packages/slam_bot_description)
[1.123s] INFO:colcon.colcon_ros.task.ament_cmake.build:Building ROS package in '/home/toluwani-williams/slam_ws/src/slam_bot_gazebo' with build type 'ament_cmake'
[1.124s] INFO:colcon.colcon_cmake.task.cmake.build:Building CMake package in '/home/toluwani-williams/slam_ws/src/slam_bot_gazebo'
[1.124s] INFO:colcon.colcon_core.shell:Skip shell extension 'powershell' for command environment: Not usable outside of PowerShell
[1.124s] DEBUG:colcon.colcon_core.shell:Skip shell extension 'dsv' for command environment
[1.132s] Level 1:colcon.colcon_core.environment:create_environment_scripts_only(slam_bot_application)
[1.133s] Level 1:colcon.colcon_core.environment:checking '/home/toluwani-williams/slam_ws/install/slam_bot_application' for CMake module files
[1.134s] DEBUG:colcon.colcon_core.event_handler.log_command:Invoked command in '/home/toluwani-williams/slam_ws/build/slam_bot_application' returned '0': CMAKE_PREFIX_PATH=${CMAKE_PREFIX_PATH}:/opt/ros/jazzy DEBUGINFOD_URLS=https://debuginfod.ubuntu.com /usr/bin/cmake --install /home/toluwani-williams/slam_ws/build/slam_bot_application
[1.135s] Level 1:colcon.colcon_core.environment:checking '/home/toluwani-williams/slam_ws/install/slam_bot_application' for CMake config files
[1.136s] Level 1:colcon.colcon_core.shell:create_environment_hook('slam_bot_application', 'cmake_prefix_path')
[1.136s] INFO:colcon.colcon_core.shell:Creating environment hook '/home/toluwani-williams/slam_ws/install/slam_bot_application/share/slam_bot_application/hook/cmake_prefix_path.ps1'
[1.137s] INFO:colcon.colcon_core.shell:Creating environment descriptor '/home/toluwani-williams/slam_ws/install/slam_bot_application/share/slam_bot_application/hook/cmake_prefix_path.dsv'
[1.138s] INFO:colcon.colcon_core.shell:Creating environment hook '/home/toluwani-williams/slam_ws/install/slam_bot_application/share/slam_bot_application/hook/cmake_prefix_path.sh'
[1.139s] Level 1:colcon.colcon_core.environment:checking '/home/toluwani-williams/slam_ws/install/slam_bot_application/bin'
[1.139s] Level 1:colcon.colcon_core.environment:checking '/home/toluwani-williams/slam_ws/install/slam_bot_application/lib/pkgconfig/slam_bot_application.pc'
[1.139s] Level 1:colcon.colcon_core.environment:checking '/home/toluwani-williams/slam_ws/install/slam_bot_application/lib/python3.12/site-packages'
[1.140s] Level 1:colcon.colcon_core.environment:checking '/home/toluwani-williams/slam_ws/install/slam_bot_application/bin'
[1.140s] INFO:colcon.colcon_core.shell:Creating package script '/home/toluwani-williams/slam_ws/install/slam_bot_application/share/slam_bot_application/package.ps1'
[1.141s] INFO:colcon.colcon_core.shell:Creating package descriptor '/home/toluwani-williams/slam_ws/install/slam_bot_application/share/slam_bot_application/package.dsv'
[1.141s] INFO:colcon.colcon_core.shell:Creating package script '/home/toluwani-williams/slam_ws/install/slam_bot_application/share/slam_bot_application/package.sh'
[1.142s] INFO:colcon.colcon_core.shell:Creating package script '/home/toluwani-williams/slam_ws/install/slam_bot_application/share/slam_bot_application/package.bash'
[1.142s] INFO:colcon.colcon_core.shell:Creating package script '/home/toluwani-williams/slam_ws/install/slam_bot_application/share/slam_bot_application/package.zsh'
[1.143s] Level 1:colcon.colcon_core.environment:create_file_with_runtime_dependencies(/home/toluwani-williams/slam_ws/install/slam_bot_application/share/colcon-core/packages/slam_bot_application)
[1.144s] Level 1:colcon.colcon_core.environment:create_environment_scripts_only(slam_bot_application)
[1.144s] Level 1:colcon.colcon_core.environment:checking '/home/toluwani-williams/slam_ws/install/slam_bot_application' for CMake module files
[1.145s] Level 1:colcon.colcon_core.environment:checking '/home/toluwani-williams/slam_ws/install/slam_bot_application' for CMake config files
[1.145s] Level 1:colcon.colcon_core.shell:create_environment_hook('slam_bot_application', 'cmake_prefix_path')
[1.146s] INFO:colcon.colcon_core.shell:Creating environment hook '/home/toluwani-williams/slam_ws/install/slam_bot_application/share/slam_bot_application/hook/cmake_prefix_path.ps1'
[1.147s] INFO:colcon.colcon_core.shell:Creating environment descriptor '/home/toluwani-williams/slam_ws/install/slam_bot_application/share/slam_bot_application/hook/cmake_prefix_path.dsv'
[1.148s] INFO:colcon.colcon_core.shell:Creating environment hook '/home/toluwani-williams/slam_ws/install/slam_bot_application/share/slam_bot_application/hook/cmake_prefix_path.sh'
[1.149s] Level 1:colcon.colcon_core.environment:checking '/home/toluwani-williams/slam_ws/install/slam_bot_application/bin'
[1.149s] Level 1:colcon.colcon_core.environment:checking '/home/toluwani-williams/slam_ws/install/slam_bot_application/lib/pkgconfig/slam_bot_application.pc'
[1.150s] Level 1:colcon.colcon_core.environment:checking '/home/toluwani-williams/slam_ws/install/slam_bot_application/lib/python3.12/site-packages'
[1.150s] Level 1:colcon.colcon_core.environment:checking '/home/toluwani-williams/slam_ws/install/slam_bot_application/bin'
[1.150s] INFO:colcon.colcon_core.shell:Creating package script '/home/toluwani-williams/slam_ws/install/slam_bot_application/share/slam_bot_application/package.ps1'
[1.151s] INFO:colcon.colcon_core.shell:Creating package descriptor '/home/toluwani-williams/slam_ws/install/slam_bot_application/share/slam_bot_application/package.dsv'
[1.152s] INFO:colcon.colcon_core.shell:Creating package script '/home/toluwani-williams/slam_ws/install/slam_bot_application/share/slam_bot_application/package.sh'
[1.153s] INFO:colcon.colcon_core.shell:Creating package script '/home/toluwani-williams/slam_ws/install/slam_bot_application/share/slam_bot_application/package.bash'
[1.153s] INFO:colcon.colcon_core.shell:Creating package script '/home/toluwani-williams/slam_ws/install/slam_bot_application/share/slam_bot_application/package.zsh'
[1.154s] Level 1:colcon.colcon_core.environment:create_file_with_runtime_dependencies(/home/toluwani-williams/slam_ws/install/slam_bot_application/share/colcon-core/packages/slam_bot_application)
[1.164s] DEBUG:colcon.colcon_core.event_handler.log_command:Invoking command in '/home/toluwani-williams/slam_ws/build/slam_bot_gazebo': CMAKE_PREFIX_PATH=/home/toluwani-williams/slam_ws/install/slam_bot_description:/home/toluwani-williams/slam_ws/install/slam_bot_bringup:/home/toluwani-williams/slam_ws/install/slam_bot_gazebo:/home/toluwani-williams/slam_ws/install/slam_bot_application:/home/toluwani-williams/slam_ws/install/ros_gz_example_bringup:/home/toluwani-williams/slam_ws/install/ros_gz_example_gazebo:/home/toluwani-williams/slam_ws/install/ros_gz_example_description:/home/toluwani-williams/slam_ws/install/ros_gz_example_application:/opt/ros/jazzy/opt/gz_launch_vendor:/opt/ros/jazzy/opt/gz_sim_vendor:/opt/ros/jazzy/opt/gz_sensors_vendor:/opt/ros/jazzy/opt/gz_physics_vendor:/opt/ros/jazzy/opt/sdformat_vendor:/opt/ros/jazzy/opt/gz_gui_vendor:/opt/ros/jazzy/opt/gz_transport_vendor:/opt/ros/jazzy/opt/gz_rendering_vendor:/opt/ros/jazzy/opt/gz_plugin_vendor:/opt/ros/jazzy/opt/gz_fuel_tools_vendor:/opt/ros/jazzy/opt/gz_msgs_vendor:/opt/ros/jazzy/opt/gz_common_vendor:/opt/ros/jazzy/opt/gz_math_vendor:/opt/ros/jazzy/opt/gz_utils_vendor:/opt/ros/jazzy/opt/gz_tools_vendor:/opt/ros/jazzy/opt/gz_ogre_next_vendor:/opt/ros/jazzy/opt/gz_dartsim_vendor:/opt/ros/jazzy/opt/gz_cmake_vendor:/opt/ros/jazzy DEBUGINFOD_URLS=https://debuginfod.ubuntu.com GZ_SIM_RESOURCE_PATH=/home/toluwani-williams/slam_ws/install/slam_bot_description/share/slam_bot_description/models:${GZ_SIM_RESOURCE_PATH} /usr/bin/cmake --build /home/toluwani-williams/slam_ws/build/slam_bot_gazebo -- -j8 -l8
[1.409s] DEBUG:colcon.colcon_core.event_handler.log_command:Invoked command in '/home/toluwani-williams/slam_ws/build/slam_bot_gazebo' returned '0': CMAKE_PREFIX_PATH=/home/toluwani-williams/slam_ws/install/slam_bot_description:/home/toluwani-williams/slam_ws/install/slam_bot_bringup:/home/toluwani-williams/slam_ws/install/slam_bot_gazebo:/home/toluwani-williams/slam_ws/install/slam_bot_application:/home/toluwani-williams/slam_ws/install/ros_gz_example_bringup:/home/toluwani-williams/slam_ws/install/ros_gz_example_gazebo:/home/toluwani-williams/slam_ws/install/ros_gz_example_description:/home/toluwani-williams/slam_ws/install/ros_gz_example_application:/opt/ros/jazzy/opt/gz_launch_vendor:/opt/ros/jazzy/opt/gz_sim_vendor:/opt/ros/jazzy/opt/gz_sensors_vendor:/opt/ros/jazzy/opt/gz_physics_vendor:/opt/ros/jazzy/opt/sdformat_vendor:/opt/ros/jazzy/opt/gz_gui_vendor:/opt/ros/jazzy/opt/gz_transport_vendor:/opt/ros/jazzy/opt/gz_rendering_vendor:/opt/ros/jazzy/opt/gz_plugin_vendor:/opt/ros/jazzy/opt/gz_fuel_tools_vendor:/opt/ros/jazzy/opt/gz_msgs_vendor:/opt/ros/jazzy/opt/gz_common_vendor:/opt/ros/jazzy/opt/gz_math_vendor:/opt/ros/jazzy/opt/gz_utils_vendor:/opt/ros/jazzy/opt/gz_tools_vendor:/opt/ros/jazzy/opt/gz_ogre_next_vendor:/opt/ros/jazzy/opt/gz_dartsim_vendor:/opt/ros/jazzy/opt/gz_cmake_vendor:/opt/ros/jazzy DEBUGINFOD_URLS=https://debuginfod.ubuntu.com GZ_SIM_RESOURCE_PATH=/home/toluwani-williams/slam_ws/install/slam_bot_description/share/slam_bot_description/models:${GZ_SIM_RESOURCE_PATH} /usr/bin/cmake --build /home/toluwani-williams/slam_ws/build/slam_bot_gazebo -- -j8 -l8
[1.412s] DEBUG:colcon.colcon_core.event_handler.log_command:Invoking command in '/home/toluwani-williams/slam_ws/build/slam_bot_gazebo': CMAKE_PREFIX_PATH=/home/toluwani-williams/slam_ws/install/slam_bot_description:/home/toluwani-williams/slam_ws/install/slam_bot_bringup:/home/toluwani-williams/slam_ws/install/slam_bot_gazebo:/home/toluwani-williams/slam_ws/install/slam_bot_application:/home/toluwani-williams/slam_ws/install/ros_gz_example_bringup:/home/toluwani-williams/slam_ws/install/ros_gz_example_gazebo:/home/toluwani-williams/slam_ws/install/ros_gz_example_description:/home/toluwani-williams/slam_ws/install/ros_gz_example_application:/opt/ros/jazzy/opt/gz_launch_vendor:/opt/ros/jazzy/opt/gz_sim_vendor:/opt/ros/jazzy/opt/gz_sensors_vendor:/opt/ros/jazzy/opt/gz_physics_vendor:/opt/ros/jazzy/opt/sdformat_vendor:/opt/ros/jazzy/opt/gz_gui_vendor:/opt/ros/jazzy/opt/gz_transport_vendor:/opt/ros/jazzy/opt/gz_rendering_vendor:/opt/ros/jazzy/opt/gz_plugin_vendor:/opt/ros/jazzy/opt/gz_fuel_tools_vendor:/opt/ros/jazzy/opt/gz_msgs_vendor:/opt/ros/jazzy/opt/gz_common_vendor:/opt/ros/jazzy/opt/gz_math_vendor:/opt/ros/jazzy/opt/gz_utils_vendor:/opt/ros/jazzy/opt/gz_tools_vendor:/opt/ros/jazzy/opt/gz_ogre_next_vendor:/opt/ros/jazzy/opt/gz_dartsim_vendor:/opt/ros/jazzy/opt/gz_cmake_vendor:/opt/ros/jazzy DEBUGINFOD_URLS=https://debuginfod.ubuntu.com GZ_SIM_RESOURCE_PATH=/home/toluwani-williams/slam_ws/install/slam_bot_description/share/slam_bot_description/models:${GZ_SIM_RESOURCE_PATH} /usr/bin/cmake --install /home/toluwani-williams/slam_ws/build/slam_bot_gazebo
[1.438s] Level 1:colcon.colcon_core.environment:create_environment_scripts_only(slam_bot_gazebo)
[1.438s] Level 1:colcon.colcon_core.environment:checking '/home/toluwani-williams/slam_ws/install/slam_bot_gazebo' for CMake module files
[1.440s] DEBUG:colcon.colcon_core.event_handler.log_command:Invoked command in '/home/toluwani-williams/slam_ws/build/slam_bot_gazebo' returned '0': CMAKE_PREFIX_PATH=/home/toluwani-williams/slam_ws/install/slam_bot_description:/home/toluwani-williams/slam_ws/install/slam_bot_bringup:/home/toluwani-williams/slam_ws/install/slam_bot_gazebo:/home/toluwani-williams/slam_ws/install/slam_bot_application:/home/toluwani-williams/slam_ws/install/ros_gz_example_bringup:/home/toluwani-williams/slam_ws/install/ros_gz_example_gazebo:/home/toluwani-williams/slam_ws/install/ros_gz_example_description:/home/toluwani-williams/slam_ws/install/ros_gz_example_application:/opt/ros/jazzy/opt/gz_launch_vendor:/opt/ros/jazzy/opt/gz_sim_vendor:/opt/ros/jazzy/opt/gz_sensors_vendor:/opt/ros/jazzy/opt/gz_physics_vendor:/opt/ros/jazzy/opt/sdformat_vendor:/opt/ros/jazzy/opt/gz_gui_vendor:/opt/ros/jazzy/opt/gz_transport_vendor:/opt/ros/jazzy/opt/gz_rendering_vendor:/opt/ros/jazzy/opt/gz_plugin_vendor:/opt/ros/jazzy/opt/gz_fuel_tools_vendor:/opt/ros/jazzy/opt/gz_msgs_vendor:/opt/ros/jazzy/opt/gz_common_vendor:/opt/ros/jazzy/opt/gz_math_vendor:/opt/ros/jazzy/opt/gz_utils_vendor:/opt/ros/jazzy/opt/gz_tools_vendor:/opt/ros/jazzy/opt/gz_ogre_next_vendor:/opt/ros/jazzy/opt/gz_dartsim_vendor:/opt/ros/jazzy/opt/gz_cmake_vendor:/opt/ros/jazzy DEBUGINFOD_URLS=https://debuginfod.ubuntu.com GZ_SIM_RESOURCE_PATH=/home/toluwani-williams/slam_ws/install/slam_bot_description/share/slam_bot_description/models:${GZ_SIM_RESOURCE_PATH} /usr/bin/cmake --install /home/toluwani-williams/slam_ws/build/slam_bot_gazebo
[1.441s] Level 1:colcon.colcon_core.environment:checking '/home/toluwani-williams/slam_ws/install/slam_bot_gazebo' for CMake config files
[1.442s] Level 1:colcon.colcon_core.shell:create_environment_hook('slam_bot_gazebo', 'cmake_prefix_path')
[1.442s] INFO:colcon.colcon_core.shell:Creating environment hook '/home/toluwani-williams/slam_ws/install/slam_bot_gazebo/share/slam_bot_gazebo/hook/cmake_prefix_path.ps1'
[1.443s] INFO:colcon.colcon_core.shell:Creating environment descriptor '/home/toluwani-williams/slam_ws/install/slam_bot_gazebo/share/slam_bot_gazebo/hook/cmake_prefix_path.dsv'
[1.445s] INFO:colcon.colcon_core.shell:Creating environment hook '/home/toluwani-williams/slam_ws/install/slam_bot_gazebo/share/slam_bot_gazebo/hook/cmake_prefix_path.sh'
[1.446s] Level 1:colcon.colcon_core.environment:checking '/home/toluwani-williams/slam_ws/install/slam_bot_gazebo/lib'
[1.446s] Level 1:colcon.colcon_core.environment:checking '/home/toluwani-williams/slam_ws/install/slam_bot_gazebo/bin'
[1.447s] Level 1:colcon.colcon_core.environment:checking '/home/toluwani-williams/slam_ws/install/slam_bot_gazebo/lib/pkgconfig/slam_bot_gazebo.pc'
[1.447s] Level 1:colcon.colcon_core.environment:checking '/home/toluwani-williams/slam_ws/install/slam_bot_gazebo/lib/python3.12/site-packages'
[1.448s] Level 1:colcon.colcon_core.environment:checking '/home/toluwani-williams/slam_ws/install/slam_bot_gazebo/bin'
[1.448s] INFO:colcon.colcon_core.shell:Creating package script '/home/toluwani-williams/slam_ws/install/slam_bot_gazebo/share/slam_bot_gazebo/package.ps1'
[1.450s] INFO:colcon.colcon_core.shell:Creating package descriptor '/home/toluwani-williams/slam_ws/install/slam_bot_gazebo/share/slam_bot_gazebo/package.dsv'
[1.451s] INFO:colcon.colcon_core.shell:Creating package script '/home/toluwani-williams/slam_ws/install/slam_bot_gazebo/share/slam_bot_gazebo/package.sh'
[1.451s] INFO:colcon.colcon_core.shell:Creating package script '/home/toluwani-williams/slam_ws/install/slam_bot_gazebo/share/slam_bot_gazebo/package.bash'
[1.452s] INFO:colcon.colcon_core.shell:Creating package script '/home/toluwani-williams/slam_ws/install/slam_bot_gazebo/share/slam_bot_gazebo/package.zsh'
[1.453s] Level 1:colcon.colcon_core.environment:create_file_with_runtime_dependencies(/home/toluwani-williams/slam_ws/install/slam_bot_gazebo/share/colcon-core/packages/slam_bot_gazebo)
[1.454s] Level 1:colcon.colcon_core.environment:create_environment_scripts_only(slam_bot_gazebo)
[1.455s] Level 1:colcon.colcon_core.environment:checking '/home/toluwani-williams/slam_ws/install/slam_bot_gazebo' for CMake module files
[1.456s] Level 1:colcon.colcon_core.environment:checking '/home/toluwani-williams/slam_ws/install/slam_bot_gazebo' for CMake config files
[1.457s] Level 1:colcon.colcon_core.shell:create_environment_hook('slam_bot_gazebo', 'cmake_prefix_path')
[1.457s] INFO:colcon.colcon_core.shell:Creating environment hook '/home/toluwani-williams/slam_ws/install/slam_bot_gazebo/share/slam_bot_gazebo/hook/cmake_prefix_path.ps1'
[1.458s] INFO:colcon.colcon_core.shell:Creating environment descriptor '/home/toluwani-williams/slam_ws/install/slam_bot_gazebo/share/slam_bot_gazebo/hook/cmake_prefix_path.dsv'
[1.459s] INFO:colcon.colcon_core.shell:Creating environment hook '/home/toluwani-williams/slam_ws/install/slam_bot_gazebo/share/slam_bot_gazebo/hook/cmake_prefix_path.sh'
[1.460s] Level 1:colcon.colcon_core.environment:checking '/home/toluwani-williams/slam_ws/install/slam_bot_gazebo/lib'
[1.460s] Level 1:colcon.colcon_core.environment:checking '/home/toluwani-williams/slam_ws/install/slam_bot_gazebo/bin'
[1.460s] Level 1:colcon.colcon_core.environment:checking '/home/toluwani-williams/slam_ws/install/slam_bot_gazebo/lib/pkgconfig/slam_bot_gazebo.pc'
[1.461s] Level 1:colcon.colcon_core.environment:checking '/home/toluwani-williams/slam_ws/install/slam_bot_gazebo/lib/python3.12/site-packages'
[1.461s] Level 1:colcon.colcon_core.environment:checking '/home/toluwani-williams/slam_ws/install/slam_bot_gazebo/bin'
[1.462s] INFO:colcon.colcon_core.shell:Creating package script '/home/toluwani-williams/slam_ws/install/slam_bot_gazebo/share/slam_bot_gazebo/package.ps1'
[1.463s] INFO:colcon.colcon_core.shell:Creating package descriptor '/home/toluwani-williams/slam_ws/install/slam_bot_gazebo/share/slam_bot_gazebo/package.dsv'
[1.464s] INFO:colcon.colcon_core.shell:Creating package script '/home/toluwani-williams/slam_ws/install/slam_bot_gazebo/share/slam_bot_gazebo/package.sh'
[1.465s] INFO:colcon.colcon_core.shell:Creating package script '/home/toluwani-williams/slam_ws/install/slam_bot_gazebo/share/slam_bot_gazebo/package.bash'
[1.466s] INFO:colcon.colcon_core.shell:Creating package script '/home/toluwani-williams/slam_ws/install/slam_bot_gazebo/share/slam_bot_gazebo/package.zsh'
[1.467s] Level 1:colcon.colcon_core.environment:create_file_with_runtime_dependencies(/home/toluwani-williams/slam_ws/install/slam_bot_gazebo/share/colcon-core/packages/slam_bot_gazebo)
[1.468s] INFO:colcon.colcon_ros.task.ament_cmake.build:Building ROS package in '/home/toluwani-williams/slam_ws/src/slam_bot_bringup' with build type 'ament_cmake'
[1.468s] INFO:colcon.colcon_cmake.task.cmake.build:Building CMake package in '/home/toluwani-williams/slam_ws/src/slam_bot_bringup'
[1.469s] INFO:colcon.colcon_core.shell:Skip shell extension 'powershell' for command environment: Not usable outside of PowerShell
[1.469s] DEBUG:colcon.colcon_core.shell:Skip shell extension 'dsv' for command environment
[1.501s] DEBUG:colcon.colcon_core.event_handler.log_command:Invoking command in '/home/toluwani-williams/slam_ws/build/slam_bot_bringup': CMAKE_PREFIX_PATH=/home/toluwani-williams/slam_ws/install/slam_bot_gazebo:/home/toluwani-williams/slam_ws/install/slam_bot_description:/home/toluwani-williams/slam_ws/install/slam_bot_bringup:/home/toluwani-williams/slam_ws/install/slam_bot_application:/home/toluwani-williams/slam_ws/install/ros_gz_example_bringup:/home/toluwani-williams/slam_ws/install/ros_gz_example_gazebo:/home/toluwani-williams/slam_ws/install/ros_gz_example_description:/home/toluwani-williams/slam_ws/install/ros_gz_example_application:/opt/ros/jazzy/opt/gz_launch_vendor:/opt/ros/jazzy/opt/gz_sim_vendor:/opt/ros/jazzy/opt/gz_sensors_vendor:/opt/ros/jazzy/opt/gz_physics_vendor:/opt/ros/jazzy/opt/sdformat_vendor:/opt/ros/jazzy/opt/gz_gui_vendor:/opt/ros/jazzy/opt/gz_transport_vendor:/opt/ros/jazzy/opt/gz_rendering_vendor:/opt/ros/jazzy/opt/gz_plugin_vendor:/opt/ros/jazzy/opt/gz_fuel_tools_vendor:/opt/ros/jazzy/opt/gz_msgs_vendor:/opt/ros/jazzy/opt/gz_common_vendor:/opt/ros/jazzy/opt/gz_math_vendor:/opt/ros/jazzy/opt/gz_utils_vendor:/opt/ros/jazzy/opt/gz_tools_vendor:/opt/ros/jazzy/opt/gz_ogre_next_vendor:/opt/ros/jazzy/opt/gz_dartsim_vendor:/opt/ros/jazzy/opt/gz_cmake_vendor:/opt/ros/jazzy DEBUGINFOD_URLS=https://debuginfod.ubuntu.com GZ_SIM_PLUGIN_PATH=/home/toluwani-williams/slam_ws/install/slam_bot_gazebo/lib/slam_bot_gazebo GZ_SIM_RESOURCE_PATH=/home/toluwani-williams/slam_ws/install/slam_bot_description/share/slam_bot_description/models:${GZ_SIM_RESOURCE_PATH} /usr/bin/cmake --build /home/toluwani-williams/slam_ws/build/slam_bot_bringup -- -j8 -l8
[1.601s] DEBUG:colcon.colcon_core.event_handler.log_command:Invoked command in '/home/toluwani-williams/slam_ws/build/slam_bot_bringup' returned '0': CMAKE_PREFIX_PATH=/home/toluwani-williams/slam_ws/install/slam_bot_gazebo:/home/toluwani-williams/slam_ws/install/slam_bot_description:/home/toluwani-williams/slam_ws/install/slam_bot_bringup:/home/toluwani-williams/slam_ws/install/slam_bot_application:/home/toluwani-williams/slam_ws/install/ros_gz_example_bringup:/home/toluwani-williams/slam_ws/install/ros_gz_example_gazebo:/home/toluwani-williams/slam_ws/install/ros_gz_example_description:/home/toluwani-williams/slam_ws/install/ros_gz_example_application:/opt/ros/jazzy/opt/gz_launch_vendor:/opt/ros/jazzy/opt/gz_sim_vendor:/opt/ros/jazzy/opt/gz_sensors_vendor:/opt/ros/jazzy/opt/gz_physics_vendor:/opt/ros/jazzy/opt/sdformat_vendor:/opt/ros/jazzy/opt/gz_gui_vendor:/opt/ros/jazzy/opt/gz_transport_vendor:/opt/ros/jazzy/opt/gz_rendering_vendor:/opt/ros/jazzy/opt/gz_plugin_vendor:/opt/ros/jazzy/opt/gz_fuel_tools_vendor:/opt/ros/jazzy/opt/gz_msgs_vendor:/opt/ros/jazzy/opt/gz_common_vendor:/opt/ros/jazzy/opt/gz_math_vendor:/opt/ros/jazzy/opt/gz_utils_vendor:/opt/ros/jazzy/opt/gz_tools_vendor:/opt/ros/jazzy/opt/gz_ogre_next_vendor:/opt/ros/jazzy/opt/gz_dartsim_vendor:/opt/ros/jazzy/opt/gz_cmake_vendor:/opt/ros/jazzy DEBUGINFOD_URLS=https://debuginfod.ubuntu.com GZ_SIM_PLUGIN_PATH=/home/toluwani-williams/slam_ws/install/slam_bot_gazebo/lib/slam_bot_gazebo GZ_SIM_RESOURCE_PATH=/home/toluwani-williams/slam_ws/install/slam_bot_description/share/slam_bot_description/models:${GZ_SIM_RESOURCE_PATH} /usr/bin/cmake --build /home/toluwani-williams/slam_ws/build/slam_bot_bringup -- -j8 -l8
[1.604s] DEBUG:colcon.colcon_core.event_handler.log_command:Invoking command in '/home/toluwani-williams/slam_ws/build/slam_bot_bringup': CMAKE_PREFIX_PATH=/home/toluwani-williams/slam_ws/install/slam_bot_gazebo:/home/toluwani-williams/slam_ws/install/slam_bot_description:/home/toluwani-williams/slam_ws/install/slam_bot_bringup:/home/toluwani-williams/slam_ws/install/slam_bot_application:/home/toluwani-williams/slam_ws/install/ros_gz_example_bringup:/home/toluwani-williams/slam_ws/install/ros_gz_example_gazebo:/home/toluwani-williams/slam_ws/install/ros_gz_example_description:/home/toluwani-williams/slam_ws/install/ros_gz_example_application:/opt/ros/jazzy/opt/gz_launch_vendor:/opt/ros/jazzy/opt/gz_sim_vendor:/opt/ros/jazzy/opt/gz_sensors_vendor:/opt/ros/jazzy/opt/gz_physics_vendor:/opt/ros/jazzy/opt/sdformat_vendor:/opt/ros/jazzy/opt/gz_gui_vendor:/opt/ros/jazzy/opt/gz_transport_vendor:/opt/ros/jazzy/opt/gz_rendering_vendor:/opt/ros/jazzy/opt/gz_plugin_vendor:/opt/ros/jazzy/opt/gz_fuel_tools_vendor:/opt/ros/jazzy/opt/gz_msgs_vendor:/opt/ros/jazzy/opt/gz_common_vendor:/opt/ros/jazzy/opt/gz_math_vendor:/opt/ros/jazzy/opt/gz_utils_vendor:/opt/ros/jazzy/opt/gz_tools_vendor:/opt/ros/jazzy/opt/gz_ogre_next_vendor:/opt/ros/jazzy/opt/gz_dartsim_vendor:/opt/ros/jazzy/opt/gz_cmake_vendor:/opt/ros/jazzy DEBUGINFOD_URLS=https://debuginfod.ubuntu.com GZ_SIM_PLUGIN_PATH=/home/toluwani-williams/slam_ws/install/slam_bot_gazebo/lib/slam_bot_gazebo GZ_SIM_RESOURCE_PATH=/home/toluwani-williams/slam_ws/install/slam_bot_description/share/slam_bot_description/models:${GZ_SIM_RESOURCE_PATH} /usr/bin/cmake --install /home/toluwani-williams/slam_ws/build/slam_bot_bringup
[1.628s] Level 1:colcon.colcon_core.environment:create_environment_scripts_only(slam_bot_bringup)
[1.629s] Level 1:colcon.colcon_core.environment:checking '/home/toluwani-williams/slam_ws/install/slam_bot_bringup' for CMake module files
[1.631s] DEBUG:colcon.colcon_core.event_handler.log_command:Invoked command in '/home/toluwani-williams/slam_ws/build/slam_bot_bringup' returned '0': CMAKE_PREFIX_PATH=/home/toluwani-williams/slam_ws/install/slam_bot_gazebo:/home/toluwani-williams/slam_ws/install/slam_bot_description:/home/toluwani-williams/slam_ws/install/slam_bot_bringup:/home/toluwani-williams/slam_ws/install/slam_bot_application:/home/toluwani-williams/slam_ws/install/ros_gz_example_bringup:/home/toluwani-williams/slam_ws/install/ros_gz_example_gazebo:/home/toluwani-williams/slam_ws/install/ros_gz_example_description:/home/toluwani-williams/slam_ws/install/ros_gz_example_application:/opt/ros/jazzy/opt/gz_launch_vendor:/opt/ros/jazzy/opt/gz_sim_vendor:/opt/ros/jazzy/opt/gz_sensors_vendor:/opt/ros/jazzy/opt/gz_physics_vendor:/opt/ros/jazzy/opt/sdformat_vendor:/opt/ros/jazzy/opt/gz_gui_vendor:/opt/ros/jazzy/opt/gz_transport_vendor:/opt/ros/jazzy/opt/gz_rendering_vendor:/opt/ros/jazzy/opt/gz_plugin_vendor:/opt/ros/jazzy/opt/gz_fuel_tools_vendor:/opt/ros/jazzy/opt/gz_msgs_vendor:/opt/ros/jazzy/opt/gz_common_vendor:/opt/ros/jazzy/opt/gz_math_vendor:/opt/ros/jazzy/opt/gz_utils_vendor:/opt/ros/jazzy/opt/gz_tools_vendor:/opt/ros/jazzy/opt/gz_ogre_next_vendor:/opt/ros/jazzy/opt/gz_dartsim_vendor:/opt/ros/jazzy/opt/gz_cmake_vendor:/opt/ros/jazzy DEBUGINFOD_URLS=https://debuginfod.ubuntu.com GZ_SIM_PLUGIN_PATH=/home/toluwani-williams/slam_ws/install/slam_bot_gazebo/lib/slam_bot_gazebo GZ_SIM_RESOURCE_PATH=/home/toluwani-williams/slam_ws/install/slam_bot_description/share/slam_bot_description/models:${GZ_SIM_RESOURCE_PATH} /usr/bin/cmake --install /home/toluwani-williams/slam_ws/build/slam_bot_bringup
[1.632s] Level 1:colcon.colcon_core.environment:checking '/home/toluwani-williams/slam_ws/install/slam_bot_bringup' for CMake config files
[1.632s] Level 1:colcon.colcon_core.shell:create_environment_hook('slam_bot_bringup', 'cmake_prefix_path')
[1.633s] INFO:colcon.colcon_core.shell:Creating environment hook '/home/toluwani-williams/slam_ws/install/slam_bot_bringup/share/slam_bot_bringup/hook/cmake_prefix_path.ps1'
[1.633s] INFO:colcon.colcon_core.shell:Creating environment descriptor '/home/toluwani-williams/slam_ws/install/slam_bot_bringup/share/slam_bot_bringup/hook/cmake_prefix_path.dsv'
[1.634s] INFO:colcon.colcon_core.shell:Creating environment hook '/home/toluwani-williams/slam_ws/install/slam_bot_bringup/share/slam_bot_bringup/hook/cmake_prefix_path.sh'
[1.635s] Level 1:colcon.colcon_core.environment:checking '/home/toluwani-williams/slam_ws/install/slam_bot_bringup/bin'
[1.635s] Level 1:colcon.colcon_core.environment:checking '/home/toluwani-williams/slam_ws/install/slam_bot_bringup/lib/pkgconfig/slam_bot_bringup.pc'
[1.635s] Level 1:colcon.colcon_core.environment:checking '/home/toluwani-williams/slam_ws/install/slam_bot_bringup/lib/python3.12/site-packages'
[1.635s] Level 1:colcon.colcon_core.environment:checking '/home/toluwani-williams/slam_ws/install/slam_bot_bringup/bin'
[1.636s] INFO:colcon.colcon_core.shell:Creating package script '/home/toluwani-williams/slam_ws/install/slam_bot_bringup/share/slam_bot_bringup/package.ps1'
[1.636s] INFO:colcon.colcon_core.shell:Creating package descriptor '/home/toluwani-williams/slam_ws/install/slam_bot_bringup/share/slam_bot_bringup/package.dsv'
[1.637s] INFO:colcon.colcon_core.shell:Creating package script '/home/toluwani-williams/slam_ws/install/slam_bot_bringup/share/slam_bot_bringup/package.sh'
[1.638s] INFO:colcon.colcon_core.shell:Creating package script '/home/toluwani-williams/slam_ws/install/slam_bot_bringup/share/slam_bot_bringup/package.bash'
[1.638s] INFO:colcon.colcon_core.shell:Creating package script '/home/toluwani-williams/slam_ws/install/slam_bot_bringup/share/slam_bot_bringup/package.zsh'
[1.638s] Level 1:colcon.colcon_core.environment:create_file_with_runtime_dependencies(/home/toluwani-williams/slam_ws/install/slam_bot_bringup/share/colcon-core/packages/slam_bot_bringup)
[1.639s] Level 1:colcon.colcon_core.environment:create_environment_scripts_only(slam_bot_bringup)
[1.639s] Level 1:colcon.colcon_core.environment:checking '/home/toluwani-williams/slam_ws/install/slam_bot_bringup' for CMake module files
[1.640s] Level 1:colcon.colcon_core.environment:checking '/home/toluwani-williams/slam_ws/install/slam_bot_bringup' for CMake config files
[1.640s] Level 1:colcon.colcon_core.shell:create_environment_hook('slam_bot_bringup', 'cmake_prefix_path')
[1.641s] INFO:colcon.colcon_core.shell:Creating environment hook '/home/toluwani-williams/slam_ws/install/slam_bot_bringup/share/slam_bot_bringup/hook/cmake_prefix_path.ps1'
[1.642s] INFO:colcon.colcon_core.shell:Creating environment descriptor '/home/toluwani-williams/slam_ws/install/slam_bot_bringup/share/slam_bot_bringup/hook/cmake_prefix_path.dsv'
[1.642s] INFO:colcon.colcon_core.shell:Creating environment hook '/home/toluwani-williams/slam_ws/install/slam_bot_bringup/share/slam_bot_bringup/hook/cmake_prefix_path.sh'
[1.644s] Level 1:colcon.colcon_core.environment:checking '/home/toluwani-williams/slam_ws/install/slam_bot_bringup/bin'
[1.644s] Level 1:colcon.colcon_core.environment:checking '/home/toluwani-williams/slam_ws/install/slam_bot_bringup/lib/pkgconfig/slam_bot_bringup.pc'
[1.644s] Level 1:colcon.colcon_core.environment:checking '/home/toluwani-williams/slam_ws/install/slam_bot_bringup/lib/python3.12/site-packages'
[1.645s] Level 1:colcon.colcon_core.environment:checking '/home/toluwani-williams/slam_ws/install/slam_bot_bringup/bin'
[1.645s] INFO:colcon.colcon_core.shell:Creating package script '/home/toluwani-williams/slam_ws/install/slam_bot_bringup/share/slam_bot_bringup/package.ps1'
[1.646s] INFO:colcon.colcon_core.shell:Creating package descriptor '/home/toluwani-williams/slam_ws/install/slam_bot_bringup/share/slam_bot_bringup/package.dsv'
[1.647s] INFO:colcon.colcon_core.shell:Creating package script '/home/toluwani-williams/slam_ws/install/slam_bot_bringup/share/slam_bot_bringup/package.sh'
[1.648s] INFO:colcon.colcon_core.shell:Creating package script '/home/toluwani-williams/slam_ws/install/slam_bot_bringup/share/slam_bot_bringup/package.bash'
[1.649s] INFO:colcon.colcon_core.shell:Creating package script '/home/toluwani-williams/slam_ws/install/slam_bot_bringup/share/slam_bot_bringup/package.zsh'
[1.650s] Level 1:colcon.colcon_core.environment:create_file_with_runtime_dependencies(/home/toluwani-williams/slam_ws/install/slam_bot_bringup/share/colcon-core/packages/slam_bot_bringup)
[1.651s] DEBUG:colcon.colcon_parallel_executor.executor.parallel:closing loop
[1.652s] DEBUG:colcon.colcon_parallel_executor.executor.parallel:loop closed
[1.652s] DEBUG:colcon.colcon_parallel_executor.executor.parallel:run_until_complete finished with '0'
[1.653s] DEBUG:colcon.colcon_core.event_reactor:joining thread
[1.676s] INFO:colcon.colcon_core.plugin_system:Skipping extension 'colcon_notification.desktop_notification.terminal_notifier': Not used on non-Darwin systems
[1.676s] INFO:colcon.colcon_core.plugin_system:Skipping extension 'colcon_notification.desktop_notification.win32': Not used on non-Windows systems
[1.676s] INFO:colcon.colcon_notification.desktop_notification:Sending desktop notification using 'notify2'
[1.712s] DEBUG:colcon.colcon_core.event_reactor:joined thread
[1.713s] INFO:colcon.colcon_core.shell:Creating prefix script '/home/toluwani-williams/slam_ws/install/local_setup.ps1'
[1.716s] INFO:colcon.colcon_core.shell:Creating prefix util module '/home/toluwani-williams/slam_ws/install/_local_setup_util_ps1.py'
[1.719s] INFO:colcon.colcon_core.shell:Creating prefix chain script '/home/toluwani-williams/slam_ws/install/setup.ps1'
[1.723s] INFO:colcon.colcon_core.shell:Creating prefix script '/home/toluwani-williams/slam_ws/install/local_setup.sh'
[1.725s] INFO:colcon.colcon_core.shell:Creating prefix util module '/home/toluwani-williams/slam_ws/install/_local_setup_util_sh.py'
[1.727s] INFO:colcon.colcon_core.shell:Creating prefix chain script '/home/toluwani-williams/slam_ws/install/setup.sh'
[1.731s] INFO:colcon.colcon_core.shell:Creating prefix script '/home/toluwani-williams/slam_ws/install/local_setup.bash'
[1.733s] INFO:colcon.colcon_core.shell:Creating prefix chain script '/home/toluwani-williams/slam_ws/install/setup.bash'
[1.738s] INFO:colcon.colcon_core.shell:Creating prefix script '/home/toluwani-williams/slam_ws/install/local_setup.zsh'
[1.740s] INFO:colcon.colcon_core.shell:Creating prefix chain script '/home/toluwani-williams/slam_ws/install/setup.zsh'
