[0.034s] Invoking command in '/home/toluwani-williams/slam_ws/build/ros_gz_example_application': CMAKE_PREFIX_PATH=${CMAKE_PREFIX_PATH}:/opt/ros/jazzy DEBUGINFOD_URLS=https://debuginfod.ubuntu.com /usr/bin/cmake --build /home/toluwani-williams/slam_ws/build/ros_gz_example_application -- -j8 -l8
[0.151s] Invoked command in '/home/toluwani-williams/slam_ws/build/ros_gz_example_application' returned '0': CMAKE_PREFIX_PATH=${CMAKE_PREFIX_PATH}:/opt/ros/jazzy DEBUGINFOD_URLS=https://debuginfod.ubuntu.com /usr/bin/cmake --build /home/toluwani-williams/slam_ws/build/ros_gz_example_application -- -j8 -l8
[0.153s] Invoking command in '/home/toluwani-williams/slam_ws/build/ros_gz_example_application': CMAKE_PREFIX_PATH=${CMAKE_PREFIX_PATH}:/opt/ros/jazzy DEBUGINFOD_URLS=https://debuginfod.ubuntu.com /usr/bin/cmake --install /home/toluwani-williams/slam_ws/build/ros_gz_example_application
[0.173s] -- Install configuration: ""
[0.174s] -- Up-to-date: /home/toluwani-williams/slam_ws/install/ros_gz_example_application/share/ament_index/resource_index/package_run_dependencies/ros_gz_example_application
[0.175s] -- Up-to-date: /home/toluwani-williams/slam_ws/install/ros_gz_example_application/share/ament_index/resource_index/parent_prefix_path/ros_gz_example_application
[0.176s] -- Up-to-date: /home/toluwani-williams/slam_ws/install/ros_gz_example_application/share/ros_gz_example_application/environment/ament_prefix_path.sh
[0.177s] -- Up-to-date: /home/toluwani-williams/slam_ws/install/ros_gz_example_application/share/ros_gz_example_application/environment/ament_prefix_path.dsv
[0.177s] -- Up-to-date: /home/toluwani-williams/slam_ws/install/ros_gz_example_application/share/ros_gz_example_application/environment/path.sh
[0.178s] -- Up-to-date: /home/toluwani-williams/slam_ws/install/ros_gz_example_application/share/ros_gz_example_application/environment/path.dsv
[0.179s] -- Up-to-date: /home/toluwani-williams/slam_ws/install/ros_gz_example_application/share/ros_gz_example_application/local_setup.bash
[0.179s] -- Up-to-date: /home/toluwani-williams/slam_ws/install/ros_gz_example_application/share/ros_gz_example_application/local_setup.sh
[0.180s] -- Up-to-date: /home/toluwani-williams/slam_ws/install/ros_gz_example_application/share/ros_gz_example_application/local_setup.zsh
[0.181s] -- Up-to-date: /home/toluwani-williams/slam_ws/install/ros_gz_example_application/share/ros_gz_example_application/local_setup.dsv
[0.181s] -- Installing: /home/toluwani-williams/slam_ws/install/ros_gz_example_application/share/ros_gz_example_application/package.dsv
[0.181s] -- Up-to-date: /home/toluwani-williams/slam_ws/install/ros_gz_example_application/share/ament_index/resource_index/packages/ros_gz_example_application
[0.181s] -- Up-to-date: /home/toluwani-williams/slam_ws/install/ros_gz_example_application/share/ros_gz_example_application/cmake/ros_gz_example_applicationConfig.cmake
[0.182s] -- Up-to-date: /home/toluwani-williams/slam_ws/install/ros_gz_example_application/share/ros_gz_example_application/cmake/ros_gz_example_applicationConfig-version.cmake
[0.182s] -- Up-to-date: /home/toluwani-williams/slam_ws/install/ros_gz_example_application/share/ros_gz_example_application/package.xml
[0.226s] Invoked command in '/home/toluwani-williams/slam_ws/build/ros_gz_example_application' returned '0': CMAKE_PREFIX_PATH=${CMAKE_PREFIX_PATH}:/opt/ros/jazzy DEBUGINFOD_URLS=https://debuginfod.ubuntu.com /usr/bin/cmake --install /home/toluwani-williams/slam_ws/build/ros_gz_example_application
